2021-01-30 21:07:07 [scrapy.utils.log] INFO: Scrapy 2.4.1 started (bot: school_scraper)
2021-01-30 21:07:07 [scrapy.utils.log] INFO: Versions: lxml 4.6.2.0, libxml2 2.9.10, cssselect 1.1.0, parsel 1.6.0, w3lib 1.22.0, Twisted 20.3.0, Python 3.9.1 (default, Dec  8 2020, 07:51:42) - [GCC 10.2.0], pyOpenSSL 20.0.1 (OpenSSL 1.1.1i  8 Dec 2020), cryptography 3.3.1, Platform Linux-4.19.128-microsoft-standard-x86_64-with-glibc2.31
2021-01-30 21:07:07 [scrapy.utils.log] DEBUG: Using reactor: twisted.internet.epollreactor.EPollReactor
2021-01-30 21:07:07 [scrapy.crawler] INFO: Overridden settings:
{'BOT_NAME': 'school_scraper',
 'LOG_FILE': 'logs/school_scraper/get_kv/0015d0e0631111eb9aca00155d31b08e.log',
 'NEWSPIDER_MODULE': 'school_scraper.spiders',
 'SPIDER_MODULES': ['school_scraper.spiders']}
2021-01-30 21:07:07 [scrapy.extensions.telnet] INFO: Telnet Password: 6c35e456d689c6c0
2021-01-30 21:07:08 [scrapy.middleware] INFO: Enabled extensions:
['scrapy.extensions.corestats.CoreStats',
 'scrapy.extensions.telnet.TelnetConsole',
 'scrapy.extensions.memusage.MemoryUsage',
 'scrapy.extensions.logstats.LogStats']
2021-01-30 21:07:08 [scrapy.middleware] INFO: Enabled downloader middlewares:
['scrapy.downloadermiddlewares.httpauth.HttpAuthMiddleware',
 'scrapy.downloadermiddlewares.downloadtimeout.DownloadTimeoutMiddleware',
 'scrapy.downloadermiddlewares.defaultheaders.DefaultHeadersMiddleware',
 'scrapy.downloadermiddlewares.useragent.UserAgentMiddleware',
 'scrapy.downloadermiddlewares.retry.RetryMiddleware',
 'scrapy.downloadermiddlewares.redirect.MetaRefreshMiddleware',
 'scrapy.downloadermiddlewares.httpcompression.HttpCompressionMiddleware',
 'scrapy.downloadermiddlewares.redirect.RedirectMiddleware',
 'scrapy.downloadermiddlewares.cookies.CookiesMiddleware',
 'scrapy.downloadermiddlewares.httpproxy.HttpProxyMiddleware',
 'scrapy.downloadermiddlewares.stats.DownloaderStats']
2021-01-30 21:07:08 [scrapy.middleware] INFO: Enabled spider middlewares:
['scrapy.spidermiddlewares.httperror.HttpErrorMiddleware',
 'scrapy.spidermiddlewares.offsite.OffsiteMiddleware',
 'scrapy.spidermiddlewares.referer.RefererMiddleware',
 'scrapy.spidermiddlewares.urllength.UrlLengthMiddleware',
 'scrapy.spidermiddlewares.depth.DepthMiddleware']
2021-01-30 21:07:08 [scrapy.middleware] INFO: Enabled item pipelines:
[]
2021-01-30 21:07:08 [scrapy.core.engine] INFO: Spider opened
2021-01-30 21:07:08 [scrapy.extensions.logstats] INFO: Crawled 0 pages (at 0 pages/min), scraped 0 items (at 0 items/min)
2021-01-30 21:07:08 [scrapy.extensions.telnet] INFO: Telnet console listening on 127.0.0.1:6023
2021-01-30 21:07:14 [scrapy.core.engine] DEBUG: Crawled (200) <GET https://no6bhubaneswar.kvs.ac.in/> (referer: None)
2021-01-30 21:07:15 [scrapy.dupefilters] DEBUG: Filtered duplicate request: <GET https://no6bhubaneswar.kvs.ac.in/about-us/principal-message> - no more duplicates will be shown (see DUPEFILTER_DEBUG to show all duplicates)
2021-01-30 21:07:15 [scrapy.core.engine] DEBUG: Crawled (200) <GET https://no2bhubaneswar.kvs.ac.in/> (referer: None)
2021-01-30 21:07:17 [scrapy.core.engine] DEBUG: Crawled (200) <GET https://no6bhubaneswar.kvs.ac.in/administration/monthly-salary> (referer: https://no6bhubaneswar.kvs.ac.in/)
2021-01-30 21:07:18 [scrapy.core.engine] DEBUG: Crawled (200) <GET https://no6bhubaneswar.kvs.ac.in/enrolment-statistics/tc-issued> (referer: https://no6bhubaneswar.kvs.ac.in/)
2021-01-30 21:07:18 [scrapy.core.engine] DEBUG: Crawled (200) <GET https://no4bhubaneswar.kvs.ac.in/> (referer: None)
2021-01-30 21:07:20 [scrapy.core.engine] DEBUG: Crawled (200) <GET https://no1bhubaneswar.kvs.ac.in/> (referer: None)
2021-01-30 21:07:20 [scrapy.core.engine] DEBUG: Crawled (200) <GET https://no6bhubaneswar.kvs.ac.in/enrolment-statistics/category-wise-enrolment-position> (referer: https://no6bhubaneswar.kvs.ac.in/)
2021-01-30 21:07:21 [scrapy.core.engine] DEBUG: Crawled (200) <GET https://no2bhubaneswar.kvs.ac.in/privacy-policy-3> (referer: https://no2bhubaneswar.kvs.ac.in/)
2021-01-30 21:07:22 [scrapy.core.engine] DEBUG: Crawled (200) <GET https://no3bhubaneswar.kvs.ac.in/> (referer: None)
2021-01-30 21:07:23 [scrapy.core.engine] DEBUG: Crawled (200) <GET https://no6bhubaneswar.kvs.ac.in/administration/vmc-member> (referer: https://no6bhubaneswar.kvs.ac.in/)
2021-01-30 21:07:27 [scrapy.core.engine] DEBUG: Crawled (200) <GET https://no6bhubaneswar.kvs.ac.in/enrolment-statistics/student-vacancy> (referer: https://no6bhubaneswar.kvs.ac.in/)
2021-01-30 21:07:28 [scrapy.core.engine] DEBUG: Crawled (200) <GET https://no1bhubaneswar.kvs.ac.in/terms-conditions-1086> (referer: https://no1bhubaneswar.kvs.ac.in/)
2021-01-30 21:07:29 [scrapy.core.engine] DEBUG: Crawled (200) <GET https://no6bhubaneswar.kvs.ac.in/enrolment-statistics/class-wise-enrolment-position> (referer: https://no6bhubaneswar.kvs.ac.in/)
2021-01-30 21:07:29 [scrapy.downloadermiddlewares.retry] DEBUG: Retrying <GET https://no6bhubaneswar.kvs.ac.in/administration/staff-member> (failed 1 times): 408 Request Time-out
2021-01-30 21:07:30 [scrapy.core.engine] DEBUG: Crawled (200) <GET https://no6bhubaneswar.kvs.ac.in/administration/committees> (referer: https://no6bhubaneswar.kvs.ac.in/)
2021-01-30 21:07:31 [scrapy.core.engine] DEBUG: Crawled (200) <GET https://no6bhubaneswar.kvs.ac.in/administration/rti-apio> (referer: https://no6bhubaneswar.kvs.ac.in/)
2021-01-30 21:07:32 [scrapy.core.engine] DEBUG: Crawled (200) <GET https://no1bhubaneswar.kvs.ac.in/privacy-policy-3> (referer: https://no1bhubaneswar.kvs.ac.in/)
2021-01-30 21:07:33 [scrapy.core.engine] DEBUG: Crawled (200) <GET https://no5bhubaneswar.kvs.ac.in/> (referer: None)
2021-01-30 21:07:33 [scrapy.core.engine] DEBUG: Crawled (200) <GET https://no1bhubaneswar.kvs.ac.in/feedback-form> (referer: https://no1bhubaneswar.kvs.ac.in/)
2021-01-30 21:07:34 [scrapy.core.engine] DEBUG: Crawled (200) <GET https://no3bhubaneswar.kvs.ac.in/grievance> (referer: https://no3bhubaneswar.kvs.ac.in/)
2021-01-30 21:07:35 [scrapy.core.engine] DEBUG: Crawled (200) <GET https://no3bhubaneswar.kvs.ac.in/school-tender> (referer: https://no3bhubaneswar.kvs.ac.in/)
2021-01-30 21:07:35 [scrapy.core.engine] DEBUG: Crawled (200) <GET https://no3bhubaneswar.kvs.ac.in/privacy-policy-3> (referer: https://no3bhubaneswar.kvs.ac.in/)
2021-01-30 21:07:35 [scrapy.core.engine] DEBUG: Crawled (200) <GET https://no6bhubaneswar.kvs.ac.in/user/login> (referer: https://no6bhubaneswar.kvs.ac.in/)
2021-01-30 21:07:36 [scrapy.core.engine] DEBUG: Crawled (200) <GET https://no3bhubaneswar.kvs.ac.in/hyperlink-policy-0> (referer: https://no3bhubaneswar.kvs.ac.in/)
2021-01-30 21:07:37 [scrapy.core.engine] DEBUG: Crawled (200) <GET https://no6bhubaneswar.kvs.ac.in/feedback-form> (referer: https://no6bhubaneswar.kvs.ac.in/)
2021-01-30 21:07:37 [scrapy.core.engine] DEBUG: Crawled (200) <GET https://no3bhubaneswar.kvs.ac.in/disclaimer-4> (referer: https://no3bhubaneswar.kvs.ac.in/)
2021-01-30 21:07:37 [scrapy.core.engine] DEBUG: Crawled (200) <GET https://no3bhubaneswar.kvs.ac.in/feedback-form> (referer: https://no3bhubaneswar.kvs.ac.in/)
2021-01-30 21:07:37 [scrapy.core.engine] DEBUG: Crawled (200) <GET https://no2bhubaneswar.kvs.ac.in/feedback-form> (referer: https://no2bhubaneswar.kvs.ac.in/)
2021-01-30 21:07:38 [scrapy.core.engine] DEBUG: Crawled (200) <GET https://no5bhubaneswar.kvs.ac.in/privacy-policy-3> (referer: https://no5bhubaneswar.kvs.ac.in/)
2021-01-30 21:07:39 [scrapy.core.engine] DEBUG: Crawled (200) <GET https://no5bhubaneswar.kvs.ac.in/grievance> (referer: https://no5bhubaneswar.kvs.ac.in/)
2021-01-30 21:07:39 [scrapy.core.engine] DEBUG: Crawled (200) <GET https://no4bhubaneswar.kvs.ac.in/feedback-form> (referer: https://no4bhubaneswar.kvs.ac.in/)
2021-01-30 21:07:40 [scrapy.core.engine] DEBUG: Crawled (200) <GET https://no5bhubaneswar.kvs.ac.in/terms-conditions-1086> (referer: https://no5bhubaneswar.kvs.ac.in/)
2021-01-30 21:07:41 [scrapy.core.engine] DEBUG: Crawled (200) <GET https://no3bhubaneswar.kvs.ac.in/terms-conditions-1086> (referer: https://no3bhubaneswar.kvs.ac.in/)
2021-01-30 21:07:41 [scrapy.core.engine] DEBUG: Crawled (200) <GET https://no3bhubaneswar.kvs.ac.in/school-initiatives-students/miscellaneous> (referer: https://no3bhubaneswar.kvs.ac.in/)
2021-01-30 21:07:42 [scrapy.core.engine] DEBUG: Crawled (200) <GET https://no6bhubaneswar.kvs.ac.in/administration/teacher-vacancy> (referer: https://no6bhubaneswar.kvs.ac.in/)
2021-01-30 21:07:43 [scrapy.core.engine] DEBUG: Crawled (200) <GET https://no5bhubaneswar.kvs.ac.in/school-tender> (referer: https://no5bhubaneswar.kvs.ac.in/)
2021-01-30 21:07:44 [scrapy.core.engine] DEBUG: Crawled (200) <GET https://no2bhubaneswar.kvs.ac.in/terms-conditions-1086> (referer: https://no2bhubaneswar.kvs.ac.in/)
2021-01-30 21:07:44 [scrapy.core.engine] DEBUG: Crawled (200) <GET https://no5bhubaneswar.kvs.ac.in/feedback-form> (referer: https://no5bhubaneswar.kvs.ac.in/)
2021-01-30 21:07:46 [scrapy.core.engine] DEBUG: Crawled (200) <GET https://no5bhubaneswar.kvs.ac.in/school-initiatives-students/pustakophaar> (referer: https://no5bhubaneswar.kvs.ac.in/)
2021-01-30 21:07:46 [scrapy.core.engine] DEBUG: Crawled (200) <GET https://no5bhubaneswar.kvs.ac.in/hyperlink-policy-0> (referer: https://no5bhubaneswar.kvs.ac.in/)
2021-01-30 21:07:47 [scrapy.core.engine] DEBUG: Crawled (200) <GET https://no5bhubaneswar.kvs.ac.in/school-initiatives-students/promotion-language> (referer: https://no5bhubaneswar.kvs.ac.in/)
2021-01-30 21:07:47 [scrapy.core.engine] DEBUG: Crawled (200) <GET https://no5bhubaneswar.kvs.ac.in/school-initiatives-students/celebrationsall> (referer: https://no5bhubaneswar.kvs.ac.in/)
2021-01-30 21:07:48 [scrapy.core.engine] DEBUG: Crawled (200) <GET https://no5bhubaneswar.kvs.ac.in/school-initiatives-students/miscellaneous> (referer: https://no5bhubaneswar.kvs.ac.in/)
2021-01-30 21:07:50 [scrapy.core.engine] DEBUG: Crawled (200) <GET https://no5bhubaneswar.kvs.ac.in/school-initiatives-students/gender-sensitization> (referer: https://no5bhubaneswar.kvs.ac.in/)
2021-01-30 21:07:51 [scrapy.core.engine] DEBUG: Crawled (200) <GET https://no5bhubaneswar.kvs.ac.in/school-academic-activities/art-culture> (referer: https://no5bhubaneswar.kvs.ac.in/)
2021-01-30 21:07:51 [scrapy.core.engine] DEBUG: Crawled (200) <GET https://no5bhubaneswar.kvs.ac.in/school-initiatives-students/helpdesk> (referer: https://no5bhubaneswar.kvs.ac.in/)
2021-01-30 21:07:52 [scrapy.core.engine] DEBUG: Crawled (200) <GET https://no3bhubaneswar.kvs.ac.in/school-academic-activities/sports> (referer: https://no3bhubaneswar.kvs.ac.in/)
2021-01-30 21:07:53 [scrapy.core.engine] DEBUG: Crawled (200) <GET https://no5bhubaneswar.kvs.ac.in/school-initiatives-students/student-empowerment-programme> (referer: https://no5bhubaneswar.kvs.ac.in/)
2021-01-30 21:07:53 [scrapy.core.engine] DEBUG: Crawled (200) <GET https://no5bhubaneswar.kvs.ac.in/school-initiatives-students/learning-fun> (referer: https://no5bhubaneswar.kvs.ac.in/)
2021-01-30 21:07:54 [scrapy.core.engine] DEBUG: Crawled (200) <GET https://no5bhubaneswar.kvs.ac.in/school-academic-activities/vidyalaya-patrikanewsletter> (referer: https://no5bhubaneswar.kvs.ac.in/)
2021-01-30 21:07:56 [scrapy.core.engine] DEBUG: Crawled (200) <GET https://no5bhubaneswar.kvs.ac.in/school-academic-activities/students-council> (referer: https://no5bhubaneswar.kvs.ac.in/)
2021-01-30 21:07:57 [scrapy.core.engine] DEBUG: Crawled (200) <GET https://no5bhubaneswar.kvs.ac.in/school-academic-activities/scout-guide-ncc> (referer: https://no5bhubaneswar.kvs.ac.in/)
2021-01-30 21:07:57 [scrapy.core.engine] DEBUG: Crawled (200) <GET https://no5bhubaneswar.kvs.ac.in/school-initiatives-students/scientist-making> (referer: https://no5bhubaneswar.kvs.ac.in/)
2021-01-30 21:07:57 [scrapy.core.engine] DEBUG: Crawled (200) <GET https://no5bhubaneswar.kvs.ac.in/school-academic-activities/co-curricular-activities> (referer: https://no5bhubaneswar.kvs.ac.in/)
2021-01-30 21:07:58 [scrapy.downloadermiddlewares.retry] DEBUG: Retrying <GET https://no5bhubaneswar.kvs.ac.in/disclaimer-4> (failed 1 times): 408 Request Time-out
2021-01-30 21:07:58 [scrapy.core.engine] DEBUG: Crawled (200) <GET https://no5bhubaneswar.kvs.ac.in/school-academic-activities/education-incursion> (referer: https://no5bhubaneswar.kvs.ac.in/)
2021-01-30 21:08:00 [scrapy.core.engine] DEBUG: Crawled (200) <GET https://no5bhubaneswar.kvs.ac.in/school-strengthening-vidyalayas/library-e-granthalaya> (referer: https://no5bhubaneswar.kvs.ac.in/)
2021-01-30 21:08:00 [scrapy.core.engine] DEBUG: Crawled (200) <GET https://no5bhubaneswar.kvs.ac.in/school-academic-activities/youth-parliament> (referer: https://no5bhubaneswar.kvs.ac.in/)
2021-01-30 21:08:00 [scrapy.core.engine] DEBUG: Crawled (200) <GET https://no5bhubaneswar.kvs.ac.in/school-strengthening-vidyalayas/sop-ndma> (referer: https://no5bhubaneswar.kvs.ac.in/)
2021-01-30 21:08:03 [scrapy.core.engine] DEBUG: Crawled (200) <GET https://no5bhubaneswar.kvs.ac.in/school-strengthening-vidyalayas/harit-vidyalayaswachh-vidyalaya> (referer: https://no5bhubaneswar.kvs.ac.in/)
2021-01-30 21:08:04 [scrapy.core.engine] DEBUG: Crawled (200) <GET https://no5bhubaneswar.kvs.ac.in/school-academic-activities/sports> (referer: https://no5bhubaneswar.kvs.ac.in/)
2021-01-30 21:08:04 [scrapy.core.engine] DEBUG: Crawled (200) <GET https://no5bhubaneswar.kvs.ac.in/school-strengthening-vidyalayas/infrastructure> (referer: https://no5bhubaneswar.kvs.ac.in/)
2021-01-30 21:08:05 [scrapy.core.engine] DEBUG: Crawled (200) <GET https://no5bhubaneswar.kvs.ac.in/school-strengthening-vidyalayas/bala-initiatives> (referer: https://no5bhubaneswar.kvs.ac.in/)
2021-01-30 21:08:06 [scrapy.core.engine] DEBUG: Crawled (200) <GET https://no5bhubaneswar.kvs.ac.in/school-academics-overview/student-e-diary> (referer: https://no5bhubaneswar.kvs.ac.in/)
2021-01-30 21:08:06 [scrapy.core.engine] DEBUG: Crawled (200) <GET https://no5bhubaneswar.kvs.ac.in/school-strengthening-vidyalayas/atal-tinkering-lab> (referer: https://no5bhubaneswar.kvs.ac.in/)
2021-01-30 21:08:07 [scrapy.core.engine] DEBUG: Crawled (200) <GET https://no5bhubaneswar.kvs.ac.in/school-strengthening-vidyalayas/ict-initiatives> (referer: https://no5bhubaneswar.kvs.ac.in/)
2021-01-30 21:08:08 [scrapy.extensions.logstats] INFO: Crawled 64 pages (at 64 pages/min), scraped 0 items (at 0 items/min)
2021-01-30 21:08:08 [scrapy.core.engine] DEBUG: Crawled (200) <GET https://no5bhubaneswar.kvs.ac.in/school-strengthening-vidyalayas/modernisation-labs> (referer: https://no5bhubaneswar.kvs.ac.in/)
2021-01-30 21:08:11 [scrapy.core.engine] DEBUG: Crawled (200) <GET https://no5bhubaneswar.kvs.ac.in/school-academics-overview/academic-result> (referer: https://no5bhubaneswar.kvs.ac.in/)
2021-01-30 21:08:11 [scrapy.core.engine] DEBUG: Crawled (200) <GET https://no5bhubaneswar.kvs.ac.in/school-academics-overview/compensation-academic-loss-programme-calp> (referer: https://no5bhubaneswar.kvs.ac.in/)
2021-01-30 21:08:12 [scrapy.core.engine] DEBUG: Crawled (200) <GET https://no5bhubaneswar.kvs.ac.in/school-academics-overview/ek-bharat-shrestha-bharat> (referer: https://no5bhubaneswar.kvs.ac.in/)
2021-01-30 21:08:13 [scrapy.core.engine] DEBUG: Crawled (200) <GET https://no5bhubaneswar.kvs.ac.in/school-academics-overview/academic-planner> (referer: https://no5bhubaneswar.kvs.ac.in/)
2021-01-30 21:08:15 [scrapy.core.engine] DEBUG: Crawled (200) <GET https://no5bhubaneswar.kvs.ac.in/school-academics-overview/maths-science-education> (referer: https://no5bhubaneswar.kvs.ac.in/)
2021-01-30 21:08:17 [scrapy.core.engine] DEBUG: Crawled (200) <GET https://no5bhubaneswar.kvs.ac.in/school-academics-overview/mentors> (referer: https://no5bhubaneswar.kvs.ac.in/)
2021-01-30 21:08:17 [scrapy.core.engine] DEBUG: Crawled (200) <GET https://no5bhubaneswar.kvs.ac.in/school-academics-overview/guidance-counselling> (referer: https://no5bhubaneswar.kvs.ac.in/)
2021-01-30 21:08:17 [scrapy.core.engine] DEBUG: Crawled (200) <GET https://no5bhubaneswar.kvs.ac.in/sri-s-k-chopdar-0> (referer: https://no5bhubaneswar.kvs.ac.in/)
2021-01-30 21:08:18 [scrapy.core.engine] DEBUG: Crawled (200) <GET https://no5bhubaneswar.kvs.ac.in/school-announcement> (referer: https://no5bhubaneswar.kvs.ac.in/)
2021-01-30 21:08:20 [scrapy.core.engine] DEBUG: Crawled (200) <GET https://no5bhubaneswar.kvs.ac.in/gallery/school-video-gallery> (referer: https://no5bhubaneswar.kvs.ac.in/)
2021-01-30 21:08:21 [scrapy.core.engine] DEBUG: Crawled (200) <GET https://no5bhubaneswar.kvs.ac.in/school-gyan-kosh> (referer: https://no5bhubaneswar.kvs.ac.in/)
2021-01-30 21:08:22 [scrapy.core.engine] DEBUG: Crawled (200) <GET https://no5bhubaneswar.kvs.ac.in/school-contact-us> (referer: https://no5bhubaneswar.kvs.ac.in/)
2021-01-30 21:08:23 [scrapy.core.engine] DEBUG: Crawled (200) <GET https://no5bhubaneswar.kvs.ac.in/gallery/school-photo-gallery> (referer: https://no5bhubaneswar.kvs.ac.in/)
2021-01-30 21:08:24 [scrapy.core.engine] DEBUG: Crawled (200) <GET https://no5bhubaneswar.kvs.ac.in/school-strengthening-vidyalayas/digital-language-labs> (referer: https://no5bhubaneswar.kvs.ac.in/)
2021-01-30 21:08:25 [scrapy.core.engine] DEBUG: Crawled (200) <GET https://no5bhubaneswar.kvs.ac.in/vision-mission> (referer: https://no5bhubaneswar.kvs.ac.in/)
2021-01-30 21:08:25 [scrapy.core.engine] DEBUG: Crawled (200) <GET https://no5bhubaneswar.kvs.ac.in/work> (referer: https://no5bhubaneswar.kvs.ac.in/)
2021-01-30 21:08:26 [scrapy.core.engine] DEBUG: Crawled (200) <GET https://no5bhubaneswar.kvs.ac.in/activities/co-curricular-activity> (referer: https://no5bhubaneswar.kvs.ac.in/)
2021-01-30 21:08:26 [scrapy.core.engine] DEBUG: Crawled (200) <GET https://no5bhubaneswar.kvs.ac.in/activities/innovations> (referer: https://no5bhubaneswar.kvs.ac.in/)
2021-01-30 21:08:27 [scrapy.downloadermiddlewares.retry] DEBUG: Retrying <GET https://no5bhubaneswar.kvs.ac.in/school-academics-overview/elementary-education> (failed 1 times): 408 Request Time-out
2021-01-30 21:08:29 [scrapy.core.engine] DEBUG: Crawled (200) <GET https://no5bhubaneswar.kvs.ac.in/activities/calendar-activity> (referer: https://no5bhubaneswar.kvs.ac.in/)
2021-01-30 21:08:29 [scrapy.core.engine] DEBUG: Crawled (200) <GET https://no5bhubaneswar.kvs.ac.in/enrolment-statistics/student-vacancy> (referer: https://no5bhubaneswar.kvs.ac.in/)
2021-01-30 21:08:30 [scrapy.core.engine] DEBUG: Crawled (200) <GET https://no5bhubaneswar.kvs.ac.in/enrolment-statistics/tc-issued> (referer: https://no5bhubaneswar.kvs.ac.in/)
2021-01-30 21:08:31 [scrapy.core.engine] DEBUG: Crawled (200) <GET https://no5bhubaneswar.kvs.ac.in/enrolment-statistics/class-wise-enrolment-position> (referer: https://no5bhubaneswar.kvs.ac.in/)
2021-01-30 21:08:32 [scrapy.core.engine] DEBUG: Crawled (200) <GET https://no5bhubaneswar.kvs.ac.in/administration/teacher-vacancy> (referer: https://no5bhubaneswar.kvs.ac.in/)
2021-01-30 21:08:33 [scrapy.core.engine] DEBUG: Crawled (200) <GET https://no5bhubaneswar.kvs.ac.in/administration/vmc-member> (referer: https://no5bhubaneswar.kvs.ac.in/)
2021-01-30 21:08:34 [scrapy.core.engine] DEBUG: Crawled (200) <GET https://no5bhubaneswar.kvs.ac.in/administration/staff-member> (referer: https://no5bhubaneswar.kvs.ac.in/)
2021-01-30 21:08:35 [scrapy.core.engine] DEBUG: Crawled (200) <GET https://no5bhubaneswar.kvs.ac.in/enrolment-statistics/category-wise-enrolment-position> (referer: https://no5bhubaneswar.kvs.ac.in/)
2021-01-30 21:08:36 [scrapy.core.engine] DEBUG: Crawled (200) <GET https://no5bhubaneswar.kvs.ac.in/administration/committees> (referer: https://no5bhubaneswar.kvs.ac.in/)
2021-01-30 21:08:36 [scrapy.core.engine] DEBUG: Crawled (200) <GET https://no5bhubaneswar.kvs.ac.in/administration/monthly-salary> (referer: https://no5bhubaneswar.kvs.ac.in/)
2021-01-30 21:08:39 [scrapy.core.engine] DEBUG: Crawled (200) <GET https://no5bhubaneswar.kvs.ac.in/academics/fees-structure> (referer: https://no5bhubaneswar.kvs.ac.in/)
2021-01-30 21:08:39 [scrapy.core.engine] DEBUG: Crawled (200) <GET https://no5bhubaneswar.kvs.ac.in/administration/rti-apio> (referer: https://no5bhubaneswar.kvs.ac.in/)
2021-01-30 21:08:39 [scrapy.core.engine] DEBUG: Crawled (200) <GET https://no5bhubaneswar.kvs.ac.in/academics/student-achiever> (referer: https://no5bhubaneswar.kvs.ac.in/)
2021-01-30 21:08:39 [scrapy.core.engine] DEBUG: Crawled (200) <GET https://no5bhubaneswar.kvs.ac.in/academics/admission-detail> (referer: https://no5bhubaneswar.kvs.ac.in/)
2021-01-30 21:08:40 [scrapy.core.engine] DEBUG: Crawled (200) <GET https://no5bhubaneswar.kvs.ac.in/academics/results-analysis> (referer: https://no5bhubaneswar.kvs.ac.in/)
2021-01-30 21:08:41 [scrapy.core.engine] DEBUG: Crawled (200) <GET https://no5bhubaneswar.kvs.ac.in/academics/teacher-achievement> (referer: https://no5bhubaneswar.kvs.ac.in/)
2021-01-30 21:08:42 [scrapy.core.engine] DEBUG: Crawled (200) <GET https://no3bhubaneswar.kvs.ac.in/school-initiatives-students/student-empowerment-programme> (referer: https://no3bhubaneswar.kvs.ac.in/)
2021-01-30 21:08:42 [scrapy.core.engine] DEBUG: Crawled (200) <GET https://no3bhubaneswar.kvs.ac.in/school-initiatives-students/gender-sensitization> (referer: https://no3bhubaneswar.kvs.ac.in/)
2021-01-30 21:08:43 [scrapy.core.engine] DEBUG: Crawled (200) <GET https://no5bhubaneswar.kvs.ac.in/about-us/principal-message> (referer: https://no5bhubaneswar.kvs.ac.in/)
2021-01-30 21:08:44 [scrapy.core.engine] DEBUG: Crawled (200) <GET https://no5bhubaneswar.kvs.ac.in/about-us/ict-infrastructure> (referer: https://no5bhubaneswar.kvs.ac.in/)
2021-01-30 21:08:44 [scrapy.core.engine] DEBUG: Crawled (200) <GET https://no5bhubaneswar.kvs.ac.in/about-us/about-kvs> (referer: https://no5bhubaneswar.kvs.ac.in/)
2021-01-30 21:08:45 [scrapy.downloadermiddlewares.retry] DEBUG: Retrying <GET https://no5bhubaneswar.kvs.ac.in/creative-corner> (failed 1 times): TCP connection timed out: 110: Connection timed out.
2021-01-30 21:08:46 [scrapy.core.engine] DEBUG: Crawled (200) <GET https://no3bhubaneswar.kvs.ac.in/school-initiatives-students/pustakophaar> (referer: https://no3bhubaneswar.kvs.ac.in/)
2021-01-30 21:08:46 [scrapy.core.engine] DEBUG: Crawled (200) <GET https://no5bhubaneswar.kvs.ac.in/about-us/cbse-affiliation-report> (referer: https://no5bhubaneswar.kvs.ac.in/)
2021-01-30 21:08:46 [scrapy.core.engine] DEBUG: Crawled (200) <GET https://no5bhubaneswar.kvs.ac.in/about-us/deputy-commissioners-message> (referer: https://no5bhubaneswar.kvs.ac.in/)
2021-01-30 21:08:47 [scrapy.core.engine] DEBUG: Crawled (200) <GET https://no3bhubaneswar.kvs.ac.in/school-academic-activities/youth-parliament> (referer: https://no3bhubaneswar.kvs.ac.in/)
2021-01-30 21:08:48 [scrapy.core.engine] DEBUG: Crawled (200) <GET https://no3bhubaneswar.kvs.ac.in/school-initiatives-students/helpdesk> (referer: https://no3bhubaneswar.kvs.ac.in/)
2021-01-30 21:08:48 [scrapy.core.engine] DEBUG: Crawled (200) <GET https://no3bhubaneswar.kvs.ac.in/school-initiatives-students/learning-fun> (referer: https://no3bhubaneswar.kvs.ac.in/)
2021-01-30 21:08:48 [scrapy.core.engine] DEBUG: Crawled (200) <GET https://no3bhubaneswar.kvs.ac.in/school-initiatives-students/scientist-making> (referer: https://no3bhubaneswar.kvs.ac.in/)
2021-01-30 21:08:49 [scrapy.core.engine] DEBUG: Crawled (200) <GET https://no3bhubaneswar.kvs.ac.in/school-initiatives-students/promotion-language> (referer: https://no3bhubaneswar.kvs.ac.in/)
2021-01-30 21:08:50 [scrapy.core.engine] DEBUG: Crawled (200) <GET https://no5bhubaneswar.kvs.ac.in/school-kvs-news> (referer: https://no5bhubaneswar.kvs.ac.in/)
2021-01-30 21:08:51 [scrapy.core.engine] DEBUG: Crawled (200) <GET https://no3bhubaneswar.kvs.ac.in/school-academic-activities/co-curricular-activities> (referer: https://no3bhubaneswar.kvs.ac.in/)
2021-01-30 21:08:51 [scrapy.core.engine] DEBUG: Crawled (200) <GET https://no3bhubaneswar.kvs.ac.in/school-academic-activities/art-culture> (referer: https://no3bhubaneswar.kvs.ac.in/)
2021-01-30 21:08:52 [scrapy.core.engine] DEBUG: Crawled (200) <GET https://no5bhubaneswar.kvs.ac.in/about-us/facilities> (referer: https://no5bhubaneswar.kvs.ac.in/)
2021-01-30 21:08:53 [scrapy.core.engine] DEBUG: Crawled (200) <GET https://no5bhubaneswar.kvs.ac.in/user/login> (referer: https://no5bhubaneswar.kvs.ac.in/)
2021-01-30 21:08:54 [scrapy.core.engine] DEBUG: Crawled (200) <GET https://no3bhubaneswar.kvs.ac.in/school-academic-activities/students-council> (referer: https://no3bhubaneswar.kvs.ac.in/)
2021-01-30 21:08:55 [scrapy.core.engine] DEBUG: Crawled (200) <GET https://no3bhubaneswar.kvs.ac.in/school-strengthening-vidyalayas/library-e-granthalaya> (referer: https://no3bhubaneswar.kvs.ac.in/)
2021-01-30 21:08:56 [scrapy.core.engine] DEBUG: Crawled (200) <GET https://no3bhubaneswar.kvs.ac.in/school-initiatives-students/celebrationsall> (referer: https://no3bhubaneswar.kvs.ac.in/)
2021-01-30 21:08:57 [scrapy.core.engine] DEBUG: Crawled (200) <GET https://no3bhubaneswar.kvs.ac.in/school-strengthening-vidyalayas/bala-initiatives> (referer: https://no3bhubaneswar.kvs.ac.in/)
2021-01-30 21:08:57 [scrapy.core.engine] DEBUG: Crawled (200) <GET https://no3bhubaneswar.kvs.ac.in/school-strengthening-vidyalayas/sop-ndma> (referer: https://no3bhubaneswar.kvs.ac.in/)
2021-01-30 21:08:58 [scrapy.core.engine] DEBUG: Crawled (200) <GET https://no3bhubaneswar.kvs.ac.in/school-academic-activities/vidyalaya-patrikanewsletter> (referer: https://no3bhubaneswar.kvs.ac.in/)
2021-01-30 21:09:00 [scrapy.core.engine] DEBUG: Crawled (200) <GET https://no3bhubaneswar.kvs.ac.in/school-academic-activities/education-incursion> (referer: https://no3bhubaneswar.kvs.ac.in/)
2021-01-30 21:09:01 [scrapy.core.engine] DEBUG: Crawled (200) <GET https://no3bhubaneswar.kvs.ac.in/school-strengthening-vidyalayas/ict-initiatives> (referer: https://no3bhubaneswar.kvs.ac.in/)
2021-01-30 21:09:04 [scrapy.core.engine] DEBUG: Crawled (200) <GET https://no3bhubaneswar.kvs.ac.in/school-academics-overview/student-e-diary> (referer: https://no3bhubaneswar.kvs.ac.in/)
2021-01-30 21:09:04 [scrapy.core.engine] DEBUG: Crawled (200) <GET https://no3bhubaneswar.kvs.ac.in/school-academic-activities/scout-guide-ncc> (referer: https://no3bhubaneswar.kvs.ac.in/)
2021-01-30 21:09:05 [scrapy.core.engine] DEBUG: Crawled (200) <GET https://no3bhubaneswar.kvs.ac.in/school-strengthening-vidyalayas/modernisation-labs> (referer: https://no3bhubaneswar.kvs.ac.in/)
2021-01-30 21:09:08 [scrapy.extensions.logstats] INFO: Crawled 128 pages (at 64 pages/min), scraped 0 items (at 0 items/min)
2021-01-30 21:09:08 [scrapy.core.engine] DEBUG: Crawled (200) <GET https://no3bhubaneswar.kvs.ac.in/school-strengthening-vidyalayas/infrastructure> (referer: https://no3bhubaneswar.kvs.ac.in/)
2021-01-30 21:09:10 [scrapy.core.engine] DEBUG: Crawled (200) <GET https://no3bhubaneswar.kvs.ac.in/school-academics-overview/guidance-counselling> (referer: https://no3bhubaneswar.kvs.ac.in/)
2021-01-30 21:09:10 [scrapy.core.engine] DEBUG: Crawled (200) <GET https://no3bhubaneswar.kvs.ac.in/school-strengthening-vidyalayas/digital-language-labs> (referer: https://no3bhubaneswar.kvs.ac.in/)
2021-01-30 21:09:10 [scrapy.core.engine] DEBUG: Crawled (200) <GET https://no3bhubaneswar.kvs.ac.in/school-academics-overview/compensation-academic-loss-programme-calp> (referer: https://no3bhubaneswar.kvs.ac.in/)
2021-01-30 21:09:11 [scrapy.core.engine] DEBUG: Crawled (200) <GET https://no3bhubaneswar.kvs.ac.in/school-academics-overview/maths-science-education> (referer: https://no3bhubaneswar.kvs.ac.in/)
2021-01-30 21:09:11 [scrapy.core.engine] DEBUG: Crawled (200) <GET https://no3bhubaneswar.kvs.ac.in/school-strengthening-vidyalayas/harit-vidyalayaswachh-vidyalaya> (referer: https://no3bhubaneswar.kvs.ac.in/)
2021-01-30 21:09:12 [scrapy.core.engine] DEBUG: Crawled (200) <GET https://no3bhubaneswar.kvs.ac.in/school-academics-overview/ek-bharat-shrestha-bharat> (referer: https://no3bhubaneswar.kvs.ac.in/)
2021-01-30 21:09:14 [scrapy.core.engine] DEBUG: Crawled (200) <GET https://no3bhubaneswar.kvs.ac.in/school-strengthening-vidyalayas/atal-tinkering-lab> (referer: https://no3bhubaneswar.kvs.ac.in/)
2021-01-30 21:09:14 [scrapy.core.engine] DEBUG: Crawled (200) <GET https://no3bhubaneswar.kvs.ac.in/school-academics-overview/elementary-education> (referer: https://no3bhubaneswar.kvs.ac.in/)
2021-01-30 21:09:15 [scrapy.core.engine] DEBUG: Crawled (200) <GET https://no3bhubaneswar.kvs.ac.in/school-academics-overview/academic-result> (referer: https://no3bhubaneswar.kvs.ac.in/)
2021-01-30 21:09:15 [scrapy.core.engine] DEBUG: Crawled (200) <GET https://no3bhubaneswar.kvs.ac.in/sri-s-k-chopdar-0> (referer: https://no3bhubaneswar.kvs.ac.in/)
2021-01-30 21:09:16 [scrapy.core.engine] DEBUG: Crawled (200) <GET https://no3bhubaneswar.kvs.ac.in/school-kvs-news> (referer: https://no3bhubaneswar.kvs.ac.in/)
2021-01-30 21:09:17 [scrapy.core.engine] DEBUG: Crawled (200) <GET https://no3bhubaneswar.kvs.ac.in/school-academics-overview/academic-planner> (referer: https://no3bhubaneswar.kvs.ac.in/)
2021-01-30 21:09:18 [scrapy.core.engine] DEBUG: Crawled (200) <GET https://no3bhubaneswar.kvs.ac.in/school-contact-us> (referer: https://no3bhubaneswar.kvs.ac.in/)
2021-01-30 21:09:21 [scrapy.core.engine] DEBUG: Crawled (200) <GET https://no3bhubaneswar.kvs.ac.in/school-announcement> (referer: https://no3bhubaneswar.kvs.ac.in/)
2021-01-30 21:09:21 [scrapy.core.engine] DEBUG: Crawled (200) <GET https://no3bhubaneswar.kvs.ac.in/work> (referer: https://no3bhubaneswar.kvs.ac.in/)
2021-01-30 21:09:22 [scrapy.core.engine] DEBUG: Crawled (200) <GET https://no3bhubaneswar.kvs.ac.in/vision-mission> (referer: https://no3bhubaneswar.kvs.ac.in/)
2021-01-30 21:09:22 [scrapy.core.engine] DEBUG: Crawled (200) <GET https://no3bhubaneswar.kvs.ac.in/creative-corner> (referer: https://no3bhubaneswar.kvs.ac.in/)
2021-01-30 21:09:22 [scrapy.core.engine] DEBUG: Crawled (200) <GET https://no3bhubaneswar.kvs.ac.in/school-academics-overview/mentors> (referer: https://no3bhubaneswar.kvs.ac.in/)
2021-01-30 21:09:24 [scrapy.core.engine] DEBUG: Crawled (200) <GET https://no3bhubaneswar.kvs.ac.in/gallery/school-video-gallery> (referer: https://no3bhubaneswar.kvs.ac.in/)
2021-01-30 21:09:25 [scrapy.core.engine] DEBUG: Crawled (200) <GET https://no3bhubaneswar.kvs.ac.in/school-gyan-kosh> (referer: https://no3bhubaneswar.kvs.ac.in/)
2021-01-30 21:09:27 [scrapy.core.engine] DEBUG: Crawled (200) <GET https://no3bhubaneswar.kvs.ac.in/enrolment-statistics/student-vacancy> (referer: https://no3bhubaneswar.kvs.ac.in/)
2021-01-30 21:09:27 [scrapy.core.engine] DEBUG: Crawled (200) <GET https://no3bhubaneswar.kvs.ac.in/activities/calendar-activity> (referer: https://no3bhubaneswar.kvs.ac.in/)
2021-01-30 21:09:28 [scrapy.core.engine] DEBUG: Crawled (200) <GET https://no3bhubaneswar.kvs.ac.in/enrolment-statistics/tc-issued> (referer: https://no3bhubaneswar.kvs.ac.in/)
2021-01-30 21:09:28 [scrapy.core.engine] DEBUG: Crawled (200) <GET https://no3bhubaneswar.kvs.ac.in/activities/co-curricular-activity> (referer: https://no3bhubaneswar.kvs.ac.in/)
2021-01-30 21:09:29 [scrapy.core.engine] DEBUG: Crawled (200) <GET https://no3bhubaneswar.kvs.ac.in/activities/innovations> (referer: https://no3bhubaneswar.kvs.ac.in/)
2021-01-30 21:09:31 [scrapy.core.engine] DEBUG: Crawled (200) <GET https://no3bhubaneswar.kvs.ac.in/administration/rti-apio> (referer: https://no3bhubaneswar.kvs.ac.in/)
2021-01-30 21:09:32 [scrapy.core.engine] DEBUG: Crawled (200) <GET https://no3bhubaneswar.kvs.ac.in/administration/monthly-salary> (referer: https://no3bhubaneswar.kvs.ac.in/)
2021-01-30 21:09:33 [scrapy.core.engine] DEBUG: Crawled (200) <GET https://no3bhubaneswar.kvs.ac.in/enrolment-statistics/category-wise-enrolment-position> (referer: https://no3bhubaneswar.kvs.ac.in/)
2021-01-30 21:09:35 [scrapy.core.engine] DEBUG: Crawled (200) <GET https://no3bhubaneswar.kvs.ac.in/administration/staff-member> (referer: https://no3bhubaneswar.kvs.ac.in/)
2021-01-30 21:09:36 [scrapy.core.engine] DEBUG: Crawled (200) <GET https://no3bhubaneswar.kvs.ac.in/enrolment-statistics/class-wise-enrolment-position> (referer: https://no3bhubaneswar.kvs.ac.in/)
2021-01-30 21:09:37 [scrapy.core.engine] DEBUG: Crawled (200) <GET https://no3bhubaneswar.kvs.ac.in/administration/teacher-vacancy> (referer: https://no3bhubaneswar.kvs.ac.in/)
2021-01-30 21:09:37 [scrapy.core.engine] DEBUG: Crawled (200) <GET https://no3bhubaneswar.kvs.ac.in/academics/teacher-achievement> (referer: https://no3bhubaneswar.kvs.ac.in/)
2021-01-30 21:09:38 [scrapy.core.engine] DEBUG: Crawled (200) <GET https://no3bhubaneswar.kvs.ac.in/administration/vmc-member> (referer: https://no3bhubaneswar.kvs.ac.in/)
2021-01-30 21:09:38 [scrapy.core.engine] DEBUG: Crawled (200) <GET https://no3bhubaneswar.kvs.ac.in/gallery/school-photo-gallery> (referer: https://no3bhubaneswar.kvs.ac.in/)
2021-01-30 21:09:39 [scrapy.core.engine] DEBUG: Crawled (200) <GET https://no3bhubaneswar.kvs.ac.in/administration/committees> (referer: https://no3bhubaneswar.kvs.ac.in/)
2021-01-30 21:09:39 [scrapy.core.engine] DEBUG: Crawled (200) <GET https://no3bhubaneswar.kvs.ac.in/academics/results-analysis> (referer: https://no3bhubaneswar.kvs.ac.in/)
2021-01-30 21:09:41 [scrapy.core.engine] DEBUG: Crawled (200) <GET https://no1bhubaneswar.kvs.ac.in/disclaimer-4> (referer: https://no1bhubaneswar.kvs.ac.in/)
2021-01-30 21:09:42 [scrapy.core.engine] DEBUG: Crawled (200) <GET https://no1bhubaneswar.kvs.ac.in/school-tender> (referer: https://no1bhubaneswar.kvs.ac.in/)
2021-01-30 21:09:43 [scrapy.core.engine] DEBUG: Crawled (200) <GET https://no3bhubaneswar.kvs.ac.in/academics/student-achiever> (referer: https://no3bhubaneswar.kvs.ac.in/)
2021-01-30 21:09:43 [scrapy.core.engine] DEBUG: Crawled (200) <GET https://no3bhubaneswar.kvs.ac.in/about-us/deputy-commissioners-message> (referer: https://no3bhubaneswar.kvs.ac.in/)
2021-01-30 21:09:44 [scrapy.core.engine] DEBUG: Crawled (200) <GET https://no1bhubaneswar.kvs.ac.in/school-initiatives-students/promotion-language> (referer: https://no1bhubaneswar.kvs.ac.in/)
2021-01-30 21:09:44 [scrapy.core.engine] DEBUG: Crawled (200) <GET https://no3bhubaneswar.kvs.ac.in/academics/fees-structure> (referer: https://no3bhubaneswar.kvs.ac.in/)
2021-01-30 21:09:45 [scrapy.core.engine] DEBUG: Crawled (200) <GET https://no1bhubaneswar.kvs.ac.in/school-initiatives-students/pustakophaar> (referer: https://no1bhubaneswar.kvs.ac.in/)
2021-01-30 21:09:46 [scrapy.core.engine] DEBUG: Crawled (200) <GET https://no1bhubaneswar.kvs.ac.in/school-initiatives-students/miscellaneous> (referer: https://no1bhubaneswar.kvs.ac.in/)
2021-01-30 21:09:47 [scrapy.core.engine] DEBUG: Crawled (200) <GET https://no3bhubaneswar.kvs.ac.in/about-us/ict-infrastructure> (referer: https://no3bhubaneswar.kvs.ac.in/)
2021-01-30 21:09:47 [scrapy.core.engine] DEBUG: Crawled (200) <GET https://no1bhubaneswar.kvs.ac.in/grievance> (referer: https://no1bhubaneswar.kvs.ac.in/)
2021-01-30 21:09:47 [scrapy.core.engine] DEBUG: Crawled (200) <GET https://no3bhubaneswar.kvs.ac.in/about-us/cbse-affiliation-report> (referer: https://no3bhubaneswar.kvs.ac.in/)
2021-01-30 21:09:48 [scrapy.core.engine] DEBUG: Crawled (200) <GET https://no1bhubaneswar.kvs.ac.in/hyperlink-policy-0> (referer: https://no1bhubaneswar.kvs.ac.in/)
2021-01-30 21:09:49 [scrapy.core.engine] DEBUG: Crawled (200) <GET https://no1bhubaneswar.kvs.ac.in/school-initiatives-students/student-empowerment-programme> (referer: https://no1bhubaneswar.kvs.ac.in/)
2021-01-30 21:09:50 [scrapy.core.engine] DEBUG: Crawled (200) <GET https://no1bhubaneswar.kvs.ac.in/school-initiatives-students/scientist-making> (referer: https://no1bhubaneswar.kvs.ac.in/)
2021-01-30 21:09:50 [scrapy.core.engine] DEBUG: Crawled (200) <GET https://no3bhubaneswar.kvs.ac.in/about-us/about-kvs> (referer: https://no3bhubaneswar.kvs.ac.in/)
2021-01-30 21:09:50 [scrapy.core.engine] DEBUG: Crawled (200) <GET https://no1bhubaneswar.kvs.ac.in/school-initiatives-students/helpdesk> (referer: https://no1bhubaneswar.kvs.ac.in/)
2021-01-30 21:09:51 [scrapy.core.engine] DEBUG: Crawled (200) <GET https://no1bhubaneswar.kvs.ac.in/school-academic-activities/youth-parliament> (referer: https://no1bhubaneswar.kvs.ac.in/)
2021-01-30 21:09:52 [scrapy.core.engine] DEBUG: Crawled (200) <GET https://no1bhubaneswar.kvs.ac.in/school-initiatives-students/learning-fun> (referer: https://no1bhubaneswar.kvs.ac.in/)
2021-01-30 21:09:52 [scrapy.core.engine] DEBUG: Crawled (200) <GET https://no3bhubaneswar.kvs.ac.in/about-us/principal-message> (referer: https://no3bhubaneswar.kvs.ac.in/)
2021-01-30 21:09:52 [scrapy.core.engine] DEBUG: Crawled (200) <GET https://no1bhubaneswar.kvs.ac.in/school-academic-activities/art-culture> (referer: https://no1bhubaneswar.kvs.ac.in/)
2021-01-30 21:09:52 [scrapy.core.engine] DEBUG: Crawled (200) <GET https://no3bhubaneswar.kvs.ac.in/academics/admission-detail> (referer: https://no3bhubaneswar.kvs.ac.in/)
2021-01-30 21:09:53 [scrapy.core.engine] DEBUG: Crawled (200) <GET https://no1bhubaneswar.kvs.ac.in/school-academic-activities/vidyalaya-patrikanewsletter> (referer: https://no1bhubaneswar.kvs.ac.in/)
2021-01-30 21:09:53 [scrapy.core.engine] DEBUG: Crawled (200) <GET https://no3bhubaneswar.kvs.ac.in/user/login> (referer: https://no3bhubaneswar.kvs.ac.in/)
2021-01-30 21:09:54 [scrapy.core.engine] DEBUG: Crawled (200) <GET https://no3bhubaneswar.kvs.ac.in/about-us/facilities> (referer: https://no3bhubaneswar.kvs.ac.in/)
2021-01-30 21:09:54 [scrapy.core.engine] DEBUG: Crawled (200) <GET https://no1bhubaneswar.kvs.ac.in/school-academic-activities/co-curricular-activities> (referer: https://no1bhubaneswar.kvs.ac.in/)
2021-01-30 21:09:55 [scrapy.core.engine] DEBUG: Crawled (200) <GET https://no1bhubaneswar.kvs.ac.in/school-academic-activities/sports> (referer: https://no1bhubaneswar.kvs.ac.in/)
2021-01-30 21:09:55 [scrapy.core.engine] DEBUG: Crawled (200) <GET https://no1bhubaneswar.kvs.ac.in/school-academic-activities/scout-guide-ncc> (referer: https://no1bhubaneswar.kvs.ac.in/)
2021-01-30 21:09:58 [scrapy.core.engine] DEBUG: Crawled (200) <GET https://no1bhubaneswar.kvs.ac.in/school-academic-activities/students-council> (referer: https://no1bhubaneswar.kvs.ac.in/)
2021-01-30 21:09:59 [scrapy.core.engine] DEBUG: Crawled (200) <GET https://no1bhubaneswar.kvs.ac.in/school-academic-activities/education-incursion> (referer: https://no1bhubaneswar.kvs.ac.in/)
2021-01-30 21:10:01 [scrapy.core.engine] DEBUG: Crawled (200) <GET https://no1bhubaneswar.kvs.ac.in/school-strengthening-vidyalayas/bala-initiatives> (referer: https://no1bhubaneswar.kvs.ac.in/)
2021-01-30 21:10:01 [scrapy.core.engine] DEBUG: Crawled (200) <GET https://no1bhubaneswar.kvs.ac.in/school-strengthening-vidyalayas/library-e-granthalaya> (referer: https://no1bhubaneswar.kvs.ac.in/)
2021-01-30 21:10:01 [scrapy.core.engine] DEBUG: Crawled (200) <GET https://no1bhubaneswar.kvs.ac.in/school-strengthening-vidyalayas/harit-vidyalayaswachh-vidyalaya> (referer: https://no1bhubaneswar.kvs.ac.in/)
2021-01-30 21:10:04 [scrapy.core.engine] DEBUG: Crawled (200) <GET https://no1bhubaneswar.kvs.ac.in/school-strengthening-vidyalayas/atal-tinkering-lab> (referer: https://no1bhubaneswar.kvs.ac.in/)
2021-01-30 21:10:04 [scrapy.core.engine] DEBUG: Crawled (200) <GET https://no1bhubaneswar.kvs.ac.in/school-strengthening-vidyalayas/sop-ndma> (referer: https://no1bhubaneswar.kvs.ac.in/)
2021-01-30 21:10:05 [scrapy.core.engine] DEBUG: Crawled (200) <GET https://no1bhubaneswar.kvs.ac.in/school-strengthening-vidyalayas/modernisation-labs> (referer: https://no1bhubaneswar.kvs.ac.in/)
2021-01-30 21:10:06 [scrapy.core.engine] DEBUG: Crawled (200) <GET https://no1bhubaneswar.kvs.ac.in/school-initiatives-students/celebrationsall> (referer: https://no1bhubaneswar.kvs.ac.in/)
2021-01-30 21:10:06 [scrapy.core.engine] DEBUG: Crawled (200) <GET https://no1bhubaneswar.kvs.ac.in/school-strengthening-vidyalayas/digital-language-labs> (referer: https://no1bhubaneswar.kvs.ac.in/)
2021-01-30 21:10:06 [scrapy.core.engine] DEBUG: Crawled (200) <GET https://no1bhubaneswar.kvs.ac.in/school-strengthening-vidyalayas/ict-initiatives> (referer: https://no1bhubaneswar.kvs.ac.in/)
2021-01-30 21:10:07 [scrapy.core.engine] DEBUG: Crawled (200) <GET https://no1bhubaneswar.kvs.ac.in/school-initiatives-students/gender-sensitization> (referer: https://no1bhubaneswar.kvs.ac.in/)
2021-01-30 21:10:08 [scrapy.extensions.logstats] INFO: Crawled 204 pages (at 76 pages/min), scraped 0 items (at 0 items/min)
2021-01-30 21:10:09 [scrapy.core.engine] DEBUG: Crawled (200) <GET https://no1bhubaneswar.kvs.ac.in/school-academics-overview/compensation-academic-loss-programme-calp> (referer: https://no1bhubaneswar.kvs.ac.in/)
2021-01-30 21:10:10 [scrapy.core.engine] DEBUG: Crawled (200) <GET https://no1bhubaneswar.kvs.ac.in/school-academics-overview/maths-science-education> (referer: https://no1bhubaneswar.kvs.ac.in/)
2021-01-30 21:10:11 [scrapy.core.engine] DEBUG: Crawled (200) <GET https://no1bhubaneswar.kvs.ac.in/school-academics-overview/guidance-counselling> (referer: https://no1bhubaneswar.kvs.ac.in/)
2021-01-30 21:10:11 [scrapy.core.engine] DEBUG: Crawled (200) <GET https://no1bhubaneswar.kvs.ac.in/school-academics-overview/mentors> (referer: https://no1bhubaneswar.kvs.ac.in/)
2021-01-30 21:10:12 [scrapy.core.engine] DEBUG: Crawled (200) <GET https://no1bhubaneswar.kvs.ac.in/school-academics-overview/ek-bharat-shrestha-bharat> (referer: https://no1bhubaneswar.kvs.ac.in/)
2021-01-30 21:10:13 [scrapy.core.engine] DEBUG: Crawled (200) <GET https://no1bhubaneswar.kvs.ac.in/school-strengthening-vidyalayas/infrastructure> (referer: https://no1bhubaneswar.kvs.ac.in/)
2021-01-30 21:10:13 [scrapy.core.engine] DEBUG: Crawled (200) <GET https://no1bhubaneswar.kvs.ac.in/school-academics-overview/student-e-diary> (referer: https://no1bhubaneswar.kvs.ac.in/)
2021-01-30 21:10:16 [scrapy.core.engine] DEBUG: Crawled (200) <GET https://no1bhubaneswar.kvs.ac.in/creative-corner> (referer: https://no1bhubaneswar.kvs.ac.in/)
2021-01-30 21:10:16 [scrapy.core.engine] DEBUG: Crawled (200) <GET https://no1bhubaneswar.kvs.ac.in/school-announcement> (referer: https://no1bhubaneswar.kvs.ac.in/)
2021-01-30 21:10:18 [scrapy.core.engine] DEBUG: Crawled (200) <GET https://no1bhubaneswar.kvs.ac.in/school-academics-overview/academic-planner> (referer: https://no1bhubaneswar.kvs.ac.in/)
2021-01-30 21:10:19 [scrapy.core.engine] DEBUG: Crawled (200) <GET https://no1bhubaneswar.kvs.ac.in/school-academics-overview/academic-result> (referer: https://no1bhubaneswar.kvs.ac.in/)
2021-01-30 21:10:21 [scrapy.core.engine] DEBUG: Crawled (200) <GET https://no1bhubaneswar.kvs.ac.in/gallery/school-video-gallery> (referer: https://no1bhubaneswar.kvs.ac.in/)
2021-01-30 21:10:22 [scrapy.core.engine] DEBUG: Crawled (200) <GET https://no1bhubaneswar.kvs.ac.in/sri-s-k-chopdar-0> (referer: https://no1bhubaneswar.kvs.ac.in/)
2021-01-30 21:10:22 [scrapy.core.engine] DEBUG: Crawled (200) <GET https://no1bhubaneswar.kvs.ac.in/gallery/school-photo-gallery> (referer: https://no1bhubaneswar.kvs.ac.in/)
2021-01-30 21:10:26 [scrapy.core.engine] DEBUG: Crawled (200) <GET https://no1bhubaneswar.kvs.ac.in/school-kvs-news> (referer: https://no1bhubaneswar.kvs.ac.in/)
2021-01-30 21:10:30 [scrapy.core.engine] DEBUG: Crawled (200) <GET https://no1bhubaneswar.kvs.ac.in/activities/innovations> (referer: https://no1bhubaneswar.kvs.ac.in/)
2021-01-30 21:10:35 [scrapy.core.engine] DEBUG: Crawled (200) <GET https://no1bhubaneswar.kvs.ac.in/activities/calendar-activity> (referer: https://no1bhubaneswar.kvs.ac.in/)
2021-01-30 21:10:36 [scrapy.core.engine] DEBUG: Crawled (200) <GET https://no1bhubaneswar.kvs.ac.in/school-contact-us> (referer: https://no1bhubaneswar.kvs.ac.in/)
2021-01-30 21:10:36 [scrapy.core.engine] DEBUG: Crawled (200) <GET https://no1bhubaneswar.kvs.ac.in/work> (referer: https://no1bhubaneswar.kvs.ac.in/)
2021-01-30 21:10:38 [scrapy.core.engine] DEBUG: Crawled (200) <GET https://no1bhubaneswar.kvs.ac.in/activities/co-curricular-activity> (referer: https://no1bhubaneswar.kvs.ac.in/)
2021-01-30 21:10:40 [scrapy.core.engine] DEBUG: Crawled (200) <GET https://no1bhubaneswar.kvs.ac.in/enrolment-statistics/student-vacancy> (referer: https://no1bhubaneswar.kvs.ac.in/)
2021-01-30 21:10:42 [scrapy.core.engine] DEBUG: Crawled (200) <GET https://no1bhubaneswar.kvs.ac.in/enrolment-statistics/tc-issued> (referer: https://no1bhubaneswar.kvs.ac.in/)
2021-01-30 21:10:42 [scrapy.core.engine] DEBUG: Crawled (200) <GET https://no1bhubaneswar.kvs.ac.in/school-gyan-kosh> (referer: https://no1bhubaneswar.kvs.ac.in/)
2021-01-30 21:10:43 [scrapy.core.engine] DEBUG: Crawled (200) <GET https://no1bhubaneswar.kvs.ac.in/enrolment-statistics/class-wise-enrolment-position> (referer: https://no1bhubaneswar.kvs.ac.in/)
2021-01-30 21:10:45 [scrapy.core.engine] DEBUG: Crawled (200) <GET https://no1bhubaneswar.kvs.ac.in/administration/monthly-salary> (referer: https://no1bhubaneswar.kvs.ac.in/)
2021-01-30 21:10:46 [scrapy.downloadermiddlewares.retry] DEBUG: Retrying <GET https://no1bhubaneswar.kvs.ac.in/vision-mission> (failed 1 times): TCP connection timed out: 110: Connection timed out.
2021-01-30 21:10:46 [scrapy.core.engine] DEBUG: Crawled (200) <GET https://no1bhubaneswar.kvs.ac.in/enrolment-statistics/category-wise-enrolment-position> (referer: https://no1bhubaneswar.kvs.ac.in/)
2021-01-30 21:10:47 [scrapy.core.engine] DEBUG: Crawled (200) <GET https://no1bhubaneswar.kvs.ac.in/administration/rti-apio> (referer: https://no1bhubaneswar.kvs.ac.in/)
2021-01-30 21:10:49 [scrapy.core.engine] DEBUG: Crawled (200) <GET https://no1bhubaneswar.kvs.ac.in/administration/teacher-vacancy> (referer: https://no1bhubaneswar.kvs.ac.in/)
2021-01-30 21:10:49 [scrapy.core.engine] DEBUG: Crawled (200) <GET https://no1bhubaneswar.kvs.ac.in/administration/vmc-member> (referer: https://no1bhubaneswar.kvs.ac.in/)
2021-01-30 21:10:49 [scrapy.core.engine] DEBUG: Crawled (200) <GET https://no1bhubaneswar.kvs.ac.in/academics/results-analysis> (referer: https://no1bhubaneswar.kvs.ac.in/)
2021-01-30 21:10:49 [scrapy.core.engine] DEBUG: Crawled (200) <GET https://no1bhubaneswar.kvs.ac.in/administration/committees> (referer: https://no1bhubaneswar.kvs.ac.in/)
2021-01-30 21:10:52 [scrapy.core.engine] DEBUG: Crawled (200) <GET https://no1bhubaneswar.kvs.ac.in/academics/fees-structure> (referer: https://no1bhubaneswar.kvs.ac.in/)
2021-01-30 21:10:52 [scrapy.core.engine] DEBUG: Crawled (200) <GET https://no4bhubaneswar.kvs.ac.in/hyperlink-policy-0> (referer: https://no4bhubaneswar.kvs.ac.in/)
2021-01-30 21:10:53 [scrapy.core.engine] DEBUG: Crawled (200) <GET https://no1bhubaneswar.kvs.ac.in/academics/student-achiever> (referer: https://no1bhubaneswar.kvs.ac.in/)
2021-01-30 21:10:54 [scrapy.core.engine] DEBUG: Crawled (200) <GET https://no1bhubaneswar.kvs.ac.in/about-us/ict-infrastructure> (referer: https://no1bhubaneswar.kvs.ac.in/)
2021-01-30 21:10:55 [scrapy.core.engine] DEBUG: Crawled (200) <GET https://no1bhubaneswar.kvs.ac.in/academics/admission-detail> (referer: https://no1bhubaneswar.kvs.ac.in/)
2021-01-30 21:10:56 [scrapy.core.engine] DEBUG: Crawled (200) <GET https://no1bhubaneswar.kvs.ac.in/about-us/facilities> (referer: https://no1bhubaneswar.kvs.ac.in/)
2021-01-30 21:10:56 [scrapy.core.engine] DEBUG: Crawled (200) <GET https://no4bhubaneswar.kvs.ac.in/grievance> (referer: https://no4bhubaneswar.kvs.ac.in/)
2021-01-30 21:10:57 [scrapy.core.engine] DEBUG: Crawled (200) <GET https://no4bhubaneswar.kvs.ac.in/terms-conditions-1086> (referer: https://no4bhubaneswar.kvs.ac.in/)
2021-01-30 21:10:58 [scrapy.core.engine] DEBUG: Crawled (200) <GET https://no4bhubaneswar.kvs.ac.in/privacy-policy-3> (referer: https://no4bhubaneswar.kvs.ac.in/)
2021-01-30 21:10:59 [scrapy.core.engine] DEBUG: Crawled (200) <GET https://no4bhubaneswar.kvs.ac.in/school-tender> (referer: https://no4bhubaneswar.kvs.ac.in/)
2021-01-30 21:11:00 [scrapy.core.engine] DEBUG: Crawled (200) <GET https://no1bhubaneswar.kvs.ac.in/about-us/principal-message> (referer: https://no1bhubaneswar.kvs.ac.in/)
2021-01-30 21:11:00 [scrapy.core.engine] DEBUG: Crawled (200) <GET https://no4bhubaneswar.kvs.ac.in/school-initiatives-students/celebrationsall> (referer: https://no4bhubaneswar.kvs.ac.in/)
2021-01-30 21:11:01 [scrapy.core.engine] DEBUG: Crawled (200) <GET https://no1bhubaneswar.kvs.ac.in/about-us/about-kvs> (referer: https://no1bhubaneswar.kvs.ac.in/)
2021-01-30 21:11:01 [scrapy.core.engine] DEBUG: Crawled (200) <GET https://no1bhubaneswar.kvs.ac.in/administration/staff-member> (referer: https://no1bhubaneswar.kvs.ac.in/)
2021-01-30 21:11:02 [scrapy.core.engine] DEBUG: Crawled (200) <GET https://no1bhubaneswar.kvs.ac.in/about-us/cbse-affiliation-report> (referer: https://no1bhubaneswar.kvs.ac.in/)
2021-01-30 21:11:02 [scrapy.core.engine] DEBUG: Crawled (200) <GET https://no4bhubaneswar.kvs.ac.in/school-initiatives-students/student-empowerment-programme> (referer: https://no4bhubaneswar.kvs.ac.in/)
2021-01-30 21:11:03 [scrapy.core.engine] DEBUG: Crawled (200) <GET https://no4bhubaneswar.kvs.ac.in/school-initiatives-students/miscellaneous> (referer: https://no4bhubaneswar.kvs.ac.in/)
2021-01-30 21:11:03 [scrapy.core.engine] DEBUG: Crawled (200) <GET https://no4bhubaneswar.kvs.ac.in/school-initiatives-students/scientist-making> (referer: https://no4bhubaneswar.kvs.ac.in/)
2021-01-30 21:11:04 [scrapy.core.engine] DEBUG: Crawled (200) <GET https://no4bhubaneswar.kvs.ac.in/school-initiatives-students/helpdesk> (referer: https://no4bhubaneswar.kvs.ac.in/)
2021-01-30 21:11:05 [scrapy.core.engine] DEBUG: Crawled (200) <GET https://no1bhubaneswar.kvs.ac.in/about-us/deputy-commissioners-message> (referer: https://no1bhubaneswar.kvs.ac.in/)
2021-01-30 21:11:06 [scrapy.core.engine] DEBUG: Crawled (200) <GET https://no4bhubaneswar.kvs.ac.in/disclaimer-4> (referer: https://no4bhubaneswar.kvs.ac.in/)
2021-01-30 21:11:07 [scrapy.core.engine] DEBUG: Crawled (200) <GET https://no4bhubaneswar.kvs.ac.in/school-academic-activities/youth-parliament> (referer: https://no4bhubaneswar.kvs.ac.in/)
2021-01-30 21:11:08 [scrapy.extensions.logstats] INFO: Crawled 257 pages (at 53 pages/min), scraped 0 items (at 0 items/min)
2021-01-30 21:11:08 [scrapy.core.engine] DEBUG: Crawled (200) <GET https://no4bhubaneswar.kvs.ac.in/school-initiatives-students/promotion-language> (referer: https://no4bhubaneswar.kvs.ac.in/)
2021-01-30 21:11:08 [scrapy.core.engine] DEBUG: Crawled (200) <GET https://no1bhubaneswar.kvs.ac.in/academics/teacher-achievement> (referer: https://no1bhubaneswar.kvs.ac.in/)
2021-01-30 21:11:09 [scrapy.core.engine] DEBUG: Crawled (200) <GET https://no4bhubaneswar.kvs.ac.in/school-academic-activities/art-culture> (referer: https://no4bhubaneswar.kvs.ac.in/)
2021-01-30 21:11:10 [scrapy.core.engine] DEBUG: Crawled (200) <GET https://no4bhubaneswar.kvs.ac.in/school-academic-activities/vidyalaya-patrikanewsletter> (referer: https://no4bhubaneswar.kvs.ac.in/)
2021-01-30 21:11:11 [scrapy.core.engine] DEBUG: Crawled (200) <GET https://no4bhubaneswar.kvs.ac.in/school-initiatives-students/pustakophaar> (referer: https://no4bhubaneswar.kvs.ac.in/)
2021-01-30 21:11:12 [scrapy.core.engine] DEBUG: Crawled (200) <GET https://no4bhubaneswar.kvs.ac.in/school-academic-activities/co-curricular-activities> (referer: https://no4bhubaneswar.kvs.ac.in/)
2021-01-30 21:11:13 [scrapy.core.engine] DEBUG: Crawled (200) <GET https://no4bhubaneswar.kvs.ac.in/school-academic-activities/students-council> (referer: https://no4bhubaneswar.kvs.ac.in/)
2021-01-30 21:11:13 [scrapy.core.engine] DEBUG: Crawled (200) <GET https://no1bhubaneswar.kvs.ac.in/user/login> (referer: https://no1bhubaneswar.kvs.ac.in/)
2021-01-30 21:11:14 [scrapy.core.engine] DEBUG: Crawled (200) <GET https://no4bhubaneswar.kvs.ac.in/school-academic-activities/scout-guide-ncc> (referer: https://no4bhubaneswar.kvs.ac.in/)
2021-01-30 21:11:14 [scrapy.core.engine] DEBUG: Crawled (200) <GET https://no4bhubaneswar.kvs.ac.in/school-strengthening-vidyalayas/modernisation-labs> (referer: https://no4bhubaneswar.kvs.ac.in/)
2021-01-30 21:11:14 [scrapy.core.engine] DEBUG: Crawled (200) <GET https://no4bhubaneswar.kvs.ac.in/school-academic-activities/education-incursion> (referer: https://no4bhubaneswar.kvs.ac.in/)
2021-01-30 21:11:17 [scrapy.core.engine] DEBUG: Crawled (200) <GET https://no4bhubaneswar.kvs.ac.in/school-strengthening-vidyalayas/sop-ndma> (referer: https://no4bhubaneswar.kvs.ac.in/)
2021-01-30 21:11:18 [scrapy.core.engine] DEBUG: Crawled (200) <GET https://no4bhubaneswar.kvs.ac.in/school-strengthening-vidyalayas/library-e-granthalaya> (referer: https://no4bhubaneswar.kvs.ac.in/)
2021-01-30 21:11:18 [scrapy.core.engine] DEBUG: Crawled (200) <GET https://no4bhubaneswar.kvs.ac.in/school-initiatives-students/learning-fun> (referer: https://no4bhubaneswar.kvs.ac.in/)
2021-01-30 21:11:20 [scrapy.core.engine] DEBUG: Crawled (200) <GET https://no4bhubaneswar.kvs.ac.in/school-strengthening-vidyalayas/harit-vidyalayaswachh-vidyalaya> (referer: https://no4bhubaneswar.kvs.ac.in/)
2021-01-30 21:11:20 [scrapy.core.engine] DEBUG: Crawled (200) <GET https://no4bhubaneswar.kvs.ac.in/school-academic-activities/sports> (referer: https://no4bhubaneswar.kvs.ac.in/)
2021-01-30 21:11:20 [scrapy.core.engine] DEBUG: Crawled (200) <GET https://no4bhubaneswar.kvs.ac.in/school-strengthening-vidyalayas/bala-initiatives> (referer: https://no4bhubaneswar.kvs.ac.in/)
2021-01-30 21:11:23 [scrapy.core.engine] DEBUG: Crawled (200) <GET https://no4bhubaneswar.kvs.ac.in/school-strengthening-vidyalayas/ict-initiatives> (referer: https://no4bhubaneswar.kvs.ac.in/)
2021-01-30 21:11:25 [scrapy.core.engine] DEBUG: Crawled (200) <GET https://no4bhubaneswar.kvs.ac.in/school-strengthening-vidyalayas/digital-language-labs> (referer: https://no4bhubaneswar.kvs.ac.in/)
2021-01-30 21:11:26 [scrapy.core.engine] DEBUG: Crawled (200) <GET https://no4bhubaneswar.kvs.ac.in/school-academics-overview/ek-bharat-shrestha-bharat> (referer: https://no4bhubaneswar.kvs.ac.in/)
2021-01-30 21:11:27 [scrapy.core.engine] DEBUG: Crawled (200) <GET https://no4bhubaneswar.kvs.ac.in/school-academics-overview/guidance-counselling> (referer: https://no4bhubaneswar.kvs.ac.in/)
2021-01-30 21:11:28 [scrapy.core.engine] DEBUG: Crawled (200) <GET https://no4bhubaneswar.kvs.ac.in/school-academics-overview/maths-science-education> (referer: https://no4bhubaneswar.kvs.ac.in/)
2021-01-30 21:11:29 [scrapy.core.engine] DEBUG: Crawled (200) <GET https://no4bhubaneswar.kvs.ac.in/school-strengthening-vidyalayas/atal-tinkering-lab> (referer: https://no4bhubaneswar.kvs.ac.in/)
2021-01-30 21:11:30 [scrapy.downloadermiddlewares.retry] DEBUG: Retrying <GET https://no4bhubaneswar.kvs.ac.in/school-initiatives-students/gender-sensitization> (failed 1 times): TCP connection timed out: 110: Connection timed out.
2021-01-30 21:11:35 [scrapy.core.engine] DEBUG: Crawled (200) <GET https://no4bhubaneswar.kvs.ac.in/school-kvs-news> (referer: https://no4bhubaneswar.kvs.ac.in/)
2021-01-30 21:11:35 [scrapy.core.engine] DEBUG: Crawled (200) <GET https://no4bhubaneswar.kvs.ac.in/school-academics-overview/mentors> (referer: https://no4bhubaneswar.kvs.ac.in/)
2021-01-30 21:11:35 [scrapy.core.engine] DEBUG: Crawled (200) <GET https://no4bhubaneswar.kvs.ac.in/school-academics-overview/elementary-education> (referer: https://no4bhubaneswar.kvs.ac.in/)
2021-01-30 21:11:35 [scrapy.core.engine] DEBUG: Crawled (200) <GET https://no4bhubaneswar.kvs.ac.in/school-academics-overview/academic-planner> (referer: https://no4bhubaneswar.kvs.ac.in/)
2021-01-30 21:11:35 [scrapy.downloadermiddlewares.retry] DEBUG: Retrying <GET https://no4bhubaneswar.kvs.ac.in/school-strengthening-vidyalayas/infrastructure> (failed 1 times): 408 Request Time-out
2021-01-30 21:11:36 [scrapy.core.engine] DEBUG: Crawled (200) <GET https://no4bhubaneswar.kvs.ac.in/school-academics-overview/compensation-academic-loss-programme-calp> (referer: https://no4bhubaneswar.kvs.ac.in/)
2021-01-30 21:11:38 [scrapy.core.engine] DEBUG: Crawled (200) <GET https://no4bhubaneswar.kvs.ac.in/sri-s-k-chopdar-0> (referer: https://no4bhubaneswar.kvs.ac.in/)
2021-01-30 21:11:39 [scrapy.core.engine] DEBUG: Crawled (200) <GET https://no4bhubaneswar.kvs.ac.in/creative-corner> (referer: https://no4bhubaneswar.kvs.ac.in/)
2021-01-30 21:11:39 [scrapy.core.engine] DEBUG: Crawled (200) <GET https://no4bhubaneswar.kvs.ac.in/school-announcement> (referer: https://no4bhubaneswar.kvs.ac.in/)
2021-01-30 21:11:39 [scrapy.core.engine] DEBUG: Crawled (200) <GET https://no4bhubaneswar.kvs.ac.in/school-gyan-kosh> (referer: https://no4bhubaneswar.kvs.ac.in/)
2021-01-30 21:11:40 [scrapy.core.engine] DEBUG: Crawled (200) <GET https://no4bhubaneswar.kvs.ac.in/school-contact-us> (referer: https://no4bhubaneswar.kvs.ac.in/)
2021-01-30 21:11:41 [scrapy.core.engine] DEBUG: Crawled (200) <GET https://no4bhubaneswar.kvs.ac.in/gallery/school-video-gallery> (referer: https://no4bhubaneswar.kvs.ac.in/)
2021-01-30 21:11:41 [scrapy.core.engine] DEBUG: Crawled (200) <GET https://no4bhubaneswar.kvs.ac.in/work> (referer: https://no4bhubaneswar.kvs.ac.in/)
2021-01-30 21:11:41 [scrapy.core.engine] DEBUG: Crawled (200) <GET https://no4bhubaneswar.kvs.ac.in/vision-mission> (referer: https://no4bhubaneswar.kvs.ac.in/)
2021-01-30 21:11:42 [scrapy.core.engine] DEBUG: Crawled (200) <GET https://no4bhubaneswar.kvs.ac.in/school-academics-overview/academic-result> (referer: https://no4bhubaneswar.kvs.ac.in/)
2021-01-30 21:11:43 [scrapy.core.engine] DEBUG: Crawled (200) <GET https://no4bhubaneswar.kvs.ac.in/activities/co-curricular-activity> (referer: https://no4bhubaneswar.kvs.ac.in/)
2021-01-30 21:11:43 [scrapy.core.engine] DEBUG: Crawled (200) <GET https://no4bhubaneswar.kvs.ac.in/gallery/school-photo-gallery> (referer: https://no4bhubaneswar.kvs.ac.in/)
2021-01-30 21:11:44 [scrapy.core.engine] DEBUG: Crawled (200) <GET https://no4bhubaneswar.kvs.ac.in/enrolment-statistics/tc-issued> (referer: https://no4bhubaneswar.kvs.ac.in/)
2021-01-30 21:11:44 [scrapy.core.engine] DEBUG: Crawled (200) <GET https://no4bhubaneswar.kvs.ac.in/enrolment-statistics/student-vacancy> (referer: https://no4bhubaneswar.kvs.ac.in/)
2021-01-30 21:11:47 [scrapy.core.engine] DEBUG: Crawled (200) <GET https://no4bhubaneswar.kvs.ac.in/enrolment-statistics/class-wise-enrolment-position> (referer: https://no4bhubaneswar.kvs.ac.in/)
2021-01-30 21:11:47 [scrapy.core.engine] DEBUG: Crawled (200) <GET https://no4bhubaneswar.kvs.ac.in/administration/teacher-vacancy> (referer: https://no4bhubaneswar.kvs.ac.in/)
2021-01-30 21:11:47 [scrapy.core.engine] DEBUG: Crawled (200) <GET https://no4bhubaneswar.kvs.ac.in/school-academics-overview/student-e-diary> (referer: https://no4bhubaneswar.kvs.ac.in/)
2021-01-30 21:11:48 [scrapy.core.engine] DEBUG: Crawled (200) <GET https://no4bhubaneswar.kvs.ac.in/activities/calendar-activity> (referer: https://no4bhubaneswar.kvs.ac.in/)
2021-01-30 21:11:49 [scrapy.core.engine] DEBUG: Crawled (200) <GET https://no4bhubaneswar.kvs.ac.in/administration/staff-member> (referer: https://no4bhubaneswar.kvs.ac.in/)
2021-01-30 21:11:51 [scrapy.core.engine] DEBUG: Crawled (200) <GET https://no4bhubaneswar.kvs.ac.in/activities/innovations> (referer: https://no4bhubaneswar.kvs.ac.in/)
2021-01-30 21:11:55 [scrapy.core.engine] DEBUG: Crawled (200) <GET https://no4bhubaneswar.kvs.ac.in/academics/student-achiever> (referer: https://no4bhubaneswar.kvs.ac.in/)
2021-01-30 21:11:55 [scrapy.core.engine] DEBUG: Crawled (200) <GET https://no4bhubaneswar.kvs.ac.in/administration/monthly-salary> (referer: https://no4bhubaneswar.kvs.ac.in/)
2021-01-30 21:11:56 [scrapy.core.engine] DEBUG: Crawled (200) <GET https://no4bhubaneswar.kvs.ac.in/academics/results-analysis> (referer: https://no4bhubaneswar.kvs.ac.in/)
2021-01-30 21:11:59 [scrapy.core.engine] DEBUG: Crawled (200) <GET https://no4bhubaneswar.kvs.ac.in/academics/admission-detail> (referer: https://no4bhubaneswar.kvs.ac.in/)
2021-01-30 21:12:00 [scrapy.core.engine] DEBUG: Crawled (200) <GET https://no4bhubaneswar.kvs.ac.in/academics/fees-structure> (referer: https://no4bhubaneswar.kvs.ac.in/)
2021-01-30 21:12:00 [scrapy.core.engine] DEBUG: Crawled (200) <GET https://no2bhubaneswar.kvs.ac.in/hyperlink-policy-0> (referer: https://no2bhubaneswar.kvs.ac.in/)
2021-01-30 21:12:00 [scrapy.core.engine] DEBUG: Crawled (200) <GET https://no4bhubaneswar.kvs.ac.in/administration/vmc-member> (referer: https://no4bhubaneswar.kvs.ac.in/)
2021-01-30 21:12:03 [scrapy.core.engine] DEBUG: Crawled (200) <GET https://no2bhubaneswar.kvs.ac.in/school-initiatives-students/miscellaneous> (referer: https://no2bhubaneswar.kvs.ac.in/)
2021-01-30 21:12:04 [scrapy.core.engine] DEBUG: Crawled (200) <GET https://no2bhubaneswar.kvs.ac.in/grievance> (referer: https://no2bhubaneswar.kvs.ac.in/)
2021-01-30 21:12:07 [scrapy.core.engine] DEBUG: Crawled (200) <GET https://no4bhubaneswar.kvs.ac.in/administration/committees> (referer: https://no4bhubaneswar.kvs.ac.in/)
2021-01-30 21:12:07 [scrapy.core.engine] DEBUG: Crawled (200) <GET https://no4bhubaneswar.kvs.ac.in/about-us/principal-message> (referer: https://no4bhubaneswar.kvs.ac.in/)
2021-01-30 21:12:08 [scrapy.extensions.logstats] INFO: Crawled 315 pages (at 58 pages/min), scraped 0 items (at 0 items/min)
2021-01-30 21:12:08 [scrapy.core.engine] DEBUG: Crawled (200) <GET https://no2bhubaneswar.kvs.ac.in/disclaimer-4> (referer: https://no2bhubaneswar.kvs.ac.in/)
2021-01-30 21:12:10 [scrapy.core.engine] DEBUG: Crawled (200) <GET https://no4bhubaneswar.kvs.ac.in/about-us/cbse-affiliation-report> (referer: https://no4bhubaneswar.kvs.ac.in/)
2021-01-30 21:12:10 [scrapy.core.engine] DEBUG: Crawled (200) <GET https://no2bhubaneswar.kvs.ac.in/school-initiatives-students/promotion-language> (referer: https://no2bhubaneswar.kvs.ac.in/)
2021-01-30 21:12:11 [scrapy.core.engine] DEBUG: Crawled (200) <GET https://no2bhubaneswar.kvs.ac.in/school-initiatives-students/helpdesk> (referer: https://no2bhubaneswar.kvs.ac.in/)
2021-01-30 21:12:11 [scrapy.core.engine] DEBUG: Crawled (200) <GET https://no4bhubaneswar.kvs.ac.in/academics/teacher-achievement> (referer: https://no4bhubaneswar.kvs.ac.in/)
2021-01-30 21:12:12 [scrapy.core.engine] DEBUG: Crawled (200) <GET https://no2bhubaneswar.kvs.ac.in/school-initiatives-students/pustakophaar> (referer: https://no2bhubaneswar.kvs.ac.in/)
2021-01-30 21:12:13 [scrapy.core.engine] DEBUG: Crawled (200) <GET https://no2bhubaneswar.kvs.ac.in/school-tender> (referer: https://no2bhubaneswar.kvs.ac.in/)
2021-01-30 21:12:13 [scrapy.core.engine] DEBUG: Crawled (200) <GET https://no2bhubaneswar.kvs.ac.in/school-initiatives-students/student-empowerment-programme> (referer: https://no2bhubaneswar.kvs.ac.in/)
2021-01-30 21:12:15 [scrapy.core.engine] DEBUG: Crawled (200) <GET https://no2bhubaneswar.kvs.ac.in/school-academic-activities/youth-parliament> (referer: https://no2bhubaneswar.kvs.ac.in/)
2021-01-30 21:12:16 [scrapy.core.engine] DEBUG: Crawled (200) <GET https://no4bhubaneswar.kvs.ac.in/about-us/about-kvs> (referer: https://no4bhubaneswar.kvs.ac.in/)
2021-01-30 21:12:17 [scrapy.core.engine] DEBUG: Crawled (200) <GET https://no4bhubaneswar.kvs.ac.in/about-us/deputy-commissioners-message> (referer: https://no4bhubaneswar.kvs.ac.in/)
2021-01-30 21:12:17 [scrapy.core.engine] DEBUG: Crawled (200) <GET https://no2bhubaneswar.kvs.ac.in/school-academic-activities/art-culture> (referer: https://no2bhubaneswar.kvs.ac.in/)
2021-01-30 21:12:17 [scrapy.core.engine] DEBUG: Crawled (200) <GET https://no2bhubaneswar.kvs.ac.in/school-academic-activities/students-council> (referer: https://no2bhubaneswar.kvs.ac.in/)
2021-01-30 21:12:18 [scrapy.core.engine] DEBUG: Crawled (200) <GET https://no2bhubaneswar.kvs.ac.in/school-academic-activities/vidyalaya-patrikanewsletter> (referer: https://no2bhubaneswar.kvs.ac.in/)
2021-01-30 21:12:19 [scrapy.core.engine] DEBUG: Crawled (200) <GET https://no2bhubaneswar.kvs.ac.in/school-initiatives-students/learning-fun> (referer: https://no2bhubaneswar.kvs.ac.in/)
2021-01-30 21:12:19 [scrapy.core.engine] DEBUG: Crawled (200) <GET https://no4bhubaneswar.kvs.ac.in/about-us/facilities> (referer: https://no4bhubaneswar.kvs.ac.in/)
2021-01-30 21:12:20 [scrapy.core.engine] DEBUG: Crawled (200) <GET https://no2bhubaneswar.kvs.ac.in/school-initiatives-students/scientist-making> (referer: https://no2bhubaneswar.kvs.ac.in/)
2021-01-30 21:12:20 [scrapy.core.engine] DEBUG: Crawled (200) <GET https://no2bhubaneswar.kvs.ac.in/school-initiatives-students/celebrationsall> (referer: https://no2bhubaneswar.kvs.ac.in/)
2021-01-30 21:12:21 [scrapy.core.engine] DEBUG: Crawled (200) <GET https://no2bhubaneswar.kvs.ac.in/school-strengthening-vidyalayas/modernisation-labs> (referer: https://no2bhubaneswar.kvs.ac.in/)
2021-01-30 21:12:22 [scrapy.core.engine] DEBUG: Crawled (200) <GET https://no2bhubaneswar.kvs.ac.in/school-academic-activities/scout-guide-ncc> (referer: https://no2bhubaneswar.kvs.ac.in/)
2021-01-30 21:12:23 [scrapy.core.engine] DEBUG: Crawled (200) <GET https://no2bhubaneswar.kvs.ac.in/school-academic-activities/co-curricular-activities> (referer: https://no2bhubaneswar.kvs.ac.in/)
2021-01-30 21:12:23 [scrapy.core.engine] DEBUG: Crawled (200) <GET https://no2bhubaneswar.kvs.ac.in/school-initiatives-students/gender-sensitization> (referer: https://no2bhubaneswar.kvs.ac.in/)
2021-01-30 21:12:26 [scrapy.core.engine] DEBUG: Crawled (200) <GET https://no2bhubaneswar.kvs.ac.in/school-academic-activities/sports> (referer: https://no2bhubaneswar.kvs.ac.in/)
2021-01-30 21:12:27 [scrapy.core.engine] DEBUG: Crawled (200) <GET https://no2bhubaneswar.kvs.ac.in/school-strengthening-vidyalayas/infrastructure> (referer: https://no2bhubaneswar.kvs.ac.in/)
2021-01-30 21:12:27 [scrapy.core.engine] DEBUG: Crawled (200) <GET https://no4bhubaneswar.kvs.ac.in/about-us/ict-infrastructure> (referer: https://no4bhubaneswar.kvs.ac.in/)
2021-01-30 21:12:28 [scrapy.core.engine] DEBUG: Crawled (200) <GET https://no2bhubaneswar.kvs.ac.in/school-strengthening-vidyalayas/library-e-granthalaya> (referer: https://no2bhubaneswar.kvs.ac.in/)
2021-01-30 21:12:30 [scrapy.core.engine] DEBUG: Crawled (200) <GET https://no4bhubaneswar.kvs.ac.in/user/login> (referer: https://no4bhubaneswar.kvs.ac.in/)
2021-01-30 21:12:30 [scrapy.core.engine] DEBUG: Crawled (200) <GET https://no2bhubaneswar.kvs.ac.in/school-academic-activities/education-incursion> (referer: https://no2bhubaneswar.kvs.ac.in/)
2021-01-30 21:12:31 [scrapy.core.engine] DEBUG: Crawled (200) <GET https://no2bhubaneswar.kvs.ac.in/school-strengthening-vidyalayas/bala-initiatives> (referer: https://no2bhubaneswar.kvs.ac.in/)
2021-01-30 21:12:31 [scrapy.core.engine] DEBUG: Crawled (200) <GET https://no2bhubaneswar.kvs.ac.in/school-strengthening-vidyalayas/atal-tinkering-lab> (referer: https://no2bhubaneswar.kvs.ac.in/)
2021-01-30 21:12:31 [scrapy.core.engine] DEBUG: Crawled (200) <GET https://no4bhubaneswar.kvs.ac.in/administration/rti-apio> (referer: https://no4bhubaneswar.kvs.ac.in/)
2021-01-30 21:12:32 [scrapy.core.engine] DEBUG: Crawled (200) <GET https://no2bhubaneswar.kvs.ac.in/school-academics-overview/student-e-diary> (referer: https://no2bhubaneswar.kvs.ac.in/)
2021-01-30 21:12:32 [scrapy.core.engine] DEBUG: Crawled (200) <GET https://no2bhubaneswar.kvs.ac.in/school-strengthening-vidyalayas/harit-vidyalayaswachh-vidyalaya> (referer: https://no2bhubaneswar.kvs.ac.in/)
2021-01-30 21:12:32 [scrapy.core.engine] DEBUG: Crawled (200) <GET https://no2bhubaneswar.kvs.ac.in/school-strengthening-vidyalayas/digital-language-labs> (referer: https://no2bhubaneswar.kvs.ac.in/)
2021-01-30 21:12:36 [scrapy.core.engine] DEBUG: Crawled (200) <GET https://no2bhubaneswar.kvs.ac.in/school-strengthening-vidyalayas/sop-ndma> (referer: https://no2bhubaneswar.kvs.ac.in/)
2021-01-30 21:12:36 [scrapy.core.engine] DEBUG: Crawled (200) <GET https://no2bhubaneswar.kvs.ac.in/school-academics-overview/maths-science-education> (referer: https://no2bhubaneswar.kvs.ac.in/)
2021-01-30 21:12:37 [scrapy.core.engine] DEBUG: Crawled (200) <GET https://no2bhubaneswar.kvs.ac.in/school-academics-overview/elementary-education> (referer: https://no2bhubaneswar.kvs.ac.in/)
2021-01-30 21:12:37 [scrapy.core.engine] DEBUG: Crawled (200) <GET https://no2bhubaneswar.kvs.ac.in/school-strengthening-vidyalayas/ict-initiatives> (referer: https://no2bhubaneswar.kvs.ac.in/)
2021-01-30 21:12:40 [scrapy.core.engine] DEBUG: Crawled (200) <GET https://no2bhubaneswar.kvs.ac.in/creative-corner> (referer: https://no2bhubaneswar.kvs.ac.in/)
2021-01-30 21:12:41 [scrapy.core.engine] DEBUG: Crawled (200) <GET https://no2bhubaneswar.kvs.ac.in/school-academics-overview/academic-result> (referer: https://no2bhubaneswar.kvs.ac.in/)
2021-01-30 21:12:41 [scrapy.core.engine] DEBUG: Crawled (200) <GET https://no2bhubaneswar.kvs.ac.in/school-kvs-news> (referer: https://no2bhubaneswar.kvs.ac.in/)
2021-01-30 21:12:42 [scrapy.core.engine] DEBUG: Crawled (200) <GET https://no2bhubaneswar.kvs.ac.in/school-academics-overview/academic-planner> (referer: https://no2bhubaneswar.kvs.ac.in/)
2021-01-30 21:12:42 [scrapy.core.engine] DEBUG: Crawled (200) <GET https://no2bhubaneswar.kvs.ac.in/school-academics-overview/guidance-counselling> (referer: https://no2bhubaneswar.kvs.ac.in/)
2021-01-30 21:12:45 [scrapy.core.engine] DEBUG: Crawled (200) <GET https://no2bhubaneswar.kvs.ac.in/school-contact-us> (referer: https://no2bhubaneswar.kvs.ac.in/)
2021-01-30 21:12:46 [scrapy.core.engine] DEBUG: Crawled (200) <GET https://no2bhubaneswar.kvs.ac.in/school-academics-overview/mentors> (referer: https://no2bhubaneswar.kvs.ac.in/)
2021-01-30 21:12:47 [scrapy.core.engine] DEBUG: Crawled (200) <GET https://no2bhubaneswar.kvs.ac.in/gallery/school-video-gallery> (referer: https://no2bhubaneswar.kvs.ac.in/)
2021-01-30 21:12:56 [scrapy.core.engine] DEBUG: Crawled (200) <GET https://no2bhubaneswar.kvs.ac.in/gallery/school-photo-gallery> (referer: https://no2bhubaneswar.kvs.ac.in/)
2021-01-30 21:12:56 [scrapy.core.engine] DEBUG: Crawled (200) <GET https://no2bhubaneswar.kvs.ac.in/school-announcement> (referer: https://no2bhubaneswar.kvs.ac.in/)
2021-01-30 21:12:57 [scrapy.core.engine] DEBUG: Crawled (200) <GET https://no4bhubaneswar.kvs.ac.in/enrolment-statistics/category-wise-enrolment-position> (referer: https://no4bhubaneswar.kvs.ac.in/)
2021-01-30 21:12:59 [scrapy.core.engine] DEBUG: Crawled (200) <GET https://no2bhubaneswar.kvs.ac.in/activities/co-curricular-activity> (referer: https://no2bhubaneswar.kvs.ac.in/)
2021-01-30 21:12:59 [scrapy.core.engine] DEBUG: Crawled (200) <GET https://no2bhubaneswar.kvs.ac.in/school-gyan-kosh> (referer: https://no2bhubaneswar.kvs.ac.in/)
2021-01-30 21:13:00 [scrapy.core.engine] DEBUG: Crawled (200) <GET https://no2bhubaneswar.kvs.ac.in/school-academics-overview/ek-bharat-shrestha-bharat> (referer: https://no2bhubaneswar.kvs.ac.in/)
2021-01-30 21:13:01 [scrapy.core.engine] DEBUG: Crawled (200) <GET https://no2bhubaneswar.kvs.ac.in/activities/innovations> (referer: https://no2bhubaneswar.kvs.ac.in/)
2021-01-30 21:13:04 [scrapy.core.engine] DEBUG: Crawled (200) <GET https://no2bhubaneswar.kvs.ac.in/enrolment-statistics/tc-issued> (referer: https://no2bhubaneswar.kvs.ac.in/)
2021-01-30 21:13:05 [scrapy.core.engine] DEBUG: Crawled (200) <GET https://no2bhubaneswar.kvs.ac.in/enrolment-statistics/student-vacancy> (referer: https://no2bhubaneswar.kvs.ac.in/)
2021-01-30 21:13:06 [scrapy.downloadermiddlewares.retry] DEBUG: Retrying <GET https://no1bhubaneswar.kvs.ac.in/school-academics-overview/elementary-education> (failed 1 times): User timeout caused connection failure: Getting https://no1bhubaneswar.kvs.ac.in/school-academics-overview/elementary-education took longer than 180.0 seconds..
2021-01-30 21:13:06 [scrapy.core.engine] DEBUG: Crawled (200) <GET https://no2bhubaneswar.kvs.ac.in/activities/calendar-activity> (referer: https://no2bhubaneswar.kvs.ac.in/)
2021-01-30 21:13:08 [scrapy.core.engine] DEBUG: Crawled (200) <GET https://no2bhubaneswar.kvs.ac.in/work> (referer: https://no2bhubaneswar.kvs.ac.in/)
2021-01-30 21:13:08 [scrapy.extensions.logstats] INFO: Crawled 372 pages (at 57 pages/min), scraped 0 items (at 0 items/min)
2021-01-30 21:13:08 [scrapy.core.engine] DEBUG: Crawled (200) <GET https://no2bhubaneswar.kvs.ac.in/vision-mission> (referer: https://no2bhubaneswar.kvs.ac.in/)
2021-01-30 21:13:09 [scrapy.core.engine] DEBUG: Crawled (200) <GET https://no2bhubaneswar.kvs.ac.in/enrolment-statistics/category-wise-enrolment-position> (referer: https://no2bhubaneswar.kvs.ac.in/)
2021-01-30 21:13:11 [scrapy.core.engine] DEBUG: Crawled (200) <GET https://no2bhubaneswar.kvs.ac.in/administration/monthly-salary> (referer: https://no2bhubaneswar.kvs.ac.in/)
2021-01-30 21:13:12 [scrapy.core.engine] DEBUG: Crawled (200) <GET https://no2bhubaneswar.kvs.ac.in/enrolment-statistics/class-wise-enrolment-position> (referer: https://no2bhubaneswar.kvs.ac.in/)
2021-01-30 21:13:15 [scrapy.core.engine] DEBUG: Crawled (200) <GET https://no2bhubaneswar.kvs.ac.in/administration/committees> (referer: https://no2bhubaneswar.kvs.ac.in/)
2021-01-30 21:13:16 [scrapy.core.engine] DEBUG: Crawled (200) <GET https://no2bhubaneswar.kvs.ac.in/administration/rti-apio> (referer: https://no2bhubaneswar.kvs.ac.in/)
2021-01-30 21:13:20 [scrapy.core.engine] DEBUG: Crawled (200) <GET https://no2bhubaneswar.kvs.ac.in/academics/teacher-achievement> (referer: https://no2bhubaneswar.kvs.ac.in/)
2021-01-30 21:13:23 [scrapy.core.engine] DEBUG: Crawled (200) <GET https://no2bhubaneswar.kvs.ac.in/academics/results-analysis> (referer: https://no2bhubaneswar.kvs.ac.in/)
2021-01-30 21:13:24 [scrapy.core.engine] DEBUG: Crawled (200) <GET https://no2bhubaneswar.kvs.ac.in/administration/staff-member> (referer: https://no2bhubaneswar.kvs.ac.in/)
2021-01-30 21:13:24 [scrapy.core.engine] DEBUG: Crawled (200) <GET https://no2bhubaneswar.kvs.ac.in/academics/fees-structure> (referer: https://no2bhubaneswar.kvs.ac.in/)
2021-01-30 21:13:27 [scrapy.core.engine] DEBUG: Crawled (200) <GET https://no6bhubaneswar.kvs.ac.in/terms-conditions-1086> (referer: https://no6bhubaneswar.kvs.ac.in/)
2021-01-30 21:13:27 [scrapy.core.engine] DEBUG: Crawled (200) <GET https://no6bhubaneswar.kvs.ac.in/privacy-policy-3> (referer: https://no6bhubaneswar.kvs.ac.in/)
2021-01-30 21:13:28 [scrapy.core.engine] DEBUG: Crawled (200) <GET https://no6bhubaneswar.kvs.ac.in/hyperlink-policy-0> (referer: https://no6bhubaneswar.kvs.ac.in/)
2021-01-30 21:13:29 [scrapy.core.engine] DEBUG: Crawled (200) <GET https://no2bhubaneswar.kvs.ac.in/about-us/facilities> (referer: https://no2bhubaneswar.kvs.ac.in/)
2021-01-30 21:13:32 [scrapy.core.engine] DEBUG: Crawled (200) <GET https://no6bhubaneswar.kvs.ac.in/school-tender> (referer: https://no6bhubaneswar.kvs.ac.in/)
2021-01-30 21:13:34 [scrapy.core.engine] DEBUG: Crawled (200) <GET https://no2bhubaneswar.kvs.ac.in/academics/admission-detail> (referer: https://no2bhubaneswar.kvs.ac.in/)
2021-01-30 21:13:36 [scrapy.core.engine] DEBUG: Crawled (200) <GET https://no6bhubaneswar.kvs.ac.in/grievance> (referer: https://no6bhubaneswar.kvs.ac.in/)
2021-01-30 21:13:36 [scrapy.core.engine] DEBUG: Crawled (200) <GET https://no6bhubaneswar.kvs.ac.in/disclaimer-4> (referer: https://no6bhubaneswar.kvs.ac.in/)
2021-01-30 21:13:36 [scrapy.core.engine] DEBUG: Crawled (200) <GET https://no2bhubaneswar.kvs.ac.in/administration/vmc-member> (referer: https://no2bhubaneswar.kvs.ac.in/)
2021-01-30 21:13:36 [scrapy.core.engine] DEBUG: Crawled (200) <GET https://no2bhubaneswar.kvs.ac.in/about-us/cbse-affiliation-report> (referer: https://no2bhubaneswar.kvs.ac.in/)
2021-01-30 21:13:36 [scrapy.downloadermiddlewares.retry] DEBUG: Retrying <GET https://no2bhubaneswar.kvs.ac.in/administration/teacher-vacancy> (failed 1 times): 408 Request Time-out
2021-01-30 21:13:37 [scrapy.core.engine] DEBUG: Crawled (200) <GET https://no6bhubaneswar.kvs.ac.in/school-initiatives-students/helpdesk> (referer: https://no6bhubaneswar.kvs.ac.in/)
2021-01-30 21:13:38 [scrapy.core.engine] DEBUG: Crawled (200) <GET https://no2bhubaneswar.kvs.ac.in/about-us/ict-infrastructure> (referer: https://no2bhubaneswar.kvs.ac.in/)
2021-01-30 21:13:39 [scrapy.core.engine] DEBUG: Crawled (200) <GET https://no2bhubaneswar.kvs.ac.in/sri-s-k-chopdar-0> (referer: https://no2bhubaneswar.kvs.ac.in/)
2021-01-30 21:13:39 [scrapy.core.engine] DEBUG: Crawled (200) <GET https://no6bhubaneswar.kvs.ac.in/school-initiatives-students/miscellaneous> (referer: https://no6bhubaneswar.kvs.ac.in/)
2021-01-30 21:13:40 [scrapy.core.engine] DEBUG: Crawled (200) <GET https://no6bhubaneswar.kvs.ac.in/school-initiatives-students/pustakophaar> (referer: https://no6bhubaneswar.kvs.ac.in/)
2021-01-30 21:13:40 [scrapy.core.engine] DEBUG: Crawled (200) <GET https://no6bhubaneswar.kvs.ac.in/school-initiatives-students/scientist-making> (referer: https://no6bhubaneswar.kvs.ac.in/)
2021-01-30 21:13:41 [scrapy.core.engine] DEBUG: Crawled (200) <GET https://no6bhubaneswar.kvs.ac.in/school-initiatives-students/celebrationsall> (referer: https://no6bhubaneswar.kvs.ac.in/)
2021-01-30 21:13:43 [scrapy.core.engine] DEBUG: Crawled (200) <GET https://no2bhubaneswar.kvs.ac.in/about-us/about-kvs> (referer: https://no2bhubaneswar.kvs.ac.in/)
2021-01-30 21:13:45 [scrapy.core.engine] DEBUG: Crawled (200) <GET https://no6bhubaneswar.kvs.ac.in/school-academic-activities/youth-parliament> (referer: https://no6bhubaneswar.kvs.ac.in/)
2021-01-30 21:13:45 [scrapy.core.engine] DEBUG: Crawled (200) <GET https://no6bhubaneswar.kvs.ac.in/school-initiatives-students/learning-fun> (referer: https://no6bhubaneswar.kvs.ac.in/)
2021-01-30 21:13:46 [scrapy.core.engine] DEBUG: Crawled (200) <GET https://no2bhubaneswar.kvs.ac.in/user/login> (referer: https://no2bhubaneswar.kvs.ac.in/)
2021-01-30 21:13:47 [scrapy.core.engine] DEBUG: Crawled (200) <GET https://no6bhubaneswar.kvs.ac.in/school-academic-activities/students-council> (referer: https://no6bhubaneswar.kvs.ac.in/)
2021-01-30 21:13:47 [scrapy.core.engine] DEBUG: Crawled (200) <GET https://no2bhubaneswar.kvs.ac.in/about-us/principal-message> (referer: https://no2bhubaneswar.kvs.ac.in/)
2021-01-30 21:13:48 [scrapy.core.engine] DEBUG: Crawled (200) <GET https://no6bhubaneswar.kvs.ac.in/school-initiatives-students/student-empowerment-programme> (referer: https://no6bhubaneswar.kvs.ac.in/)
2021-01-30 21:13:48 [scrapy.core.engine] DEBUG: Crawled (200) <GET https://no6bhubaneswar.kvs.ac.in/school-academic-activities/vidyalaya-patrikanewsletter> (referer: https://no6bhubaneswar.kvs.ac.in/)
2021-01-30 21:13:49 [scrapy.core.engine] DEBUG: Crawled (200) <GET https://no2bhubaneswar.kvs.ac.in/about-us/deputy-commissioners-message> (referer: https://no2bhubaneswar.kvs.ac.in/)
2021-01-30 21:13:49 [scrapy.core.engine] DEBUG: Crawled (200) <GET https://no6bhubaneswar.kvs.ac.in/school-academic-activities/art-culture> (referer: https://no6bhubaneswar.kvs.ac.in/)
2021-01-30 21:13:50 [scrapy.core.engine] DEBUG: Crawled (200) <GET https://no6bhubaneswar.kvs.ac.in/school-academic-activities/education-incursion> (referer: https://no6bhubaneswar.kvs.ac.in/)
2021-01-30 21:13:53 [scrapy.core.engine] DEBUG: Crawled (200) <GET https://no6bhubaneswar.kvs.ac.in/school-academic-activities/sports> (referer: https://no6bhubaneswar.kvs.ac.in/)
2021-01-30 21:13:53 [scrapy.core.engine] DEBUG: Crawled (200) <GET https://no6bhubaneswar.kvs.ac.in/school-academic-activities/scout-guide-ncc> (referer: https://no6bhubaneswar.kvs.ac.in/)
2021-01-30 21:13:54 [scrapy.core.engine] DEBUG: Crawled (200) <GET https://no6bhubaneswar.kvs.ac.in/school-strengthening-vidyalayas/library-e-granthalaya> (referer: https://no6bhubaneswar.kvs.ac.in/)
2021-01-30 21:13:55 [scrapy.core.engine] DEBUG: Crawled (200) <GET https://no6bhubaneswar.kvs.ac.in/school-strengthening-vidyalayas/bala-initiatives> (referer: https://no6bhubaneswar.kvs.ac.in/)
2021-01-30 21:13:55 [scrapy.core.engine] DEBUG: Crawled (200) <GET https://no6bhubaneswar.kvs.ac.in/school-strengthening-vidyalayas/modernisation-labs> (referer: https://no6bhubaneswar.kvs.ac.in/)
2021-01-30 21:13:59 [scrapy.core.engine] DEBUG: Crawled (200) <GET https://no6bhubaneswar.kvs.ac.in/school-strengthening-vidyalayas/harit-vidyalayaswachh-vidyalaya> (referer: https://no6bhubaneswar.kvs.ac.in/)
2021-01-30 21:13:59 [scrapy.core.engine] DEBUG: Crawled (200) <GET https://no6bhubaneswar.kvs.ac.in/school-strengthening-vidyalayas/digital-language-labs> (referer: https://no6bhubaneswar.kvs.ac.in/)
2021-01-30 21:14:02 [scrapy.core.engine] DEBUG: Crawled (200) <GET https://no6bhubaneswar.kvs.ac.in/school-academic-activities/co-curricular-activities> (referer: https://no6bhubaneswar.kvs.ac.in/)
2021-01-30 21:14:02 [scrapy.core.engine] DEBUG: Crawled (200) <GET https://no6bhubaneswar.kvs.ac.in/school-strengthening-vidyalayas/atal-tinkering-lab> (referer: https://no6bhubaneswar.kvs.ac.in/)
2021-01-30 21:14:05 [scrapy.downloadermiddlewares.retry] DEBUG: Retrying <GET https://no6bhubaneswar.kvs.ac.in/school-initiatives-students/promotion-language> (failed 1 times): TCP connection timed out: 110: Connection timed out.
2021-01-30 21:14:07 [scrapy.core.engine] DEBUG: Crawled (200) <GET https://no6bhubaneswar.kvs.ac.in/school-academics-overview/maths-science-education> (referer: https://no6bhubaneswar.kvs.ac.in/)
2021-01-30 21:14:08 [scrapy.extensions.logstats] INFO: Crawled 420 pages (at 48 pages/min), scraped 0 items (at 0 items/min)
2021-01-30 21:14:08 [scrapy.core.engine] DEBUG: Crawled (200) <GET https://no6bhubaneswar.kvs.ac.in/school-initiatives-students/gender-sensitization> (referer: https://no6bhubaneswar.kvs.ac.in/)
2021-01-30 21:14:09 [scrapy.core.engine] DEBUG: Crawled (200) <GET https://no6bhubaneswar.kvs.ac.in/school-academics-overview/guidance-counselling> (referer: https://no6bhubaneswar.kvs.ac.in/)
2021-01-30 21:14:09 [scrapy.core.engine] DEBUG: Crawled (200) <GET https://no6bhubaneswar.kvs.ac.in/school-strengthening-vidyalayas/sop-ndma> (referer: https://no6bhubaneswar.kvs.ac.in/)
2021-01-30 21:14:10 [scrapy.core.engine] DEBUG: Crawled (200) <GET https://no6bhubaneswar.kvs.ac.in/school-academics-overview/ek-bharat-shrestha-bharat> (referer: https://no6bhubaneswar.kvs.ac.in/)
2021-01-30 21:14:10 [scrapy.core.engine] DEBUG: Crawled (200) <GET https://no6bhubaneswar.kvs.ac.in/school-academics-overview/compensation-academic-loss-programme-calp> (referer: https://no6bhubaneswar.kvs.ac.in/)
2021-01-30 21:14:11 [scrapy.downloadermiddlewares.retry] DEBUG: Retrying <GET https://no6bhubaneswar.kvs.ac.in/school-strengthening-vidyalayas/ict-initiatives> (failed 1 times): 408 Request Time-out
2021-01-30 21:14:12 [scrapy.core.engine] DEBUG: Crawled (200) <GET https://no6bhubaneswar.kvs.ac.in/school-academics-overview/academic-result> (referer: https://no6bhubaneswar.kvs.ac.in/)
2021-01-30 21:14:13 [scrapy.core.engine] DEBUG: Crawled (200) <GET https://no6bhubaneswar.kvs.ac.in/school-academics-overview/student-e-diary> (referer: https://no6bhubaneswar.kvs.ac.in/)
2021-01-30 21:14:14 [scrapy.core.engine] DEBUG: Crawled (200) <GET https://no6bhubaneswar.kvs.ac.in/school-kvs-news> (referer: https://no6bhubaneswar.kvs.ac.in/)
2021-01-30 21:14:15 [scrapy.core.engine] DEBUG: Crawled (200) <GET https://no6bhubaneswar.kvs.ac.in/school-academics-overview/elementary-education> (referer: https://no6bhubaneswar.kvs.ac.in/)
2021-01-30 21:14:17 [scrapy.core.engine] DEBUG: Crawled (200) <GET https://no6bhubaneswar.kvs.ac.in/school-announcement> (referer: https://no6bhubaneswar.kvs.ac.in/)
2021-01-30 21:14:19 [scrapy.core.engine] DEBUG: Crawled (200) <GET https://no6bhubaneswar.kvs.ac.in/school-academics-overview/academic-planner> (referer: https://no6bhubaneswar.kvs.ac.in/)
2021-01-30 21:14:19 [scrapy.core.engine] DEBUG: Crawled (200) <GET https://no6bhubaneswar.kvs.ac.in/school-academics-overview/mentors> (referer: https://no6bhubaneswar.kvs.ac.in/)
2021-01-30 21:14:20 [scrapy.core.engine] DEBUG: Crawled (200) <GET https://no6bhubaneswar.kvs.ac.in/sri-s-k-chopdar-0> (referer: https://no6bhubaneswar.kvs.ac.in/)
2021-01-30 21:14:20 [scrapy.core.engine] DEBUG: Crawled (200) <GET https://no6bhubaneswar.kvs.ac.in/school-contact-us> (referer: https://no6bhubaneswar.kvs.ac.in/)
2021-01-30 21:14:23 [scrapy.core.engine] DEBUG: Crawled (200) <GET https://no6bhubaneswar.kvs.ac.in/work> (referer: https://no6bhubaneswar.kvs.ac.in/)
2021-01-30 21:14:24 [scrapy.core.engine] DEBUG: Crawled (200) <GET https://no6bhubaneswar.kvs.ac.in/school-gyan-kosh> (referer: https://no6bhubaneswar.kvs.ac.in/)
2021-01-30 21:14:26 [scrapy.downloadermiddlewares.retry] DEBUG: Retrying <GET https://no6bhubaneswar.kvs.ac.in/creative-corner> (failed 1 times): 408 Request Time-out
2021-01-30 21:14:30 [scrapy.core.engine] DEBUG: Crawled (200) <GET https://no6bhubaneswar.kvs.ac.in/activities/co-curricular-activity> (referer: https://no6bhubaneswar.kvs.ac.in/)
2021-01-30 21:14:32 [scrapy.core.engine] DEBUG: Crawled (200) <GET https://no6bhubaneswar.kvs.ac.in/gallery/school-photo-gallery> (referer: https://no6bhubaneswar.kvs.ac.in/)
2021-01-30 21:14:33 [scrapy.core.engine] DEBUG: Crawled (200) <GET https://no6bhubaneswar.kvs.ac.in/gallery/school-video-gallery> (referer: https://no6bhubaneswar.kvs.ac.in/)
2021-01-30 21:14:35 [scrapy.core.engine] DEBUG: Crawled (200) <GET https://no6bhubaneswar.kvs.ac.in/activities/calendar-activity> (referer: https://no6bhubaneswar.kvs.ac.in/)
2021-01-30 21:14:36 [scrapy.core.engine] DEBUG: Crawled (200) <GET https://no6bhubaneswar.kvs.ac.in/academics/student-achiever> (referer: https://no6bhubaneswar.kvs.ac.in/)
2021-01-30 21:14:37 [scrapy.core.engine] DEBUG: Crawled (200) <GET https://no6bhubaneswar.kvs.ac.in/academics/results-analysis> (referer: https://no6bhubaneswar.kvs.ac.in/)
2021-01-30 21:14:39 [scrapy.core.engine] DEBUG: Crawled (200) <GET https://no6bhubaneswar.kvs.ac.in/about-us/ict-infrastructure> (referer: https://no6bhubaneswar.kvs.ac.in/)
2021-01-30 21:14:45 [scrapy.core.engine] DEBUG: Crawled (200) <GET https://no6bhubaneswar.kvs.ac.in/about-us/cbse-affiliation-report> (referer: https://no6bhubaneswar.kvs.ac.in/)
2021-01-30 21:14:47 [scrapy.core.engine] DEBUG: Crawled (200) <GET https://no6bhubaneswar.kvs.ac.in/activities/innovations> (referer: https://no6bhubaneswar.kvs.ac.in/)
2021-01-30 21:14:49 [scrapy.core.engine] DEBUG: Crawled (200) <GET https://no6bhubaneswar.kvs.ac.in/school-strengthening-vidyalayas/infrastructure> (referer: https://no6bhubaneswar.kvs.ac.in/)
2021-01-30 21:14:50 [scrapy.core.engine] DEBUG: Crawled (200) <GET https://no1bhubaneswar.kvs.ac.in/school-academics-overview/elementary-education> (referer: https://no1bhubaneswar.kvs.ac.in/)
2021-01-30 21:14:51 [scrapy.core.engine] DEBUG: Crawled (200) <GET https://no6bhubaneswar.kvs.ac.in/academics/admission-detail> (referer: https://no6bhubaneswar.kvs.ac.in/)
2021-01-30 21:14:51 [scrapy.core.engine] DEBUG: Crawled (200) <GET https://no6bhubaneswar.kvs.ac.in/about-us/deputy-commissioners-message> (referer: https://no6bhubaneswar.kvs.ac.in/)
2021-01-30 21:14:53 [scrapy.core.engine] DEBUG: Crawled (200) <GET https://no6bhubaneswar.kvs.ac.in/about-us/about-kvs> (referer: https://no6bhubaneswar.kvs.ac.in/)
2021-01-30 21:14:54 [scrapy.core.engine] DEBUG: Crawled (200) <GET https://no6bhubaneswar.kvs.ac.in/about-us/facilities> (referer: https://no6bhubaneswar.kvs.ac.in/)
2021-01-30 21:14:54 [scrapy.core.engine] DEBUG: Crawled (200) <GET https://no5bhubaneswar.kvs.ac.in/creative-corner> (referer: https://no5bhubaneswar.kvs.ac.in/)
2021-01-30 21:14:54 [scrapy.core.engine] DEBUG: Crawled (200) <GET https://no2bhubaneswar.kvs.ac.in/academics/student-achiever> (referer: https://no2bhubaneswar.kvs.ac.in/)
2021-01-30 21:14:54 [scrapy.core.engine] DEBUG: Crawled (200) <GET https://no2bhubaneswar.kvs.ac.in/administration/teacher-vacancy> (referer: https://no2bhubaneswar.kvs.ac.in/)
2021-01-30 21:14:55 [scrapy.core.engine] DEBUG: Crawled (200) <GET https://no6bhubaneswar.kvs.ac.in/about-us/principal-message> (referer: https://no6bhubaneswar.kvs.ac.in/)
2021-01-30 21:14:56 [scrapy.core.engine] DEBUG: Crawled (200) <GET https://no6bhubaneswar.kvs.ac.in/creative-corner> (referer: https://no6bhubaneswar.kvs.ac.in/)
2021-01-30 21:14:59 [scrapy.core.engine] DEBUG: Crawled (200) <GET https://no5bhubaneswar.kvs.ac.in/school-academics-overview/elementary-education> (referer: https://no5bhubaneswar.kvs.ac.in/)
2021-01-30 21:15:00 [scrapy.core.engine] DEBUG: Crawled (200) <GET https://no1bhubaneswar.kvs.ac.in/vision-mission> (referer: https://no1bhubaneswar.kvs.ac.in/)
2021-01-30 21:15:01 [scrapy.core.engine] DEBUG: Crawled (200) <GET https://no4bhubaneswar.kvs.ac.in/school-initiatives-students/gender-sensitization> (referer: https://no4bhubaneswar.kvs.ac.in/)
2021-01-30 21:15:03 [scrapy.core.engine] DEBUG: Crawled (200) <GET https://no5bhubaneswar.kvs.ac.in/disclaimer-4> (referer: https://no5bhubaneswar.kvs.ac.in/)
2021-01-30 21:15:07 [scrapy.core.engine] DEBUG: Crawled (200) <GET https://no4bhubaneswar.kvs.ac.in/school-strengthening-vidyalayas/infrastructure> (referer: https://no4bhubaneswar.kvs.ac.in/)
2021-01-30 21:15:07 [scrapy.core.engine] DEBUG: Crawled (200) <GET https://no6bhubaneswar.kvs.ac.in/school-strengthening-vidyalayas/ict-initiatives> (referer: https://no6bhubaneswar.kvs.ac.in/)
2021-01-30 21:15:08 [scrapy.extensions.logstats] INFO: Crawled 462 pages (at 42 pages/min), scraped 0 items (at 0 items/min)
2021-01-30 21:15:08 [scrapy.core.engine] DEBUG: Crawled (200) <GET https://no6bhubaneswar.kvs.ac.in/school-initiatives-students/promotion-language> (referer: https://no6bhubaneswar.kvs.ac.in/)
2021-01-30 21:15:32 [scrapy.downloadermiddlewares.retry] DEBUG: Retrying <GET https://no2bhubaneswar.kvs.ac.in/school-academics-overview/compensation-academic-loss-programme-calp> (failed 1 times): User timeout caused connection failure: Getting https://no2bhubaneswar.kvs.ac.in/school-academics-overview/compensation-academic-loss-programme-calp took longer than 180.0 seconds..
2021-01-30 21:15:35 [scrapy.core.engine] DEBUG: Crawled (200) <GET https://no2bhubaneswar.kvs.ac.in/school-academics-overview/compensation-academic-loss-programme-calp> (referer: https://no2bhubaneswar.kvs.ac.in/)
2021-01-30 21:15:52 [scrapy.crawler] INFO: Received SIGINT, shutting down gracefully. Send again to force 
2021-01-30 21:15:52 [scrapy.core.engine] INFO: Closing spider (shutdown)
2021-01-30 21:16:08 [scrapy.extensions.logstats] INFO: Crawled 464 pages (at 2 pages/min), scraped 0 items (at 0 items/min)
2021-01-30 21:17:08 [scrapy.extensions.logstats] INFO: Crawled 464 pages (at 0 pages/min), scraped 0 items (at 0 items/min)
2021-01-30 21:17:14 [scrapy.downloadermiddlewares.retry] DEBUG: Retrying <GET https://no6bhubaneswar.kvs.ac.in/vision-mission> (failed 1 times): User timeout caused connection failure: Getting https://no6bhubaneswar.kvs.ac.in/vision-mission took longer than 180.0 seconds..
2021-01-30 21:17:26 [scrapy.downloadermiddlewares.retry] DEBUG: Retrying <GET https://no6bhubaneswar.kvs.ac.in/academics/teacher-achievement> (failed 1 times): User timeout caused connection failure: Getting https://no6bhubaneswar.kvs.ac.in/academics/teacher-achievement took longer than 180.0 seconds..
2021-01-30 21:17:33 [scrapy.downloadermiddlewares.retry] DEBUG: Retrying <GET https://no6bhubaneswar.kvs.ac.in/academics/fees-structure> (failed 1 times): User timeout caused connection failure: Getting https://no6bhubaneswar.kvs.ac.in/academics/fees-structure took longer than 180.0 seconds..
2021-01-30 21:17:54 [scrapy.downloadermiddlewares.retry] DEBUG: Retrying <GET https://no6bhubaneswar.kvs.ac.in/administration/staff-member> (failed 2 times): User timeout caused connection failure: Getting https://no6bhubaneswar.kvs.ac.in/administration/staff-member took longer than 180.0 seconds..
2021-01-30 21:17:54 [scrapy.statscollectors] INFO: Dumping Scrapy stats:
{'downloader/exception_count': 10,
 'downloader/exception_type_count/twisted.internet.error.TCPTimedOutError': 4,
 'downloader/exception_type_count/twisted.internet.error.TimeoutError': 6,
 'downloader/request_bytes': 144685,
 'downloader/request_count': 481,
 'downloader/request_method_count/GET': 481,
 'downloader/response_bytes': 4528721,
 'downloader/response_count': 471,
 'downloader/response_status_count/200': 464,
 'downloader/response_status_count/408': 7,
 'dupefilter/filtered': 1239,
 'elapsed_time_seconds': 646.764036,
 'finish_reason': 'shutdown',
 'finish_time': datetime.datetime(2021, 1, 30, 15, 47, 54, 860564),
 'log_count/DEBUG': 482,
 'log_count/INFO': 21,
 'memusage/max': 74354688,
 'memusage/startup': 57479168,
 'request_depth_max': 1,
 'response_received_count': 464,
 'retry/count': 17,
 'retry/reason_count/408 Request Time-out': 7,
 'retry/reason_count/twisted.internet.error.TCPTimedOutError': 4,
 'retry/reason_count/twisted.internet.error.TimeoutError': 6,
 'scheduler/dequeued': 481,
 'scheduler/dequeued/memory': 481,
 'scheduler/enqueued': 485,
 'scheduler/enqueued/memory': 485,
 'start_time': datetime.datetime(2021, 1, 30, 15, 37, 8, 96528)}
2021-01-30 21:17:54 [scrapy.core.engine] INFO: Spider closed (shutdown)
