2021-01-31 07:02:21 [scrapy.utils.log] INFO: Scrapy 2.4.1 started (bot: school_scraper)
2021-01-31 07:02:21 [scrapy.utils.log] INFO: Versions: lxml 4.6.2.0, libxml2 2.9.10, cssselect 1.1.0, parsel 1.6.0, w3lib 1.22.0, Twisted 20.3.0, Python 3.9.1 (default, Dec  8 2020, 07:51:42) - [GCC 10.2.0], pyOpenSSL 20.0.1 (OpenSSL 1.1.1i  8 Dec 2020), cryptography 3.3.1, Platform Linux-4.19.128-microsoft-standard-x86_64-with-glibc2.31
2021-01-31 07:02:21 [scrapy.utils.log] DEBUG: Using reactor: twisted.internet.epollreactor.EPollReactor
2021-01-31 07:02:21 [scrapy.crawler] INFO: Overridden settings:
{'BOT_NAME': 'school_scraper',
 'LOG_FILE': 'logs/school_scraper/get_kv/24554d16636411ebb3fc00155d31ba48.log',
 'NEWSPIDER_MODULE': 'school_scraper.spiders',
 'SPIDER_MODULES': ['school_scraper.spiders']}
2021-01-31 07:02:21 [scrapy.extensions.telnet] INFO: Telnet Password: 17fa0d6c7f2bd6ec
2021-01-31 07:02:21 [scrapy.middleware] INFO: Enabled extensions:
['scrapy.extensions.corestats.CoreStats',
 'scrapy.extensions.telnet.TelnetConsole',
 'scrapy.extensions.memusage.MemoryUsage',
 'scrapy.extensions.logstats.LogStats']
2021-01-31 07:02:21 [scrapy.middleware] INFO: Enabled downloader middlewares:
['scrapy.downloadermiddlewares.httpauth.HttpAuthMiddleware',
 'scrapy.downloadermiddlewares.downloadtimeout.DownloadTimeoutMiddleware',
 'scrapy.downloadermiddlewares.defaultheaders.DefaultHeadersMiddleware',
 'scrapy.downloadermiddlewares.useragent.UserAgentMiddleware',
 'scrapy.downloadermiddlewares.retry.RetryMiddleware',
 'scrapy.downloadermiddlewares.redirect.MetaRefreshMiddleware',
 'scrapy.downloadermiddlewares.httpcompression.HttpCompressionMiddleware',
 'scrapy.downloadermiddlewares.redirect.RedirectMiddleware',
 'scrapy.downloadermiddlewares.cookies.CookiesMiddleware',
 'scrapy.downloadermiddlewares.httpproxy.HttpProxyMiddleware',
 'scrapy.downloadermiddlewares.stats.DownloaderStats']
2021-01-31 07:02:21 [scrapy.middleware] INFO: Enabled spider middlewares:
['scrapy.spidermiddlewares.httperror.HttpErrorMiddleware',
 'scrapy.spidermiddlewares.offsite.OffsiteMiddleware',
 'scrapy.spidermiddlewares.referer.RefererMiddleware',
 'scrapy.spidermiddlewares.urllength.UrlLengthMiddleware',
 'scrapy.spidermiddlewares.depth.DepthMiddleware']
2021-01-31 07:02:21 [scrapy.middleware] INFO: Enabled item pipelines:
[]
2021-01-31 07:02:21 [scrapy.core.engine] INFO: Spider opened
2021-01-31 07:02:21 [scrapy.extensions.logstats] INFO: Crawled 0 pages (at 0 pages/min), scraped 0 items (at 0 items/min)
2021-01-31 07:02:21 [scrapy.extensions.telnet] INFO: Telnet console listening on 127.0.0.1:6024
2021-01-31 07:02:24 [scrapy.core.engine] DEBUG: Crawled (200) <GET https://no1bhubaneswar.kvs.ac.in/> (referer: None)
2021-01-31 07:02:24 [scrapy.core.engine] DEBUG: Crawled (200) <GET https://no3bhubaneswar.kvs.ac.in/> (referer: None)
2021-01-31 07:02:24 [scrapy.core.scraper] ERROR: Spider error processing <GET https://no1bhubaneswar.kvs.ac.in/> (referer: None)
Traceback (most recent call last):
  File "/home/sahilcoder1/School Scraper/School_Scraper/env/lib/python3.9/site-packages/scrapy/utils/defer.py", line 120, in iter_errback
    yield next(it)
  File "/home/sahilcoder1/School Scraper/School_Scraper/env/lib/python3.9/site-packages/scrapy/utils/python.py", line 353, in __next__
    return next(self.data)
  File "/home/sahilcoder1/School Scraper/School_Scraper/env/lib/python3.9/site-packages/scrapy/utils/python.py", line 353, in __next__
    return next(self.data)
  File "/home/sahilcoder1/School Scraper/School_Scraper/env/lib/python3.9/site-packages/scrapy/core/spidermw.py", line 62, in _evaluate_iterable
    for r in iterable:
  File "/home/sahilcoder1/School Scraper/School_Scraper/env/lib/python3.9/site-packages/scrapy/spidermiddlewares/offsite.py", line 29, in process_spider_output
    for x in result:
  File "/home/sahilcoder1/School Scraper/School_Scraper/env/lib/python3.9/site-packages/scrapy/core/spidermw.py", line 62, in _evaluate_iterable
    for r in iterable:
  File "/home/sahilcoder1/School Scraper/School_Scraper/env/lib/python3.9/site-packages/scrapy/spidermiddlewares/referer.py", line 340, in <genexpr>
    return (_set_referer(r) for r in result or ())
  File "/home/sahilcoder1/School Scraper/School_Scraper/env/lib/python3.9/site-packages/scrapy/core/spidermw.py", line 62, in _evaluate_iterable
    for r in iterable:
  File "/home/sahilcoder1/School Scraper/School_Scraper/env/lib/python3.9/site-packages/scrapy/spidermiddlewares/urllength.py", line 37, in <genexpr>
    return (r for r in result or () if _filter(r))
  File "/home/sahilcoder1/School Scraper/School_Scraper/env/lib/python3.9/site-packages/scrapy/core/spidermw.py", line 62, in _evaluate_iterable
    for r in iterable:
  File "/home/sahilcoder1/School Scraper/School_Scraper/env/lib/python3.9/site-packages/scrapy/spidermiddlewares/depth.py", line 58, in <genexpr>
    return (r for r in result or () if _filter(r))
  File "/home/sahilcoder1/School Scraper/School_Scraper/env/lib/python3.9/site-packages/scrapy/core/spidermw.py", line 62, in _evaluate_iterable
    for r in iterable:
  File "/home/sahilcoder1/scraper/all_kvs/Scraper/school_scraper/school_scraper/spiders/get_kv.py", line 19, in parse
    yield {1:self.arrx}
AttributeError: 'GetKvSpider' object has no attribute 'arrx'
2021-01-31 07:02:24 [scrapy.core.scraper] ERROR: Spider error processing <GET https://no3bhubaneswar.kvs.ac.in/> (referer: None)
Traceback (most recent call last):
  File "/home/sahilcoder1/School Scraper/School_Scraper/env/lib/python3.9/site-packages/scrapy/utils/defer.py", line 120, in iter_errback
    yield next(it)
  File "/home/sahilcoder1/School Scraper/School_Scraper/env/lib/python3.9/site-packages/scrapy/utils/python.py", line 353, in __next__
    return next(self.data)
  File "/home/sahilcoder1/School Scraper/School_Scraper/env/lib/python3.9/site-packages/scrapy/utils/python.py", line 353, in __next__
    return next(self.data)
  File "/home/sahilcoder1/School Scraper/School_Scraper/env/lib/python3.9/site-packages/scrapy/core/spidermw.py", line 62, in _evaluate_iterable
    for r in iterable:
  File "/home/sahilcoder1/School Scraper/School_Scraper/env/lib/python3.9/site-packages/scrapy/spidermiddlewares/offsite.py", line 29, in process_spider_output
    for x in result:
  File "/home/sahilcoder1/School Scraper/School_Scraper/env/lib/python3.9/site-packages/scrapy/core/spidermw.py", line 62, in _evaluate_iterable
    for r in iterable:
  File "/home/sahilcoder1/School Scraper/School_Scraper/env/lib/python3.9/site-packages/scrapy/spidermiddlewares/referer.py", line 340, in <genexpr>
    return (_set_referer(r) for r in result or ())
  File "/home/sahilcoder1/School Scraper/School_Scraper/env/lib/python3.9/site-packages/scrapy/core/spidermw.py", line 62, in _evaluate_iterable
    for r in iterable:
  File "/home/sahilcoder1/School Scraper/School_Scraper/env/lib/python3.9/site-packages/scrapy/spidermiddlewares/urllength.py", line 37, in <genexpr>
    return (r for r in result or () if _filter(r))
  File "/home/sahilcoder1/School Scraper/School_Scraper/env/lib/python3.9/site-packages/scrapy/core/spidermw.py", line 62, in _evaluate_iterable
    for r in iterable:
  File "/home/sahilcoder1/School Scraper/School_Scraper/env/lib/python3.9/site-packages/scrapy/spidermiddlewares/depth.py", line 58, in <genexpr>
    return (r for r in result or () if _filter(r))
  File "/home/sahilcoder1/School Scraper/School_Scraper/env/lib/python3.9/site-packages/scrapy/core/spidermw.py", line 62, in _evaluate_iterable
    for r in iterable:
  File "/home/sahilcoder1/scraper/all_kvs/Scraper/school_scraper/school_scraper/spiders/get_kv.py", line 19, in parse
    yield {1:self.arrx}
AttributeError: 'GetKvSpider' object has no attribute 'arrx'
2021-01-31 07:02:25 [scrapy.core.engine] DEBUG: Crawled (200) <GET https://no6bhubaneswar.kvs.ac.in/> (referer: None)
2021-01-31 07:02:25 [scrapy.core.engine] DEBUG: Crawled (200) <GET https://no5bhubaneswar.kvs.ac.in/> (referer: None)
2021-01-31 07:02:25 [scrapy.core.engine] DEBUG: Crawled (200) <GET https://no2bhubaneswar.kvs.ac.in/> (referer: None)
2021-01-31 07:02:25 [scrapy.core.scraper] ERROR: Spider error processing <GET https://no6bhubaneswar.kvs.ac.in/> (referer: None)
Traceback (most recent call last):
  File "/home/sahilcoder1/School Scraper/School_Scraper/env/lib/python3.9/site-packages/scrapy/utils/defer.py", line 120, in iter_errback
    yield next(it)
  File "/home/sahilcoder1/School Scraper/School_Scraper/env/lib/python3.9/site-packages/scrapy/utils/python.py", line 353, in __next__
    return next(self.data)
  File "/home/sahilcoder1/School Scraper/School_Scraper/env/lib/python3.9/site-packages/scrapy/utils/python.py", line 353, in __next__
    return next(self.data)
  File "/home/sahilcoder1/School Scraper/School_Scraper/env/lib/python3.9/site-packages/scrapy/core/spidermw.py", line 62, in _evaluate_iterable
    for r in iterable:
  File "/home/sahilcoder1/School Scraper/School_Scraper/env/lib/python3.9/site-packages/scrapy/spidermiddlewares/offsite.py", line 29, in process_spider_output
    for x in result:
  File "/home/sahilcoder1/School Scraper/School_Scraper/env/lib/python3.9/site-packages/scrapy/core/spidermw.py", line 62, in _evaluate_iterable
    for r in iterable:
  File "/home/sahilcoder1/School Scraper/School_Scraper/env/lib/python3.9/site-packages/scrapy/spidermiddlewares/referer.py", line 340, in <genexpr>
    return (_set_referer(r) for r in result or ())
  File "/home/sahilcoder1/School Scraper/School_Scraper/env/lib/python3.9/site-packages/scrapy/core/spidermw.py", line 62, in _evaluate_iterable
    for r in iterable:
  File "/home/sahilcoder1/School Scraper/School_Scraper/env/lib/python3.9/site-packages/scrapy/spidermiddlewares/urllength.py", line 37, in <genexpr>
    return (r for r in result or () if _filter(r))
  File "/home/sahilcoder1/School Scraper/School_Scraper/env/lib/python3.9/site-packages/scrapy/core/spidermw.py", line 62, in _evaluate_iterable
    for r in iterable:
  File "/home/sahilcoder1/School Scraper/School_Scraper/env/lib/python3.9/site-packages/scrapy/spidermiddlewares/depth.py", line 58, in <genexpr>
    return (r for r in result or () if _filter(r))
  File "/home/sahilcoder1/School Scraper/School_Scraper/env/lib/python3.9/site-packages/scrapy/core/spidermw.py", line 62, in _evaluate_iterable
    for r in iterable:
  File "/home/sahilcoder1/scraper/all_kvs/Scraper/school_scraper/school_scraper/spiders/get_kv.py", line 19, in parse
    yield {1:self.arrx}
AttributeError: 'GetKvSpider' object has no attribute 'arrx'
2021-01-31 07:02:25 [scrapy.core.engine] DEBUG: Crawled (200) <GET https://no4bhubaneswar.kvs.ac.in/> (referer: None)
2021-01-31 07:02:25 [scrapy.core.scraper] ERROR: Spider error processing <GET https://no5bhubaneswar.kvs.ac.in/> (referer: None)
Traceback (most recent call last):
  File "/home/sahilcoder1/School Scraper/School_Scraper/env/lib/python3.9/site-packages/scrapy/utils/defer.py", line 120, in iter_errback
    yield next(it)
  File "/home/sahilcoder1/School Scraper/School_Scraper/env/lib/python3.9/site-packages/scrapy/utils/python.py", line 353, in __next__
    return next(self.data)
  File "/home/sahilcoder1/School Scraper/School_Scraper/env/lib/python3.9/site-packages/scrapy/utils/python.py", line 353, in __next__
    return next(self.data)
  File "/home/sahilcoder1/School Scraper/School_Scraper/env/lib/python3.9/site-packages/scrapy/core/spidermw.py", line 62, in _evaluate_iterable
    for r in iterable:
  File "/home/sahilcoder1/School Scraper/School_Scraper/env/lib/python3.9/site-packages/scrapy/spidermiddlewares/offsite.py", line 29, in process_spider_output
    for x in result:
  File "/home/sahilcoder1/School Scraper/School_Scraper/env/lib/python3.9/site-packages/scrapy/core/spidermw.py", line 62, in _evaluate_iterable
    for r in iterable:
  File "/home/sahilcoder1/School Scraper/School_Scraper/env/lib/python3.9/site-packages/scrapy/spidermiddlewares/referer.py", line 340, in <genexpr>
    return (_set_referer(r) for r in result or ())
  File "/home/sahilcoder1/School Scraper/School_Scraper/env/lib/python3.9/site-packages/scrapy/core/spidermw.py", line 62, in _evaluate_iterable
    for r in iterable:
  File "/home/sahilcoder1/School Scraper/School_Scraper/env/lib/python3.9/site-packages/scrapy/spidermiddlewares/urllength.py", line 37, in <genexpr>
    return (r for r in result or () if _filter(r))
  File "/home/sahilcoder1/School Scraper/School_Scraper/env/lib/python3.9/site-packages/scrapy/core/spidermw.py", line 62, in _evaluate_iterable
    for r in iterable:
  File "/home/sahilcoder1/School Scraper/School_Scraper/env/lib/python3.9/site-packages/scrapy/spidermiddlewares/depth.py", line 58, in <genexpr>
    return (r for r in result or () if _filter(r))
  File "/home/sahilcoder1/School Scraper/School_Scraper/env/lib/python3.9/site-packages/scrapy/core/spidermw.py", line 62, in _evaluate_iterable
    for r in iterable:
  File "/home/sahilcoder1/scraper/all_kvs/Scraper/school_scraper/school_scraper/spiders/get_kv.py", line 19, in parse
    yield {1:self.arrx}
AttributeError: 'GetKvSpider' object has no attribute 'arrx'
2021-01-31 07:02:25 [scrapy.core.scraper] ERROR: Spider error processing <GET https://no2bhubaneswar.kvs.ac.in/> (referer: None)
Traceback (most recent call last):
  File "/home/sahilcoder1/School Scraper/School_Scraper/env/lib/python3.9/site-packages/scrapy/utils/defer.py", line 120, in iter_errback
    yield next(it)
  File "/home/sahilcoder1/School Scraper/School_Scraper/env/lib/python3.9/site-packages/scrapy/utils/python.py", line 353, in __next__
    return next(self.data)
  File "/home/sahilcoder1/School Scraper/School_Scraper/env/lib/python3.9/site-packages/scrapy/utils/python.py", line 353, in __next__
    return next(self.data)
  File "/home/sahilcoder1/School Scraper/School_Scraper/env/lib/python3.9/site-packages/scrapy/core/spidermw.py", line 62, in _evaluate_iterable
    for r in iterable:
  File "/home/sahilcoder1/School Scraper/School_Scraper/env/lib/python3.9/site-packages/scrapy/spidermiddlewares/offsite.py", line 29, in process_spider_output
    for x in result:
  File "/home/sahilcoder1/School Scraper/School_Scraper/env/lib/python3.9/site-packages/scrapy/core/spidermw.py", line 62, in _evaluate_iterable
    for r in iterable:
  File "/home/sahilcoder1/School Scraper/School_Scraper/env/lib/python3.9/site-packages/scrapy/spidermiddlewares/referer.py", line 340, in <genexpr>
    return (_set_referer(r) for r in result or ())
  File "/home/sahilcoder1/School Scraper/School_Scraper/env/lib/python3.9/site-packages/scrapy/core/spidermw.py", line 62, in _evaluate_iterable
    for r in iterable:
  File "/home/sahilcoder1/School Scraper/School_Scraper/env/lib/python3.9/site-packages/scrapy/spidermiddlewares/urllength.py", line 37, in <genexpr>
    return (r for r in result or () if _filter(r))
  File "/home/sahilcoder1/School Scraper/School_Scraper/env/lib/python3.9/site-packages/scrapy/core/spidermw.py", line 62, in _evaluate_iterable
    for r in iterable:
  File "/home/sahilcoder1/School Scraper/School_Scraper/env/lib/python3.9/site-packages/scrapy/spidermiddlewares/depth.py", line 58, in <genexpr>
    return (r for r in result or () if _filter(r))
  File "/home/sahilcoder1/School Scraper/School_Scraper/env/lib/python3.9/site-packages/scrapy/core/spidermw.py", line 62, in _evaluate_iterable
    for r in iterable:
  File "/home/sahilcoder1/scraper/all_kvs/Scraper/school_scraper/school_scraper/spiders/get_kv.py", line 19, in parse
    yield {1:self.arrx}
AttributeError: 'GetKvSpider' object has no attribute 'arrx'
2021-01-31 07:02:25 [scrapy.core.scraper] ERROR: Spider error processing <GET https://no4bhubaneswar.kvs.ac.in/> (referer: None)
Traceback (most recent call last):
  File "/home/sahilcoder1/School Scraper/School_Scraper/env/lib/python3.9/site-packages/scrapy/utils/defer.py", line 120, in iter_errback
    yield next(it)
  File "/home/sahilcoder1/School Scraper/School_Scraper/env/lib/python3.9/site-packages/scrapy/utils/python.py", line 353, in __next__
    return next(self.data)
  File "/home/sahilcoder1/School Scraper/School_Scraper/env/lib/python3.9/site-packages/scrapy/utils/python.py", line 353, in __next__
    return next(self.data)
  File "/home/sahilcoder1/School Scraper/School_Scraper/env/lib/python3.9/site-packages/scrapy/core/spidermw.py", line 62, in _evaluate_iterable
    for r in iterable:
  File "/home/sahilcoder1/School Scraper/School_Scraper/env/lib/python3.9/site-packages/scrapy/spidermiddlewares/offsite.py", line 29, in process_spider_output
    for x in result:
  File "/home/sahilcoder1/School Scraper/School_Scraper/env/lib/python3.9/site-packages/scrapy/core/spidermw.py", line 62, in _evaluate_iterable
    for r in iterable:
  File "/home/sahilcoder1/School Scraper/School_Scraper/env/lib/python3.9/site-packages/scrapy/spidermiddlewares/referer.py", line 340, in <genexpr>
    return (_set_referer(r) for r in result or ())
  File "/home/sahilcoder1/School Scraper/School_Scraper/env/lib/python3.9/site-packages/scrapy/core/spidermw.py", line 62, in _evaluate_iterable
    for r in iterable:
  File "/home/sahilcoder1/School Scraper/School_Scraper/env/lib/python3.9/site-packages/scrapy/spidermiddlewares/urllength.py", line 37, in <genexpr>
    return (r for r in result or () if _filter(r))
  File "/home/sahilcoder1/School Scraper/School_Scraper/env/lib/python3.9/site-packages/scrapy/core/spidermw.py", line 62, in _evaluate_iterable
    for r in iterable:
  File "/home/sahilcoder1/School Scraper/School_Scraper/env/lib/python3.9/site-packages/scrapy/spidermiddlewares/depth.py", line 58, in <genexpr>
    return (r for r in result or () if _filter(r))
  File "/home/sahilcoder1/School Scraper/School_Scraper/env/lib/python3.9/site-packages/scrapy/core/spidermw.py", line 62, in _evaluate_iterable
    for r in iterable:
  File "/home/sahilcoder1/scraper/all_kvs/Scraper/school_scraper/school_scraper/spiders/get_kv.py", line 19, in parse
    yield {1:self.arrx}
AttributeError: 'GetKvSpider' object has no attribute 'arrx'
2021-01-31 07:02:25 [scrapy.core.engine] INFO: Closing spider (finished)
2021-01-31 07:02:25 [scrapy.statscollectors] INFO: Dumping Scrapy stats:
{'downloader/request_bytes': 1344,
 'downloader/request_count': 6,
 'downloader/request_method_count/GET': 6,
 'downloader/response_bytes': 93641,
 'downloader/response_count': 6,
 'downloader/response_status_count/200': 6,
 'elapsed_time_seconds': 3.562608,
 'finish_reason': 'finished',
 'finish_time': datetime.datetime(2021, 1, 31, 1, 32, 25, 316500),
 'log_count/DEBUG': 6,
 'log_count/ERROR': 6,
 'log_count/INFO': 10,
 'memusage/max': 57704448,
 'memusage/startup': 57704448,
 'response_received_count': 6,
 'scheduler/dequeued': 6,
 'scheduler/dequeued/memory': 6,
 'scheduler/enqueued': 6,
 'scheduler/enqueued/memory': 6,
 'spider_exceptions/AttributeError': 6,
 'start_time': datetime.datetime(2021, 1, 31, 1, 32, 21, 753892)}
2021-01-31 07:02:25 [scrapy.core.engine] INFO: Spider closed (finished)
