2021-01-30 20:39:50 [scrapy.utils.log] INFO: Scrapy 2.4.1 started (bot: school_scraper)
2021-01-30 20:39:50 [scrapy.utils.log] INFO: Versions: lxml 4.6.2.0, libxml2 2.9.10, cssselect 1.1.0, parsel 1.6.0, w3lib 1.22.0, Twisted 20.3.0, Python 3.9.1 (default, Dec  8 2020, 07:51:42) - [GCC 10.2.0], pyOpenSSL 20.0.1 (OpenSSL 1.1.1i  8 Dec 2020), cryptography 3.3.1, Platform Linux-4.19.128-microsoft-standard-x86_64-with-glibc2.31
2021-01-30 20:39:50 [scrapy.utils.log] DEBUG: Using reactor: twisted.internet.epollreactor.EPollReactor
2021-01-30 20:39:50 [scrapy.crawler] INFO: Overridden settings:
{'BOT_NAME': 'school_scraper',
 'LOG_FILE': 'logs/school_scraper/get_kv/305126c8630d11eb87ff00155d31b08e.log',
 'NEWSPIDER_MODULE': 'school_scraper.spiders',
 'SPIDER_MODULES': ['school_scraper.spiders']}
2021-01-30 20:39:50 [scrapy.extensions.telnet] INFO: Telnet Password: eddda1015d63b36e
2021-01-30 20:39:50 [scrapy.middleware] INFO: Enabled extensions:
['scrapy.extensions.corestats.CoreStats',
 'scrapy.extensions.telnet.TelnetConsole',
 'scrapy.extensions.memusage.MemoryUsage',
 'scrapy.extensions.logstats.LogStats']
2021-01-30 20:39:50 [scrapy.middleware] INFO: Enabled downloader middlewares:
['scrapy.downloadermiddlewares.httpauth.HttpAuthMiddleware',
 'scrapy.downloadermiddlewares.downloadtimeout.DownloadTimeoutMiddleware',
 'scrapy.downloadermiddlewares.defaultheaders.DefaultHeadersMiddleware',
 'scrapy.downloadermiddlewares.useragent.UserAgentMiddleware',
 'scrapy.downloadermiddlewares.retry.RetryMiddleware',
 'scrapy.downloadermiddlewares.redirect.MetaRefreshMiddleware',
 'scrapy.downloadermiddlewares.httpcompression.HttpCompressionMiddleware',
 'scrapy.downloadermiddlewares.redirect.RedirectMiddleware',
 'scrapy.downloadermiddlewares.cookies.CookiesMiddleware',
 'scrapy.downloadermiddlewares.httpproxy.HttpProxyMiddleware',
 'scrapy.downloadermiddlewares.stats.DownloaderStats']
2021-01-30 20:39:50 [scrapy.middleware] INFO: Enabled spider middlewares:
['scrapy.spidermiddlewares.httperror.HttpErrorMiddleware',
 'scrapy.spidermiddlewares.offsite.OffsiteMiddleware',
 'scrapy.spidermiddlewares.referer.RefererMiddleware',
 'scrapy.spidermiddlewares.urllength.UrlLengthMiddleware',
 'scrapy.spidermiddlewares.depth.DepthMiddleware']
2021-01-30 20:39:50 [scrapy.middleware] INFO: Enabled item pipelines:
[]
2021-01-30 20:39:50 [scrapy.core.engine] INFO: Spider opened
2021-01-30 20:39:50 [scrapy.extensions.logstats] INFO: Crawled 0 pages (at 0 pages/min), scraped 0 items (at 0 items/min)
2021-01-30 20:39:50 [scrapy.extensions.telnet] INFO: Telnet console listening on 127.0.0.1:6023
2021-01-30 20:39:52 [scrapy.core.engine] DEBUG: Crawled (200) <GET https://no1bhubaneswar.kvs.ac.in/> (referer: None)
2021-01-30 20:39:52 [scrapy.core.engine] DEBUG: Crawled (200) <GET https://no3bhubaneswar.kvs.ac.in/> (referer: None)
2021-01-30 20:39:53 [scrapy.dupefilters] DEBUG: Filtered duplicate request: <GET https://no1bhubaneswar.kvs.ac.in/about-us/principal-message> - no more duplicates will be shown (see DUPEFILTER_DEBUG to show all duplicates)
2021-01-30 20:39:53 [scrapy.core.engine] DEBUG: Crawled (200) <GET https://no4bhubaneswar.kvs.ac.in/> (referer: None)
2021-01-30 20:39:54 [scrapy.core.engine] DEBUG: Crawled (200) <GET https://no2bhubaneswar.kvs.ac.in/> (referer: None)
2021-01-30 20:39:57 [scrapy.core.engine] DEBUG: Crawled (200) <GET https://no6bhubaneswar.kvs.ac.in/> (referer: None)
2021-01-30 20:39:57 [scrapy.core.engine] DEBUG: Crawled (200) <GET https://no5bhubaneswar.kvs.ac.in/> (referer: None)
2021-01-30 20:39:59 [scrapy.core.engine] DEBUG: Crawled (200) <GET https://no1bhubaneswar.kvs.ac.in/about-us/principal-message> (referer: https://no1bhubaneswar.kvs.ac.in/)
2021-01-30 20:39:59 [scrapy.core.engine] DEBUG: Crawled (200) <GET https://no1bhubaneswar.kvs.ac.in/about-us/facilities> (referer: https://no1bhubaneswar.kvs.ac.in/)
2021-01-30 20:39:59 [scrapy.core.engine] DEBUG: Crawled (200) <GET https://no1bhubaneswar.kvs.ac.in/about-us/ict-infrastructure> (referer: https://no1bhubaneswar.kvs.ac.in/)
2021-01-30 20:39:59 [scrapy.core.engine] DEBUG: Crawled (200) <GET https://no1bhubaneswar.kvs.ac.in/academics/admission-detail> (referer: https://no1bhubaneswar.kvs.ac.in/)
2021-01-30 20:39:59 [scrapy.core.engine] DEBUG: Crawled (200) <GET https://no1bhubaneswar.kvs.ac.in/about-us/cbse-affiliation-report> (referer: https://no1bhubaneswar.kvs.ac.in/)
2021-01-30 20:39:59 [scrapy.core.engine] DEBUG: Crawled (200) <GET https://no1bhubaneswar.kvs.ac.in/user/login> (referer: https://no1bhubaneswar.kvs.ac.in/)
2021-01-30 20:39:59 [scrapy.core.engine] DEBUG: Crawled (200) <GET https://no3bhubaneswar.kvs.ac.in/academics/results-analysis> (referer: https://no3bhubaneswar.kvs.ac.in/)
2021-01-30 20:40:00 [scrapy.core.engine] DEBUG: Crawled (200) <GET https://no1bhubaneswar.kvs.ac.in/academics/results-analysis> (referer: https://no1bhubaneswar.kvs.ac.in/)
2021-01-30 20:40:00 [scrapy.core.engine] DEBUG: Crawled (200) <GET https://no1bhubaneswar.kvs.ac.in/academics/fees-structure> (referer: https://no1bhubaneswar.kvs.ac.in/)
2021-01-30 20:40:00 [scrapy.core.engine] DEBUG: Crawled (200) <GET https://no4bhubaneswar.kvs.ac.in/feedback-form> (referer: https://no4bhubaneswar.kvs.ac.in/)
2021-01-30 20:40:00 [scrapy.core.engine] DEBUG: Crawled (200) <GET https://no1bhubaneswar.kvs.ac.in/about-us/deputy-commissioners-message> (referer: https://no1bhubaneswar.kvs.ac.in/)
2021-01-30 20:40:00 [scrapy.core.engine] DEBUG: Crawled (200) <GET https://no2bhubaneswar.kvs.ac.in/terms-conditions-1086> (referer: https://no2bhubaneswar.kvs.ac.in/)
2021-01-30 20:40:00 [scrapy.core.engine] DEBUG: Crawled (200) <GET https://no5bhubaneswar.kvs.ac.in/terms-conditions-1086> (referer: https://no5bhubaneswar.kvs.ac.in/)
2021-01-30 20:40:01 [scrapy.core.engine] DEBUG: Crawled (200) <GET https://no5bhubaneswar.kvs.ac.in/hyperlink-policy-0> (referer: https://no5bhubaneswar.kvs.ac.in/)
2021-01-30 20:40:01 [scrapy.core.engine] DEBUG: Crawled (200) <GET https://no3bhubaneswar.kvs.ac.in/feedback-form> (referer: https://no3bhubaneswar.kvs.ac.in/)
2021-01-30 20:40:01 [scrapy.core.engine] DEBUG: Crawled (200) <GET https://no5bhubaneswar.kvs.ac.in/grievance> (referer: https://no5bhubaneswar.kvs.ac.in/)
2021-01-30 20:40:01 [scrapy.core.engine] DEBUG: Crawled (200) <GET https://no5bhubaneswar.kvs.ac.in/disclaimer-4> (referer: https://no5bhubaneswar.kvs.ac.in/)
2021-01-30 20:40:01 [scrapy.core.engine] DEBUG: Crawled (200) <GET https://no5bhubaneswar.kvs.ac.in/privacy-policy-3> (referer: https://no5bhubaneswar.kvs.ac.in/)
2021-01-30 20:40:01 [scrapy.core.engine] DEBUG: Crawled (200) <GET https://no2bhubaneswar.kvs.ac.in/feedback-form> (referer: https://no2bhubaneswar.kvs.ac.in/)
2021-01-30 20:40:01 [scrapy.core.engine] DEBUG: Crawled (200) <GET https://no5bhubaneswar.kvs.ac.in/school-initiatives-students/miscellaneous> (referer: https://no5bhubaneswar.kvs.ac.in/)
2021-01-30 20:40:01 [scrapy.core.engine] DEBUG: Crawled (200) <GET https://no5bhubaneswar.kvs.ac.in/feedback-form> (referer: https://no5bhubaneswar.kvs.ac.in/)
2021-01-30 20:40:01 [scrapy.core.engine] DEBUG: Crawled (200) <GET https://no3bhubaneswar.kvs.ac.in/user/login> (referer: https://no3bhubaneswar.kvs.ac.in/)
2021-01-30 20:40:01 [scrapy.core.engine] DEBUG: Crawled (200) <GET https://no1bhubaneswar.kvs.ac.in/about-us/about-kvs> (referer: https://no1bhubaneswar.kvs.ac.in/)
2021-01-30 20:40:02 [scrapy.core.engine] DEBUG: Crawled (200) <GET https://no5bhubaneswar.kvs.ac.in/school-initiatives-students/promotion-language> (referer: https://no5bhubaneswar.kvs.ac.in/)
2021-01-30 20:40:02 [scrapy.core.engine] DEBUG: Crawled (200) <GET https://no5bhubaneswar.kvs.ac.in/school-initiatives-students/pustakophaar> (referer: https://no5bhubaneswar.kvs.ac.in/)
2021-01-30 20:40:02 [scrapy.core.engine] DEBUG: Crawled (200) <GET https://no5bhubaneswar.kvs.ac.in/school-initiatives-students/celebrationsall> (referer: https://no5bhubaneswar.kvs.ac.in/)
2021-01-30 20:40:02 [scrapy.core.engine] DEBUG: Crawled (200) <GET https://no5bhubaneswar.kvs.ac.in/school-initiatives-students/helpdesk> (referer: https://no5bhubaneswar.kvs.ac.in/)
2021-01-30 20:40:02 [scrapy.core.engine] DEBUG: Crawled (200) <GET https://no5bhubaneswar.kvs.ac.in/school-initiatives-students/student-empowerment-programme> (referer: https://no5bhubaneswar.kvs.ac.in/)
2021-01-30 20:40:02 [scrapy.core.engine] DEBUG: Crawled (200) <GET https://no5bhubaneswar.kvs.ac.in/school-initiatives-students/scientist-making> (referer: https://no5bhubaneswar.kvs.ac.in/)
2021-01-30 20:40:03 [scrapy.core.engine] DEBUG: Crawled (200) <GET https://no5bhubaneswar.kvs.ac.in/school-initiatives-students/learning-fun> (referer: https://no5bhubaneswar.kvs.ac.in/)
2021-01-30 20:40:03 [scrapy.core.engine] DEBUG: Crawled (200) <GET https://no5bhubaneswar.kvs.ac.in/school-initiatives-students/gender-sensitization> (referer: https://no5bhubaneswar.kvs.ac.in/)
2021-01-30 20:40:03 [scrapy.core.engine] DEBUG: Crawled (200) <GET https://no5bhubaneswar.kvs.ac.in/school-academic-activities/art-culture> (referer: https://no5bhubaneswar.kvs.ac.in/)
2021-01-30 20:40:03 [scrapy.core.engine] DEBUG: Crawled (200) <GET https://no5bhubaneswar.kvs.ac.in/school-academic-activities/youth-parliament> (referer: https://no5bhubaneswar.kvs.ac.in/)
2021-01-30 20:40:03 [scrapy.core.engine] DEBUG: Crawled (200) <GET https://no5bhubaneswar.kvs.ac.in/school-academic-activities/vidyalaya-patrikanewsletter> (referer: https://no5bhubaneswar.kvs.ac.in/)
2021-01-30 20:40:03 [scrapy.core.engine] DEBUG: Crawled (200) <GET https://no5bhubaneswar.kvs.ac.in/school-tender> (referer: https://no5bhubaneswar.kvs.ac.in/)
2021-01-30 20:40:04 [scrapy.core.engine] DEBUG: Crawled (200) <GET https://no5bhubaneswar.kvs.ac.in/school-academic-activities/students-council> (referer: https://no5bhubaneswar.kvs.ac.in/)
2021-01-30 20:40:04 [scrapy.core.engine] DEBUG: Crawled (200) <GET https://no5bhubaneswar.kvs.ac.in/school-academic-activities/education-incursion> (referer: https://no5bhubaneswar.kvs.ac.in/)
2021-01-30 20:40:04 [scrapy.core.engine] DEBUG: Crawled (200) <GET https://no5bhubaneswar.kvs.ac.in/school-academic-activities/scout-guide-ncc> (referer: https://no5bhubaneswar.kvs.ac.in/)
2021-01-30 20:40:04 [scrapy.core.engine] DEBUG: Crawled (200) <GET https://no5bhubaneswar.kvs.ac.in/school-academic-activities/co-curricular-activities> (referer: https://no5bhubaneswar.kvs.ac.in/)
2021-01-30 20:40:05 [scrapy.core.engine] DEBUG: Crawled (200) <GET https://no5bhubaneswar.kvs.ac.in/school-academic-activities/sports> (referer: https://no5bhubaneswar.kvs.ac.in/)
2021-01-30 20:40:05 [scrapy.core.engine] DEBUG: Crawled (200) <GET https://no5bhubaneswar.kvs.ac.in/school-strengthening-vidyalayas/library-e-granthalaya> (referer: https://no5bhubaneswar.kvs.ac.in/)
2021-01-30 20:40:05 [scrapy.core.engine] DEBUG: Crawled (200) <GET https://no5bhubaneswar.kvs.ac.in/school-strengthening-vidyalayas/modernisation-labs> (referer: https://no5bhubaneswar.kvs.ac.in/)
2021-01-30 20:40:05 [scrapy.core.engine] DEBUG: Crawled (200) <GET https://no5bhubaneswar.kvs.ac.in/school-strengthening-vidyalayas/bala-initiatives> (referer: https://no5bhubaneswar.kvs.ac.in/)
2021-01-30 20:40:05 [scrapy.core.engine] DEBUG: Crawled (200) <GET https://no5bhubaneswar.kvs.ac.in/school-strengthening-vidyalayas/sop-ndma> (referer: https://no5bhubaneswar.kvs.ac.in/)
2021-01-30 20:40:06 [scrapy.core.engine] DEBUG: Crawled (200) <GET https://no5bhubaneswar.kvs.ac.in/school-strengthening-vidyalayas/ict-initiatives> (referer: https://no5bhubaneswar.kvs.ac.in/)
2021-01-30 20:40:06 [scrapy.core.engine] DEBUG: Crawled (200) <GET https://no5bhubaneswar.kvs.ac.in/school-strengthening-vidyalayas/infrastructure> (referer: https://no5bhubaneswar.kvs.ac.in/)
2021-01-30 20:40:06 [scrapy.core.engine] DEBUG: Crawled (200) <GET https://no5bhubaneswar.kvs.ac.in/school-strengthening-vidyalayas/digital-language-labs> (referer: https://no5bhubaneswar.kvs.ac.in/)
2021-01-30 20:40:06 [scrapy.core.engine] DEBUG: Crawled (200) <GET https://no5bhubaneswar.kvs.ac.in/school-strengthening-vidyalayas/atal-tinkering-lab> (referer: https://no5bhubaneswar.kvs.ac.in/)
2021-01-30 20:40:06 [scrapy.core.engine] DEBUG: Crawled (200) <GET https://no5bhubaneswar.kvs.ac.in/school-academics-overview/guidance-counselling> (referer: https://no5bhubaneswar.kvs.ac.in/)
2021-01-30 20:40:06 [scrapy.core.engine] DEBUG: Crawled (200) <GET https://no5bhubaneswar.kvs.ac.in/school-academics-overview/maths-science-education> (referer: https://no5bhubaneswar.kvs.ac.in/)
2021-01-30 20:40:07 [scrapy.core.engine] DEBUG: Crawled (200) <GET https://no5bhubaneswar.kvs.ac.in/school-strengthening-vidyalayas/harit-vidyalayaswachh-vidyalaya> (referer: https://no5bhubaneswar.kvs.ac.in/)
2021-01-30 20:40:07 [scrapy.core.engine] DEBUG: Crawled (200) <GET https://no5bhubaneswar.kvs.ac.in/school-academics-overview/ek-bharat-shrestha-bharat> (referer: https://no5bhubaneswar.kvs.ac.in/)
2021-01-30 20:40:07 [scrapy.core.engine] DEBUG: Crawled (200) <GET https://no5bhubaneswar.kvs.ac.in/school-academics-overview/compensation-academic-loss-programme-calp> (referer: https://no5bhubaneswar.kvs.ac.in/)
2021-01-30 20:40:07 [scrapy.core.engine] DEBUG: Crawled (200) <GET https://no5bhubaneswar.kvs.ac.in/school-academics-overview/elementary-education> (referer: https://no5bhubaneswar.kvs.ac.in/)
2021-01-30 20:40:07 [scrapy.core.engine] DEBUG: Crawled (200) <GET https://no5bhubaneswar.kvs.ac.in/school-academics-overview/student-e-diary> (referer: https://no5bhubaneswar.kvs.ac.in/)
2021-01-30 20:40:08 [scrapy.core.engine] DEBUG: Crawled (200) <GET https://no5bhubaneswar.kvs.ac.in/school-academics-overview/mentors> (referer: https://no5bhubaneswar.kvs.ac.in/)
2021-01-30 20:40:08 [scrapy.core.engine] DEBUG: Crawled (200) <GET https://no5bhubaneswar.kvs.ac.in/school-academics-overview/academic-planner> (referer: https://no5bhubaneswar.kvs.ac.in/)
2021-01-30 20:40:08 [scrapy.core.engine] DEBUG: Crawled (200) <GET https://no5bhubaneswar.kvs.ac.in/school-academics-overview/academic-result> (referer: https://no5bhubaneswar.kvs.ac.in/)
2021-01-30 20:40:08 [scrapy.core.engine] DEBUG: Crawled (200) <GET https://no5bhubaneswar.kvs.ac.in/school-kvs-news> (referer: https://no5bhubaneswar.kvs.ac.in/)
2021-01-30 20:40:08 [scrapy.core.engine] DEBUG: Crawled (200) <GET https://no5bhubaneswar.kvs.ac.in/creative-corner> (referer: https://no5bhubaneswar.kvs.ac.in/)
2021-01-30 20:40:08 [scrapy.core.engine] DEBUG: Crawled (200) <GET https://no5bhubaneswar.kvs.ac.in/sri-s-k-chopdar-0> (referer: https://no5bhubaneswar.kvs.ac.in/)
2021-01-30 20:40:09 [scrapy.core.engine] DEBUG: Crawled (200) <GET https://no5bhubaneswar.kvs.ac.in/vision-mission> (referer: https://no5bhubaneswar.kvs.ac.in/)
2021-01-30 20:40:09 [scrapy.core.engine] DEBUG: Crawled (200) <GET https://no5bhubaneswar.kvs.ac.in/gallery/school-video-gallery> (referer: https://no5bhubaneswar.kvs.ac.in/)
2021-01-30 20:40:10 [scrapy.core.engine] DEBUG: Crawled (200) <GET https://no5bhubaneswar.kvs.ac.in/gallery/school-photo-gallery> (referer: https://no5bhubaneswar.kvs.ac.in/)
2021-01-30 20:40:10 [scrapy.core.engine] DEBUG: Crawled (200) <GET https://no5bhubaneswar.kvs.ac.in/work> (referer: https://no5bhubaneswar.kvs.ac.in/)
2021-01-30 20:40:10 [scrapy.core.engine] DEBUG: Crawled (200) <GET https://no5bhubaneswar.kvs.ac.in/activities/innovations> (referer: https://no5bhubaneswar.kvs.ac.in/)
2021-01-30 20:40:10 [scrapy.core.engine] DEBUG: Crawled (200) <GET https://no5bhubaneswar.kvs.ac.in/activities/co-curricular-activity> (referer: https://no5bhubaneswar.kvs.ac.in/)
2021-01-30 20:40:11 [scrapy.core.engine] DEBUG: Crawled (200) <GET https://no5bhubaneswar.kvs.ac.in/school-gyan-kosh> (referer: https://no5bhubaneswar.kvs.ac.in/)
2021-01-30 20:40:11 [scrapy.core.engine] DEBUG: Crawled (200) <GET https://no5bhubaneswar.kvs.ac.in/activities/calendar-activity> (referer: https://no5bhubaneswar.kvs.ac.in/)
2021-01-30 20:40:12 [scrapy.core.engine] DEBUG: Crawled (200) <GET https://no5bhubaneswar.kvs.ac.in/school-contact-us> (referer: https://no5bhubaneswar.kvs.ac.in/)
2021-01-30 20:40:12 [scrapy.core.engine] DEBUG: Crawled (200) <GET https://no5bhubaneswar.kvs.ac.in/school-announcement> (referer: https://no5bhubaneswar.kvs.ac.in/)
2021-01-30 20:40:12 [scrapy.core.engine] DEBUG: Crawled (200) <GET https://no5bhubaneswar.kvs.ac.in/enrolment-statistics/tc-issued> (referer: https://no5bhubaneswar.kvs.ac.in/)
2021-01-30 20:40:13 [scrapy.core.engine] DEBUG: Crawled (200) <GET https://no5bhubaneswar.kvs.ac.in/enrolment-statistics/category-wise-enrolment-position> (referer: https://no5bhubaneswar.kvs.ac.in/)
2021-01-30 20:40:13 [scrapy.core.engine] DEBUG: Crawled (200) <GET https://no5bhubaneswar.kvs.ac.in/administration/teacher-vacancy> (referer: https://no5bhubaneswar.kvs.ac.in/)
2021-01-30 20:40:13 [scrapy.core.engine] DEBUG: Crawled (200) <GET https://no5bhubaneswar.kvs.ac.in/administration/monthly-salary> (referer: https://no5bhubaneswar.kvs.ac.in/)
2021-01-30 20:40:13 [scrapy.core.engine] DEBUG: Crawled (200) <GET https://no5bhubaneswar.kvs.ac.in/administration/rti-apio> (referer: https://no5bhubaneswar.kvs.ac.in/)
2021-01-30 20:40:13 [scrapy.core.engine] DEBUG: Crawled (200) <GET https://no5bhubaneswar.kvs.ac.in/enrolment-statistics/student-vacancy> (referer: https://no5bhubaneswar.kvs.ac.in/)
2021-01-30 20:40:13 [scrapy.core.engine] DEBUG: Crawled (200) <GET https://no5bhubaneswar.kvs.ac.in/enrolment-statistics/class-wise-enrolment-position> (referer: https://no5bhubaneswar.kvs.ac.in/)
2021-01-30 20:40:14 [scrapy.core.engine] DEBUG: Crawled (200) <GET https://no5bhubaneswar.kvs.ac.in/administration/vmc-member> (referer: https://no5bhubaneswar.kvs.ac.in/)
2021-01-30 20:40:14 [scrapy.core.engine] DEBUG: Crawled (200) <GET https://no5bhubaneswar.kvs.ac.in/academics/results-analysis> (referer: https://no5bhubaneswar.kvs.ac.in/)
2021-01-30 20:40:14 [scrapy.core.engine] DEBUG: Crawled (200) <GET https://no5bhubaneswar.kvs.ac.in/administration/committees> (referer: https://no5bhubaneswar.kvs.ac.in/)
2021-01-30 20:40:15 [scrapy.core.engine] DEBUG: Crawled (200) <GET https://no5bhubaneswar.kvs.ac.in/academics/admission-detail> (referer: https://no5bhubaneswar.kvs.ac.in/)
2021-01-30 20:40:16 [scrapy.core.engine] DEBUG: Crawled (200) <GET https://no6bhubaneswar.kvs.ac.in/feedback-form> (referer: https://no6bhubaneswar.kvs.ac.in/)
2021-01-30 20:40:16 [scrapy.core.engine] DEBUG: Crawled (200) <GET https://no5bhubaneswar.kvs.ac.in/academics/student-achiever> (referer: https://no5bhubaneswar.kvs.ac.in/)
2021-01-30 20:40:16 [scrapy.core.engine] DEBUG: Crawled (200) <GET https://no5bhubaneswar.kvs.ac.in/about-us/cbse-affiliation-report> (referer: https://no5bhubaneswar.kvs.ac.in/)
2021-01-30 20:40:16 [scrapy.core.engine] DEBUG: Crawled (200) <GET https://no5bhubaneswar.kvs.ac.in/academics/teacher-achievement> (referer: https://no5bhubaneswar.kvs.ac.in/)
2021-01-30 20:40:16 [scrapy.core.engine] DEBUG: Crawled (200) <GET https://no6bhubaneswar.kvs.ac.in/terms-conditions-1086> (referer: https://no6bhubaneswar.kvs.ac.in/)
2021-01-30 20:40:16 [scrapy.core.engine] DEBUG: Crawled (200) <GET https://no6bhubaneswar.kvs.ac.in/privacy-policy-3> (referer: https://no6bhubaneswar.kvs.ac.in/)
2021-01-30 20:40:16 [scrapy.core.engine] DEBUG: Crawled (200) <GET https://no6bhubaneswar.kvs.ac.in/hyperlink-policy-0> (referer: https://no6bhubaneswar.kvs.ac.in/)
2021-01-30 20:40:17 [scrapy.core.engine] DEBUG: Crawled (200) <GET https://no6bhubaneswar.kvs.ac.in/disclaimer-4> (referer: https://no6bhubaneswar.kvs.ac.in/)
2021-01-30 20:40:17 [scrapy.core.engine] DEBUG: Crawled (200) <GET https://no5bhubaneswar.kvs.ac.in/academics/fees-structure> (referer: https://no5bhubaneswar.kvs.ac.in/)
2021-01-30 20:40:17 [scrapy.core.engine] DEBUG: Crawled (200) <GET https://no6bhubaneswar.kvs.ac.in/grievance> (referer: https://no6bhubaneswar.kvs.ac.in/)
2021-01-30 20:40:17 [scrapy.core.engine] DEBUG: Crawled (200) <GET https://no5bhubaneswar.kvs.ac.in/about-us/facilities> (referer: https://no5bhubaneswar.kvs.ac.in/)
2021-01-30 20:40:17 [scrapy.core.engine] DEBUG: Crawled (200) <GET https://no5bhubaneswar.kvs.ac.in/about-us/deputy-commissioners-message> (referer: https://no5bhubaneswar.kvs.ac.in/)
2021-01-30 20:40:17 [scrapy.core.engine] DEBUG: Crawled (200) <GET https://no6bhubaneswar.kvs.ac.in/school-initiatives-students/helpdesk> (referer: https://no6bhubaneswar.kvs.ac.in/)
2021-01-30 20:40:17 [scrapy.core.engine] DEBUG: Crawled (200) <GET https://no6bhubaneswar.kvs.ac.in/school-initiatives-students/miscellaneous> (referer: https://no6bhubaneswar.kvs.ac.in/)
2021-01-30 20:40:17 [scrapy.core.engine] DEBUG: Crawled (200) <GET https://no6bhubaneswar.kvs.ac.in/school-initiatives-students/promotion-language> (referer: https://no6bhubaneswar.kvs.ac.in/)
2021-01-30 20:40:17 [scrapy.core.engine] DEBUG: Crawled (200) <GET https://no6bhubaneswar.kvs.ac.in/school-initiatives-students/pustakophaar> (referer: https://no6bhubaneswar.kvs.ac.in/)
2021-01-30 20:40:17 [scrapy.core.engine] DEBUG: Crawled (200) <GET https://no6bhubaneswar.kvs.ac.in/school-initiatives-students/celebrationsall> (referer: https://no6bhubaneswar.kvs.ac.in/)
2021-01-30 20:40:17 [scrapy.core.engine] DEBUG: Crawled (200) <GET https://no5bhubaneswar.kvs.ac.in/administration/staff-member> (referer: https://no5bhubaneswar.kvs.ac.in/)
2021-01-30 20:40:18 [scrapy.core.engine] DEBUG: Crawled (200) <GET https://no5bhubaneswar.kvs.ac.in/user/login> (referer: https://no5bhubaneswar.kvs.ac.in/)
2021-01-30 20:40:18 [scrapy.core.engine] DEBUG: Crawled (200) <GET https://no5bhubaneswar.kvs.ac.in/about-us/ict-infrastructure> (referer: https://no5bhubaneswar.kvs.ac.in/)
2021-01-30 20:40:18 [scrapy.core.engine] DEBUG: Crawled (200) <GET https://no5bhubaneswar.kvs.ac.in/about-us/principal-message> (referer: https://no5bhubaneswar.kvs.ac.in/)
2021-01-30 20:40:18 [scrapy.core.engine] DEBUG: Crawled (200) <GET https://no6bhubaneswar.kvs.ac.in/school-initiatives-students/gender-sensitization> (referer: https://no6bhubaneswar.kvs.ac.in/)
2021-01-30 20:40:18 [scrapy.core.engine] DEBUG: Crawled (200) <GET https://no5bhubaneswar.kvs.ac.in/about-us/about-kvs> (referer: https://no5bhubaneswar.kvs.ac.in/)
2021-01-30 20:40:18 [scrapy.core.engine] DEBUG: Crawled (200) <GET https://no6bhubaneswar.kvs.ac.in/school-initiatives-students/student-empowerment-programme> (referer: https://no6bhubaneswar.kvs.ac.in/)
2021-01-30 20:40:18 [scrapy.core.engine] DEBUG: Crawled (200) <GET https://no6bhubaneswar.kvs.ac.in/school-academic-activities/art-culture> (referer: https://no6bhubaneswar.kvs.ac.in/)
2021-01-30 20:40:18 [scrapy.core.engine] DEBUG: Crawled (200) <GET https://no6bhubaneswar.kvs.ac.in/school-academic-activities/youth-parliament> (referer: https://no6bhubaneswar.kvs.ac.in/)
2021-01-30 20:40:19 [scrapy.core.engine] DEBUG: Crawled (200) <GET https://no6bhubaneswar.kvs.ac.in/school-academic-activities/vidyalaya-patrikanewsletter> (referer: https://no6bhubaneswar.kvs.ac.in/)
2021-01-30 20:40:19 [scrapy.core.engine] DEBUG: Crawled (200) <GET https://no6bhubaneswar.kvs.ac.in/school-initiatives-students/scientist-making> (referer: https://no6bhubaneswar.kvs.ac.in/)
2021-01-30 20:40:19 [scrapy.core.engine] DEBUG: Crawled (200) <GET https://no6bhubaneswar.kvs.ac.in/school-initiatives-students/learning-fun> (referer: https://no6bhubaneswar.kvs.ac.in/)
2021-01-30 20:40:19 [scrapy.core.engine] DEBUG: Crawled (200) <GET https://no6bhubaneswar.kvs.ac.in/school-tender> (referer: https://no6bhubaneswar.kvs.ac.in/)
2021-01-30 20:40:20 [scrapy.core.engine] DEBUG: Crawled (200) <GET https://no6bhubaneswar.kvs.ac.in/school-academic-activities/students-council> (referer: https://no6bhubaneswar.kvs.ac.in/)
2021-01-30 20:40:20 [scrapy.core.engine] DEBUG: Crawled (200) <GET https://no6bhubaneswar.kvs.ac.in/school-academic-activities/scout-guide-ncc> (referer: https://no6bhubaneswar.kvs.ac.in/)
2021-01-30 20:40:20 [scrapy.core.engine] DEBUG: Crawled (200) <GET https://no6bhubaneswar.kvs.ac.in/school-strengthening-vidyalayas/modernisation-labs> (referer: https://no6bhubaneswar.kvs.ac.in/)
2021-01-30 20:40:20 [scrapy.core.engine] DEBUG: Crawled (200) <GET https://no6bhubaneswar.kvs.ac.in/school-academic-activities/sports> (referer: https://no6bhubaneswar.kvs.ac.in/)
2021-01-30 20:40:20 [scrapy.core.engine] DEBUG: Crawled (200) <GET https://no6bhubaneswar.kvs.ac.in/school-academic-activities/co-curricular-activities> (referer: https://no6bhubaneswar.kvs.ac.in/)
2021-01-30 20:40:20 [scrapy.core.engine] DEBUG: Crawled (200) <GET https://no6bhubaneswar.kvs.ac.in/school-academic-activities/education-incursion> (referer: https://no6bhubaneswar.kvs.ac.in/)
2021-01-30 20:40:20 [scrapy.core.engine] DEBUG: Crawled (200) <GET https://no6bhubaneswar.kvs.ac.in/school-strengthening-vidyalayas/library-e-granthalaya> (referer: https://no6bhubaneswar.kvs.ac.in/)
2021-01-30 20:40:20 [scrapy.core.engine] DEBUG: Crawled (200) <GET https://no6bhubaneswar.kvs.ac.in/school-strengthening-vidyalayas/bala-initiatives> (referer: https://no6bhubaneswar.kvs.ac.in/)
2021-01-30 20:40:21 [scrapy.core.engine] DEBUG: Crawled (200) <GET https://no6bhubaneswar.kvs.ac.in/school-strengthening-vidyalayas/sop-ndma> (referer: https://no6bhubaneswar.kvs.ac.in/)
2021-01-30 20:40:21 [scrapy.core.engine] DEBUG: Crawled (200) <GET https://no6bhubaneswar.kvs.ac.in/school-strengthening-vidyalayas/infrastructure> (referer: https://no6bhubaneswar.kvs.ac.in/)
2021-01-30 20:40:21 [scrapy.core.engine] DEBUG: Crawled (200) <GET https://no6bhubaneswar.kvs.ac.in/school-strengthening-vidyalayas/harit-vidyalayaswachh-vidyalaya> (referer: https://no6bhubaneswar.kvs.ac.in/)
2021-01-30 20:40:21 [scrapy.core.engine] DEBUG: Crawled (200) <GET https://no6bhubaneswar.kvs.ac.in/school-academics-overview/student-e-diary> (referer: https://no6bhubaneswar.kvs.ac.in/)
2021-01-30 20:40:21 [scrapy.core.engine] DEBUG: Crawled (200) <GET https://no6bhubaneswar.kvs.ac.in/school-strengthening-vidyalayas/digital-language-labs> (referer: https://no6bhubaneswar.kvs.ac.in/)
2021-01-30 20:40:21 [scrapy.core.engine] DEBUG: Crawled (200) <GET https://no6bhubaneswar.kvs.ac.in/school-strengthening-vidyalayas/atal-tinkering-lab> (referer: https://no6bhubaneswar.kvs.ac.in/)
2021-01-30 20:40:22 [scrapy.core.engine] DEBUG: Crawled (200) <GET https://no6bhubaneswar.kvs.ac.in/school-academics-overview/guidance-counselling> (referer: https://no6bhubaneswar.kvs.ac.in/)
2021-01-30 20:40:22 [scrapy.core.engine] DEBUG: Crawled (200) <GET https://no6bhubaneswar.kvs.ac.in/school-strengthening-vidyalayas/ict-initiatives> (referer: https://no6bhubaneswar.kvs.ac.in/)
2021-01-30 20:40:23 [scrapy.core.engine] DEBUG: Crawled (200) <GET https://no6bhubaneswar.kvs.ac.in/school-academics-overview/ek-bharat-shrestha-bharat> (referer: https://no6bhubaneswar.kvs.ac.in/)
2021-01-30 20:40:23 [scrapy.core.engine] DEBUG: Crawled (200) <GET https://no6bhubaneswar.kvs.ac.in/school-academics-overview/elementary-education> (referer: https://no6bhubaneswar.kvs.ac.in/)
2021-01-30 20:40:23 [scrapy.core.engine] DEBUG: Crawled (200) <GET https://no6bhubaneswar.kvs.ac.in/school-academics-overview/academic-result> (referer: https://no6bhubaneswar.kvs.ac.in/)
2021-01-30 20:40:23 [scrapy.core.engine] DEBUG: Crawled (200) <GET https://no6bhubaneswar.kvs.ac.in/school-academics-overview/maths-science-education> (referer: https://no6bhubaneswar.kvs.ac.in/)
2021-01-30 20:40:23 [scrapy.core.engine] DEBUG: Crawled (200) <GET https://no6bhubaneswar.kvs.ac.in/school-academics-overview/mentors> (referer: https://no6bhubaneswar.kvs.ac.in/)
2021-01-30 20:40:23 [scrapy.core.engine] DEBUG: Crawled (200) <GET https://no6bhubaneswar.kvs.ac.in/school-academics-overview/academic-planner> (referer: https://no6bhubaneswar.kvs.ac.in/)
2021-01-30 20:40:24 [scrapy.core.engine] DEBUG: Crawled (200) <GET https://no6bhubaneswar.kvs.ac.in/school-kvs-news> (referer: https://no6bhubaneswar.kvs.ac.in/)
2021-01-30 20:40:24 [scrapy.core.engine] DEBUG: Crawled (200) <GET https://no6bhubaneswar.kvs.ac.in/creative-corner> (referer: https://no6bhubaneswar.kvs.ac.in/)
2021-01-30 20:40:24 [scrapy.core.engine] DEBUG: Crawled (200) <GET https://no6bhubaneswar.kvs.ac.in/sri-s-k-chopdar-0> (referer: https://no6bhubaneswar.kvs.ac.in/)
2021-01-30 20:40:24 [scrapy.core.engine] DEBUG: Crawled (200) <GET https://no6bhubaneswar.kvs.ac.in/vision-mission> (referer: https://no6bhubaneswar.kvs.ac.in/)
2021-01-30 20:40:25 [scrapy.core.engine] DEBUG: Crawled (200) <GET https://no6bhubaneswar.kvs.ac.in/school-gyan-kosh> (referer: https://no6bhubaneswar.kvs.ac.in/)
2021-01-30 20:40:25 [scrapy.core.engine] DEBUG: Crawled (200) <GET https://no6bhubaneswar.kvs.ac.in/gallery/school-video-gallery> (referer: https://no6bhubaneswar.kvs.ac.in/)
2021-01-30 20:40:26 [scrapy.core.engine] DEBUG: Crawled (200) <GET https://no6bhubaneswar.kvs.ac.in/school-contact-us> (referer: https://no6bhubaneswar.kvs.ac.in/)
2021-01-30 20:40:26 [scrapy.core.engine] DEBUG: Crawled (200) <GET https://no6bhubaneswar.kvs.ac.in/activities/co-curricular-activity> (referer: https://no6bhubaneswar.kvs.ac.in/)
2021-01-30 20:40:26 [scrapy.core.engine] DEBUG: Crawled (200) <GET https://no6bhubaneswar.kvs.ac.in/activities/innovations> (referer: https://no6bhubaneswar.kvs.ac.in/)
2021-01-30 20:40:27 [scrapy.core.engine] DEBUG: Crawled (200) <GET https://no6bhubaneswar.kvs.ac.in/work> (referer: https://no6bhubaneswar.kvs.ac.in/)
2021-01-30 20:40:27 [scrapy.core.engine] DEBUG: Crawled (200) <GET https://no6bhubaneswar.kvs.ac.in/school-academics-overview/compensation-academic-loss-programme-calp> (referer: https://no6bhubaneswar.kvs.ac.in/)
2021-01-30 20:40:27 [scrapy.core.engine] DEBUG: Crawled (200) <GET https://no6bhubaneswar.kvs.ac.in/activities/calendar-activity> (referer: https://no6bhubaneswar.kvs.ac.in/)
2021-01-30 20:40:27 [scrapy.core.engine] DEBUG: Crawled (200) <GET https://no6bhubaneswar.kvs.ac.in/gallery/school-photo-gallery> (referer: https://no6bhubaneswar.kvs.ac.in/)
2021-01-30 20:40:27 [scrapy.core.engine] DEBUG: Crawled (200) <GET https://no6bhubaneswar.kvs.ac.in/enrolment-statistics/tc-issued> (referer: https://no6bhubaneswar.kvs.ac.in/)
2021-01-30 20:40:27 [scrapy.core.engine] DEBUG: Crawled (200) <GET https://no6bhubaneswar.kvs.ac.in/school-announcement> (referer: https://no6bhubaneswar.kvs.ac.in/)
2021-01-30 20:40:28 [scrapy.core.engine] DEBUG: Crawled (200) <GET https://no6bhubaneswar.kvs.ac.in/administration/teacher-vacancy> (referer: https://no6bhubaneswar.kvs.ac.in/)
2021-01-30 20:40:28 [scrapy.core.engine] DEBUG: Crawled (200) <GET https://no6bhubaneswar.kvs.ac.in/enrolment-statistics/category-wise-enrolment-position> (referer: https://no6bhubaneswar.kvs.ac.in/)
2021-01-30 20:40:28 [scrapy.core.engine] DEBUG: Crawled (200) <GET https://no6bhubaneswar.kvs.ac.in/administration/monthly-salary> (referer: https://no6bhubaneswar.kvs.ac.in/)
2021-01-30 20:40:28 [scrapy.core.engine] DEBUG: Crawled (200) <GET https://no6bhubaneswar.kvs.ac.in/administration/rti-apio> (referer: https://no6bhubaneswar.kvs.ac.in/)
2021-01-30 20:40:29 [scrapy.core.engine] DEBUG: Crawled (200) <GET https://no6bhubaneswar.kvs.ac.in/enrolment-statistics/student-vacancy> (referer: https://no6bhubaneswar.kvs.ac.in/)
2021-01-30 20:40:29 [scrapy.core.engine] DEBUG: Crawled (200) <GET https://no6bhubaneswar.kvs.ac.in/administration/vmc-member> (referer: https://no6bhubaneswar.kvs.ac.in/)
2021-01-30 20:40:29 [scrapy.core.engine] DEBUG: Crawled (200) <GET https://no6bhubaneswar.kvs.ac.in/enrolment-statistics/class-wise-enrolment-position> (referer: https://no6bhubaneswar.kvs.ac.in/)
2021-01-30 20:40:30 [scrapy.core.engine] DEBUG: Crawled (200) <GET https://no6bhubaneswar.kvs.ac.in/administration/committees> (referer: https://no6bhubaneswar.kvs.ac.in/)
2021-01-30 20:40:30 [scrapy.core.engine] DEBUG: Crawled (200) <GET https://no6bhubaneswar.kvs.ac.in/academics/results-analysis> (referer: https://no6bhubaneswar.kvs.ac.in/)
2021-01-30 20:40:30 [scrapy.core.engine] DEBUG: Crawled (200) <GET https://no2bhubaneswar.kvs.ac.in/hyperlink-policy-0> (referer: https://no2bhubaneswar.kvs.ac.in/)
2021-01-30 20:40:31 [scrapy.core.engine] DEBUG: Crawled (200) <GET https://no2bhubaneswar.kvs.ac.in/disclaimer-4> (referer: https://no2bhubaneswar.kvs.ac.in/)
2021-01-30 20:40:31 [scrapy.core.engine] DEBUG: Crawled (200) <GET https://no2bhubaneswar.kvs.ac.in/grievance> (referer: https://no2bhubaneswar.kvs.ac.in/)
2021-01-30 20:40:31 [scrapy.core.engine] DEBUG: Crawled (200) <GET https://no6bhubaneswar.kvs.ac.in/about-us/cbse-affiliation-report> (referer: https://no6bhubaneswar.kvs.ac.in/)
2021-01-30 20:40:31 [scrapy.core.engine] DEBUG: Crawled (200) <GET https://no6bhubaneswar.kvs.ac.in/academics/admission-detail> (referer: https://no6bhubaneswar.kvs.ac.in/)
2021-01-30 20:40:31 [scrapy.core.engine] DEBUG: Crawled (200) <GET https://no6bhubaneswar.kvs.ac.in/academics/student-achiever> (referer: https://no6bhubaneswar.kvs.ac.in/)
2021-01-30 20:40:31 [scrapy.core.engine] DEBUG: Crawled (200) <GET https://no2bhubaneswar.kvs.ac.in/privacy-policy-3> (referer: https://no2bhubaneswar.kvs.ac.in/)
2021-01-30 20:40:31 [scrapy.core.engine] DEBUG: Crawled (200) <GET https://no6bhubaneswar.kvs.ac.in/academics/teacher-achievement> (referer: https://no6bhubaneswar.kvs.ac.in/)
2021-01-30 20:40:33 [scrapy.core.engine] DEBUG: Crawled (200) <GET https://no6bhubaneswar.kvs.ac.in/academics/fees-structure> (referer: https://no6bhubaneswar.kvs.ac.in/)
2021-01-30 20:40:33 [scrapy.core.engine] DEBUG: Crawled (200) <GET https://no6bhubaneswar.kvs.ac.in/about-us/ict-infrastructure> (referer: https://no6bhubaneswar.kvs.ac.in/)
2021-01-30 20:40:34 [scrapy.core.engine] DEBUG: Crawled (200) <GET https://no2bhubaneswar.kvs.ac.in/school-initiatives-students/miscellaneous> (referer: https://no2bhubaneswar.kvs.ac.in/)
2021-01-30 20:40:34 [scrapy.core.engine] DEBUG: Crawled (200) <GET https://no2bhubaneswar.kvs.ac.in/school-initiatives-students/helpdesk> (referer: https://no2bhubaneswar.kvs.ac.in/)
2021-01-30 20:40:34 [scrapy.core.engine] DEBUG: Crawled (200) <GET https://no2bhubaneswar.kvs.ac.in/school-initiatives-students/promotion-language> (referer: https://no2bhubaneswar.kvs.ac.in/)
2021-01-30 20:40:34 [scrapy.core.engine] DEBUG: Crawled (200) <GET https://no6bhubaneswar.kvs.ac.in/administration/staff-member> (referer: https://no6bhubaneswar.kvs.ac.in/)
2021-01-30 20:40:34 [scrapy.core.engine] DEBUG: Crawled (200) <GET https://no6bhubaneswar.kvs.ac.in/about-us/deputy-commissioners-message> (referer: https://no6bhubaneswar.kvs.ac.in/)
2021-01-30 20:40:34 [scrapy.core.engine] DEBUG: Crawled (200) <GET https://no2bhubaneswar.kvs.ac.in/school-initiatives-students/gender-sensitization> (referer: https://no2bhubaneswar.kvs.ac.in/)
2021-01-30 20:40:34 [scrapy.core.engine] DEBUG: Crawled (200) <GET https://no6bhubaneswar.kvs.ac.in/about-us/facilities> (referer: https://no6bhubaneswar.kvs.ac.in/)
2021-01-30 20:40:34 [scrapy.core.engine] DEBUG: Crawled (200) <GET https://no2bhubaneswar.kvs.ac.in/school-initiatives-students/pustakophaar> (referer: https://no2bhubaneswar.kvs.ac.in/)
2021-01-30 20:40:34 [scrapy.core.engine] DEBUG: Crawled (200) <GET https://no2bhubaneswar.kvs.ac.in/school-initiatives-students/celebrationsall> (referer: https://no2bhubaneswar.kvs.ac.in/)
2021-01-30 20:40:35 [scrapy.core.engine] DEBUG: Crawled (200) <GET https://no2bhubaneswar.kvs.ac.in/school-initiatives-students/student-empowerment-programme> (referer: https://no2bhubaneswar.kvs.ac.in/)
2021-01-30 20:40:35 [scrapy.core.engine] DEBUG: Crawled (200) <GET https://no2bhubaneswar.kvs.ac.in/school-tender> (referer: https://no2bhubaneswar.kvs.ac.in/)
2021-01-30 20:40:35 [scrapy.core.engine] DEBUG: Crawled (200) <GET https://no6bhubaneswar.kvs.ac.in/about-us/principal-message> (referer: https://no6bhubaneswar.kvs.ac.in/)
2021-01-30 20:40:35 [scrapy.core.engine] DEBUG: Crawled (200) <GET https://no6bhubaneswar.kvs.ac.in/about-us/about-kvs> (referer: https://no6bhubaneswar.kvs.ac.in/)
2021-01-30 20:40:35 [scrapy.core.engine] DEBUG: Crawled (200) <GET https://no6bhubaneswar.kvs.ac.in/user/login> (referer: https://no6bhubaneswar.kvs.ac.in/)
2021-01-30 20:40:36 [scrapy.core.engine] DEBUG: Crawled (200) <GET https://no2bhubaneswar.kvs.ac.in/school-initiatives-students/scientist-making> (referer: https://no2bhubaneswar.kvs.ac.in/)
2021-01-30 20:40:36 [scrapy.core.engine] DEBUG: Crawled (200) <GET https://no2bhubaneswar.kvs.ac.in/school-initiatives-students/learning-fun> (referer: https://no2bhubaneswar.kvs.ac.in/)
2021-01-30 20:40:36 [scrapy.core.engine] DEBUG: Crawled (200) <GET https://no2bhubaneswar.kvs.ac.in/school-academic-activities/vidyalaya-patrikanewsletter> (referer: https://no2bhubaneswar.kvs.ac.in/)
2021-01-30 20:40:36 [scrapy.core.engine] DEBUG: Crawled (200) <GET https://no2bhubaneswar.kvs.ac.in/school-academic-activities/youth-parliament> (referer: https://no2bhubaneswar.kvs.ac.in/)
2021-01-30 20:40:36 [scrapy.core.engine] DEBUG: Crawled (200) <GET https://no2bhubaneswar.kvs.ac.in/school-academic-activities/art-culture> (referer: https://no2bhubaneswar.kvs.ac.in/)
2021-01-30 20:40:36 [scrapy.core.engine] DEBUG: Crawled (200) <GET https://no2bhubaneswar.kvs.ac.in/school-academic-activities/education-incursion> (referer: https://no2bhubaneswar.kvs.ac.in/)
2021-01-30 20:40:36 [scrapy.core.engine] DEBUG: Crawled (200) <GET https://no2bhubaneswar.kvs.ac.in/school-academic-activities/co-curricular-activities> (referer: https://no2bhubaneswar.kvs.ac.in/)
2021-01-30 20:40:36 [scrapy.core.engine] DEBUG: Crawled (200) <GET https://no2bhubaneswar.kvs.ac.in/school-academic-activities/students-council> (referer: https://no2bhubaneswar.kvs.ac.in/)
2021-01-30 20:40:38 [scrapy.core.engine] DEBUG: Crawled (200) <GET https://no2bhubaneswar.kvs.ac.in/school-academic-activities/scout-guide-ncc> (referer: https://no2bhubaneswar.kvs.ac.in/)
2021-01-30 20:40:38 [scrapy.core.engine] DEBUG: Crawled (200) <GET https://no2bhubaneswar.kvs.ac.in/school-academic-activities/sports> (referer: https://no2bhubaneswar.kvs.ac.in/)
2021-01-30 20:40:38 [scrapy.core.engine] DEBUG: Crawled (200) <GET https://no2bhubaneswar.kvs.ac.in/school-strengthening-vidyalayas/modernisation-labs> (referer: https://no2bhubaneswar.kvs.ac.in/)
2021-01-30 20:40:38 [scrapy.core.engine] DEBUG: Crawled (200) <GET https://no2bhubaneswar.kvs.ac.in/school-strengthening-vidyalayas/sop-ndma> (referer: https://no2bhubaneswar.kvs.ac.in/)
2021-01-30 20:40:38 [scrapy.core.engine] DEBUG: Crawled (200) <GET https://no2bhubaneswar.kvs.ac.in/school-strengthening-vidyalayas/harit-vidyalayaswachh-vidyalaya> (referer: https://no2bhubaneswar.kvs.ac.in/)
2021-01-30 20:40:39 [scrapy.core.engine] DEBUG: Crawled (200) <GET https://no2bhubaneswar.kvs.ac.in/school-strengthening-vidyalayas/bala-initiatives> (referer: https://no2bhubaneswar.kvs.ac.in/)
2021-01-30 20:40:39 [scrapy.core.engine] DEBUG: Crawled (200) <GET https://no2bhubaneswar.kvs.ac.in/school-strengthening-vidyalayas/infrastructure> (referer: https://no2bhubaneswar.kvs.ac.in/)
2021-01-30 20:40:40 [scrapy.core.engine] DEBUG: Crawled (200) <GET https://no2bhubaneswar.kvs.ac.in/school-strengthening-vidyalayas/ict-initiatives> (referer: https://no2bhubaneswar.kvs.ac.in/)
2021-01-30 20:40:40 [scrapy.core.engine] DEBUG: Crawled (200) <GET https://no2bhubaneswar.kvs.ac.in/school-strengthening-vidyalayas/library-e-granthalaya> (referer: https://no2bhubaneswar.kvs.ac.in/)
2021-01-30 20:40:40 [scrapy.core.engine] DEBUG: Crawled (200) <GET https://no2bhubaneswar.kvs.ac.in/school-strengthening-vidyalayas/digital-language-labs> (referer: https://no2bhubaneswar.kvs.ac.in/)
2021-01-30 20:40:40 [scrapy.core.engine] DEBUG: Crawled (200) <GET https://no2bhubaneswar.kvs.ac.in/school-academics-overview/student-e-diary> (referer: https://no2bhubaneswar.kvs.ac.in/)
2021-01-30 20:40:40 [scrapy.core.engine] DEBUG: Crawled (200) <GET https://no2bhubaneswar.kvs.ac.in/school-academics-overview/maths-science-education> (referer: https://no2bhubaneswar.kvs.ac.in/)
2021-01-30 20:40:40 [scrapy.core.engine] DEBUG: Crawled (200) <GET https://no2bhubaneswar.kvs.ac.in/school-academics-overview/guidance-counselling> (referer: https://no2bhubaneswar.kvs.ac.in/)
2021-01-30 20:40:41 [scrapy.core.engine] DEBUG: Crawled (200) <GET https://no2bhubaneswar.kvs.ac.in/school-academics-overview/ek-bharat-shrestha-bharat> (referer: https://no2bhubaneswar.kvs.ac.in/)
2021-01-30 20:40:41 [scrapy.core.engine] DEBUG: Crawled (200) <GET https://no2bhubaneswar.kvs.ac.in/school-academics-overview/compensation-academic-loss-programme-calp> (referer: https://no2bhubaneswar.kvs.ac.in/)
2021-01-30 20:40:41 [scrapy.core.engine] DEBUG: Crawled (200) <GET https://no2bhubaneswar.kvs.ac.in/school-academics-overview/elementary-education> (referer: https://no2bhubaneswar.kvs.ac.in/)
2021-01-30 20:40:41 [scrapy.core.engine] DEBUG: Crawled (200) <GET https://no2bhubaneswar.kvs.ac.in/school-academics-overview/academic-result> (referer: https://no2bhubaneswar.kvs.ac.in/)
2021-01-30 20:40:42 [scrapy.core.engine] DEBUG: Crawled (200) <GET https://no2bhubaneswar.kvs.ac.in/school-academics-overview/academic-planner> (referer: https://no2bhubaneswar.kvs.ac.in/)
2021-01-30 20:40:42 [scrapy.core.engine] DEBUG: Crawled (200) <GET https://no2bhubaneswar.kvs.ac.in/school-academics-overview/mentors> (referer: https://no2bhubaneswar.kvs.ac.in/)
2021-01-30 20:40:42 [scrapy.core.engine] DEBUG: Crawled (200) <GET https://no2bhubaneswar.kvs.ac.in/school-kvs-news> (referer: https://no2bhubaneswar.kvs.ac.in/)
2021-01-30 20:40:43 [scrapy.core.engine] DEBUG: Crawled (200) <GET https://no2bhubaneswar.kvs.ac.in/school-strengthening-vidyalayas/atal-tinkering-lab> (referer: https://no2bhubaneswar.kvs.ac.in/)
2021-01-30 20:40:43 [scrapy.core.engine] DEBUG: Crawled (200) <GET https://no2bhubaneswar.kvs.ac.in/creative-corner> (referer: https://no2bhubaneswar.kvs.ac.in/)
2021-01-30 20:40:43 [scrapy.core.engine] DEBUG: Crawled (200) <GET https://no2bhubaneswar.kvs.ac.in/school-announcement> (referer: https://no2bhubaneswar.kvs.ac.in/)
2021-01-30 20:40:43 [scrapy.core.engine] DEBUG: Crawled (200) <GET https://no2bhubaneswar.kvs.ac.in/sri-s-k-chopdar-0> (referer: https://no2bhubaneswar.kvs.ac.in/)
2021-01-30 20:40:43 [scrapy.core.engine] DEBUG: Crawled (200) <GET https://no2bhubaneswar.kvs.ac.in/vision-mission> (referer: https://no2bhubaneswar.kvs.ac.in/)
2021-01-30 20:40:44 [scrapy.core.engine] DEBUG: Crawled (200) <GET https://no2bhubaneswar.kvs.ac.in/school-contact-us> (referer: https://no2bhubaneswar.kvs.ac.in/)
2021-01-30 20:40:44 [scrapy.core.engine] DEBUG: Crawled (200) <GET https://no2bhubaneswar.kvs.ac.in/school-gyan-kosh> (referer: https://no2bhubaneswar.kvs.ac.in/)
2021-01-30 20:40:44 [scrapy.core.engine] DEBUG: Crawled (200) <GET https://no2bhubaneswar.kvs.ac.in/work> (referer: https://no2bhubaneswar.kvs.ac.in/)
2021-01-30 20:40:44 [scrapy.core.engine] DEBUG: Crawled (200) <GET https://no2bhubaneswar.kvs.ac.in/activities/innovations> (referer: https://no2bhubaneswar.kvs.ac.in/)
2021-01-30 20:40:44 [scrapy.core.engine] DEBUG: Crawled (200) <GET https://no2bhubaneswar.kvs.ac.in/activities/co-curricular-activity> (referer: https://no2bhubaneswar.kvs.ac.in/)
2021-01-30 20:40:45 [scrapy.core.engine] DEBUG: Crawled (200) <GET https://no2bhubaneswar.kvs.ac.in/activities/calendar-activity> (referer: https://no2bhubaneswar.kvs.ac.in/)
2021-01-30 20:40:45 [scrapy.core.engine] DEBUG: Crawled (200) <GET https://no2bhubaneswar.kvs.ac.in/gallery/school-video-gallery> (referer: https://no2bhubaneswar.kvs.ac.in/)
2021-01-30 20:40:45 [scrapy.core.engine] DEBUG: Crawled (200) <GET https://no2bhubaneswar.kvs.ac.in/gallery/school-photo-gallery> (referer: https://no2bhubaneswar.kvs.ac.in/)
2021-01-30 20:40:45 [scrapy.core.engine] DEBUG: Crawled (200) <GET https://no2bhubaneswar.kvs.ac.in/enrolment-statistics/tc-issued> (referer: https://no2bhubaneswar.kvs.ac.in/)
2021-01-30 20:40:46 [scrapy.core.engine] DEBUG: Crawled (200) <GET https://no2bhubaneswar.kvs.ac.in/administration/teacher-vacancy> (referer: https://no2bhubaneswar.kvs.ac.in/)
2021-01-30 20:40:46 [scrapy.core.engine] DEBUG: Crawled (200) <GET https://no2bhubaneswar.kvs.ac.in/administration/monthly-salary> (referer: https://no2bhubaneswar.kvs.ac.in/)
2021-01-30 20:40:46 [scrapy.core.engine] DEBUG: Crawled (200) <GET https://no2bhubaneswar.kvs.ac.in/administration/rti-apio> (referer: https://no2bhubaneswar.kvs.ac.in/)
2021-01-30 20:40:46 [scrapy.core.engine] DEBUG: Crawled (200) <GET https://no2bhubaneswar.kvs.ac.in/enrolment-statistics/student-vacancy> (referer: https://no2bhubaneswar.kvs.ac.in/)
2021-01-30 20:40:47 [scrapy.core.engine] DEBUG: Crawled (200) <GET https://no2bhubaneswar.kvs.ac.in/enrolment-statistics/category-wise-enrolment-position> (referer: https://no2bhubaneswar.kvs.ac.in/)
2021-01-30 20:40:47 [scrapy.core.engine] DEBUG: Crawled (200) <GET https://no2bhubaneswar.kvs.ac.in/enrolment-statistics/class-wise-enrolment-position> (referer: https://no2bhubaneswar.kvs.ac.in/)
2021-01-30 20:40:47 [scrapy.core.engine] DEBUG: Crawled (200) <GET https://no2bhubaneswar.kvs.ac.in/administration/committees> (referer: https://no2bhubaneswar.kvs.ac.in/)
2021-01-30 20:40:48 [scrapy.core.engine] DEBUG: Crawled (200) <GET https://no2bhubaneswar.kvs.ac.in/academics/results-analysis> (referer: https://no2bhubaneswar.kvs.ac.in/)
2021-01-30 20:40:48 [scrapy.core.engine] DEBUG: Crawled (200) <GET https://no4bhubaneswar.kvs.ac.in/terms-conditions-1086> (referer: https://no4bhubaneswar.kvs.ac.in/)
2021-01-30 20:40:48 [scrapy.core.engine] DEBUG: Crawled (200) <GET https://no4bhubaneswar.kvs.ac.in/privacy-policy-3> (referer: https://no4bhubaneswar.kvs.ac.in/)
2021-01-30 20:40:48 [scrapy.core.engine] DEBUG: Crawled (200) <GET https://no2bhubaneswar.kvs.ac.in/administration/vmc-member> (referer: https://no2bhubaneswar.kvs.ac.in/)
2021-01-30 20:40:50 [scrapy.core.engine] DEBUG: Crawled (200) <GET https://no2bhubaneswar.kvs.ac.in/academics/admission-detail> (referer: https://no2bhubaneswar.kvs.ac.in/)
2021-01-30 20:40:50 [scrapy.extensions.logstats] INFO: Crawled 242 pages (at 242 pages/min), scraped 0 items (at 0 items/min)
2021-01-30 20:40:51 [scrapy.core.engine] DEBUG: Crawled (200) <GET https://no2bhubaneswar.kvs.ac.in/academics/fees-structure> (referer: https://no2bhubaneswar.kvs.ac.in/)
2021-01-30 20:40:51 [scrapy.core.engine] DEBUG: Crawled (200) <GET https://no2bhubaneswar.kvs.ac.in/about-us/ict-infrastructure> (referer: https://no2bhubaneswar.kvs.ac.in/)
2021-01-30 20:40:52 [scrapy.core.engine] DEBUG: Crawled (200) <GET https://no2bhubaneswar.kvs.ac.in/about-us/facilities> (referer: https://no2bhubaneswar.kvs.ac.in/)
2021-01-30 20:40:54 [scrapy.core.engine] DEBUG: Crawled (200) <GET https://no2bhubaneswar.kvs.ac.in/academics/teacher-achievement> (referer: https://no2bhubaneswar.kvs.ac.in/)
2021-01-30 20:40:54 [scrapy.core.engine] DEBUG: Crawled (200) <GET https://no2bhubaneswar.kvs.ac.in/academics/student-achiever> (referer: https://no2bhubaneswar.kvs.ac.in/)
2021-01-30 20:40:54 [scrapy.core.engine] DEBUG: Crawled (200) <GET https://no4bhubaneswar.kvs.ac.in/hyperlink-policy-0> (referer: https://no4bhubaneswar.kvs.ac.in/)
2021-01-30 20:40:54 [scrapy.core.engine] DEBUG: Crawled (200) <GET https://no4bhubaneswar.kvs.ac.in/disclaimer-4> (referer: https://no4bhubaneswar.kvs.ac.in/)
2021-01-30 20:40:56 [scrapy.core.engine] DEBUG: Crawled (200) <GET https://no2bhubaneswar.kvs.ac.in/administration/staff-member> (referer: https://no2bhubaneswar.kvs.ac.in/)
2021-01-30 20:40:59 [scrapy.downloadermiddlewares.retry] DEBUG: Retrying <GET https://no2bhubaneswar.kvs.ac.in/user/login> (failed 1 times): [<twisted.python.failure.Failure twisted.internet.error.ConnectionLost: Connection to the other side was lost in a non-clean fashion: Connection lost.>]
2021-01-30 20:41:00 [scrapy.core.engine] DEBUG: Crawled (200) <GET https://no2bhubaneswar.kvs.ac.in/about-us/cbse-affiliation-report> (referer: https://no2bhubaneswar.kvs.ac.in/)
2021-01-30 20:41:03 [scrapy.core.engine] DEBUG: Crawled (200) <GET https://no2bhubaneswar.kvs.ac.in/about-us/deputy-commissioners-message> (referer: https://no2bhubaneswar.kvs.ac.in/)
2021-01-30 20:41:03 [scrapy.core.engine] DEBUG: Crawled (200) <GET https://no4bhubaneswar.kvs.ac.in/school-initiatives-students/pustakophaar> (referer: https://no4bhubaneswar.kvs.ac.in/)
2021-01-30 20:41:06 [scrapy.core.engine] DEBUG: Crawled (200) <GET https://no4bhubaneswar.kvs.ac.in/grievance> (referer: https://no4bhubaneswar.kvs.ac.in/)
2021-01-30 20:41:06 [scrapy.core.engine] DEBUG: Crawled (200) <GET https://no4bhubaneswar.kvs.ac.in/school-initiatives-students/miscellaneous> (referer: https://no4bhubaneswar.kvs.ac.in/)
2021-01-30 20:41:06 [scrapy.core.engine] DEBUG: Crawled (200) <GET https://no4bhubaneswar.kvs.ac.in/school-initiatives-students/helpdesk> (referer: https://no4bhubaneswar.kvs.ac.in/)
2021-01-30 20:41:07 [scrapy.core.engine] DEBUG: Crawled (200) <GET https://no4bhubaneswar.kvs.ac.in/school-initiatives-students/promotion-language> (referer: https://no4bhubaneswar.kvs.ac.in/)
2021-01-30 20:41:08 [scrapy.core.engine] DEBUG: Crawled (200) <GET https://no2bhubaneswar.kvs.ac.in/about-us/principal-message> (referer: https://no2bhubaneswar.kvs.ac.in/)
2021-01-30 20:41:08 [scrapy.core.engine] DEBUG: Crawled (200) <GET https://no4bhubaneswar.kvs.ac.in/school-initiatives-students/gender-sensitization> (referer: https://no4bhubaneswar.kvs.ac.in/)
2021-01-30 20:41:08 [scrapy.core.engine] DEBUG: Crawled (200) <GET https://no2bhubaneswar.kvs.ac.in/about-us/about-kvs> (referer: https://no2bhubaneswar.kvs.ac.in/)
2021-01-30 20:41:11 [scrapy.core.engine] DEBUG: Crawled (200) <GET https://no4bhubaneswar.kvs.ac.in/school-initiatives-students/student-empowerment-programme> (referer: https://no4bhubaneswar.kvs.ac.in/)
2021-01-30 20:41:12 [scrapy.core.engine] DEBUG: Crawled (200) <GET https://no4bhubaneswar.kvs.ac.in/school-initiatives-students/scientist-making> (referer: https://no4bhubaneswar.kvs.ac.in/)
2021-01-30 20:41:13 [scrapy.core.engine] DEBUG: Crawled (200) <GET https://no4bhubaneswar.kvs.ac.in/school-academic-activities/youth-parliament> (referer: https://no4bhubaneswar.kvs.ac.in/)
2021-01-30 20:41:13 [scrapy.core.engine] DEBUG: Crawled (200) <GET https://no4bhubaneswar.kvs.ac.in/school-academic-activities/vidyalaya-patrikanewsletter> (referer: https://no4bhubaneswar.kvs.ac.in/)
2021-01-30 20:41:15 [scrapy.core.engine] DEBUG: Crawled (200) <GET https://no4bhubaneswar.kvs.ac.in/school-academic-activities/co-curricular-activities> (referer: https://no4bhubaneswar.kvs.ac.in/)
2021-01-30 20:41:15 [scrapy.core.engine] DEBUG: Crawled (200) <GET https://no4bhubaneswar.kvs.ac.in/school-initiatives-students/celebrationsall> (referer: https://no4bhubaneswar.kvs.ac.in/)
2021-01-30 20:41:16 [scrapy.core.engine] DEBUG: Crawled (200) <GET https://no4bhubaneswar.kvs.ac.in/school-academic-activities/art-culture> (referer: https://no4bhubaneswar.kvs.ac.in/)
2021-01-30 20:41:17 [scrapy.core.engine] DEBUG: Crawled (200) <GET https://no4bhubaneswar.kvs.ac.in/school-initiatives-students/learning-fun> (referer: https://no4bhubaneswar.kvs.ac.in/)
2021-01-30 20:41:21 [scrapy.core.engine] DEBUG: Crawled (200) <GET https://no4bhubaneswar.kvs.ac.in/school-academic-activities/scout-guide-ncc> (referer: https://no4bhubaneswar.kvs.ac.in/)
2021-01-30 20:41:21 [scrapy.core.engine] DEBUG: Crawled (200) <GET https://no4bhubaneswar.kvs.ac.in/school-tender> (referer: https://no4bhubaneswar.kvs.ac.in/)
2021-01-30 20:41:23 [scrapy.core.engine] DEBUG: Crawled (200) <GET https://no4bhubaneswar.kvs.ac.in/school-strengthening-vidyalayas/bala-initiatives> (referer: https://no4bhubaneswar.kvs.ac.in/)
2021-01-30 20:41:26 [scrapy.core.engine] DEBUG: Crawled (200) <GET https://no4bhubaneswar.kvs.ac.in/school-strengthening-vidyalayas/library-e-granthalaya> (referer: https://no4bhubaneswar.kvs.ac.in/)
2021-01-30 20:41:26 [scrapy.core.engine] DEBUG: Crawled (200) <GET https://no4bhubaneswar.kvs.ac.in/school-academic-activities/education-incursion> (referer: https://no4bhubaneswar.kvs.ac.in/)
2021-01-30 20:41:26 [scrapy.core.engine] DEBUG: Crawled (200) <GET https://no4bhubaneswar.kvs.ac.in/school-academic-activities/students-council> (referer: https://no4bhubaneswar.kvs.ac.in/)
2021-01-30 20:41:29 [scrapy.core.engine] DEBUG: Crawled (200) <GET https://no4bhubaneswar.kvs.ac.in/school-strengthening-vidyalayas/modernisation-labs> (referer: https://no4bhubaneswar.kvs.ac.in/)
2021-01-30 20:41:30 [scrapy.core.engine] DEBUG: Crawled (200) <GET https://no4bhubaneswar.kvs.ac.in/school-academic-activities/sports> (referer: https://no4bhubaneswar.kvs.ac.in/)
2021-01-30 20:41:31 [scrapy.core.engine] DEBUG: Crawled (200) <GET https://no4bhubaneswar.kvs.ac.in/school-strengthening-vidyalayas/digital-language-labs> (referer: https://no4bhubaneswar.kvs.ac.in/)
2021-01-30 20:41:33 [scrapy.core.engine] DEBUG: Crawled (200) <GET https://no4bhubaneswar.kvs.ac.in/school-strengthening-vidyalayas/atal-tinkering-lab> (referer: https://no4bhubaneswar.kvs.ac.in/)
2021-01-30 20:41:35 [scrapy.core.engine] DEBUG: Crawled (200) <GET https://no4bhubaneswar.kvs.ac.in/school-strengthening-vidyalayas/sop-ndma> (referer: https://no4bhubaneswar.kvs.ac.in/)
2021-01-30 20:41:35 [scrapy.core.engine] DEBUG: Crawled (200) <GET https://no4bhubaneswar.kvs.ac.in/school-strengthening-vidyalayas/harit-vidyalayaswachh-vidyalaya> (referer: https://no4bhubaneswar.kvs.ac.in/)
2021-01-30 20:41:35 [scrapy.core.engine] DEBUG: Crawled (200) <GET https://no4bhubaneswar.kvs.ac.in/school-academics-overview/student-e-diary> (referer: https://no4bhubaneswar.kvs.ac.in/)
2021-01-30 20:41:36 [scrapy.core.engine] DEBUG: Crawled (200) <GET https://no4bhubaneswar.kvs.ac.in/school-strengthening-vidyalayas/ict-initiatives> (referer: https://no4bhubaneswar.kvs.ac.in/)
2021-01-30 20:41:36 [scrapy.core.engine] DEBUG: Crawled (200) <GET https://no4bhubaneswar.kvs.ac.in/school-academics-overview/ek-bharat-shrestha-bharat> (referer: https://no4bhubaneswar.kvs.ac.in/)
2021-01-30 20:41:38 [scrapy.core.engine] DEBUG: Crawled (200) <GET https://no4bhubaneswar.kvs.ac.in/school-academics-overview/academic-result> (referer: https://no4bhubaneswar.kvs.ac.in/)
2021-01-30 20:41:40 [scrapy.downloadermiddlewares.retry] DEBUG: Retrying <GET https://no4bhubaneswar.kvs.ac.in/school-strengthening-vidyalayas/infrastructure> (failed 1 times): 408 Request Time-out
2021-01-30 20:41:40 [scrapy.core.engine] DEBUG: Crawled (200) <GET https://no4bhubaneswar.kvs.ac.in/school-academics-overview/compensation-academic-loss-programme-calp> (referer: https://no4bhubaneswar.kvs.ac.in/)
2021-01-30 20:41:42 [scrapy.core.engine] DEBUG: Crawled (200) <GET https://no4bhubaneswar.kvs.ac.in/school-academics-overview/elementary-education> (referer: https://no4bhubaneswar.kvs.ac.in/)
2021-01-30 20:41:42 [scrapy.core.engine] DEBUG: Crawled (200) <GET https://no4bhubaneswar.kvs.ac.in/school-kvs-news> (referer: https://no4bhubaneswar.kvs.ac.in/)
2021-01-30 20:41:43 [scrapy.core.engine] DEBUG: Crawled (200) <GET https://no4bhubaneswar.kvs.ac.in/creative-corner> (referer: https://no4bhubaneswar.kvs.ac.in/)
2021-01-30 20:41:44 [scrapy.core.engine] DEBUG: Crawled (200) <GET https://no4bhubaneswar.kvs.ac.in/school-academics-overview/guidance-counselling> (referer: https://no4bhubaneswar.kvs.ac.in/)
2021-01-30 20:41:44 [scrapy.core.engine] DEBUG: Crawled (200) <GET https://no4bhubaneswar.kvs.ac.in/sri-s-k-chopdar-0> (referer: https://no4bhubaneswar.kvs.ac.in/)
2021-01-30 20:41:44 [scrapy.core.engine] DEBUG: Crawled (200) <GET https://no4bhubaneswar.kvs.ac.in/school-academics-overview/mentors> (referer: https://no4bhubaneswar.kvs.ac.in/)
2021-01-30 20:41:47 [scrapy.core.engine] DEBUG: Crawled (200) <GET https://no4bhubaneswar.kvs.ac.in/gallery/school-video-gallery> (referer: https://no4bhubaneswar.kvs.ac.in/)
2021-01-30 20:41:47 [scrapy.core.engine] DEBUG: Crawled (200) <GET https://no4bhubaneswar.kvs.ac.in/school-contact-us> (referer: https://no4bhubaneswar.kvs.ac.in/)
2021-01-30 20:41:48 [scrapy.core.engine] DEBUG: Crawled (200) <GET https://no4bhubaneswar.kvs.ac.in/vision-mission> (referer: https://no4bhubaneswar.kvs.ac.in/)
2021-01-30 20:41:49 [scrapy.core.engine] DEBUG: Crawled (200) <GET https://no4bhubaneswar.kvs.ac.in/school-academics-overview/academic-planner> (referer: https://no4bhubaneswar.kvs.ac.in/)
2021-01-30 20:41:50 [scrapy.core.engine] DEBUG: Crawled (200) <GET https://no4bhubaneswar.kvs.ac.in/work> (referer: https://no4bhubaneswar.kvs.ac.in/)
2021-01-30 20:41:50 [scrapy.core.engine] DEBUG: Crawled (200) <GET https://no4bhubaneswar.kvs.ac.in/school-announcement> (referer: https://no4bhubaneswar.kvs.ac.in/)
2021-01-30 20:41:50 [scrapy.extensions.logstats] INFO: Crawled 297 pages (at 55 pages/min), scraped 0 items (at 0 items/min)
2021-01-30 20:41:51 [scrapy.core.engine] DEBUG: Crawled (200) <GET https://no4bhubaneswar.kvs.ac.in/gallery/school-photo-gallery> (referer: https://no4bhubaneswar.kvs.ac.in/)
2021-01-30 20:41:51 [scrapy.core.engine] DEBUG: Crawled (200) <GET https://no4bhubaneswar.kvs.ac.in/school-gyan-kosh> (referer: https://no4bhubaneswar.kvs.ac.in/)
2021-01-30 20:41:52 [scrapy.core.engine] DEBUG: Crawled (200) <GET https://no4bhubaneswar.kvs.ac.in/activities/calendar-activity> (referer: https://no4bhubaneswar.kvs.ac.in/)
2021-01-30 20:41:53 [scrapy.core.engine] DEBUG: Crawled (200) <GET https://no4bhubaneswar.kvs.ac.in/activities/innovations> (referer: https://no4bhubaneswar.kvs.ac.in/)
2021-01-30 20:41:55 [scrapy.core.engine] DEBUG: Crawled (200) <GET https://no4bhubaneswar.kvs.ac.in/enrolment-statistics/tc-issued> (referer: https://no4bhubaneswar.kvs.ac.in/)
2021-01-30 20:41:56 [scrapy.core.engine] DEBUG: Crawled (200) <GET https://no4bhubaneswar.kvs.ac.in/administration/teacher-vacancy> (referer: https://no4bhubaneswar.kvs.ac.in/)
2021-01-30 20:41:58 [scrapy.core.engine] DEBUG: Crawled (200) <GET https://no4bhubaneswar.kvs.ac.in/activities/co-curricular-activity> (referer: https://no4bhubaneswar.kvs.ac.in/)
2021-01-30 20:41:59 [scrapy.core.engine] DEBUG: Crawled (200) <GET https://no4bhubaneswar.kvs.ac.in/enrolment-statistics/student-vacancy> (referer: https://no4bhubaneswar.kvs.ac.in/)
2021-01-30 20:41:59 [scrapy.core.engine] DEBUG: Crawled (200) <GET https://no4bhubaneswar.kvs.ac.in/school-academics-overview/maths-science-education> (referer: https://no4bhubaneswar.kvs.ac.in/)
2021-01-30 20:42:01 [scrapy.core.engine] DEBUG: Crawled (200) <GET https://no4bhubaneswar.kvs.ac.in/administration/monthly-salary> (referer: https://no4bhubaneswar.kvs.ac.in/)
2021-01-30 20:42:01 [scrapy.core.engine] DEBUG: Crawled (200) <GET https://no4bhubaneswar.kvs.ac.in/enrolment-statistics/category-wise-enrolment-position> (referer: https://no4bhubaneswar.kvs.ac.in/)
2021-01-30 20:42:01 [scrapy.core.engine] DEBUG: Crawled (200) <GET https://no4bhubaneswar.kvs.ac.in/administration/committees> (referer: https://no4bhubaneswar.kvs.ac.in/)
2021-01-30 20:42:07 [scrapy.core.engine] DEBUG: Crawled (200) <GET https://no4bhubaneswar.kvs.ac.in/academics/results-analysis> (referer: https://no4bhubaneswar.kvs.ac.in/)
2021-01-30 20:42:08 [scrapy.core.engine] DEBUG: Crawled (200) <GET https://no4bhubaneswar.kvs.ac.in/academics/student-achiever> (referer: https://no4bhubaneswar.kvs.ac.in/)
2021-01-30 20:42:09 [scrapy.core.engine] DEBUG: Crawled (200) <GET https://no4bhubaneswar.kvs.ac.in/academics/fees-structure> (referer: https://no4bhubaneswar.kvs.ac.in/)
2021-01-30 20:42:09 [scrapy.core.engine] DEBUG: Crawled (200) <GET https://no4bhubaneswar.kvs.ac.in/administration/rti-apio> (referer: https://no4bhubaneswar.kvs.ac.in/)
2021-01-30 20:42:10 [scrapy.core.engine] DEBUG: Crawled (200) <GET https://no4bhubaneswar.kvs.ac.in/enrolment-statistics/class-wise-enrolment-position> (referer: https://no4bhubaneswar.kvs.ac.in/)
2021-01-30 20:42:10 [scrapy.core.engine] DEBUG: Crawled (200) <GET https://no4bhubaneswar.kvs.ac.in/administration/staff-member> (referer: https://no4bhubaneswar.kvs.ac.in/)
2021-01-30 20:42:11 [scrapy.core.engine] DEBUG: Crawled (200) <GET https://no4bhubaneswar.kvs.ac.in/administration/vmc-member> (referer: https://no4bhubaneswar.kvs.ac.in/)
2021-01-30 20:42:12 [scrapy.core.engine] DEBUG: Crawled (200) <GET https://no4bhubaneswar.kvs.ac.in/academics/teacher-achievement> (referer: https://no4bhubaneswar.kvs.ac.in/)
2021-01-30 20:42:13 [scrapy.core.engine] DEBUG: Crawled (200) <GET https://no4bhubaneswar.kvs.ac.in/about-us/facilities> (referer: https://no4bhubaneswar.kvs.ac.in/)
2021-01-30 20:42:14 [scrapy.core.engine] DEBUG: Crawled (200) <GET https://no4bhubaneswar.kvs.ac.in/academics/admission-detail> (referer: https://no4bhubaneswar.kvs.ac.in/)
2021-01-30 20:42:15 [scrapy.core.engine] DEBUG: Crawled (200) <GET https://no3bhubaneswar.kvs.ac.in/terms-conditions-1086> (referer: https://no3bhubaneswar.kvs.ac.in/)
2021-01-30 20:42:15 [scrapy.core.engine] DEBUG: Crawled (200) <GET https://no4bhubaneswar.kvs.ac.in/about-us/deputy-commissioners-message> (referer: https://no4bhubaneswar.kvs.ac.in/)
2021-01-30 20:42:15 [scrapy.core.engine] DEBUG: Crawled (200) <GET https://no3bhubaneswar.kvs.ac.in/hyperlink-policy-0> (referer: https://no3bhubaneswar.kvs.ac.in/)
2021-01-30 20:42:15 [scrapy.core.engine] DEBUG: Crawled (200) <GET https://no4bhubaneswar.kvs.ac.in/about-us/about-kvs> (referer: https://no4bhubaneswar.kvs.ac.in/)
2021-01-30 20:42:16 [scrapy.core.engine] DEBUG: Crawled (200) <GET https://no4bhubaneswar.kvs.ac.in/user/login> (referer: https://no4bhubaneswar.kvs.ac.in/)
2021-01-30 20:42:17 [scrapy.core.engine] DEBUG: Crawled (200) <GET https://no4bhubaneswar.kvs.ac.in/about-us/ict-infrastructure> (referer: https://no4bhubaneswar.kvs.ac.in/)
2021-01-30 20:42:19 [scrapy.core.engine] DEBUG: Crawled (200) <GET https://no3bhubaneswar.kvs.ac.in/school-tender> (referer: https://no3bhubaneswar.kvs.ac.in/)
2021-01-30 20:42:19 [scrapy.core.engine] DEBUG: Crawled (200) <GET https://no3bhubaneswar.kvs.ac.in/school-initiatives-students/miscellaneous> (referer: https://no3bhubaneswar.kvs.ac.in/)
2021-01-30 20:42:19 [scrapy.core.engine] DEBUG: Crawled (200) <GET https://no3bhubaneswar.kvs.ac.in/disclaimer-4> (referer: https://no3bhubaneswar.kvs.ac.in/)
2021-01-30 20:42:20 [scrapy.core.engine] DEBUG: Crawled (200) <GET https://no1bhubaneswar.kvs.ac.in/terms-conditions-1086> (referer: https://no1bhubaneswar.kvs.ac.in/)
2021-01-30 20:42:20 [scrapy.core.engine] DEBUG: Crawled (200) <GET https://no1bhubaneswar.kvs.ac.in/grievance> (referer: https://no1bhubaneswar.kvs.ac.in/)
2021-01-30 20:42:20 [scrapy.core.engine] DEBUG: Crawled (200) <GET https://no3bhubaneswar.kvs.ac.in/privacy-policy-3> (referer: https://no3bhubaneswar.kvs.ac.in/)
2021-01-30 20:42:20 [scrapy.core.engine] DEBUG: Crawled (200) <GET https://no1bhubaneswar.kvs.ac.in/hyperlink-policy-0> (referer: https://no1bhubaneswar.kvs.ac.in/)
2021-01-30 20:42:20 [scrapy.core.engine] DEBUG: Crawled (200) <GET https://no3bhubaneswar.kvs.ac.in/grievance> (referer: https://no3bhubaneswar.kvs.ac.in/)
2021-01-30 20:42:21 [scrapy.core.engine] DEBUG: Crawled (200) <GET https://no3bhubaneswar.kvs.ac.in/school-initiatives-students/promotion-language> (referer: https://no3bhubaneswar.kvs.ac.in/)
2021-01-30 20:42:22 [scrapy.core.engine] DEBUG: Crawled (200) <GET https://no3bhubaneswar.kvs.ac.in/school-initiatives-students/pustakophaar> (referer: https://no3bhubaneswar.kvs.ac.in/)
2021-01-30 20:42:22 [scrapy.core.engine] DEBUG: Crawled (200) <GET https://no4bhubaneswar.kvs.ac.in/about-us/cbse-affiliation-report> (referer: https://no4bhubaneswar.kvs.ac.in/)
2021-01-30 20:42:22 [scrapy.core.engine] DEBUG: Crawled (200) <GET https://no3bhubaneswar.kvs.ac.in/school-initiatives-students/gender-sensitization> (referer: https://no3bhubaneswar.kvs.ac.in/)
2021-01-30 20:42:22 [scrapy.core.engine] DEBUG: Crawled (200) <GET https://no3bhubaneswar.kvs.ac.in/school-initiatives-students/celebrationsall> (referer: https://no3bhubaneswar.kvs.ac.in/)
2021-01-30 20:42:24 [scrapy.core.engine] DEBUG: Crawled (200) <GET https://no1bhubaneswar.kvs.ac.in/feedback-form> (referer: https://no1bhubaneswar.kvs.ac.in/)
2021-01-30 20:42:24 [scrapy.core.engine] DEBUG: Crawled (200) <GET https://no3bhubaneswar.kvs.ac.in/school-initiatives-students/student-empowerment-programme> (referer: https://no3bhubaneswar.kvs.ac.in/)
2021-01-30 20:42:25 [scrapy.core.engine] DEBUG: Crawled (200) <GET https://no1bhubaneswar.kvs.ac.in/disclaimer-4> (referer: https://no1bhubaneswar.kvs.ac.in/)
2021-01-30 20:42:25 [scrapy.core.engine] DEBUG: Crawled (200) <GET https://no3bhubaneswar.kvs.ac.in/school-initiatives-students/scientist-making> (referer: https://no3bhubaneswar.kvs.ac.in/)
2021-01-30 20:42:25 [scrapy.core.engine] DEBUG: Crawled (200) <GET https://no3bhubaneswar.kvs.ac.in/school-initiatives-students/learning-fun> (referer: https://no3bhubaneswar.kvs.ac.in/)
2021-01-30 20:42:25 [scrapy.core.engine] DEBUG: Crawled (200) <GET https://no3bhubaneswar.kvs.ac.in/school-initiatives-students/helpdesk> (referer: https://no3bhubaneswar.kvs.ac.in/)
2021-01-30 20:42:26 [scrapy.core.engine] DEBUG: Crawled (200) <GET https://no3bhubaneswar.kvs.ac.in/school-academic-activities/students-council> (referer: https://no3bhubaneswar.kvs.ac.in/)
2021-01-30 20:42:26 [scrapy.core.engine] DEBUG: Crawled (200) <GET https://no1bhubaneswar.kvs.ac.in/school-initiatives-students/promotion-language> (referer: https://no1bhubaneswar.kvs.ac.in/)
2021-01-30 20:42:27 [scrapy.core.engine] DEBUG: Crawled (200) <GET https://no1bhubaneswar.kvs.ac.in/privacy-policy-3> (referer: https://no1bhubaneswar.kvs.ac.in/)
2021-01-30 20:42:27 [scrapy.core.engine] DEBUG: Crawled (200) <GET https://no3bhubaneswar.kvs.ac.in/school-academic-activities/art-culture> (referer: https://no3bhubaneswar.kvs.ac.in/)
2021-01-30 20:42:27 [scrapy.core.engine] DEBUG: Crawled (200) <GET https://no3bhubaneswar.kvs.ac.in/school-academic-activities/vidyalaya-patrikanewsletter> (referer: https://no3bhubaneswar.kvs.ac.in/)
2021-01-30 20:42:28 [scrapy.core.engine] DEBUG: Crawled (200) <GET https://no1bhubaneswar.kvs.ac.in/school-initiatives-students/gender-sensitization> (referer: https://no1bhubaneswar.kvs.ac.in/)
2021-01-30 20:42:29 [scrapy.core.engine] DEBUG: Crawled (200) <GET https://no1bhubaneswar.kvs.ac.in/school-initiatives-students/pustakophaar> (referer: https://no1bhubaneswar.kvs.ac.in/)
2021-01-30 20:42:29 [scrapy.core.engine] DEBUG: Crawled (200) <GET https://no3bhubaneswar.kvs.ac.in/school-academic-activities/sports> (referer: https://no3bhubaneswar.kvs.ac.in/)
2021-01-30 20:42:29 [scrapy.core.engine] DEBUG: Crawled (200) <GET https://no1bhubaneswar.kvs.ac.in/school-tender> (referer: https://no1bhubaneswar.kvs.ac.in/)
2021-01-30 20:42:30 [scrapy.core.engine] DEBUG: Crawled (200) <GET https://no3bhubaneswar.kvs.ac.in/school-academic-activities/youth-parliament> (referer: https://no3bhubaneswar.kvs.ac.in/)
2021-01-30 20:42:30 [scrapy.core.engine] DEBUG: Crawled (200) <GET https://no3bhubaneswar.kvs.ac.in/school-academic-activities/co-curricular-activities> (referer: https://no3bhubaneswar.kvs.ac.in/)
2021-01-30 20:42:30 [scrapy.core.engine] DEBUG: Crawled (200) <GET https://no1bhubaneswar.kvs.ac.in/school-initiatives-students/miscellaneous> (referer: https://no1bhubaneswar.kvs.ac.in/)
2021-01-30 20:42:30 [scrapy.core.engine] DEBUG: Crawled (200) <GET https://no3bhubaneswar.kvs.ac.in/school-academic-activities/education-incursion> (referer: https://no3bhubaneswar.kvs.ac.in/)
2021-01-30 20:42:31 [scrapy.core.engine] DEBUG: Crawled (200) <GET https://no1bhubaneswar.kvs.ac.in/school-initiatives-students/celebrationsall> (referer: https://no1bhubaneswar.kvs.ac.in/)
2021-01-30 20:42:33 [scrapy.core.engine] DEBUG: Crawled (200) <GET https://no1bhubaneswar.kvs.ac.in/school-initiatives-students/student-empowerment-programme> (referer: https://no1bhubaneswar.kvs.ac.in/)
2021-01-30 20:42:33 [scrapy.core.engine] DEBUG: Crawled (200) <GET https://no1bhubaneswar.kvs.ac.in/school-academic-activities/art-culture> (referer: https://no1bhubaneswar.kvs.ac.in/)
2021-01-30 20:42:33 [scrapy.core.engine] DEBUG: Crawled (200) <GET https://no3bhubaneswar.kvs.ac.in/school-strengthening-vidyalayas/harit-vidyalayaswachh-vidyalaya> (referer: https://no3bhubaneswar.kvs.ac.in/)
2021-01-30 20:42:33 [scrapy.core.engine] DEBUG: Crawled (200) <GET https://no3bhubaneswar.kvs.ac.in/school-strengthening-vidyalayas/modernisation-labs> (referer: https://no3bhubaneswar.kvs.ac.in/)
2021-01-30 20:42:34 [scrapy.core.engine] DEBUG: Crawled (200) <GET https://no3bhubaneswar.kvs.ac.in/school-strengthening-vidyalayas/sop-ndma> (referer: https://no3bhubaneswar.kvs.ac.in/)
2021-01-30 20:42:36 [scrapy.core.engine] DEBUG: Crawled (200) <GET https://no1bhubaneswar.kvs.ac.in/school-initiatives-students/helpdesk> (referer: https://no1bhubaneswar.kvs.ac.in/)
2021-01-30 20:42:37 [scrapy.core.engine] DEBUG: Crawled (200) <GET https://no1bhubaneswar.kvs.ac.in/school-academic-activities/education-incursion> (referer: https://no1bhubaneswar.kvs.ac.in/)
2021-01-30 20:42:38 [scrapy.core.engine] DEBUG: Crawled (200) <GET https://no3bhubaneswar.kvs.ac.in/school-strengthening-vidyalayas/ict-initiatives> (referer: https://no3bhubaneswar.kvs.ac.in/)
2021-01-30 20:42:38 [scrapy.core.engine] DEBUG: Crawled (200) <GET https://no3bhubaneswar.kvs.ac.in/school-strengthening-vidyalayas/digital-language-labs> (referer: https://no3bhubaneswar.kvs.ac.in/)
2021-01-30 20:42:39 [scrapy.core.engine] DEBUG: Crawled (200) <GET https://no1bhubaneswar.kvs.ac.in/school-academic-activities/vidyalaya-patrikanewsletter> (referer: https://no1bhubaneswar.kvs.ac.in/)
2021-01-30 20:42:39 [scrapy.core.engine] DEBUG: Crawled (200) <GET https://no1bhubaneswar.kvs.ac.in/school-academic-activities/youth-parliament> (referer: https://no1bhubaneswar.kvs.ac.in/)
2021-01-30 20:42:39 [scrapy.core.engine] DEBUG: Crawled (200) <GET https://no3bhubaneswar.kvs.ac.in/school-academic-activities/scout-guide-ncc> (referer: https://no3bhubaneswar.kvs.ac.in/)
2021-01-30 20:42:39 [scrapy.core.engine] DEBUG: Crawled (200) <GET https://no3bhubaneswar.kvs.ac.in/school-strengthening-vidyalayas/atal-tinkering-lab> (referer: https://no3bhubaneswar.kvs.ac.in/)
2021-01-30 20:42:39 [scrapy.core.engine] DEBUG: Crawled (200) <GET https://no4bhubaneswar.kvs.ac.in/about-us/principal-message> (referer: https://no4bhubaneswar.kvs.ac.in/)
2021-01-30 20:42:40 [scrapy.core.engine] DEBUG: Crawled (200) <GET https://no1bhubaneswar.kvs.ac.in/school-initiatives-students/scientist-making> (referer: https://no1bhubaneswar.kvs.ac.in/)
2021-01-30 20:42:40 [scrapy.core.engine] DEBUG: Crawled (200) <GET https://no3bhubaneswar.kvs.ac.in/school-academics-overview/student-e-diary> (referer: https://no3bhubaneswar.kvs.ac.in/)
2021-01-30 20:42:41 [scrapy.core.engine] DEBUG: Crawled (200) <GET https://no1bhubaneswar.kvs.ac.in/school-initiatives-students/learning-fun> (referer: https://no1bhubaneswar.kvs.ac.in/)
2021-01-30 20:42:41 [scrapy.core.engine] DEBUG: Crawled (200) <GET https://no1bhubaneswar.kvs.ac.in/school-academic-activities/scout-guide-ncc> (referer: https://no1bhubaneswar.kvs.ac.in/)
2021-01-30 20:42:41 [scrapy.core.engine] DEBUG: Crawled (200) <GET https://no3bhubaneswar.kvs.ac.in/school-strengthening-vidyalayas/bala-initiatives> (referer: https://no3bhubaneswar.kvs.ac.in/)
2021-01-30 20:42:42 [scrapy.core.engine] DEBUG: Crawled (200) <GET https://no3bhubaneswar.kvs.ac.in/school-academics-overview/guidance-counselling> (referer: https://no3bhubaneswar.kvs.ac.in/)
2021-01-30 20:42:43 [scrapy.core.engine] DEBUG: Crawled (200) <GET https://no1bhubaneswar.kvs.ac.in/school-strengthening-vidyalayas/library-e-granthalaya> (referer: https://no1bhubaneswar.kvs.ac.in/)
2021-01-30 20:42:43 [scrapy.core.engine] DEBUG: Crawled (200) <GET https://no1bhubaneswar.kvs.ac.in/school-strengthening-vidyalayas/modernisation-labs> (referer: https://no1bhubaneswar.kvs.ac.in/)
2021-01-30 20:42:43 [scrapy.core.engine] DEBUG: Crawled (200) <GET https://no3bhubaneswar.kvs.ac.in/school-academics-overview/compensation-academic-loss-programme-calp> (referer: https://no3bhubaneswar.kvs.ac.in/)
2021-01-30 20:42:43 [scrapy.core.engine] DEBUG: Crawled (200) <GET https://no3bhubaneswar.kvs.ac.in/school-strengthening-vidyalayas/infrastructure> (referer: https://no3bhubaneswar.kvs.ac.in/)
2021-01-30 20:42:43 [scrapy.core.engine] DEBUG: Crawled (200) <GET https://no1bhubaneswar.kvs.ac.in/school-academic-activities/sports> (referer: https://no1bhubaneswar.kvs.ac.in/)
2021-01-30 20:42:43 [scrapy.core.engine] DEBUG: Crawled (200) <GET https://no3bhubaneswar.kvs.ac.in/school-academics-overview/elementary-education> (referer: https://no3bhubaneswar.kvs.ac.in/)
2021-01-30 20:42:43 [scrapy.core.engine] DEBUG: Crawled (200) <GET https://no1bhubaneswar.kvs.ac.in/school-academic-activities/co-curricular-activities> (referer: https://no1bhubaneswar.kvs.ac.in/)
2021-01-30 20:42:44 [scrapy.core.engine] DEBUG: Crawled (200) <GET https://no3bhubaneswar.kvs.ac.in/school-academics-overview/ek-bharat-shrestha-bharat> (referer: https://no3bhubaneswar.kvs.ac.in/)
2021-01-30 20:42:45 [scrapy.core.engine] DEBUG: Crawled (200) <GET https://no3bhubaneswar.kvs.ac.in/school-academics-overview/maths-science-education> (referer: https://no3bhubaneswar.kvs.ac.in/)
2021-01-30 20:42:45 [scrapy.core.engine] DEBUG: Crawled (200) <GET https://no3bhubaneswar.kvs.ac.in/school-academics-overview/academic-result> (referer: https://no3bhubaneswar.kvs.ac.in/)
2021-01-30 20:42:45 [scrapy.core.engine] DEBUG: Crawled (200) <GET https://no1bhubaneswar.kvs.ac.in/school-strengthening-vidyalayas/bala-initiatives> (referer: https://no1bhubaneswar.kvs.ac.in/)
2021-01-30 20:42:46 [scrapy.core.engine] DEBUG: Crawled (200) <GET https://no1bhubaneswar.kvs.ac.in/school-strengthening-vidyalayas/harit-vidyalayaswachh-vidyalaya> (referer: https://no1bhubaneswar.kvs.ac.in/)
2021-01-30 20:42:46 [scrapy.core.engine] DEBUG: Crawled (200) <GET https://no3bhubaneswar.kvs.ac.in/school-academics-overview/academic-planner> (referer: https://no3bhubaneswar.kvs.ac.in/)
2021-01-30 20:42:47 [scrapy.core.engine] DEBUG: Crawled (200) <GET https://no3bhubaneswar.kvs.ac.in/creative-corner> (referer: https://no3bhubaneswar.kvs.ac.in/)
2021-01-30 20:42:47 [scrapy.core.engine] DEBUG: Crawled (200) <GET https://no3bhubaneswar.kvs.ac.in/school-kvs-news> (referer: https://no3bhubaneswar.kvs.ac.in/)
2021-01-30 20:42:48 [scrapy.core.engine] DEBUG: Crawled (200) <GET https://no3bhubaneswar.kvs.ac.in/sri-s-k-chopdar-0> (referer: https://no3bhubaneswar.kvs.ac.in/)
2021-01-30 20:42:48 [scrapy.core.engine] DEBUG: Crawled (200) <GET https://no1bhubaneswar.kvs.ac.in/school-academics-overview/student-e-diary> (referer: https://no1bhubaneswar.kvs.ac.in/)
2021-01-30 20:42:49 [scrapy.core.engine] DEBUG: Crawled (200) <GET https://no1bhubaneswar.kvs.ac.in/school-strengthening-vidyalayas/ict-initiatives> (referer: https://no1bhubaneswar.kvs.ac.in/)
2021-01-30 20:42:49 [scrapy.core.engine] DEBUG: Crawled (200) <GET https://no1bhubaneswar.kvs.ac.in/school-strengthening-vidyalayas/atal-tinkering-lab> (referer: https://no1bhubaneswar.kvs.ac.in/)
2021-01-30 20:42:49 [scrapy.core.engine] DEBUG: Crawled (200) <GET https://no1bhubaneswar.kvs.ac.in/school-strengthening-vidyalayas/digital-language-labs> (referer: https://no1bhubaneswar.kvs.ac.in/)
2021-01-30 20:42:49 [scrapy.core.engine] DEBUG: Crawled (200) <GET https://no1bhubaneswar.kvs.ac.in/school-academic-activities/students-council> (referer: https://no1bhubaneswar.kvs.ac.in/)
2021-01-30 20:42:50 [scrapy.core.engine] DEBUG: Crawled (200) <GET https://no3bhubaneswar.kvs.ac.in/vision-mission> (referer: https://no3bhubaneswar.kvs.ac.in/)
2021-01-30 20:42:50 [scrapy.core.engine] DEBUG: Crawled (200) <GET https://no3bhubaneswar.kvs.ac.in/school-gyan-kosh> (referer: https://no3bhubaneswar.kvs.ac.in/)
2021-01-30 20:42:50 [scrapy.extensions.logstats] INFO: Crawled 401 pages (at 104 pages/min), scraped 0 items (at 0 items/min)
2021-01-30 20:42:51 [scrapy.core.engine] DEBUG: Crawled (200) <GET https://no3bhubaneswar.kvs.ac.in/school-announcement> (referer: https://no3bhubaneswar.kvs.ac.in/)
2021-01-30 20:42:52 [scrapy.core.engine] DEBUG: Crawled (200) <GET https://no3bhubaneswar.kvs.ac.in/gallery/school-video-gallery> (referer: https://no3bhubaneswar.kvs.ac.in/)
2021-01-30 20:42:52 [scrapy.core.engine] DEBUG: Crawled (200) <GET https://no1bhubaneswar.kvs.ac.in/school-strengthening-vidyalayas/sop-ndma> (referer: https://no1bhubaneswar.kvs.ac.in/)
2021-01-30 20:42:53 [scrapy.core.engine] DEBUG: Crawled (200) <GET https://no3bhubaneswar.kvs.ac.in/work> (referer: https://no3bhubaneswar.kvs.ac.in/)
2021-01-30 20:42:53 [scrapy.core.engine] DEBUG: Crawled (200) <GET https://no1bhubaneswar.kvs.ac.in/school-strengthening-vidyalayas/infrastructure> (referer: https://no1bhubaneswar.kvs.ac.in/)
2021-01-30 20:42:53 [scrapy.core.engine] DEBUG: Crawled (200) <GET https://no1bhubaneswar.kvs.ac.in/school-academics-overview/ek-bharat-shrestha-bharat> (referer: https://no1bhubaneswar.kvs.ac.in/)
2021-01-30 20:42:53 [scrapy.core.engine] DEBUG: Crawled (200) <GET https://no3bhubaneswar.kvs.ac.in/school-contact-us> (referer: https://no3bhubaneswar.kvs.ac.in/)
2021-01-30 20:42:53 [scrapy.core.engine] DEBUG: Crawled (200) <GET https://no3bhubaneswar.kvs.ac.in/gallery/school-photo-gallery> (referer: https://no3bhubaneswar.kvs.ac.in/)
2021-01-30 20:42:53 [scrapy.core.engine] DEBUG: Crawled (200) <GET https://no3bhubaneswar.kvs.ac.in/activities/innovations> (referer: https://no3bhubaneswar.kvs.ac.in/)
2021-01-30 20:42:53 [scrapy.downloadermiddlewares.retry] DEBUG: Retrying <GET https://no3bhubaneswar.kvs.ac.in/school-strengthening-vidyalayas/library-e-granthalaya> (failed 1 times): 408 Request Time-out
2021-01-30 20:42:54 [scrapy.core.engine] DEBUG: Crawled (200) <GET https://no3bhubaneswar.kvs.ac.in/school-academics-overview/mentors> (referer: https://no3bhubaneswar.kvs.ac.in/)
2021-01-30 20:42:54 [scrapy.core.engine] DEBUG: Crawled (200) <GET https://no1bhubaneswar.kvs.ac.in/school-academics-overview/maths-science-education> (referer: https://no1bhubaneswar.kvs.ac.in/)
2021-01-30 20:42:54 [scrapy.core.engine] DEBUG: Crawled (200) <GET https://no3bhubaneswar.kvs.ac.in/activities/co-curricular-activity> (referer: https://no3bhubaneswar.kvs.ac.in/)
2021-01-30 20:42:55 [scrapy.core.engine] DEBUG: Crawled (200) <GET https://no1bhubaneswar.kvs.ac.in/school-academics-overview/academic-result> (referer: https://no1bhubaneswar.kvs.ac.in/)
2021-01-30 20:42:55 [scrapy.core.engine] DEBUG: Crawled (200) <GET https://no3bhubaneswar.kvs.ac.in/activities/calendar-activity> (referer: https://no3bhubaneswar.kvs.ac.in/)
2021-01-30 20:42:56 [scrapy.core.engine] DEBUG: Crawled (200) <GET https://no1bhubaneswar.kvs.ac.in/school-academics-overview/elementary-education> (referer: https://no1bhubaneswar.kvs.ac.in/)
2021-01-30 20:42:56 [scrapy.core.engine] DEBUG: Crawled (200) <GET https://no1bhubaneswar.kvs.ac.in/school-academics-overview/mentors> (referer: https://no1bhubaneswar.kvs.ac.in/)
2021-01-30 20:42:56 [scrapy.core.engine] DEBUG: Crawled (200) <GET https://no1bhubaneswar.kvs.ac.in/school-academics-overview/guidance-counselling> (referer: https://no1bhubaneswar.kvs.ac.in/)
2021-01-30 20:42:56 [scrapy.core.engine] DEBUG: Crawled (200) <GET https://no3bhubaneswar.kvs.ac.in/enrolment-statistics/tc-issued> (referer: https://no3bhubaneswar.kvs.ac.in/)
2021-01-30 20:42:57 [scrapy.core.engine] DEBUG: Crawled (200) <GET https://no3bhubaneswar.kvs.ac.in/administration/teacher-vacancy> (referer: https://no3bhubaneswar.kvs.ac.in/)
2021-01-30 20:42:57 [scrapy.core.engine] DEBUG: Crawled (200) <GET https://no3bhubaneswar.kvs.ac.in/administration/rti-apio> (referer: https://no3bhubaneswar.kvs.ac.in/)
2021-01-30 20:42:57 [scrapy.core.engine] DEBUG: Crawled (200) <GET https://no1bhubaneswar.kvs.ac.in/creative-corner> (referer: https://no1bhubaneswar.kvs.ac.in/)
2021-01-30 20:42:57 [scrapy.core.engine] DEBUG: Crawled (200) <GET https://no3bhubaneswar.kvs.ac.in/enrolment-statistics/student-vacancy> (referer: https://no3bhubaneswar.kvs.ac.in/)
2021-01-30 20:42:57 [scrapy.core.engine] DEBUG: Crawled (200) <GET https://no3bhubaneswar.kvs.ac.in/enrolment-statistics/class-wise-enrolment-position> (referer: https://no3bhubaneswar.kvs.ac.in/)
2021-01-30 20:42:58 [scrapy.core.engine] DEBUG: Crawled (200) <GET https://no3bhubaneswar.kvs.ac.in/administration/vmc-member> (referer: https://no3bhubaneswar.kvs.ac.in/)
2021-01-30 20:42:59 [scrapy.core.engine] DEBUG: Crawled (200) <GET https://no1bhubaneswar.kvs.ac.in/vision-mission> (referer: https://no1bhubaneswar.kvs.ac.in/)
2021-01-30 20:43:00 [scrapy.core.engine] DEBUG: Crawled (200) <GET https://no3bhubaneswar.kvs.ac.in/administration/committees> (referer: https://no3bhubaneswar.kvs.ac.in/)
2021-01-30 20:43:00 [scrapy.core.engine] DEBUG: Crawled (200) <GET https://no1bhubaneswar.kvs.ac.in/school-gyan-kosh> (referer: https://no1bhubaneswar.kvs.ac.in/)
2021-01-30 20:43:00 [scrapy.core.engine] DEBUG: Crawled (200) <GET https://no3bhubaneswar.kvs.ac.in/administration/monthly-salary> (referer: https://no3bhubaneswar.kvs.ac.in/)
2021-01-30 20:43:00 [scrapy.core.engine] DEBUG: Crawled (200) <GET https://no1bhubaneswar.kvs.ac.in/school-academics-overview/compensation-academic-loss-programme-calp> (referer: https://no1bhubaneswar.kvs.ac.in/)
2021-01-30 20:43:01 [scrapy.core.engine] DEBUG: Crawled (200) <GET https://no1bhubaneswar.kvs.ac.in/school-academics-overview/academic-planner> (referer: https://no1bhubaneswar.kvs.ac.in/)
2021-01-30 20:43:01 [scrapy.core.engine] DEBUG: Crawled (200) <GET https://no1bhubaneswar.kvs.ac.in/school-contact-us> (referer: https://no1bhubaneswar.kvs.ac.in/)
2021-01-30 20:43:02 [scrapy.core.engine] DEBUG: Crawled (200) <GET https://no3bhubaneswar.kvs.ac.in/enrolment-statistics/category-wise-enrolment-position> (referer: https://no3bhubaneswar.kvs.ac.in/)
2021-01-30 20:43:03 [scrapy.core.engine] DEBUG: Crawled (200) <GET https://no3bhubaneswar.kvs.ac.in/academics/student-achiever> (referer: https://no3bhubaneswar.kvs.ac.in/)
2021-01-30 20:43:03 [scrapy.core.engine] DEBUG: Crawled (200) <GET https://no1bhubaneswar.kvs.ac.in/work> (referer: https://no1bhubaneswar.kvs.ac.in/)
2021-01-30 20:43:05 [scrapy.core.engine] DEBUG: Crawled (200) <GET https://no3bhubaneswar.kvs.ac.in/about-us/ict-infrastructure> (referer: https://no3bhubaneswar.kvs.ac.in/)
2021-01-30 20:43:05 [scrapy.core.engine] DEBUG: Crawled (200) <GET https://no1bhubaneswar.kvs.ac.in/sri-s-k-chopdar-0> (referer: https://no1bhubaneswar.kvs.ac.in/)
2021-01-30 20:43:05 [scrapy.core.engine] DEBUG: Crawled (200) <GET https://no3bhubaneswar.kvs.ac.in/academics/admission-detail> (referer: https://no3bhubaneswar.kvs.ac.in/)
2021-01-30 20:43:05 [scrapy.core.engine] DEBUG: Crawled (200) <GET https://no3bhubaneswar.kvs.ac.in/administration/staff-member> (referer: https://no3bhubaneswar.kvs.ac.in/)
2021-01-30 20:43:05 [scrapy.core.engine] DEBUG: Crawled (200) <GET https://no3bhubaneswar.kvs.ac.in/about-us/facilities> (referer: https://no3bhubaneswar.kvs.ac.in/)
2021-01-30 20:43:05 [scrapy.core.engine] DEBUG: Crawled (200) <GET https://no3bhubaneswar.kvs.ac.in/about-us/cbse-affiliation-report> (referer: https://no3bhubaneswar.kvs.ac.in/)
2021-01-30 20:43:06 [scrapy.core.engine] DEBUG: Crawled (200) <GET https://no1bhubaneswar.kvs.ac.in/school-announcement> (referer: https://no1bhubaneswar.kvs.ac.in/)
2021-01-30 20:43:06 [scrapy.core.engine] DEBUG: Crawled (200) <GET https://no3bhubaneswar.kvs.ac.in/academics/fees-structure> (referer: https://no3bhubaneswar.kvs.ac.in/)
2021-01-30 20:43:06 [scrapy.core.engine] DEBUG: Crawled (200) <GET https://no1bhubaneswar.kvs.ac.in/gallery/school-video-gallery> (referer: https://no1bhubaneswar.kvs.ac.in/)
2021-01-30 20:43:06 [scrapy.core.engine] DEBUG: Crawled (200) <GET https://no3bhubaneswar.kvs.ac.in/academics/teacher-achievement> (referer: https://no3bhubaneswar.kvs.ac.in/)
2021-01-30 20:43:07 [scrapy.core.engine] DEBUG: Crawled (200) <GET https://no1bhubaneswar.kvs.ac.in/school-kvs-news> (referer: https://no1bhubaneswar.kvs.ac.in/)
2021-01-30 20:43:08 [scrapy.core.engine] DEBUG: Crawled (200) <GET https://no3bhubaneswar.kvs.ac.in/about-us/deputy-commissioners-message> (referer: https://no3bhubaneswar.kvs.ac.in/)
2021-01-30 20:43:09 [scrapy.core.engine] DEBUG: Crawled (200) <GET https://no1bhubaneswar.kvs.ac.in/activities/co-curricular-activity> (referer: https://no1bhubaneswar.kvs.ac.in/)
2021-01-30 20:43:09 [scrapy.core.engine] DEBUG: Crawled (200) <GET https://no3bhubaneswar.kvs.ac.in/about-us/principal-message> (referer: https://no3bhubaneswar.kvs.ac.in/)
2021-01-30 20:43:09 [scrapy.core.engine] DEBUG: Crawled (200) <GET https://no1bhubaneswar.kvs.ac.in/activities/innovations> (referer: https://no1bhubaneswar.kvs.ac.in/)
2021-01-30 20:43:10 [scrapy.core.engine] DEBUG: Crawled (200) <GET https://no1bhubaneswar.kvs.ac.in/activities/calendar-activity> (referer: https://no1bhubaneswar.kvs.ac.in/)
2021-01-30 20:43:10 [scrapy.core.engine] DEBUG: Crawled (200) <GET https://no1bhubaneswar.kvs.ac.in/enrolment-statistics/student-vacancy> (referer: https://no1bhubaneswar.kvs.ac.in/)
2021-01-30 20:43:11 [scrapy.core.engine] DEBUG: Crawled (200) <GET https://no1bhubaneswar.kvs.ac.in/enrolment-statistics/class-wise-enrolment-position> (referer: https://no1bhubaneswar.kvs.ac.in/)
2021-01-30 20:43:12 [scrapy.core.engine] DEBUG: Crawled (200) <GET https://no1bhubaneswar.kvs.ac.in/gallery/school-photo-gallery> (referer: https://no1bhubaneswar.kvs.ac.in/)
2021-01-30 20:43:12 [scrapy.core.engine] DEBUG: Crawled (200) <GET https://no3bhubaneswar.kvs.ac.in/school-strengthening-vidyalayas/library-e-granthalaya> (referer: https://no3bhubaneswar.kvs.ac.in/)
2021-01-30 20:43:13 [scrapy.core.engine] DEBUG: Crawled (200) <GET https://no1bhubaneswar.kvs.ac.in/administration/teacher-vacancy> (referer: https://no1bhubaneswar.kvs.ac.in/)
2021-01-30 20:43:13 [scrapy.core.engine] DEBUG: Crawled (200) <GET https://no4bhubaneswar.kvs.ac.in/school-strengthening-vidyalayas/infrastructure> (referer: https://no4bhubaneswar.kvs.ac.in/)
2021-01-30 20:43:14 [scrapy.core.engine] DEBUG: Crawled (200) <GET https://no1bhubaneswar.kvs.ac.in/administration/rti-apio> (referer: https://no1bhubaneswar.kvs.ac.in/)
2021-01-30 20:43:15 [scrapy.core.engine] DEBUG: Crawled (200) <GET https://no1bhubaneswar.kvs.ac.in/administration/vmc-member> (referer: https://no1bhubaneswar.kvs.ac.in/)
2021-01-30 20:43:15 [scrapy.core.engine] DEBUG: Crawled (200) <GET https://no1bhubaneswar.kvs.ac.in/enrolment-statistics/tc-issued> (referer: https://no1bhubaneswar.kvs.ac.in/)
2021-01-30 20:43:15 [scrapy.core.engine] DEBUG: Crawled (200) <GET https://no1bhubaneswar.kvs.ac.in/enrolment-statistics/category-wise-enrolment-position> (referer: https://no1bhubaneswar.kvs.ac.in/)
2021-01-30 20:43:16 [scrapy.core.engine] DEBUG: Crawled (200) <GET https://no1bhubaneswar.kvs.ac.in/administration/committees> (referer: https://no1bhubaneswar.kvs.ac.in/)
2021-01-30 20:43:16 [scrapy.core.engine] DEBUG: Crawled (200) <GET https://no3bhubaneswar.kvs.ac.in/about-us/about-kvs> (referer: https://no3bhubaneswar.kvs.ac.in/)
2021-01-30 20:43:16 [scrapy.core.engine] DEBUG: Crawled (200) <GET https://no2bhubaneswar.kvs.ac.in/user/login> (referer: https://no2bhubaneswar.kvs.ac.in/)
2021-01-30 20:43:18 [scrapy.core.engine] DEBUG: Crawled (200) <GET https://no1bhubaneswar.kvs.ac.in/administration/staff-member> (referer: https://no1bhubaneswar.kvs.ac.in/)
2021-01-30 20:43:19 [scrapy.core.engine] DEBUG: Crawled (200) <GET https://no1bhubaneswar.kvs.ac.in/academics/student-achiever> (referer: https://no1bhubaneswar.kvs.ac.in/)
2021-01-30 20:43:20 [scrapy.core.engine] DEBUG: Crawled (200) <GET https://no1bhubaneswar.kvs.ac.in/administration/monthly-salary> (referer: https://no1bhubaneswar.kvs.ac.in/)
2021-01-30 20:43:26 [scrapy.core.engine] DEBUG: Crawled (200) <GET https://no1bhubaneswar.kvs.ac.in/academics/teacher-achievement> (referer: https://no1bhubaneswar.kvs.ac.in/)
2021-01-30 20:43:26 [scrapy.core.engine] INFO: Closing spider (finished)
2021-01-30 20:43:26 [scrapy.statscollectors] INFO: Dumping Scrapy stats:
{'downloader/exception_count': 1,
 'downloader/exception_type_count/twisted.web._newclient.ResponseNeverReceived': 1,
 'downloader/request_bytes': 141655,
 'downloader/request_count': 471,
 'downloader/request_method_count/GET': 471,
 'downloader/response_bytes': 4587378,
 'downloader/response_count': 470,
 'downloader/response_status_count/200': 468,
 'downloader/response_status_count/408': 2,
 'dupefilter/filtered': 1401,
 'elapsed_time_seconds': 215.741588,
 'finish_reason': 'finished',
 'finish_time': datetime.datetime(2021, 1, 30, 15, 13, 26, 550411),
 'log_count/DEBUG': 472,
 'log_count/INFO': 13,
 'memusage/max': 81436672,
 'memusage/startup': 57380864,
 'request_depth_max': 1,
 'response_received_count': 468,
 'retry/count': 3,
 'retry/reason_count/408 Request Time-out': 2,
 'retry/reason_count/twisted.web._newclient.ResponseNeverReceived': 1,
 'scheduler/dequeued': 471,
 'scheduler/dequeued/memory': 471,
 'scheduler/enqueued': 471,
 'scheduler/enqueued/memory': 471,
 'start_time': datetime.datetime(2021, 1, 30, 15, 9, 50, 808823)}
2021-01-30 20:43:26 [scrapy.core.engine] INFO: Spider closed (finished)
