2021-01-27 19:27:09 [scrapy.utils.log] INFO: Scrapy 2.4.1 started (bot: school_scraper)
2021-01-27 19:27:09 [scrapy.utils.log] INFO: Versions: lxml 4.6.2.0, libxml2 2.9.10, cssselect 1.1.0, parsel 1.6.0, w3lib 1.22.0, Twisted 20.3.0, Python 3.9.1 (default, Dec  8 2020, 07:51:42) - [GCC 10.2.0], pyOpenSSL 20.0.1 (OpenSSL 1.1.1i  8 Dec 2020), cryptography 3.3.1, Platform Linux-4.19.128-microsoft-standard-x86_64-with-glibc2.31
2021-01-27 19:27:09 [scrapy.utils.log] DEBUG: Using reactor: twisted.internet.epollreactor.EPollReactor
2021-01-27 19:27:09 [scrapy.crawler] INFO: Overridden settings:
{'BOT_NAME': 'school_scraper',
 'LOG_FILE': 'logs/school_scraper/get_kv/8aab7b2c60a711ebae4400155d31b4b1.log',
 'NEWSPIDER_MODULE': 'school_scraper.spiders',
 'SPIDER_MODULES': ['school_scraper.spiders']}
2021-01-27 19:27:09 [scrapy.extensions.telnet] INFO: Telnet Password: 2269ab0a5fe2e66b
2021-01-27 19:27:09 [scrapy.middleware] INFO: Enabled extensions:
['scrapy.extensions.corestats.CoreStats',
 'scrapy.extensions.telnet.TelnetConsole',
 'scrapy.extensions.memusage.MemoryUsage',
 'scrapy.extensions.logstats.LogStats']
2021-01-27 19:27:09 [scrapy.middleware] INFO: Enabled downloader middlewares:
['scrapy.downloadermiddlewares.httpauth.HttpAuthMiddleware',
 'scrapy.downloadermiddlewares.downloadtimeout.DownloadTimeoutMiddleware',
 'scrapy.downloadermiddlewares.defaultheaders.DefaultHeadersMiddleware',
 'scrapy.downloadermiddlewares.useragent.UserAgentMiddleware',
 'scrapy.downloadermiddlewares.retry.RetryMiddleware',
 'scrapy.downloadermiddlewares.redirect.MetaRefreshMiddleware',
 'scrapy.downloadermiddlewares.httpcompression.HttpCompressionMiddleware',
 'scrapy.downloadermiddlewares.redirect.RedirectMiddleware',
 'scrapy.downloadermiddlewares.cookies.CookiesMiddleware',
 'scrapy.downloadermiddlewares.httpproxy.HttpProxyMiddleware',
 'scrapy.downloadermiddlewares.stats.DownloaderStats']
2021-01-27 19:27:09 [scrapy.middleware] INFO: Enabled spider middlewares:
['scrapy.spidermiddlewares.httperror.HttpErrorMiddleware',
 'scrapy.spidermiddlewares.offsite.OffsiteMiddleware',
 'scrapy.spidermiddlewares.referer.RefererMiddleware',
 'scrapy.spidermiddlewares.urllength.UrlLengthMiddleware',
 'scrapy.spidermiddlewares.depth.DepthMiddleware']
2021-01-27 19:27:09 [scrapy.middleware] INFO: Enabled item pipelines:
[]
2021-01-27 19:27:09 [scrapy.core.engine] INFO: Spider opened
2021-01-27 19:27:09 [scrapy.extensions.logstats] INFO: Crawled 0 pages (at 0 pages/min), scraped 0 items (at 0 items/min)
2021-01-27 19:27:09 [scrapy.extensions.telnet] INFO: Telnet console listening on 127.0.0.1:6023
2021-01-27 19:27:10 [scrapy.core.engine] DEBUG: Crawled (200) <GET https://no1bhubaneswar.kvs.ac.in/> (referer: None)
2021-01-27 19:27:10 [scrapy.dupefilters] DEBUG: Filtered duplicate request: <GET https://no1bhubaneswar.kvs.ac.in/about-us/principal-message> - no more duplicates will be shown (see DUPEFILTER_DEBUG to show all duplicates)
2021-01-27 19:27:11 [scrapy.core.engine] DEBUG: Crawled (200) <GET https://no1bhubaneswar.kvs.ac.in/administration/vmc-member> (referer: https://no1bhubaneswar.kvs.ac.in/)
2021-01-27 19:27:11 [scrapy.core.engine] DEBUG: Crawled (200) <GET https://no1bhubaneswar.kvs.ac.in/administration/committees> (referer: https://no1bhubaneswar.kvs.ac.in/)
2021-01-27 19:27:11 [scrapy.core.engine] DEBUG: Crawled (200) <GET https://no1bhubaneswar.kvs.ac.in/administration/rti-apio> (referer: https://no1bhubaneswar.kvs.ac.in/)
2021-01-27 19:27:11 [scrapy.core.engine] DEBUG: Crawled (200) <GET https://no1bhubaneswar.kvs.ac.in/academics/student-achiever> (referer: https://no1bhubaneswar.kvs.ac.in/)
2021-01-27 19:27:11 [scrapy.core.engine] DEBUG: Crawled (200) <GET https://no1bhubaneswar.kvs.ac.in/administration/staff-member> (referer: https://no1bhubaneswar.kvs.ac.in/)
2021-01-27 19:27:11 [scrapy.core.engine] DEBUG: Crawled (200) <GET https://no1bhubaneswar.kvs.ac.in/academics/teacher-achievement> (referer: https://no1bhubaneswar.kvs.ac.in/)
2021-01-27 19:27:11 [scrapy.core.engine] DEBUG: Crawled (200) <GET https://no1bhubaneswar.kvs.ac.in/academics/results-analysis> (referer: https://no1bhubaneswar.kvs.ac.in/)
2021-01-27 19:27:11 [scrapy.core.engine] DEBUG: Crawled (200) <GET https://no1bhubaneswar.kvs.ac.in/user/login> (referer: https://no1bhubaneswar.kvs.ac.in/)
2021-01-27 19:27:12 [scrapy.core.engine] DEBUG: Crawled (200) <GET https://no1bhubaneswar.kvs.ac.in/academics/admission-detail> (referer: https://no1bhubaneswar.kvs.ac.in/)
2021-01-27 19:27:12 [scrapy.core.engine] DEBUG: Crawled (200) <GET https://no1bhubaneswar.kvs.ac.in/academics/fees-structure> (referer: https://no1bhubaneswar.kvs.ac.in/)
2021-01-27 19:27:12 [scrapy.core.engine] DEBUG: Crawled (200) <GET https://no1bhubaneswar.kvs.ac.in/about-us/ict-infrastructure> (referer: https://no1bhubaneswar.kvs.ac.in/)
2021-01-27 19:27:12 [scrapy.core.engine] DEBUG: Crawled (200) <GET https://no1bhubaneswar.kvs.ac.in/about-us/cbse-affiliation-report> (referer: https://no1bhubaneswar.kvs.ac.in/)
2021-01-27 19:27:12 [scrapy.core.engine] DEBUG: Crawled (200) <GET https://no1bhubaneswar.kvs.ac.in/about-us/deputy-commissioners-message> (referer: https://no1bhubaneswar.kvs.ac.in/)
2021-01-27 19:27:12 [scrapy.core.engine] DEBUG: Crawled (200) <GET https://no1bhubaneswar.kvs.ac.in/about-us/principal-message> (referer: https://no1bhubaneswar.kvs.ac.in/)
2021-01-27 19:27:12 [scrapy.core.engine] DEBUG: Crawled (200) <GET https://no1bhubaneswar.kvs.ac.in/about-us/facilities> (referer: https://no1bhubaneswar.kvs.ac.in/)
2021-01-27 19:27:12 [scrapy.core.engine] DEBUG: Crawled (200) <GET https://no1bhubaneswar.kvs.ac.in/about-us/about-kvs> (referer: https://no1bhubaneswar.kvs.ac.in/)
2021-01-27 19:27:13 [scrapy.core.engine] DEBUG: Crawled (200) <GET https://no1bhubaneswar.kvs.ac.in/terms-conditions-1086> (referer: https://no1bhubaneswar.kvs.ac.in/)
2021-01-27 19:27:13 [scrapy.core.engine] DEBUG: Crawled (200) <GET https://no1bhubaneswar.kvs.ac.in/school-tender> (referer: https://no1bhubaneswar.kvs.ac.in/)
2021-01-27 19:27:13 [scrapy.core.engine] DEBUG: Crawled (200) <GET https://no1bhubaneswar.kvs.ac.in/privacy-policy-3> (referer: https://no1bhubaneswar.kvs.ac.in/)
2021-01-27 19:27:13 [scrapy.core.engine] DEBUG: Crawled (200) <GET https://no1bhubaneswar.kvs.ac.in/hyperlink-policy-0> (referer: https://no1bhubaneswar.kvs.ac.in/)
2021-01-27 19:27:13 [scrapy.core.engine] DEBUG: Crawled (200) <GET https://no1bhubaneswar.kvs.ac.in/grievance> (referer: https://no1bhubaneswar.kvs.ac.in/)
2021-01-27 19:27:13 [scrapy.core.engine] DEBUG: Crawled (200) <GET https://no1bhubaneswar.kvs.ac.in/disclaimer-4> (referer: https://no1bhubaneswar.kvs.ac.in/)
2021-01-27 19:27:13 [scrapy.core.engine] DEBUG: Crawled (200) <GET https://no1bhubaneswar.kvs.ac.in/feedback-form> (referer: https://no1bhubaneswar.kvs.ac.in/)
2021-01-27 19:27:13 [scrapy.core.engine] DEBUG: Crawled (200) <GET https://no1bhubaneswar.kvs.ac.in/school-initiatives-students/miscellaneous> (referer: https://no1bhubaneswar.kvs.ac.in/)
2021-01-27 19:27:14 [scrapy.core.engine] DEBUG: Crawled (200) <GET https://no1bhubaneswar.kvs.ac.in/school-initiatives-students/promotion-language> (referer: https://no1bhubaneswar.kvs.ac.in/)
2021-01-27 19:27:14 [scrapy.core.engine] DEBUG: Crawled (200) <GET https://no1bhubaneswar.kvs.ac.in/school-initiatives-students/student-empowerment-programme> (referer: https://no1bhubaneswar.kvs.ac.in/)
2021-01-27 19:27:14 [scrapy.core.engine] DEBUG: Crawled (200) <GET https://no1bhubaneswar.kvs.ac.in/school-initiatives-students/gender-sensitization> (referer: https://no1bhubaneswar.kvs.ac.in/)
2021-01-27 19:27:14 [scrapy.core.engine] DEBUG: Crawled (200) <GET https://no1bhubaneswar.kvs.ac.in/school-initiatives-students/celebrationsall> (referer: https://no1bhubaneswar.kvs.ac.in/)
2021-01-27 19:27:14 [scrapy.core.engine] DEBUG: Crawled (200) <GET https://no1bhubaneswar.kvs.ac.in/school-initiatives-students/scientist-making> (referer: https://no1bhubaneswar.kvs.ac.in/)
2021-01-27 19:27:15 [scrapy.core.engine] DEBUG: Crawled (200) <GET https://no1bhubaneswar.kvs.ac.in/school-initiatives-students/learning-fun> (referer: https://no1bhubaneswar.kvs.ac.in/)
2021-01-27 19:27:15 [scrapy.core.engine] DEBUG: Crawled (200) <GET https://no1bhubaneswar.kvs.ac.in/school-academic-activities/youth-parliament> (referer: https://no1bhubaneswar.kvs.ac.in/)
2021-01-27 19:27:15 [scrapy.core.engine] DEBUG: Crawled (200) <GET https://no1bhubaneswar.kvs.ac.in/school-academic-activities/education-incursion> (referer: https://no1bhubaneswar.kvs.ac.in/)
2021-01-27 19:27:15 [scrapy.core.engine] DEBUG: Crawled (200) <GET https://no1bhubaneswar.kvs.ac.in/school-academic-activities/art-culture> (referer: https://no1bhubaneswar.kvs.ac.in/)
2021-01-27 19:27:16 [scrapy.core.engine] DEBUG: Crawled (200) <GET https://no1bhubaneswar.kvs.ac.in/school-academic-activities/co-curricular-activities> (referer: https://no1bhubaneswar.kvs.ac.in/)
2021-01-27 19:27:16 [scrapy.core.engine] DEBUG: Crawled (200) <GET https://no1bhubaneswar.kvs.ac.in/school-academic-activities/scout-guide-ncc> (referer: https://no1bhubaneswar.kvs.ac.in/)
2021-01-27 19:27:16 [scrapy.core.engine] DEBUG: Crawled (200) <GET https://no1bhubaneswar.kvs.ac.in/school-academic-activities/sports> (referer: https://no1bhubaneswar.kvs.ac.in/)
2021-01-27 19:27:16 [scrapy.core.engine] DEBUG: Crawled (200) <GET https://no1bhubaneswar.kvs.ac.in/school-academic-activities/vidyalaya-patrikanewsletter> (referer: https://no1bhubaneswar.kvs.ac.in/)
2021-01-27 19:27:16 [scrapy.core.engine] DEBUG: Crawled (200) <GET https://no1bhubaneswar.kvs.ac.in/school-strengthening-vidyalayas/modernisation-labs> (referer: https://no1bhubaneswar.kvs.ac.in/)
2021-01-27 19:27:16 [scrapy.core.engine] DEBUG: Crawled (200) <GET https://no1bhubaneswar.kvs.ac.in/school-strengthening-vidyalayas/library-e-granthalaya> (referer: https://no1bhubaneswar.kvs.ac.in/)
2021-01-27 19:27:17 [scrapy.core.engine] DEBUG: Crawled (200) <GET https://no1bhubaneswar.kvs.ac.in/school-strengthening-vidyalayas/bala-initiatives> (referer: https://no1bhubaneswar.kvs.ac.in/)
2021-01-27 19:27:17 [scrapy.core.engine] DEBUG: Crawled (200) <GET https://no1bhubaneswar.kvs.ac.in/school-strengthening-vidyalayas/harit-vidyalayaswachh-vidyalaya> (referer: https://no1bhubaneswar.kvs.ac.in/)
2021-01-27 19:27:17 [scrapy.core.engine] DEBUG: Crawled (200) <GET https://no1bhubaneswar.kvs.ac.in/school-strengthening-vidyalayas/sop-ndma> (referer: https://no1bhubaneswar.kvs.ac.in/)
2021-01-27 19:27:17 [scrapy.core.engine] DEBUG: Crawled (200) <GET https://no1bhubaneswar.kvs.ac.in/school-strengthening-vidyalayas/infrastructure> (referer: https://no1bhubaneswar.kvs.ac.in/)
2021-01-27 19:27:17 [scrapy.core.engine] DEBUG: Crawled (200) <GET https://no1bhubaneswar.kvs.ac.in/school-strengthening-vidyalayas/ict-initiatives> (referer: https://no1bhubaneswar.kvs.ac.in/)
2021-01-27 19:27:18 [scrapy.core.engine] DEBUG: Crawled (200) <GET https://no1bhubaneswar.kvs.ac.in/school-strengthening-vidyalayas/digital-language-labs> (referer: https://no1bhubaneswar.kvs.ac.in/)
2021-01-27 19:27:18 [scrapy.core.engine] DEBUG: Crawled (200) <GET https://no1bhubaneswar.kvs.ac.in/school-academics-overview/guidance-counselling> (referer: https://no1bhubaneswar.kvs.ac.in/)
2021-01-27 19:27:18 [scrapy.core.engine] DEBUG: Crawled (200) <GET https://no1bhubaneswar.kvs.ac.in/school-strengthening-vidyalayas/atal-tinkering-lab> (referer: https://no1bhubaneswar.kvs.ac.in/)
2021-01-27 19:27:18 [scrapy.core.engine] DEBUG: Crawled (200) <GET https://no1bhubaneswar.kvs.ac.in/school-academics-overview/student-e-diary> (referer: https://no1bhubaneswar.kvs.ac.in/)
2021-01-27 19:27:18 [scrapy.core.engine] DEBUG: Crawled (200) <GET https://no1bhubaneswar.kvs.ac.in/school-academics-overview/maths-science-education> (referer: https://no1bhubaneswar.kvs.ac.in/)
2021-01-27 19:27:19 [scrapy.core.engine] DEBUG: Crawled (200) <GET https://no1bhubaneswar.kvs.ac.in/school-academics-overview/ek-bharat-shrestha-bharat> (referer: https://no1bhubaneswar.kvs.ac.in/)
2021-01-27 19:27:19 [scrapy.core.engine] DEBUG: Crawled (200) <GET https://no1bhubaneswar.kvs.ac.in/school-academics-overview/elementary-education> (referer: https://no1bhubaneswar.kvs.ac.in/)
2021-01-27 19:27:19 [scrapy.core.engine] DEBUG: Crawled (200) <GET https://no1bhubaneswar.kvs.ac.in/school-academics-overview/academic-result> (referer: https://no1bhubaneswar.kvs.ac.in/)
2021-01-27 19:27:19 [scrapy.core.engine] DEBUG: Crawled (200) <GET https://no1bhubaneswar.kvs.ac.in/school-academics-overview/compensation-academic-loss-programme-calp> (referer: https://no1bhubaneswar.kvs.ac.in/)
2021-01-27 19:27:19 [scrapy.core.engine] DEBUG: Crawled (200) <GET https://no1bhubaneswar.kvs.ac.in/school-academics-overview/mentors> (referer: https://no1bhubaneswar.kvs.ac.in/)
2021-01-27 19:27:20 [scrapy.core.engine] DEBUG: Crawled (200) <GET https://no1bhubaneswar.kvs.ac.in/school-academics-overview/academic-planner> (referer: https://no1bhubaneswar.kvs.ac.in/)
2021-01-27 19:27:20 [scrapy.core.engine] DEBUG: Crawled (200) <GET https://no1bhubaneswar.kvs.ac.in/creative-corner> (referer: https://no1bhubaneswar.kvs.ac.in/)
2021-01-27 19:27:20 [scrapy.core.engine] DEBUG: Crawled (200) <GET https://no1bhubaneswar.kvs.ac.in/sri-s-k-chopdar-0> (referer: https://no1bhubaneswar.kvs.ac.in/)
2021-01-27 19:27:20 [scrapy.core.engine] DEBUG: Crawled (200) <GET https://no1bhubaneswar.kvs.ac.in/school-kvs-news> (referer: https://no1bhubaneswar.kvs.ac.in/)
2021-01-27 19:27:20 [scrapy.core.engine] DEBUG: Crawled (200) <GET https://no1bhubaneswar.kvs.ac.in/school-announcement> (referer: https://no1bhubaneswar.kvs.ac.in/)
2021-01-27 19:27:21 [scrapy.core.engine] DEBUG: Crawled (200) <GET https://no1bhubaneswar.kvs.ac.in/vision-mission> (referer: https://no1bhubaneswar.kvs.ac.in/)
2021-01-27 19:27:21 [scrapy.core.engine] DEBUG: Crawled (200) <GET https://no1bhubaneswar.kvs.ac.in/gallery/school-video-gallery> (referer: https://no1bhubaneswar.kvs.ac.in/)
2021-01-27 19:27:21 [scrapy.core.engine] DEBUG: Crawled (200) <GET https://no1bhubaneswar.kvs.ac.in/school-gyan-kosh> (referer: https://no1bhubaneswar.kvs.ac.in/)
2021-01-27 19:27:21 [scrapy.core.engine] DEBUG: Crawled (200) <GET https://no1bhubaneswar.kvs.ac.in/school-contact-us> (referer: https://no1bhubaneswar.kvs.ac.in/)
2021-01-27 19:27:21 [scrapy.core.engine] DEBUG: Crawled (200) <GET https://no1bhubaneswar.kvs.ac.in/gallery/school-photo-gallery> (referer: https://no1bhubaneswar.kvs.ac.in/)
2021-01-27 19:27:22 [scrapy.core.engine] DEBUG: Crawled (200) <GET https://no1bhubaneswar.kvs.ac.in/work> (referer: https://no1bhubaneswar.kvs.ac.in/)
2021-01-27 19:27:22 [scrapy.core.engine] DEBUG: Crawled (200) <GET https://no1bhubaneswar.kvs.ac.in/activities/innovations> (referer: https://no1bhubaneswar.kvs.ac.in/)
2021-01-27 19:27:23 [scrapy.core.engine] DEBUG: Crawled (200) <GET https://no1bhubaneswar.kvs.ac.in/enrolment-statistics/student-vacancy> (referer: https://no1bhubaneswar.kvs.ac.in/)
2021-01-27 19:27:23 [scrapy.core.engine] DEBUG: Crawled (200) <GET https://no1bhubaneswar.kvs.ac.in/activities/calendar-activity> (referer: https://no1bhubaneswar.kvs.ac.in/)
2021-01-27 19:27:23 [scrapy.core.engine] DEBUG: Crawled (200) <GET https://no1bhubaneswar.kvs.ac.in/activities/co-curricular-activity> (referer: https://no1bhubaneswar.kvs.ac.in/)
2021-01-27 19:27:23 [scrapy.core.engine] DEBUG: Crawled (200) <GET https://no1bhubaneswar.kvs.ac.in/enrolment-statistics/tc-issued> (referer: https://no1bhubaneswar.kvs.ac.in/)
2021-01-27 19:27:23 [scrapy.core.engine] DEBUG: Crawled (200) <GET https://no1bhubaneswar.kvs.ac.in/enrolment-statistics/class-wise-enrolment-position> (referer: https://no1bhubaneswar.kvs.ac.in/)
2021-01-27 19:27:24 [scrapy.core.engine] DEBUG: Crawled (200) <GET https://no1bhubaneswar.kvs.ac.in/enrolment-statistics/category-wise-enrolment-position> (referer: https://no1bhubaneswar.kvs.ac.in/)
2021-01-27 19:27:24 [scrapy.core.engine] DEBUG: Crawled (200) <GET https://no1bhubaneswar.kvs.ac.in/administration/teacher-vacancy> (referer: https://no1bhubaneswar.kvs.ac.in/)
2021-01-27 19:27:24 [scrapy.core.engine] DEBUG: Crawled (200) <GET https://no1bhubaneswar.kvs.ac.in/administration/monthly-salary> (referer: https://no1bhubaneswar.kvs.ac.in/)
2021-01-27 19:27:45 [scrapy.downloadermiddlewares.retry] DEBUG: Retrying <GET https://no1bhubaneswar.kvs.ac.in/school-initiatives-students/helpdesk> (failed 1 times): TCP connection timed out: 110: Connection timed out.
2021-01-27 19:27:45 [scrapy.downloadermiddlewares.retry] DEBUG: Retrying <GET https://no1bhubaneswar.kvs.ac.in/school-initiatives-students/pustakophaar> (failed 1 times): TCP connection timed out: 110: Connection timed out.
2021-01-27 19:27:46 [scrapy.core.engine] DEBUG: Crawled (200) <GET https://no1bhubaneswar.kvs.ac.in/school-initiatives-students/pustakophaar> (referer: https://no1bhubaneswar.kvs.ac.in/)
2021-01-27 19:27:46 [scrapy.core.engine] DEBUG: Crawled (200) <GET https://no1bhubaneswar.kvs.ac.in/school-initiatives-students/helpdesk> (referer: https://no1bhubaneswar.kvs.ac.in/)
2021-01-27 19:27:46 [scrapy.downloadermiddlewares.retry] DEBUG: Retrying <GET https://no1bhubaneswar.kvs.ac.in/school-academic-activities/students-council> (failed 1 times): TCP connection timed out: 110: Connection timed out.
2021-01-27 19:27:47 [scrapy.core.engine] DEBUG: Crawled (200) <GET https://no1bhubaneswar.kvs.ac.in/school-academic-activities/students-council> (referer: https://no1bhubaneswar.kvs.ac.in/)
2021-01-27 19:27:47 [scrapy.core.engine] INFO: Closing spider (finished)
2021-01-27 19:27:47 [scrapy.statscollectors] INFO: Dumping Scrapy stats:
{'downloader/exception_count': 3,
 'downloader/exception_type_count/twisted.internet.error.TCPTimedOutError': 3,
 'downloader/request_bytes': 24380,
 'downloader/request_count': 81,
 'downloader/request_method_count/GET': 81,
 'downloader/response_bytes': 765414,
 'downloader/response_count': 78,
 'downloader/response_status_count/200': 78,
 'dupefilter/filtered': 4,
 'elapsed_time_seconds': 38.15411,
 'finish_reason': 'finished',
 'finish_time': datetime.datetime(2021, 1, 27, 13, 57, 47, 785513),
 'log_count/DEBUG': 82,
 'log_count/INFO': 10,
 'memusage/max': 57503744,
 'memusage/startup': 57503744,
 'request_depth_max': 1,
 'response_received_count': 78,
 'retry/count': 3,
 'retry/reason_count/twisted.internet.error.TCPTimedOutError': 3,
 'scheduler/dequeued': 81,
 'scheduler/dequeued/memory': 81,
 'scheduler/enqueued': 81,
 'scheduler/enqueued/memory': 81,
 'start_time': datetime.datetime(2021, 1, 27, 13, 57, 9, 631403)}
2021-01-27 19:27:47 [scrapy.core.engine] INFO: Spider closed (finished)
