2021-01-30 20:50:09 [scrapy.utils.log] INFO: Scrapy 2.4.1 started (bot: school_scraper)
2021-01-30 20:50:09 [scrapy.utils.log] INFO: Versions: lxml 4.6.2.0, libxml2 2.9.10, cssselect 1.1.0, parsel 1.6.0, w3lib 1.22.0, Twisted 20.3.0, Python 3.9.1 (default, Dec  8 2020, 07:51:42) - [GCC 10.2.0], pyOpenSSL 20.0.1 (OpenSSL 1.1.1i  8 Dec 2020), cryptography 3.3.1, Platform Linux-4.19.128-microsoft-standard-x86_64-with-glibc2.31
2021-01-30 20:50:09 [scrapy.utils.log] DEBUG: Using reactor: twisted.internet.epollreactor.EPollReactor
2021-01-30 20:50:10 [scrapy.crawler] INFO: Overridden settings:
{'BOT_NAME': 'school_scraper',
 'LOG_FILE': 'logs/school_scraper/get_kv/a23db5d4630e11eb87ff00155d31b08e.log',
 'NEWSPIDER_MODULE': 'school_scraper.spiders',
 'SPIDER_MODULES': ['school_scraper.spiders']}
2021-01-30 20:50:10 [scrapy.extensions.telnet] INFO: Telnet Password: 0e79c1eb7fb39a71
2021-01-30 20:50:10 [scrapy.middleware] INFO: Enabled extensions:
['scrapy.extensions.corestats.CoreStats',
 'scrapy.extensions.telnet.TelnetConsole',
 'scrapy.extensions.memusage.MemoryUsage',
 'scrapy.extensions.logstats.LogStats']
2021-01-30 20:50:10 [scrapy.middleware] INFO: Enabled downloader middlewares:
['scrapy.downloadermiddlewares.httpauth.HttpAuthMiddleware',
 'scrapy.downloadermiddlewares.downloadtimeout.DownloadTimeoutMiddleware',
 'scrapy.downloadermiddlewares.defaultheaders.DefaultHeadersMiddleware',
 'scrapy.downloadermiddlewares.useragent.UserAgentMiddleware',
 'scrapy.downloadermiddlewares.retry.RetryMiddleware',
 'scrapy.downloadermiddlewares.redirect.MetaRefreshMiddleware',
 'scrapy.downloadermiddlewares.httpcompression.HttpCompressionMiddleware',
 'scrapy.downloadermiddlewares.redirect.RedirectMiddleware',
 'scrapy.downloadermiddlewares.cookies.CookiesMiddleware',
 'scrapy.downloadermiddlewares.httpproxy.HttpProxyMiddleware',
 'scrapy.downloadermiddlewares.stats.DownloaderStats']
2021-01-30 20:50:10 [scrapy.middleware] INFO: Enabled spider middlewares:
['scrapy.spidermiddlewares.httperror.HttpErrorMiddleware',
 'scrapy.spidermiddlewares.offsite.OffsiteMiddleware',
 'scrapy.spidermiddlewares.referer.RefererMiddleware',
 'scrapy.spidermiddlewares.urllength.UrlLengthMiddleware',
 'scrapy.spidermiddlewares.depth.DepthMiddleware']
2021-01-30 20:50:10 [scrapy.middleware] INFO: Enabled item pipelines:
[]
2021-01-30 20:50:10 [scrapy.core.engine] INFO: Spider opened
2021-01-30 20:50:10 [scrapy.extensions.logstats] INFO: Crawled 0 pages (at 0 pages/min), scraped 0 items (at 0 items/min)
2021-01-30 20:50:10 [scrapy.extensions.telnet] INFO: Telnet console listening on 127.0.0.1:6023
2021-01-30 20:50:15 [scrapy.core.engine] DEBUG: Crawled (200) <GET https://no2bhubaneswar.kvs.ac.in/> (referer: None)
2021-01-30 20:50:15 [scrapy.dupefilters] DEBUG: Filtered duplicate request: <GET https://no2bhubaneswar.kvs.ac.in/about-us/principal-message> - no more duplicates will be shown (see DUPEFILTER_DEBUG to show all duplicates)
2021-01-30 20:50:15 [scrapy.core.engine] DEBUG: Crawled (200) <GET https://no5bhubaneswar.kvs.ac.in/> (referer: None)
2021-01-30 20:50:16 [scrapy.core.engine] DEBUG: Crawled (200) <GET https://no6bhubaneswar.kvs.ac.in/> (referer: None)
2021-01-30 20:50:16 [scrapy.core.engine] DEBUG: Crawled (200) <GET https://no1bhubaneswar.kvs.ac.in/> (referer: None)
2021-01-30 20:50:17 [scrapy.core.engine] DEBUG: Crawled (200) <GET https://no2bhubaneswar.kvs.ac.in/academics/fees-structure> (referer: https://no2bhubaneswar.kvs.ac.in/)
2021-01-30 20:50:18 [scrapy.core.engine] DEBUG: Crawled (200) <GET https://no2bhubaneswar.kvs.ac.in/academics/admission-detail> (referer: https://no2bhubaneswar.kvs.ac.in/)
2021-01-30 20:50:18 [scrapy.core.engine] DEBUG: Crawled (200) <GET https://no2bhubaneswar.kvs.ac.in/academics/student-achiever> (referer: https://no2bhubaneswar.kvs.ac.in/)
2021-01-30 20:50:19 [scrapy.core.engine] DEBUG: Crawled (200) <GET https://no2bhubaneswar.kvs.ac.in/about-us/ict-infrastructure> (referer: https://no2bhubaneswar.kvs.ac.in/)
2021-01-30 20:50:19 [scrapy.core.engine] DEBUG: Crawled (200) <GET https://no2bhubaneswar.kvs.ac.in/academics/results-analysis> (referer: https://no2bhubaneswar.kvs.ac.in/)
2021-01-30 20:50:19 [scrapy.core.engine] DEBUG: Crawled (200) <GET https://no5bhubaneswar.kvs.ac.in/terms-conditions-1086> (referer: https://no5bhubaneswar.kvs.ac.in/)
2021-01-30 20:50:20 [scrapy.core.engine] DEBUG: Crawled (200) <GET https://no2bhubaneswar.kvs.ac.in/user/login> (referer: https://no2bhubaneswar.kvs.ac.in/)
2021-01-30 20:50:21 [scrapy.core.engine] DEBUG: Crawled (200) <GET https://no3bhubaneswar.kvs.ac.in/> (referer: None)
2021-01-30 20:50:21 [scrapy.core.engine] DEBUG: Crawled (200) <GET https://no2bhubaneswar.kvs.ac.in/about-us/principal-message> (referer: https://no2bhubaneswar.kvs.ac.in/)
2021-01-30 20:50:21 [scrapy.core.engine] DEBUG: Crawled (200) <GET https://no1bhubaneswar.kvs.ac.in/privacy-policy-3> (referer: https://no1bhubaneswar.kvs.ac.in/)
2021-01-30 20:50:21 [scrapy.core.engine] DEBUG: Crawled (200) <GET https://no1bhubaneswar.kvs.ac.in/hyperlink-policy-0> (referer: https://no1bhubaneswar.kvs.ac.in/)
2021-01-30 20:50:22 [scrapy.core.engine] DEBUG: Crawled (200) <GET https://no2bhubaneswar.kvs.ac.in/about-us/facilities> (referer: https://no2bhubaneswar.kvs.ac.in/)
2021-01-30 20:50:22 [scrapy.core.engine] DEBUG: Crawled (200) <GET https://no1bhubaneswar.kvs.ac.in/disclaimer-4> (referer: https://no1bhubaneswar.kvs.ac.in/)
2021-01-30 20:50:22 [scrapy.core.engine] DEBUG: Crawled (200) <GET https://no2bhubaneswar.kvs.ac.in/academics/teacher-achievement> (referer: https://no2bhubaneswar.kvs.ac.in/)
2021-01-30 20:50:22 [scrapy.core.engine] DEBUG: Crawled (200) <GET https://no1bhubaneswar.kvs.ac.in/terms-conditions-1086> (referer: https://no1bhubaneswar.kvs.ac.in/)
2021-01-30 20:50:23 [scrapy.core.engine] DEBUG: Crawled (200) <GET https://no1bhubaneswar.kvs.ac.in/school-tender> (referer: https://no1bhubaneswar.kvs.ac.in/)
2021-01-30 20:50:24 [scrapy.core.engine] DEBUG: Crawled (200) <GET https://no1bhubaneswar.kvs.ac.in/grievance> (referer: https://no1bhubaneswar.kvs.ac.in/)
2021-01-30 20:50:24 [scrapy.core.engine] DEBUG: Crawled (200) <GET https://no3bhubaneswar.kvs.ac.in/terms-conditions-1086> (referer: https://no3bhubaneswar.kvs.ac.in/)
2021-01-30 20:50:24 [scrapy.core.engine] DEBUG: Crawled (200) <GET https://no3bhubaneswar.kvs.ac.in/disclaimer-4> (referer: https://no3bhubaneswar.kvs.ac.in/)
2021-01-30 20:50:25 [scrapy.core.engine] DEBUG: Crawled (200) <GET https://no2bhubaneswar.kvs.ac.in/administration/committees> (referer: https://no2bhubaneswar.kvs.ac.in/)
2021-01-30 20:50:26 [scrapy.core.engine] DEBUG: Crawled (200) <GET https://no3bhubaneswar.kvs.ac.in/grievance> (referer: https://no3bhubaneswar.kvs.ac.in/)
2021-01-30 20:50:26 [scrapy.core.engine] DEBUG: Crawled (200) <GET https://no3bhubaneswar.kvs.ac.in/hyperlink-policy-0> (referer: https://no3bhubaneswar.kvs.ac.in/)
2021-01-30 20:50:26 [scrapy.core.engine] DEBUG: Crawled (200) <GET https://no2bhubaneswar.kvs.ac.in/about-us/cbse-affiliation-report> (referer: https://no2bhubaneswar.kvs.ac.in/)
2021-01-30 20:50:27 [scrapy.core.engine] DEBUG: Crawled (200) <GET https://no1bhubaneswar.kvs.ac.in/feedback-form> (referer: https://no1bhubaneswar.kvs.ac.in/)
2021-01-30 20:50:27 [scrapy.downloadermiddlewares.retry] DEBUG: Retrying <GET https://no4bhubaneswar.kvs.ac.in/> (failed 1 times): 408 Request Time-out
2021-01-30 20:50:27 [scrapy.core.engine] DEBUG: Crawled (200) <GET https://no1bhubaneswar.kvs.ac.in/school-initiatives-students/promotion-language> (referer: https://no1bhubaneswar.kvs.ac.in/)
2021-01-30 20:50:30 [scrapy.core.engine] DEBUG: Crawled (200) <GET https://no3bhubaneswar.kvs.ac.in/school-initiatives-students/helpdesk> (referer: https://no3bhubaneswar.kvs.ac.in/)
2021-01-30 20:50:30 [scrapy.core.engine] DEBUG: Crawled (200) <GET https://no3bhubaneswar.kvs.ac.in/school-initiatives-students/pustakophaar> (referer: https://no3bhubaneswar.kvs.ac.in/)
2021-01-30 20:50:31 [scrapy.core.engine] DEBUG: Crawled (200) <GET https://no3bhubaneswar.kvs.ac.in/school-initiatives-students/promotion-language> (referer: https://no3bhubaneswar.kvs.ac.in/)
2021-01-30 20:50:31 [scrapy.crawler] INFO: Received SIGINT, shutting down gracefully. Send again to force 
2021-01-30 20:50:31 [scrapy.core.engine] INFO: Closing spider (shutdown)
2021-01-30 20:50:31 [scrapy.core.engine] DEBUG: Crawled (200) <GET https://no3bhubaneswar.kvs.ac.in/school-initiatives-students/miscellaneous> (referer: https://no3bhubaneswar.kvs.ac.in/)
2021-01-30 20:50:31 [scrapy.core.engine] DEBUG: Crawled (200) <GET https://no5bhubaneswar.kvs.ac.in/feedback-form> (referer: https://no5bhubaneswar.kvs.ac.in/)
2021-01-30 20:50:32 [scrapy.core.engine] DEBUG: Crawled (200) <GET https://no3bhubaneswar.kvs.ac.in/privacy-policy-3> (referer: https://no3bhubaneswar.kvs.ac.in/)
2021-01-30 20:50:33 [scrapy.core.engine] DEBUG: Crawled (200) <GET https://no3bhubaneswar.kvs.ac.in/school-initiatives-students/scientist-making> (referer: https://no3bhubaneswar.kvs.ac.in/)
2021-01-30 20:50:34 [scrapy.core.engine] DEBUG: Crawled (200) <GET https://no3bhubaneswar.kvs.ac.in/school-academic-activities/youth-parliament> (referer: https://no3bhubaneswar.kvs.ac.in/)
2021-01-30 20:50:34 [scrapy.core.engine] DEBUG: Crawled (200) <GET https://no1bhubaneswar.kvs.ac.in/school-initiatives-students/miscellaneous> (referer: https://no1bhubaneswar.kvs.ac.in/)
2021-01-30 20:50:38 [scrapy.core.engine] DEBUG: Crawled (200) <GET https://no3bhubaneswar.kvs.ac.in/school-initiatives-students/student-empowerment-programme> (referer: https://no3bhubaneswar.kvs.ac.in/)
2021-01-30 20:50:38 [scrapy.core.engine] DEBUG: Crawled (200) <GET https://no3bhubaneswar.kvs.ac.in/school-academic-activities/art-culture> (referer: https://no3bhubaneswar.kvs.ac.in/)
2021-01-30 20:50:39 [scrapy.core.engine] DEBUG: Crawled (200) <GET https://no3bhubaneswar.kvs.ac.in/school-initiatives-students/learning-fun> (referer: https://no3bhubaneswar.kvs.ac.in/)
2021-01-30 20:50:40 [scrapy.core.engine] DEBUG: Crawled (200) <GET https://no3bhubaneswar.kvs.ac.in/school-academic-activities/vidyalaya-patrikanewsletter> (referer: https://no3bhubaneswar.kvs.ac.in/)
2021-01-30 20:50:41 [scrapy.core.engine] DEBUG: Crawled (200) <GET https://no3bhubaneswar.kvs.ac.in/feedback-form> (referer: https://no3bhubaneswar.kvs.ac.in/)
2021-01-30 20:50:44 [scrapy.core.engine] DEBUG: Crawled (200) <GET https://no3bhubaneswar.kvs.ac.in/school-initiatives-students/gender-sensitization> (referer: https://no3bhubaneswar.kvs.ac.in/)
2021-01-30 20:50:44 [scrapy.core.engine] DEBUG: Crawled (200) <GET https://no2bhubaneswar.kvs.ac.in/feedback-form> (referer: https://no2bhubaneswar.kvs.ac.in/)
2021-01-30 20:50:48 [scrapy.core.engine] DEBUG: Crawled (200) <GET https://no3bhubaneswar.kvs.ac.in/school-academic-activities/students-council> (referer: https://no3bhubaneswar.kvs.ac.in/)
2021-01-30 20:50:52 [scrapy.core.engine] DEBUG: Crawled (200) <GET https://no3bhubaneswar.kvs.ac.in/school-initiatives-students/celebrationsall> (referer: https://no3bhubaneswar.kvs.ac.in/)
2021-01-30 20:50:55 [scrapy.core.engine] DEBUG: Crawled (200) <GET https://no3bhubaneswar.kvs.ac.in/school-tender> (referer: https://no3bhubaneswar.kvs.ac.in/)
2021-01-30 20:50:55 [scrapy.statscollectors] INFO: Dumping Scrapy stats:
{'downloader/request_bytes': 14049,
 'downloader/request_count': 49,
 'downloader/request_method_count/GET': 49,
 'downloader/response_bytes': 590594,
 'downloader/response_count': 49,
 'downloader/response_status_count/200': 48,
 'downloader/response_status_count/408': 1,
 'dupefilter/filtered': 911,
 'elapsed_time_seconds': 45.621554,
 'finish_reason': 'shutdown',
 'finish_time': datetime.datetime(2021, 1, 30, 15, 20, 55, 828984),
 'log_count/DEBUG': 50,
 'log_count/INFO': 11,
 'memusage/max': 57569280,
 'memusage/startup': 57569280,
 'request_depth_max': 1,
 'response_received_count': 48,
 'retry/count': 1,
 'retry/reason_count/408 Request Time-out': 1,
 'scheduler/dequeued': 49,
 'scheduler/dequeued/memory': 49,
 'scheduler/enqueued': 392,
 'scheduler/enqueued/memory': 392,
 'start_time': datetime.datetime(2021, 1, 30, 15, 20, 10, 207430)}
2021-01-30 20:50:55 [scrapy.core.engine] INFO: Spider closed (shutdown)
