2021-01-30 20:50:49 [scrapy.utils.log] INFO: Scrapy 2.4.1 started (bot: school_scraper)
2021-01-30 20:50:49 [scrapy.utils.log] INFO: Versions: lxml 4.6.2.0, libxml2 2.9.10, cssselect 1.1.0, parsel 1.6.0, w3lib 1.22.0, Twisted 20.3.0, Python 3.9.1 (default, Dec  8 2020, 07:51:42) - [GCC 10.2.0], pyOpenSSL 20.0.1 (OpenSSL 1.1.1i  8 Dec 2020), cryptography 3.3.1, Platform Linux-4.19.128-microsoft-standard-x86_64-with-glibc2.31
2021-01-30 20:50:49 [scrapy.utils.log] DEBUG: Using reactor: twisted.internet.epollreactor.EPollReactor
2021-01-30 20:50:49 [scrapy.crawler] INFO: Overridden settings:
{'BOT_NAME': 'school_scraper',
 'LOG_FILE': 'logs/school_scraper/get_kv/ba8dd218630e11eb9aca00155d31b08e.log',
 'NEWSPIDER_MODULE': 'school_scraper.spiders',
 'SPIDER_MODULES': ['school_scraper.spiders']}
2021-01-30 20:50:49 [scrapy.extensions.telnet] INFO: Telnet Password: c3e4bef1d675cc6e
2021-01-30 20:50:49 [scrapy.middleware] INFO: Enabled extensions:
['scrapy.extensions.corestats.CoreStats',
 'scrapy.extensions.telnet.TelnetConsole',
 'scrapy.extensions.memusage.MemoryUsage',
 'scrapy.extensions.logstats.LogStats']
2021-01-30 20:50:49 [scrapy.middleware] INFO: Enabled downloader middlewares:
['scrapy.downloadermiddlewares.httpauth.HttpAuthMiddleware',
 'scrapy.downloadermiddlewares.downloadtimeout.DownloadTimeoutMiddleware',
 'scrapy.downloadermiddlewares.defaultheaders.DefaultHeadersMiddleware',
 'scrapy.downloadermiddlewares.useragent.UserAgentMiddleware',
 'scrapy.downloadermiddlewares.retry.RetryMiddleware',
 'scrapy.downloadermiddlewares.redirect.MetaRefreshMiddleware',
 'scrapy.downloadermiddlewares.httpcompression.HttpCompressionMiddleware',
 'scrapy.downloadermiddlewares.redirect.RedirectMiddleware',
 'scrapy.downloadermiddlewares.cookies.CookiesMiddleware',
 'scrapy.downloadermiddlewares.httpproxy.HttpProxyMiddleware',
 'scrapy.downloadermiddlewares.stats.DownloaderStats']
2021-01-30 20:50:49 [scrapy.middleware] INFO: Enabled spider middlewares:
['scrapy.spidermiddlewares.httperror.HttpErrorMiddleware',
 'scrapy.spidermiddlewares.offsite.OffsiteMiddleware',
 'scrapy.spidermiddlewares.referer.RefererMiddleware',
 'scrapy.spidermiddlewares.urllength.UrlLengthMiddleware',
 'scrapy.spidermiddlewares.depth.DepthMiddleware']
2021-01-30 20:50:49 [scrapy.middleware] INFO: Enabled item pipelines:
[]
2021-01-30 20:50:49 [scrapy.core.engine] INFO: Spider opened
2021-01-30 20:50:49 [scrapy.extensions.logstats] INFO: Crawled 0 pages (at 0 pages/min), scraped 0 items (at 0 items/min)
2021-01-30 20:50:49 [scrapy.extensions.telnet] INFO: Telnet console listening on 127.0.0.1:6024
2021-01-30 20:50:52 [scrapy.core.engine] DEBUG: Crawled (200) <GET https://no1bhubaneswar.kvs.ac.in/> (referer: None)
2021-01-30 20:50:52 [scrapy.core.engine] DEBUG: Crawled (200) <GET https://no3bhubaneswar.kvs.ac.in/> (referer: None)
2021-01-30 20:50:52 [scrapy.dupefilters] DEBUG: Filtered duplicate request: <GET https://no1bhubaneswar.kvs.ac.in/about-us/principal-message> - no more duplicates will be shown (see DUPEFILTER_DEBUG to show all duplicates)
2021-01-30 20:50:52 [scrapy.core.engine] DEBUG: Crawled (200) <GET https://no6bhubaneswar.kvs.ac.in/> (referer: None)
2021-01-30 20:50:54 [scrapy.core.engine] DEBUG: Crawled (200) <GET https://no2bhubaneswar.kvs.ac.in/> (referer: None)
2021-01-30 20:50:54 [scrapy.core.engine] DEBUG: Crawled (200) <GET https://no1bhubaneswar.kvs.ac.in/administration/teacher-vacancy> (referer: https://no1bhubaneswar.kvs.ac.in/)
2021-01-30 20:50:55 [scrapy.core.engine] DEBUG: Crawled (200) <GET https://no1bhubaneswar.kvs.ac.in/administration/rti-apio> (referer: https://no1bhubaneswar.kvs.ac.in/)
2021-01-30 20:50:56 [scrapy.core.engine] DEBUG: Crawled (200) <GET https://no4bhubaneswar.kvs.ac.in/> (referer: None)
2021-01-30 20:50:57 [scrapy.core.engine] DEBUG: Crawled (200) <GET https://no1bhubaneswar.kvs.ac.in/user/login> (referer: https://no1bhubaneswar.kvs.ac.in/)
2021-01-30 20:50:58 [scrapy.core.engine] DEBUG: Crawled (200) <GET https://no1bhubaneswar.kvs.ac.in/administration/staff-member> (referer: https://no1bhubaneswar.kvs.ac.in/)
2021-01-30 20:50:58 [scrapy.core.engine] DEBUG: Crawled (200) <GET https://no1bhubaneswar.kvs.ac.in/academics/results-analysis> (referer: https://no1bhubaneswar.kvs.ac.in/)
2021-01-30 20:50:59 [scrapy.core.engine] DEBUG: Crawled (200) <GET https://no1bhubaneswar.kvs.ac.in/administration/committees> (referer: https://no1bhubaneswar.kvs.ac.in/)
2021-01-30 20:50:59 [scrapy.core.engine] DEBUG: Crawled (200) <GET https://no3bhubaneswar.kvs.ac.in/feedback-form> (referer: https://no3bhubaneswar.kvs.ac.in/)
2021-01-30 20:50:59 [scrapy.core.engine] DEBUG: Crawled (200) <GET https://no1bhubaneswar.kvs.ac.in/administration/monthly-salary> (referer: https://no1bhubaneswar.kvs.ac.in/)
2021-01-30 20:51:00 [scrapy.core.engine] DEBUG: Crawled (200) <GET https://no2bhubaneswar.kvs.ac.in/terms-conditions-1086> (referer: https://no2bhubaneswar.kvs.ac.in/)
2021-01-30 20:51:01 [scrapy.core.engine] DEBUG: Crawled (200) <GET https://no2bhubaneswar.kvs.ac.in/feedback-form> (referer: https://no2bhubaneswar.kvs.ac.in/)
2021-01-30 20:51:01 [scrapy.core.engine] DEBUG: Crawled (200) <GET https://no4bhubaneswar.kvs.ac.in/privacy-policy-3> (referer: https://no4bhubaneswar.kvs.ac.in/)
2021-01-30 20:51:01 [scrapy.core.engine] DEBUG: Crawled (200) <GET https://no2bhubaneswar.kvs.ac.in/privacy-policy-3> (referer: https://no2bhubaneswar.kvs.ac.in/)
2021-01-30 20:51:01 [scrapy.core.engine] DEBUG: Crawled (200) <GET https://no1bhubaneswar.kvs.ac.in/academics/fees-structure> (referer: https://no1bhubaneswar.kvs.ac.in/)
2021-01-30 20:51:02 [scrapy.core.engine] DEBUG: Crawled (200) <GET https://no4bhubaneswar.kvs.ac.in/hyperlink-policy-0> (referer: https://no4bhubaneswar.kvs.ac.in/)
2021-01-30 20:51:02 [scrapy.core.engine] DEBUG: Crawled (200) <GET https://no1bhubaneswar.kvs.ac.in/academics/admission-detail> (referer: https://no1bhubaneswar.kvs.ac.in/)
2021-01-30 20:51:02 [scrapy.core.engine] DEBUG: Crawled (200) <GET https://no4bhubaneswar.kvs.ac.in/disclaimer-4> (referer: https://no4bhubaneswar.kvs.ac.in/)
2021-01-30 20:51:03 [scrapy.core.engine] DEBUG: Crawled (200) <GET https://no1bhubaneswar.kvs.ac.in/administration/vmc-member> (referer: https://no1bhubaneswar.kvs.ac.in/)
2021-01-30 20:51:03 [scrapy.core.engine] DEBUG: Crawled (200) <GET https://no4bhubaneswar.kvs.ac.in/terms-conditions-1086> (referer: https://no4bhubaneswar.kvs.ac.in/)
2021-01-30 20:51:03 [scrapy.core.engine] DEBUG: Crawled (200) <GET https://no5bhubaneswar.kvs.ac.in/> (referer: None)
2021-01-30 20:51:03 [scrapy.core.engine] DEBUG: Crawled (200) <GET https://no4bhubaneswar.kvs.ac.in/grievance> (referer: https://no4bhubaneswar.kvs.ac.in/)
2021-01-30 20:51:04 [scrapy.core.engine] DEBUG: Crawled (200) <GET https://no4bhubaneswar.kvs.ac.in/school-initiatives-students/miscellaneous> (referer: https://no4bhubaneswar.kvs.ac.in/)
2021-01-30 20:51:04 [scrapy.core.engine] DEBUG: Crawled (200) <GET https://no4bhubaneswar.kvs.ac.in/school-initiatives-students/promotion-language> (referer: https://no4bhubaneswar.kvs.ac.in/)
2021-01-30 20:51:04 [scrapy.core.engine] DEBUG: Crawled (200) <GET https://no6bhubaneswar.kvs.ac.in/feedback-form> (referer: https://no6bhubaneswar.kvs.ac.in/)
2021-01-30 20:51:04 [scrapy.core.engine] DEBUG: Crawled (200) <GET https://no4bhubaneswar.kvs.ac.in/feedback-form> (referer: https://no4bhubaneswar.kvs.ac.in/)
2021-01-30 20:51:06 [scrapy.core.engine] DEBUG: Crawled (200) <GET https://no4bhubaneswar.kvs.ac.in/school-initiatives-students/pustakophaar> (referer: https://no4bhubaneswar.kvs.ac.in/)
2021-01-30 20:51:06 [scrapy.core.engine] DEBUG: Crawled (200) <GET https://no1bhubaneswar.kvs.ac.in/academics/student-achiever> (referer: https://no1bhubaneswar.kvs.ac.in/)
2021-01-30 20:51:07 [scrapy.core.engine] DEBUG: Crawled (200) <GET https://no1bhubaneswar.kvs.ac.in/academics/teacher-achievement> (referer: https://no1bhubaneswar.kvs.ac.in/)
2021-01-30 20:51:07 [scrapy.core.engine] DEBUG: Crawled (200) <GET https://no4bhubaneswar.kvs.ac.in/school-initiatives-students/learning-fun> (referer: https://no4bhubaneswar.kvs.ac.in/)
2021-01-30 20:51:09 [scrapy.core.engine] DEBUG: Crawled (200) <GET https://no5bhubaneswar.kvs.ac.in/privacy-policy-3> (referer: https://no5bhubaneswar.kvs.ac.in/)
2021-01-30 20:51:09 [scrapy.core.engine] DEBUG: Crawled (200) <GET https://no4bhubaneswar.kvs.ac.in/school-academic-activities/youth-parliament> (referer: https://no4bhubaneswar.kvs.ac.in/)
2021-01-30 20:51:09 [scrapy.core.engine] DEBUG: Crawled (200) <GET https://no4bhubaneswar.kvs.ac.in/school-initiatives-students/gender-sensitization> (referer: https://no4bhubaneswar.kvs.ac.in/)
2021-01-30 20:51:10 [scrapy.core.engine] DEBUG: Crawled (200) <GET https://no4bhubaneswar.kvs.ac.in/school-initiatives-students/student-empowerment-programme> (referer: https://no4bhubaneswar.kvs.ac.in/)
2021-01-30 20:51:11 [scrapy.core.engine] DEBUG: Crawled (200) <GET https://no5bhubaneswar.kvs.ac.in/feedback-form> (referer: https://no5bhubaneswar.kvs.ac.in/)
2021-01-30 20:51:11 [scrapy.core.engine] DEBUG: Crawled (200) <GET https://no5bhubaneswar.kvs.ac.in/school-tender> (referer: https://no5bhubaneswar.kvs.ac.in/)
2021-01-30 20:51:11 [scrapy.core.engine] DEBUG: Crawled (200) <GET https://no4bhubaneswar.kvs.ac.in/school-initiatives-students/helpdesk> (referer: https://no4bhubaneswar.kvs.ac.in/)
2021-01-30 20:51:11 [scrapy.core.engine] DEBUG: Crawled (200) <GET https://no4bhubaneswar.kvs.ac.in/school-tender> (referer: https://no4bhubaneswar.kvs.ac.in/)
2021-01-30 20:51:12 [scrapy.core.engine] DEBUG: Crawled (200) <GET https://no4bhubaneswar.kvs.ac.in/school-initiatives-students/scientist-making> (referer: https://no4bhubaneswar.kvs.ac.in/)
2021-01-30 20:51:12 [scrapy.core.engine] DEBUG: Crawled (200) <GET https://no5bhubaneswar.kvs.ac.in/hyperlink-policy-0> (referer: https://no5bhubaneswar.kvs.ac.in/)
2021-01-30 20:51:14 [scrapy.core.engine] DEBUG: Crawled (200) <GET https://no5bhubaneswar.kvs.ac.in/school-initiatives-students/pustakophaar> (referer: https://no5bhubaneswar.kvs.ac.in/)
2021-01-30 20:51:15 [scrapy.core.engine] DEBUG: Crawled (200) <GET https://no5bhubaneswar.kvs.ac.in/school-initiatives-students/promotion-language> (referer: https://no5bhubaneswar.kvs.ac.in/)
2021-01-30 20:51:17 [scrapy.core.engine] DEBUG: Crawled (200) <GET https://no5bhubaneswar.kvs.ac.in/disclaimer-4> (referer: https://no5bhubaneswar.kvs.ac.in/)
2021-01-30 20:51:18 [scrapy.core.engine] DEBUG: Crawled (200) <GET https://no5bhubaneswar.kvs.ac.in/school-initiatives-students/helpdesk> (referer: https://no5bhubaneswar.kvs.ac.in/)
2021-01-30 20:51:19 [scrapy.core.engine] DEBUG: Crawled (200) <GET https://no5bhubaneswar.kvs.ac.in/school-initiatives-students/student-empowerment-programme> (referer: https://no5bhubaneswar.kvs.ac.in/)
2021-01-30 20:51:19 [scrapy.core.engine] DEBUG: Crawled (200) <GET https://no4bhubaneswar.kvs.ac.in/school-academic-activities/art-culture> (referer: https://no4bhubaneswar.kvs.ac.in/)
2021-01-30 20:51:22 [scrapy.core.engine] DEBUG: Crawled (200) <GET https://no5bhubaneswar.kvs.ac.in/school-initiatives-students/celebrationsall> (referer: https://no5bhubaneswar.kvs.ac.in/)
2021-01-30 20:51:23 [scrapy.core.engine] DEBUG: Crawled (200) <GET https://no5bhubaneswar.kvs.ac.in/terms-conditions-1086> (referer: https://no5bhubaneswar.kvs.ac.in/)
2021-01-30 20:51:24 [scrapy.downloadermiddlewares.retry] DEBUG: Retrying <GET https://no5bhubaneswar.kvs.ac.in/school-initiatives-students/miscellaneous> (failed 1 times): 408 Request Time-out
2021-01-30 20:51:25 [scrapy.core.engine] DEBUG: Crawled (200) <GET https://no5bhubaneswar.kvs.ac.in/school-initiatives-students/learning-fun> (referer: https://no5bhubaneswar.kvs.ac.in/)
2021-01-30 20:51:26 [scrapy.downloadermiddlewares.retry] DEBUG: Retrying <GET https://no4bhubaneswar.kvs.ac.in/school-initiatives-students/celebrationsall> (failed 1 times): 408 Request Time-out
2021-01-30 20:51:27 [scrapy.core.engine] DEBUG: Crawled (200) <GET https://no5bhubaneswar.kvs.ac.in/school-academic-activities/students-council> (referer: https://no5bhubaneswar.kvs.ac.in/)
2021-01-30 20:51:28 [scrapy.core.engine] DEBUG: Crawled (200) <GET https://no5bhubaneswar.kvs.ac.in/school-academic-activities/education-incursion> (referer: https://no5bhubaneswar.kvs.ac.in/)
2021-01-30 20:51:29 [scrapy.core.engine] DEBUG: Crawled (200) <GET https://no5bhubaneswar.kvs.ac.in/school-initiatives-students/scientist-making> (referer: https://no5bhubaneswar.kvs.ac.in/)
2021-01-30 20:51:30 [scrapy.core.engine] DEBUG: Crawled (200) <GET https://no5bhubaneswar.kvs.ac.in/grievance> (referer: https://no5bhubaneswar.kvs.ac.in/)
2021-01-30 20:51:31 [scrapy.core.engine] DEBUG: Crawled (200) <GET https://no5bhubaneswar.kvs.ac.in/school-academic-activities/co-curricular-activities> (referer: https://no5bhubaneswar.kvs.ac.in/)
2021-01-30 20:51:34 [scrapy.core.engine] DEBUG: Crawled (200) <GET https://no5bhubaneswar.kvs.ac.in/school-academic-activities/art-culture> (referer: https://no5bhubaneswar.kvs.ac.in/)
2021-01-30 20:51:34 [scrapy.core.engine] DEBUG: Crawled (200) <GET https://no5bhubaneswar.kvs.ac.in/school-academic-activities/youth-parliament> (referer: https://no5bhubaneswar.kvs.ac.in/)
2021-01-30 20:51:34 [scrapy.core.engine] DEBUG: Crawled (200) <GET https://no5bhubaneswar.kvs.ac.in/school-academic-activities/vidyalaya-patrikanewsletter> (referer: https://no5bhubaneswar.kvs.ac.in/)
2021-01-30 20:51:36 [scrapy.core.engine] DEBUG: Crawled (200) <GET https://no5bhubaneswar.kvs.ac.in/school-academic-activities/scout-guide-ncc> (referer: https://no5bhubaneswar.kvs.ac.in/)
2021-01-30 20:51:42 [scrapy.core.engine] DEBUG: Crawled (200) <GET https://no5bhubaneswar.kvs.ac.in/school-strengthening-vidyalayas/infrastructure> (referer: https://no5bhubaneswar.kvs.ac.in/)
2021-01-30 20:51:43 [scrapy.core.engine] DEBUG: Crawled (200) <GET https://no5bhubaneswar.kvs.ac.in/school-strengthening-vidyalayas/library-e-granthalaya> (referer: https://no5bhubaneswar.kvs.ac.in/)
2021-01-30 20:51:44 [scrapy.core.engine] DEBUG: Crawled (200) <GET https://no5bhubaneswar.kvs.ac.in/school-strengthening-vidyalayas/bala-initiatives> (referer: https://no5bhubaneswar.kvs.ac.in/)
2021-01-30 20:51:44 [scrapy.core.engine] DEBUG: Crawled (200) <GET https://no5bhubaneswar.kvs.ac.in/school-strengthening-vidyalayas/harit-vidyalayaswachh-vidyalaya> (referer: https://no5bhubaneswar.kvs.ac.in/)
2021-01-30 20:51:46 [scrapy.core.engine] DEBUG: Crawled (200) <GET https://no5bhubaneswar.kvs.ac.in/school-strengthening-vidyalayas/modernisation-labs> (referer: https://no5bhubaneswar.kvs.ac.in/)
2021-01-30 20:51:47 [scrapy.core.engine] DEBUG: Crawled (200) <GET https://no5bhubaneswar.kvs.ac.in/school-academics-overview/student-e-diary> (referer: https://no5bhubaneswar.kvs.ac.in/)
2021-01-30 20:51:47 [scrapy.core.engine] DEBUG: Crawled (200) <GET https://no5bhubaneswar.kvs.ac.in/school-strengthening-vidyalayas/digital-language-labs> (referer: https://no5bhubaneswar.kvs.ac.in/)
2021-01-30 20:51:49 [scrapy.extensions.logstats] INFO: Crawled 68 pages (at 68 pages/min), scraped 0 items (at 0 items/min)
2021-01-30 20:51:51 [scrapy.core.engine] DEBUG: Crawled (200) <GET https://no5bhubaneswar.kvs.ac.in/school-strengthening-vidyalayas/ict-initiatives> (referer: https://no5bhubaneswar.kvs.ac.in/)
2021-01-30 20:51:52 [scrapy.core.engine] DEBUG: Crawled (200) <GET https://no5bhubaneswar.kvs.ac.in/school-academics-overview/maths-science-education> (referer: https://no5bhubaneswar.kvs.ac.in/)
2021-01-30 20:51:53 [scrapy.core.engine] DEBUG: Crawled (200) <GET https://no5bhubaneswar.kvs.ac.in/school-academic-activities/sports> (referer: https://no5bhubaneswar.kvs.ac.in/)
2021-01-30 20:51:54 [scrapy.core.engine] DEBUG: Crawled (200) <GET https://no5bhubaneswar.kvs.ac.in/school-academics-overview/compensation-academic-loss-programme-calp> (referer: https://no5bhubaneswar.kvs.ac.in/)
2021-01-30 20:51:55 [scrapy.core.engine] DEBUG: Crawled (200) <GET https://no5bhubaneswar.kvs.ac.in/school-strengthening-vidyalayas/sop-ndma> (referer: https://no5bhubaneswar.kvs.ac.in/)
2021-01-30 20:51:55 [scrapy.core.engine] DEBUG: Crawled (200) <GET https://no5bhubaneswar.kvs.ac.in/school-academics-overview/ek-bharat-shrestha-bharat> (referer: https://no5bhubaneswar.kvs.ac.in/)
2021-01-30 20:51:57 [scrapy.core.engine] DEBUG: Crawled (200) <GET https://no5bhubaneswar.kvs.ac.in/school-academics-overview/guidance-counselling> (referer: https://no5bhubaneswar.kvs.ac.in/)
2021-01-30 20:51:57 [scrapy.core.engine] DEBUG: Crawled (200) <GET https://no5bhubaneswar.kvs.ac.in/school-academics-overview/mentors> (referer: https://no5bhubaneswar.kvs.ac.in/)
2021-01-30 20:51:59 [scrapy.core.engine] DEBUG: Crawled (200) <GET https://no5bhubaneswar.kvs.ac.in/school-strengthening-vidyalayas/atal-tinkering-lab> (referer: https://no5bhubaneswar.kvs.ac.in/)
2021-01-30 20:52:00 [scrapy.core.engine] DEBUG: Crawled (200) <GET https://no5bhubaneswar.kvs.ac.in/school-kvs-news> (referer: https://no5bhubaneswar.kvs.ac.in/)
2021-01-30 20:52:00 [scrapy.core.engine] DEBUG: Crawled (200) <GET https://no5bhubaneswar.kvs.ac.in/school-academics-overview/academic-result> (referer: https://no5bhubaneswar.kvs.ac.in/)
2021-01-30 20:52:02 [scrapy.core.engine] DEBUG: Crawled (200) <GET https://no5bhubaneswar.kvs.ac.in/creative-corner> (referer: https://no5bhubaneswar.kvs.ac.in/)
2021-01-30 20:52:02 [scrapy.core.engine] DEBUG: Crawled (200) <GET https://no5bhubaneswar.kvs.ac.in/school-academics-overview/academic-planner> (referer: https://no5bhubaneswar.kvs.ac.in/)
2021-01-30 20:52:04 [scrapy.core.engine] DEBUG: Crawled (200) <GET https://no5bhubaneswar.kvs.ac.in/school-contact-us> (referer: https://no5bhubaneswar.kvs.ac.in/)
2021-01-30 20:52:08 [scrapy.core.engine] DEBUG: Crawled (200) <GET https://no5bhubaneswar.kvs.ac.in/school-academics-overview/elementary-education> (referer: https://no5bhubaneswar.kvs.ac.in/)
2021-01-30 20:52:08 [scrapy.core.engine] DEBUG: Crawled (200) <GET https://no5bhubaneswar.kvs.ac.in/sri-s-k-chopdar-0> (referer: https://no5bhubaneswar.kvs.ac.in/)
2021-01-30 20:52:08 [scrapy.core.engine] DEBUG: Crawled (200) <GET https://no5bhubaneswar.kvs.ac.in/school-gyan-kosh> (referer: https://no5bhubaneswar.kvs.ac.in/)
2021-01-30 20:52:09 [scrapy.core.engine] DEBUG: Crawled (200) <GET https://no5bhubaneswar.kvs.ac.in/gallery/school-photo-gallery> (referer: https://no5bhubaneswar.kvs.ac.in/)
2021-01-30 20:52:09 [scrapy.core.engine] DEBUG: Crawled (200) <GET https://no5bhubaneswar.kvs.ac.in/vision-mission> (referer: https://no5bhubaneswar.kvs.ac.in/)
2021-01-30 20:52:10 [scrapy.core.engine] DEBUG: Crawled (200) <GET https://no5bhubaneswar.kvs.ac.in/gallery/school-video-gallery> (referer: https://no5bhubaneswar.kvs.ac.in/)
2021-01-30 20:52:10 [scrapy.core.engine] DEBUG: Crawled (200) <GET https://no5bhubaneswar.kvs.ac.in/school-announcement> (referer: https://no5bhubaneswar.kvs.ac.in/)
2021-01-30 20:52:12 [scrapy.core.engine] DEBUG: Crawled (200) <GET https://no5bhubaneswar.kvs.ac.in/work> (referer: https://no5bhubaneswar.kvs.ac.in/)
2021-01-30 20:52:12 [scrapy.core.engine] DEBUG: Crawled (200) <GET https://no5bhubaneswar.kvs.ac.in/activities/innovations> (referer: https://no5bhubaneswar.kvs.ac.in/)
2021-01-30 20:52:13 [scrapy.core.engine] DEBUG: Crawled (200) <GET https://no5bhubaneswar.kvs.ac.in/enrolment-statistics/student-vacancy> (referer: https://no5bhubaneswar.kvs.ac.in/)
2021-01-30 20:52:15 [scrapy.core.engine] DEBUG: Crawled (200) <GET https://no5bhubaneswar.kvs.ac.in/administration/monthly-salary> (referer: https://no5bhubaneswar.kvs.ac.in/)
2021-01-30 20:52:15 [scrapy.core.engine] DEBUG: Crawled (200) <GET https://no5bhubaneswar.kvs.ac.in/enrolment-statistics/category-wise-enrolment-position> (referer: https://no5bhubaneswar.kvs.ac.in/)
2021-01-30 20:52:17 [scrapy.core.engine] DEBUG: Crawled (200) <GET https://no5bhubaneswar.kvs.ac.in/activities/co-curricular-activity> (referer: https://no5bhubaneswar.kvs.ac.in/)
2021-01-30 20:52:17 [scrapy.core.engine] DEBUG: Crawled (200) <GET https://no5bhubaneswar.kvs.ac.in/administration/teacher-vacancy> (referer: https://no5bhubaneswar.kvs.ac.in/)
2021-01-30 20:52:18 [scrapy.core.engine] DEBUG: Crawled (200) <GET https://no5bhubaneswar.kvs.ac.in/activities/calendar-activity> (referer: https://no5bhubaneswar.kvs.ac.in/)
2021-01-30 20:52:20 [scrapy.core.engine] DEBUG: Crawled (200) <GET https://no5bhubaneswar.kvs.ac.in/administration/vmc-member> (referer: https://no5bhubaneswar.kvs.ac.in/)
2021-01-30 20:52:20 [scrapy.core.engine] DEBUG: Crawled (200) <GET https://no5bhubaneswar.kvs.ac.in/academics/teacher-achievement> (referer: https://no5bhubaneswar.kvs.ac.in/)
2021-01-30 20:52:21 [scrapy.core.engine] DEBUG: Crawled (200) <GET https://no5bhubaneswar.kvs.ac.in/administration/staff-member> (referer: https://no5bhubaneswar.kvs.ac.in/)
2021-01-30 20:52:21 [scrapy.core.engine] DEBUG: Crawled (200) <GET https://no5bhubaneswar.kvs.ac.in/administration/committees> (referer: https://no5bhubaneswar.kvs.ac.in/)
2021-01-30 20:52:23 [scrapy.core.engine] DEBUG: Crawled (200) <GET https://no5bhubaneswar.kvs.ac.in/administration/rti-apio> (referer: https://no5bhubaneswar.kvs.ac.in/)
2021-01-30 20:52:24 [scrapy.core.engine] DEBUG: Crawled (200) <GET https://no5bhubaneswar.kvs.ac.in/academics/results-analysis> (referer: https://no5bhubaneswar.kvs.ac.in/)
2021-01-30 20:52:24 [scrapy.core.engine] DEBUG: Crawled (200) <GET https://no5bhubaneswar.kvs.ac.in/enrolment-statistics/tc-issued> (referer: https://no5bhubaneswar.kvs.ac.in/)
2021-01-30 20:52:24 [scrapy.core.engine] DEBUG: Crawled (200) <GET https://no4bhubaneswar.kvs.ac.in/school-academic-activities/vidyalaya-patrikanewsletter> (referer: https://no4bhubaneswar.kvs.ac.in/)
2021-01-30 20:52:26 [scrapy.core.engine] DEBUG: Crawled (200) <GET https://no5bhubaneswar.kvs.ac.in/academics/student-achiever> (referer: https://no5bhubaneswar.kvs.ac.in/)
2021-01-30 20:52:26 [scrapy.core.engine] DEBUG: Crawled (200) <GET https://no5bhubaneswar.kvs.ac.in/academics/admission-detail> (referer: https://no5bhubaneswar.kvs.ac.in/)
2021-01-30 20:52:27 [scrapy.core.engine] DEBUG: Crawled (200) <GET https://no5bhubaneswar.kvs.ac.in/enrolment-statistics/class-wise-enrolment-position> (referer: https://no5bhubaneswar.kvs.ac.in/)
2021-01-30 20:52:28 [scrapy.core.engine] DEBUG: Crawled (200) <GET https://no4bhubaneswar.kvs.ac.in/school-academic-activities/scout-guide-ncc> (referer: https://no4bhubaneswar.kvs.ac.in/)
2021-01-30 20:52:28 [scrapy.core.engine] DEBUG: Crawled (200) <GET https://no4bhubaneswar.kvs.ac.in/school-academic-activities/students-council> (referer: https://no4bhubaneswar.kvs.ac.in/)
2021-01-30 20:52:28 [scrapy.core.engine] DEBUG: Crawled (200) <GET https://no5bhubaneswar.kvs.ac.in/academics/fees-structure> (referer: https://no5bhubaneswar.kvs.ac.in/)
2021-01-30 20:52:29 [scrapy.core.engine] DEBUG: Crawled (200) <GET https://no5bhubaneswar.kvs.ac.in/about-us/facilities> (referer: https://no5bhubaneswar.kvs.ac.in/)
2021-01-30 20:52:29 [scrapy.core.engine] DEBUG: Crawled (200) <GET https://no5bhubaneswar.kvs.ac.in/about-us/cbse-affiliation-report> (referer: https://no5bhubaneswar.kvs.ac.in/)
2021-01-30 20:52:30 [scrapy.core.engine] DEBUG: Crawled (200) <GET https://no4bhubaneswar.kvs.ac.in/school-academic-activities/co-curricular-activities> (referer: https://no4bhubaneswar.kvs.ac.in/)
2021-01-30 20:52:30 [scrapy.core.engine] DEBUG: Crawled (200) <GET https://no4bhubaneswar.kvs.ac.in/school-academic-activities/education-incursion> (referer: https://no4bhubaneswar.kvs.ac.in/)
2021-01-30 20:52:31 [scrapy.core.engine] DEBUG: Crawled (200) <GET https://no4bhubaneswar.kvs.ac.in/school-strengthening-vidyalayas/sop-ndma> (referer: https://no4bhubaneswar.kvs.ac.in/)
2021-01-30 20:52:32 [scrapy.core.engine] DEBUG: Crawled (200) <GET https://no5bhubaneswar.kvs.ac.in/about-us/deputy-commissioners-message> (referer: https://no5bhubaneswar.kvs.ac.in/)
2021-01-30 20:52:32 [scrapy.core.engine] DEBUG: Crawled (200) <GET https://no5bhubaneswar.kvs.ac.in/about-us/about-kvs> (referer: https://no5bhubaneswar.kvs.ac.in/)
2021-01-30 20:52:32 [scrapy.core.engine] DEBUG: Crawled (200) <GET https://no5bhubaneswar.kvs.ac.in/about-us/principal-message> (referer: https://no5bhubaneswar.kvs.ac.in/)
2021-01-30 20:52:32 [scrapy.core.engine] DEBUG: Crawled (200) <GET https://no4bhubaneswar.kvs.ac.in/school-academic-activities/sports> (referer: https://no4bhubaneswar.kvs.ac.in/)
2021-01-30 20:52:33 [scrapy.core.engine] DEBUG: Crawled (200) <GET https://no4bhubaneswar.kvs.ac.in/school-strengthening-vidyalayas/library-e-granthalaya> (referer: https://no4bhubaneswar.kvs.ac.in/)
2021-01-30 20:52:33 [scrapy.core.engine] DEBUG: Crawled (200) <GET https://no4bhubaneswar.kvs.ac.in/school-strengthening-vidyalayas/bala-initiatives> (referer: https://no4bhubaneswar.kvs.ac.in/)
2021-01-30 20:52:35 [scrapy.core.engine] DEBUG: Crawled (200) <GET https://no4bhubaneswar.kvs.ac.in/school-strengthening-vidyalayas/ict-initiatives> (referer: https://no4bhubaneswar.kvs.ac.in/)
2021-01-30 20:52:35 [scrapy.core.engine] DEBUG: Crawled (200) <GET https://no4bhubaneswar.kvs.ac.in/school-strengthening-vidyalayas/harit-vidyalayaswachh-vidyalaya> (referer: https://no4bhubaneswar.kvs.ac.in/)
2021-01-30 20:52:36 [scrapy.core.engine] DEBUG: Crawled (200) <GET https://no5bhubaneswar.kvs.ac.in/about-us/ict-infrastructure> (referer: https://no5bhubaneswar.kvs.ac.in/)
2021-01-30 20:52:36 [scrapy.core.engine] DEBUG: Crawled (200) <GET https://no5bhubaneswar.kvs.ac.in/user/login> (referer: https://no5bhubaneswar.kvs.ac.in/)
2021-01-30 20:52:37 [scrapy.core.engine] DEBUG: Crawled (200) <GET https://no4bhubaneswar.kvs.ac.in/school-academics-overview/student-e-diary> (referer: https://no4bhubaneswar.kvs.ac.in/)
2021-01-30 20:52:39 [scrapy.core.engine] DEBUG: Crawled (200) <GET https://no4bhubaneswar.kvs.ac.in/school-academics-overview/guidance-counselling> (referer: https://no4bhubaneswar.kvs.ac.in/)
2021-01-30 20:52:39 [scrapy.core.engine] DEBUG: Crawled (200) <GET https://no4bhubaneswar.kvs.ac.in/school-strengthening-vidyalayas/atal-tinkering-lab> (referer: https://no4bhubaneswar.kvs.ac.in/)
2021-01-30 20:52:39 [scrapy.core.engine] DEBUG: Crawled (200) <GET https://no4bhubaneswar.kvs.ac.in/school-academics-overview/maths-science-education> (referer: https://no4bhubaneswar.kvs.ac.in/)
2021-01-30 20:52:40 [scrapy.core.engine] DEBUG: Crawled (200) <GET https://no4bhubaneswar.kvs.ac.in/school-strengthening-vidyalayas/digital-language-labs> (referer: https://no4bhubaneswar.kvs.ac.in/)
2021-01-30 20:52:42 [scrapy.core.engine] DEBUG: Crawled (200) <GET https://no4bhubaneswar.kvs.ac.in/school-academics-overview/ek-bharat-shrestha-bharat> (referer: https://no4bhubaneswar.kvs.ac.in/)
2021-01-30 20:52:42 [scrapy.core.engine] DEBUG: Crawled (200) <GET https://no4bhubaneswar.kvs.ac.in/school-academics-overview/elementary-education> (referer: https://no4bhubaneswar.kvs.ac.in/)
2021-01-30 20:52:43 [scrapy.core.engine] DEBUG: Crawled (200) <GET https://no4bhubaneswar.kvs.ac.in/school-strengthening-vidyalayas/modernisation-labs> (referer: https://no4bhubaneswar.kvs.ac.in/)
2021-01-30 20:52:43 [scrapy.core.engine] DEBUG: Crawled (200) <GET https://no4bhubaneswar.kvs.ac.in/school-strengthening-vidyalayas/infrastructure> (referer: https://no4bhubaneswar.kvs.ac.in/)
2021-01-30 20:52:44 [scrapy.core.engine] DEBUG: Crawled (200) <GET https://no4bhubaneswar.kvs.ac.in/school-academics-overview/mentors> (referer: https://no4bhubaneswar.kvs.ac.in/)
2021-01-30 20:52:46 [scrapy.core.engine] DEBUG: Crawled (200) <GET https://no4bhubaneswar.kvs.ac.in/sri-s-k-chopdar-0> (referer: https://no4bhubaneswar.kvs.ac.in/)
2021-01-30 20:52:46 [scrapy.core.engine] DEBUG: Crawled (200) <GET https://no4bhubaneswar.kvs.ac.in/school-kvs-news> (referer: https://no4bhubaneswar.kvs.ac.in/)
2021-01-30 20:52:47 [scrapy.core.engine] DEBUG: Crawled (200) <GET https://no4bhubaneswar.kvs.ac.in/school-academics-overview/compensation-academic-loss-programme-calp> (referer: https://no4bhubaneswar.kvs.ac.in/)
2021-01-30 20:52:48 [scrapy.core.engine] DEBUG: Crawled (200) <GET https://no4bhubaneswar.kvs.ac.in/school-academics-overview/academic-planner> (referer: https://no4bhubaneswar.kvs.ac.in/)
2021-01-30 20:52:49 [scrapy.extensions.logstats] INFO: Crawled 140 pages (at 72 pages/min), scraped 0 items (at 0 items/min)
2021-01-30 20:52:50 [scrapy.core.engine] DEBUG: Crawled (200) <GET https://no4bhubaneswar.kvs.ac.in/school-gyan-kosh> (referer: https://no4bhubaneswar.kvs.ac.in/)
2021-01-30 20:52:50 [scrapy.core.engine] DEBUG: Crawled (200) <GET https://no4bhubaneswar.kvs.ac.in/school-contact-us> (referer: https://no4bhubaneswar.kvs.ac.in/)
2021-01-30 20:52:50 [scrapy.core.engine] DEBUG: Crawled (200) <GET https://no4bhubaneswar.kvs.ac.in/school-academics-overview/academic-result> (referer: https://no4bhubaneswar.kvs.ac.in/)
2021-01-30 20:52:51 [scrapy.core.engine] DEBUG: Crawled (200) <GET https://no4bhubaneswar.kvs.ac.in/vision-mission> (referer: https://no4bhubaneswar.kvs.ac.in/)
2021-01-30 20:52:52 [scrapy.core.engine] DEBUG: Crawled (200) <GET https://no4bhubaneswar.kvs.ac.in/gallery/school-video-gallery> (referer: https://no4bhubaneswar.kvs.ac.in/)
2021-01-30 20:52:53 [scrapy.core.engine] DEBUG: Crawled (200) <GET https://no4bhubaneswar.kvs.ac.in/gallery/school-photo-gallery> (referer: https://no4bhubaneswar.kvs.ac.in/)
2021-01-30 20:52:54 [scrapy.core.engine] DEBUG: Crawled (200) <GET https://no4bhubaneswar.kvs.ac.in/school-announcement> (referer: https://no4bhubaneswar.kvs.ac.in/)
2021-01-30 20:52:55 [scrapy.core.engine] DEBUG: Crawled (200) <GET https://no4bhubaneswar.kvs.ac.in/creative-corner> (referer: https://no4bhubaneswar.kvs.ac.in/)
2021-01-30 20:52:55 [scrapy.core.engine] DEBUG: Crawled (200) <GET https://no4bhubaneswar.kvs.ac.in/enrolment-statistics/student-vacancy> (referer: https://no4bhubaneswar.kvs.ac.in/)
2021-01-30 20:52:55 [scrapy.core.engine] DEBUG: Crawled (200) <GET https://no4bhubaneswar.kvs.ac.in/work> (referer: https://no4bhubaneswar.kvs.ac.in/)
2021-01-30 20:52:57 [scrapy.core.engine] DEBUG: Crawled (200) <GET https://no4bhubaneswar.kvs.ac.in/activities/calendar-activity> (referer: https://no4bhubaneswar.kvs.ac.in/)
2021-01-30 20:52:58 [scrapy.core.engine] DEBUG: Crawled (200) <GET https://no4bhubaneswar.kvs.ac.in/administration/teacher-vacancy> (referer: https://no4bhubaneswar.kvs.ac.in/)
2021-01-30 20:52:59 [scrapy.core.engine] DEBUG: Crawled (200) <GET https://no4bhubaneswar.kvs.ac.in/enrolment-statistics/class-wise-enrolment-position> (referer: https://no4bhubaneswar.kvs.ac.in/)
2021-01-30 20:52:59 [scrapy.core.engine] DEBUG: Crawled (200) <GET https://no4bhubaneswar.kvs.ac.in/enrolment-statistics/category-wise-enrolment-position> (referer: https://no4bhubaneswar.kvs.ac.in/)
2021-01-30 20:53:00 [scrapy.core.engine] DEBUG: Crawled (200) <GET https://no4bhubaneswar.kvs.ac.in/administration/monthly-salary> (referer: https://no4bhubaneswar.kvs.ac.in/)
2021-01-30 20:53:01 [scrapy.core.engine] DEBUG: Crawled (200) <GET https://no4bhubaneswar.kvs.ac.in/enrolment-statistics/tc-issued> (referer: https://no4bhubaneswar.kvs.ac.in/)
2021-01-30 20:53:01 [scrapy.core.engine] DEBUG: Crawled (200) <GET https://no4bhubaneswar.kvs.ac.in/administration/vmc-member> (referer: https://no4bhubaneswar.kvs.ac.in/)
2021-01-30 20:53:02 [scrapy.core.engine] DEBUG: Crawled (200) <GET https://no4bhubaneswar.kvs.ac.in/administration/rti-apio> (referer: https://no4bhubaneswar.kvs.ac.in/)
2021-01-30 20:53:06 [scrapy.core.engine] DEBUG: Crawled (200) <GET https://no4bhubaneswar.kvs.ac.in/academics/student-achiever> (referer: https://no4bhubaneswar.kvs.ac.in/)
2021-01-30 20:53:06 [scrapy.core.engine] DEBUG: Crawled (200) <GET https://no4bhubaneswar.kvs.ac.in/administration/staff-member> (referer: https://no4bhubaneswar.kvs.ac.in/)
2021-01-30 20:53:06 [scrapy.core.engine] DEBUG: Crawled (200) <GET https://no4bhubaneswar.kvs.ac.in/academics/teacher-achievement> (referer: https://no4bhubaneswar.kvs.ac.in/)
2021-01-30 20:53:06 [scrapy.core.engine] DEBUG: Crawled (200) <GET https://no4bhubaneswar.kvs.ac.in/administration/committees> (referer: https://no4bhubaneswar.kvs.ac.in/)
2021-01-30 20:53:07 [scrapy.core.engine] DEBUG: Crawled (200) <GET https://no4bhubaneswar.kvs.ac.in/activities/innovations> (referer: https://no4bhubaneswar.kvs.ac.in/)
2021-01-30 20:53:09 [scrapy.core.engine] DEBUG: Crawled (200) <GET https://no4bhubaneswar.kvs.ac.in/academics/fees-structure> (referer: https://no4bhubaneswar.kvs.ac.in/)
2021-01-30 20:53:09 [scrapy.core.engine] DEBUG: Crawled (200) <GET https://no2bhubaneswar.kvs.ac.in/hyperlink-policy-0> (referer: https://no2bhubaneswar.kvs.ac.in/)
2021-01-30 20:53:11 [scrapy.core.engine] DEBUG: Crawled (200) <GET https://no2bhubaneswar.kvs.ac.in/grievance> (referer: https://no2bhubaneswar.kvs.ac.in/)
2021-01-30 20:53:12 [scrapy.core.engine] DEBUG: Crawled (200) <GET https://no2bhubaneswar.kvs.ac.in/disclaimer-4> (referer: https://no2bhubaneswar.kvs.ac.in/)
2021-01-30 20:53:12 [scrapy.core.engine] DEBUG: Crawled (200) <GET https://no2bhubaneswar.kvs.ac.in/school-initiatives-students/miscellaneous> (referer: https://no2bhubaneswar.kvs.ac.in/)
2021-01-30 20:53:12 [scrapy.core.engine] DEBUG: Crawled (200) <GET https://no4bhubaneswar.kvs.ac.in/about-us/deputy-commissioners-message> (referer: https://no4bhubaneswar.kvs.ac.in/)
2021-01-30 20:53:14 [scrapy.core.engine] DEBUG: Crawled (200) <GET https://no2bhubaneswar.kvs.ac.in/school-tender> (referer: https://no2bhubaneswar.kvs.ac.in/)
2021-01-30 20:53:14 [scrapy.core.engine] DEBUG: Crawled (200) <GET https://no4bhubaneswar.kvs.ac.in/about-us/ict-infrastructure> (referer: https://no4bhubaneswar.kvs.ac.in/)
2021-01-30 20:53:14 [scrapy.core.engine] DEBUG: Crawled (200) <GET https://no4bhubaneswar.kvs.ac.in/academics/admission-detail> (referer: https://no4bhubaneswar.kvs.ac.in/)
2021-01-30 20:53:15 [scrapy.core.engine] DEBUG: Crawled (200) <GET https://no4bhubaneswar.kvs.ac.in/about-us/facilities> (referer: https://no4bhubaneswar.kvs.ac.in/)
2021-01-30 20:53:15 [scrapy.core.engine] DEBUG: Crawled (200) <GET https://no2bhubaneswar.kvs.ac.in/school-initiatives-students/promotion-language> (referer: https://no2bhubaneswar.kvs.ac.in/)
2021-01-30 20:53:16 [scrapy.core.engine] DEBUG: Crawled (200) <GET https://no4bhubaneswar.kvs.ac.in/about-us/principal-message> (referer: https://no4bhubaneswar.kvs.ac.in/)
2021-01-30 20:53:16 [scrapy.core.engine] DEBUG: Crawled (200) <GET https://no2bhubaneswar.kvs.ac.in/school-initiatives-students/celebrationsall> (referer: https://no2bhubaneswar.kvs.ac.in/)
2021-01-30 20:53:16 [scrapy.core.engine] DEBUG: Crawled (200) <GET https://no2bhubaneswar.kvs.ac.in/school-initiatives-students/gender-sensitization> (referer: https://no2bhubaneswar.kvs.ac.in/)
2021-01-30 20:53:17 [scrapy.core.engine] DEBUG: Crawled (200) <GET https://no2bhubaneswar.kvs.ac.in/school-initiatives-students/scientist-making> (referer: https://no2bhubaneswar.kvs.ac.in/)
2021-01-30 20:53:18 [scrapy.core.engine] DEBUG: Crawled (200) <GET https://no4bhubaneswar.kvs.ac.in/about-us/cbse-affiliation-report> (referer: https://no4bhubaneswar.kvs.ac.in/)
2021-01-30 20:53:19 [scrapy.core.engine] DEBUG: Crawled (200) <GET https://no2bhubaneswar.kvs.ac.in/school-initiatives-students/learning-fun> (referer: https://no2bhubaneswar.kvs.ac.in/)
2021-01-30 20:53:19 [scrapy.core.engine] DEBUG: Crawled (200) <GET https://no2bhubaneswar.kvs.ac.in/school-academic-activities/vidyalaya-patrikanewsletter> (referer: https://no2bhubaneswar.kvs.ac.in/)
2021-01-30 20:53:19 [scrapy.core.engine] DEBUG: Crawled (200) <GET https://no2bhubaneswar.kvs.ac.in/school-initiatives-students/helpdesk> (referer: https://no2bhubaneswar.kvs.ac.in/)
2021-01-30 20:53:20 [scrapy.core.engine] DEBUG: Crawled (200) <GET https://no4bhubaneswar.kvs.ac.in/about-us/about-kvs> (referer: https://no4bhubaneswar.kvs.ac.in/)
2021-01-30 20:53:20 [scrapy.core.engine] DEBUG: Crawled (200) <GET https://no4bhubaneswar.kvs.ac.in/user/login> (referer: https://no4bhubaneswar.kvs.ac.in/)
2021-01-30 20:53:20 [scrapy.core.engine] DEBUG: Crawled (200) <GET https://no2bhubaneswar.kvs.ac.in/school-academic-activities/youth-parliament> (referer: https://no2bhubaneswar.kvs.ac.in/)
2021-01-30 20:53:22 [scrapy.core.engine] DEBUG: Crawled (200) <GET https://no2bhubaneswar.kvs.ac.in/school-academic-activities/students-council> (referer: https://no2bhubaneswar.kvs.ac.in/)
2021-01-30 20:53:22 [scrapy.downloadermiddlewares.retry] DEBUG: Retrying <GET https://no4bhubaneswar.kvs.ac.in/activities/co-curricular-activity> (failed 1 times): TCP connection timed out: 110: Connection timed out.
2021-01-30 20:53:23 [scrapy.core.engine] DEBUG: Crawled (200) <GET https://no2bhubaneswar.kvs.ac.in/school-academic-activities/co-curricular-activities> (referer: https://no2bhubaneswar.kvs.ac.in/)
2021-01-30 20:53:23 [scrapy.core.engine] DEBUG: Crawled (200) <GET https://no2bhubaneswar.kvs.ac.in/school-academic-activities/education-incursion> (referer: https://no2bhubaneswar.kvs.ac.in/)
2021-01-30 20:53:24 [scrapy.core.engine] DEBUG: Crawled (200) <GET https://no2bhubaneswar.kvs.ac.in/school-academic-activities/art-culture> (referer: https://no2bhubaneswar.kvs.ac.in/)
2021-01-30 20:53:26 [scrapy.core.engine] DEBUG: Crawled (200) <GET https://no2bhubaneswar.kvs.ac.in/school-strengthening-vidyalayas/modernisation-labs> (referer: https://no2bhubaneswar.kvs.ac.in/)
2021-01-30 20:53:28 [scrapy.core.engine] DEBUG: Crawled (200) <GET https://no2bhubaneswar.kvs.ac.in/school-initiatives-students/student-empowerment-programme> (referer: https://no2bhubaneswar.kvs.ac.in/)
2021-01-30 20:53:28 [scrapy.core.engine] DEBUG: Crawled (200) <GET https://no2bhubaneswar.kvs.ac.in/school-strengthening-vidyalayas/bala-initiatives> (referer: https://no2bhubaneswar.kvs.ac.in/)
2021-01-30 20:53:29 [scrapy.core.engine] DEBUG: Crawled (200) <GET https://no2bhubaneswar.kvs.ac.in/school-strengthening-vidyalayas/sop-ndma> (referer: https://no2bhubaneswar.kvs.ac.in/)
2021-01-30 20:53:29 [scrapy.core.engine] DEBUG: Crawled (200) <GET https://no2bhubaneswar.kvs.ac.in/school-initiatives-students/pustakophaar> (referer: https://no2bhubaneswar.kvs.ac.in/)
2021-01-30 20:53:30 [scrapy.core.engine] DEBUG: Crawled (200) <GET https://no2bhubaneswar.kvs.ac.in/school-academic-activities/scout-guide-ncc> (referer: https://no2bhubaneswar.kvs.ac.in/)
2021-01-30 20:53:31 [scrapy.core.engine] DEBUG: Crawled (200) <GET https://no2bhubaneswar.kvs.ac.in/school-strengthening-vidyalayas/library-e-granthalaya> (referer: https://no2bhubaneswar.kvs.ac.in/)
2021-01-30 20:53:31 [scrapy.core.engine] DEBUG: Crawled (200) <GET https://no2bhubaneswar.kvs.ac.in/school-strengthening-vidyalayas/harit-vidyalayaswachh-vidyalaya> (referer: https://no2bhubaneswar.kvs.ac.in/)
2021-01-30 20:53:32 [scrapy.core.engine] DEBUG: Crawled (200) <GET https://no2bhubaneswar.kvs.ac.in/school-strengthening-vidyalayas/digital-language-labs> (referer: https://no2bhubaneswar.kvs.ac.in/)
2021-01-30 20:53:32 [scrapy.core.engine] DEBUG: Crawled (200) <GET https://no2bhubaneswar.kvs.ac.in/school-academic-activities/sports> (referer: https://no2bhubaneswar.kvs.ac.in/)
2021-01-30 20:53:32 [scrapy.core.engine] DEBUG: Crawled (200) <GET https://no2bhubaneswar.kvs.ac.in/school-strengthening-vidyalayas/infrastructure> (referer: https://no2bhubaneswar.kvs.ac.in/)
2021-01-30 20:53:32 [scrapy.core.engine] DEBUG: Crawled (200) <GET https://no2bhubaneswar.kvs.ac.in/school-strengthening-vidyalayas/atal-tinkering-lab> (referer: https://no2bhubaneswar.kvs.ac.in/)
2021-01-30 20:53:33 [scrapy.core.engine] DEBUG: Crawled (200) <GET https://no2bhubaneswar.kvs.ac.in/school-academics-overview/student-e-diary> (referer: https://no2bhubaneswar.kvs.ac.in/)
2021-01-30 20:53:34 [scrapy.core.engine] DEBUG: Crawled (200) <GET https://no2bhubaneswar.kvs.ac.in/school-strengthening-vidyalayas/ict-initiatives> (referer: https://no2bhubaneswar.kvs.ac.in/)
2021-01-30 20:53:36 [scrapy.core.engine] DEBUG: Crawled (200) <GET https://no2bhubaneswar.kvs.ac.in/school-academics-overview/elementary-education> (referer: https://no2bhubaneswar.kvs.ac.in/)
2021-01-30 20:53:36 [scrapy.core.engine] DEBUG: Crawled (200) <GET https://no2bhubaneswar.kvs.ac.in/school-academics-overview/maths-science-education> (referer: https://no2bhubaneswar.kvs.ac.in/)
2021-01-30 20:53:36 [scrapy.core.engine] DEBUG: Crawled (200) <GET https://no2bhubaneswar.kvs.ac.in/school-academics-overview/mentors> (referer: https://no2bhubaneswar.kvs.ac.in/)
2021-01-30 20:53:37 [scrapy.core.engine] DEBUG: Crawled (200) <GET https://no4bhubaneswar.kvs.ac.in/academics/results-analysis> (referer: https://no4bhubaneswar.kvs.ac.in/)
2021-01-30 20:53:37 [scrapy.core.engine] DEBUG: Crawled (200) <GET https://no2bhubaneswar.kvs.ac.in/school-academics-overview/academic-result> (referer: https://no2bhubaneswar.kvs.ac.in/)
2021-01-30 20:53:38 [scrapy.core.engine] DEBUG: Crawled (200) <GET https://no2bhubaneswar.kvs.ac.in/school-academics-overview/compensation-academic-loss-programme-calp> (referer: https://no2bhubaneswar.kvs.ac.in/)
2021-01-30 20:53:38 [scrapy.core.engine] DEBUG: Crawled (200) <GET https://no2bhubaneswar.kvs.ac.in/school-academics-overview/guidance-counselling> (referer: https://no2bhubaneswar.kvs.ac.in/)
2021-01-30 20:53:40 [scrapy.core.engine] DEBUG: Crawled (200) <GET https://no2bhubaneswar.kvs.ac.in/sri-s-k-chopdar-0> (referer: https://no2bhubaneswar.kvs.ac.in/)
2021-01-30 20:53:40 [scrapy.core.engine] DEBUG: Crawled (200) <GET https://no2bhubaneswar.kvs.ac.in/creative-corner> (referer: https://no2bhubaneswar.kvs.ac.in/)
2021-01-30 20:53:41 [scrapy.core.engine] DEBUG: Crawled (200) <GET https://no2bhubaneswar.kvs.ac.in/vision-mission> (referer: https://no2bhubaneswar.kvs.ac.in/)
2021-01-30 20:53:41 [scrapy.core.engine] DEBUG: Crawled (200) <GET https://no2bhubaneswar.kvs.ac.in/school-academics-overview/academic-planner> (referer: https://no2bhubaneswar.kvs.ac.in/)
2021-01-30 20:53:42 [scrapy.core.engine] DEBUG: Crawled (200) <GET https://no2bhubaneswar.kvs.ac.in/school-contact-us> (referer: https://no2bhubaneswar.kvs.ac.in/)
2021-01-30 20:53:44 [scrapy.core.engine] DEBUG: Crawled (200) <GET https://no2bhubaneswar.kvs.ac.in/gallery/school-video-gallery> (referer: https://no2bhubaneswar.kvs.ac.in/)
2021-01-30 20:53:44 [scrapy.core.engine] DEBUG: Crawled (200) <GET https://no2bhubaneswar.kvs.ac.in/school-academics-overview/ek-bharat-shrestha-bharat> (referer: https://no2bhubaneswar.kvs.ac.in/)
2021-01-30 20:53:45 [scrapy.core.engine] DEBUG: Crawled (200) <GET https://no2bhubaneswar.kvs.ac.in/school-gyan-kosh> (referer: https://no2bhubaneswar.kvs.ac.in/)
2021-01-30 20:53:47 [scrapy.core.engine] DEBUG: Crawled (200) <GET https://no2bhubaneswar.kvs.ac.in/activities/innovations> (referer: https://no2bhubaneswar.kvs.ac.in/)
2021-01-30 20:53:48 [scrapy.core.engine] DEBUG: Crawled (200) <GET https://no2bhubaneswar.kvs.ac.in/school-announcement> (referer: https://no2bhubaneswar.kvs.ac.in/)
2021-01-30 20:53:48 [scrapy.core.engine] DEBUG: Crawled (200) <GET https://no2bhubaneswar.kvs.ac.in/activities/calendar-activity> (referer: https://no2bhubaneswar.kvs.ac.in/)
2021-01-30 20:53:48 [scrapy.core.engine] DEBUG: Crawled (200) <GET https://no2bhubaneswar.kvs.ac.in/school-kvs-news> (referer: https://no2bhubaneswar.kvs.ac.in/)
2021-01-30 20:53:49 [scrapy.core.engine] DEBUG: Crawled (200) <GET https://no2bhubaneswar.kvs.ac.in/enrolment-statistics/student-vacancy> (referer: https://no2bhubaneswar.kvs.ac.in/)
2021-01-30 20:53:49 [scrapy.extensions.logstats] INFO: Crawled 223 pages (at 83 pages/min), scraped 0 items (at 0 items/min)
2021-01-30 20:53:50 [scrapy.core.engine] DEBUG: Crawled (200) <GET https://no2bhubaneswar.kvs.ac.in/work> (referer: https://no2bhubaneswar.kvs.ac.in/)
2021-01-30 20:53:52 [scrapy.core.engine] DEBUG: Crawled (200) <GET https://no2bhubaneswar.kvs.ac.in/enrolment-statistics/class-wise-enrolment-position> (referer: https://no2bhubaneswar.kvs.ac.in/)
2021-01-30 20:53:54 [scrapy.core.engine] DEBUG: Crawled (200) <GET https://no2bhubaneswar.kvs.ac.in/gallery/school-photo-gallery> (referer: https://no2bhubaneswar.kvs.ac.in/)
2021-01-30 20:53:54 [scrapy.core.engine] DEBUG: Crawled (200) <GET https://no2bhubaneswar.kvs.ac.in/administration/monthly-salary> (referer: https://no2bhubaneswar.kvs.ac.in/)
2021-01-30 20:53:54 [scrapy.core.engine] DEBUG: Crawled (200) <GET https://no2bhubaneswar.kvs.ac.in/administration/teacher-vacancy> (referer: https://no2bhubaneswar.kvs.ac.in/)
2021-01-30 20:53:54 [scrapy.core.engine] DEBUG: Crawled (200) <GET https://no2bhubaneswar.kvs.ac.in/enrolment-statistics/category-wise-enrolment-position> (referer: https://no2bhubaneswar.kvs.ac.in/)
2021-01-30 20:53:54 [scrapy.core.engine] DEBUG: Crawled (200) <GET https://no2bhubaneswar.kvs.ac.in/activities/co-curricular-activity> (referer: https://no2bhubaneswar.kvs.ac.in/)
2021-01-30 20:53:56 [scrapy.core.engine] DEBUG: Crawled (200) <GET https://no2bhubaneswar.kvs.ac.in/administration/rti-apio> (referer: https://no2bhubaneswar.kvs.ac.in/)
2021-01-30 20:53:56 [scrapy.core.engine] DEBUG: Crawled (200) <GET https://no2bhubaneswar.kvs.ac.in/administration/vmc-member> (referer: https://no2bhubaneswar.kvs.ac.in/)
2021-01-30 20:53:56 [scrapy.core.engine] DEBUG: Crawled (200) <GET https://no2bhubaneswar.kvs.ac.in/enrolment-statistics/tc-issued> (referer: https://no2bhubaneswar.kvs.ac.in/)
2021-01-30 20:53:57 [scrapy.core.engine] DEBUG: Crawled (200) <GET https://no2bhubaneswar.kvs.ac.in/administration/committees> (referer: https://no2bhubaneswar.kvs.ac.in/)
2021-01-30 20:53:59 [scrapy.core.engine] DEBUG: Crawled (200) <GET https://no2bhubaneswar.kvs.ac.in/about-us/ict-infrastructure> (referer: https://no2bhubaneswar.kvs.ac.in/)
2021-01-30 20:53:59 [scrapy.core.engine] DEBUG: Crawled (200) <GET https://no2bhubaneswar.kvs.ac.in/academics/student-achiever> (referer: https://no2bhubaneswar.kvs.ac.in/)
2021-01-30 20:53:59 [scrapy.core.engine] DEBUG: Crawled (200) <GET https://no2bhubaneswar.kvs.ac.in/academics/results-analysis> (referer: https://no2bhubaneswar.kvs.ac.in/)
2021-01-30 20:53:59 [scrapy.core.engine] DEBUG: Crawled (200) <GET https://no6bhubaneswar.kvs.ac.in/terms-conditions-1086> (referer: https://no6bhubaneswar.kvs.ac.in/)
2021-01-30 20:54:02 [scrapy.core.engine] DEBUG: Crawled (200) <GET https://no2bhubaneswar.kvs.ac.in/about-us/cbse-affiliation-report> (referer: https://no2bhubaneswar.kvs.ac.in/)
2021-01-30 20:54:03 [scrapy.core.engine] DEBUG: Crawled (200) <GET https://no6bhubaneswar.kvs.ac.in/privacy-policy-3> (referer: https://no6bhubaneswar.kvs.ac.in/)
2021-01-30 20:54:03 [scrapy.core.engine] DEBUG: Crawled (200) <GET https://no6bhubaneswar.kvs.ac.in/school-tender> (referer: https://no6bhubaneswar.kvs.ac.in/)
2021-01-30 20:54:03 [scrapy.core.engine] DEBUG: Crawled (200) <GET https://no6bhubaneswar.kvs.ac.in/grievance> (referer: https://no6bhubaneswar.kvs.ac.in/)
2021-01-30 20:54:06 [scrapy.core.engine] DEBUG: Crawled (200) <GET https://no6bhubaneswar.kvs.ac.in/hyperlink-policy-0> (referer: https://no6bhubaneswar.kvs.ac.in/)
2021-01-30 20:54:07 [scrapy.core.engine] DEBUG: Crawled (200) <GET https://no6bhubaneswar.kvs.ac.in/school-initiatives-students/helpdesk> (referer: https://no6bhubaneswar.kvs.ac.in/)
2021-01-30 20:54:08 [scrapy.core.engine] DEBUG: Crawled (200) <GET https://no2bhubaneswar.kvs.ac.in/about-us/facilities> (referer: https://no2bhubaneswar.kvs.ac.in/)
2021-01-30 20:54:08 [scrapy.core.engine] DEBUG: Crawled (200) <GET https://no2bhubaneswar.kvs.ac.in/about-us/principal-message> (referer: https://no2bhubaneswar.kvs.ac.in/)
2021-01-30 20:54:08 [scrapy.core.engine] DEBUG: Crawled (200) <GET https://no2bhubaneswar.kvs.ac.in/academics/fees-structure> (referer: https://no2bhubaneswar.kvs.ac.in/)
2021-01-30 20:54:08 [scrapy.core.engine] DEBUG: Crawled (200) <GET https://no6bhubaneswar.kvs.ac.in/disclaimer-4> (referer: https://no6bhubaneswar.kvs.ac.in/)
2021-01-30 20:54:09 [scrapy.core.engine] DEBUG: Crawled (200) <GET https://no6bhubaneswar.kvs.ac.in/school-initiatives-students/miscellaneous> (referer: https://no6bhubaneswar.kvs.ac.in/)
2021-01-30 20:54:10 [scrapy.core.engine] DEBUG: Crawled (200) <GET https://no2bhubaneswar.kvs.ac.in/academics/teacher-achievement> (referer: https://no2bhubaneswar.kvs.ac.in/)
2021-01-30 20:54:14 [scrapy.downloadermiddlewares.retry] DEBUG: Retrying <GET https://no5bhubaneswar.kvs.ac.in/school-initiatives-students/gender-sensitization> (failed 1 times): User timeout caused connection failure: Getting https://no5bhubaneswar.kvs.ac.in/school-initiatives-students/gender-sensitization took longer than 180.0 seconds..
2021-01-30 20:54:14 [scrapy.core.engine] DEBUG: Crawled (200) <GET https://no2bhubaneswar.kvs.ac.in/administration/staff-member> (referer: https://no2bhubaneswar.kvs.ac.in/)
2021-01-30 20:54:15 [scrapy.core.engine] DEBUG: Crawled (200) <GET https://no6bhubaneswar.kvs.ac.in/school-initiatives-students/scientist-making> (referer: https://no6bhubaneswar.kvs.ac.in/)
2021-01-30 20:54:15 [scrapy.core.engine] DEBUG: Crawled (200) <GET https://no2bhubaneswar.kvs.ac.in/about-us/deputy-commissioners-message> (referer: https://no2bhubaneswar.kvs.ac.in/)
2021-01-30 20:54:16 [scrapy.core.engine] DEBUG: Crawled (200) <GET https://no6bhubaneswar.kvs.ac.in/school-initiatives-students/gender-sensitization> (referer: https://no6bhubaneswar.kvs.ac.in/)
2021-01-30 20:54:17 [scrapy.core.engine] DEBUG: Crawled (200) <GET https://no2bhubaneswar.kvs.ac.in/user/login> (referer: https://no2bhubaneswar.kvs.ac.in/)
2021-01-30 20:54:17 [scrapy.core.engine] DEBUG: Crawled (200) <GET https://no6bhubaneswar.kvs.ac.in/school-initiatives-students/learning-fun> (referer: https://no6bhubaneswar.kvs.ac.in/)
2021-01-30 20:54:18 [scrapy.core.engine] DEBUG: Crawled (200) <GET https://no6bhubaneswar.kvs.ac.in/school-academic-activities/art-culture> (referer: https://no6bhubaneswar.kvs.ac.in/)
2021-01-30 20:54:19 [scrapy.core.engine] DEBUG: Crawled (200) <GET https://no6bhubaneswar.kvs.ac.in/school-initiatives-students/student-empowerment-programme> (referer: https://no6bhubaneswar.kvs.ac.in/)
2021-01-30 20:54:20 [scrapy.core.engine] DEBUG: Crawled (200) <GET https://no6bhubaneswar.kvs.ac.in/school-initiatives-students/celebrationsall> (referer: https://no6bhubaneswar.kvs.ac.in/)
2021-01-30 20:54:23 [scrapy.core.engine] DEBUG: Crawled (200) <GET https://no6bhubaneswar.kvs.ac.in/school-academic-activities/scout-guide-ncc> (referer: https://no6bhubaneswar.kvs.ac.in/)
2021-01-30 20:54:23 [scrapy.core.engine] DEBUG: Crawled (200) <GET https://no6bhubaneswar.kvs.ac.in/school-academic-activities/education-incursion> (referer: https://no6bhubaneswar.kvs.ac.in/)
2021-01-30 20:54:24 [scrapy.core.engine] DEBUG: Crawled (200) <GET https://no6bhubaneswar.kvs.ac.in/school-academic-activities/students-council> (referer: https://no6bhubaneswar.kvs.ac.in/)
2021-01-30 20:54:24 [scrapy.downloadermiddlewares.retry] DEBUG: Retrying <GET https://no2bhubaneswar.kvs.ac.in/about-us/about-kvs> (failed 1 times): 408 Request Time-out
2021-01-30 20:54:25 [scrapy.core.engine] DEBUG: Crawled (200) <GET https://no6bhubaneswar.kvs.ac.in/school-academic-activities/youth-parliament> (referer: https://no6bhubaneswar.kvs.ac.in/)
2021-01-30 20:54:26 [scrapy.core.engine] DEBUG: Crawled (200) <GET https://no6bhubaneswar.kvs.ac.in/school-academic-activities/sports> (referer: https://no6bhubaneswar.kvs.ac.in/)
2021-01-30 20:54:26 [scrapy.core.engine] DEBUG: Crawled (200) <GET https://no6bhubaneswar.kvs.ac.in/school-academic-activities/co-curricular-activities> (referer: https://no6bhubaneswar.kvs.ac.in/)
2021-01-30 20:54:28 [scrapy.core.engine] DEBUG: Crawled (200) <GET https://no6bhubaneswar.kvs.ac.in/school-academic-activities/vidyalaya-patrikanewsletter> (referer: https://no6bhubaneswar.kvs.ac.in/)
2021-01-30 20:54:30 [scrapy.core.engine] DEBUG: Crawled (200) <GET https://no6bhubaneswar.kvs.ac.in/school-strengthening-vidyalayas/bala-initiatives> (referer: https://no6bhubaneswar.kvs.ac.in/)
2021-01-30 20:54:30 [scrapy.core.engine] DEBUG: Crawled (200) <GET https://no6bhubaneswar.kvs.ac.in/school-strengthening-vidyalayas/modernisation-labs> (referer: https://no6bhubaneswar.kvs.ac.in/)
2021-01-30 20:54:31 [scrapy.core.engine] DEBUG: Crawled (200) <GET https://no6bhubaneswar.kvs.ac.in/school-strengthening-vidyalayas/harit-vidyalayaswachh-vidyalaya> (referer: https://no6bhubaneswar.kvs.ac.in/)
2021-01-30 20:54:31 [scrapy.core.engine] DEBUG: Crawled (200) <GET https://no6bhubaneswar.kvs.ac.in/school-strengthening-vidyalayas/library-e-granthalaya> (referer: https://no6bhubaneswar.kvs.ac.in/)
2021-01-30 20:54:34 [scrapy.core.engine] DEBUG: Crawled (200) <GET https://no6bhubaneswar.kvs.ac.in/school-academics-overview/student-e-diary> (referer: https://no6bhubaneswar.kvs.ac.in/)
2021-01-30 20:54:35 [scrapy.core.engine] DEBUG: Crawled (200) <GET https://no6bhubaneswar.kvs.ac.in/school-strengthening-vidyalayas/sop-ndma> (referer: https://no6bhubaneswar.kvs.ac.in/)
2021-01-30 20:54:35 [scrapy.core.engine] DEBUG: Crawled (200) <GET https://no6bhubaneswar.kvs.ac.in/school-strengthening-vidyalayas/digital-language-labs> (referer: https://no6bhubaneswar.kvs.ac.in/)
2021-01-30 20:54:37 [scrapy.core.engine] DEBUG: Crawled (200) <GET https://no6bhubaneswar.kvs.ac.in/school-strengthening-vidyalayas/ict-initiatives> (referer: https://no6bhubaneswar.kvs.ac.in/)
2021-01-30 20:54:39 [scrapy.core.engine] DEBUG: Crawled (200) <GET https://no6bhubaneswar.kvs.ac.in/school-strengthening-vidyalayas/infrastructure> (referer: https://no6bhubaneswar.kvs.ac.in/)
2021-01-30 20:54:40 [scrapy.core.engine] DEBUG: Crawled (200) <GET https://no6bhubaneswar.kvs.ac.in/school-academics-overview/guidance-counselling> (referer: https://no6bhubaneswar.kvs.ac.in/)
2021-01-30 20:54:41 [scrapy.core.engine] DEBUG: Crawled (200) <GET https://no6bhubaneswar.kvs.ac.in/school-academics-overview/maths-science-education> (referer: https://no6bhubaneswar.kvs.ac.in/)
2021-01-30 20:54:42 [scrapy.core.engine] DEBUG: Crawled (200) <GET https://no6bhubaneswar.kvs.ac.in/school-academics-overview/elementary-education> (referer: https://no6bhubaneswar.kvs.ac.in/)
2021-01-30 20:54:43 [scrapy.core.engine] DEBUG: Crawled (200) <GET https://no6bhubaneswar.kvs.ac.in/school-strengthening-vidyalayas/atal-tinkering-lab> (referer: https://no6bhubaneswar.kvs.ac.in/)
2021-01-30 20:54:44 [scrapy.core.engine] DEBUG: Crawled (200) <GET https://no6bhubaneswar.kvs.ac.in/school-initiatives-students/promotion-language> (referer: https://no6bhubaneswar.kvs.ac.in/)
2021-01-30 20:54:44 [scrapy.core.engine] DEBUG: Crawled (200) <GET https://no6bhubaneswar.kvs.ac.in/school-academics-overview/mentors> (referer: https://no6bhubaneswar.kvs.ac.in/)
2021-01-30 20:54:46 [scrapy.core.engine] DEBUG: Crawled (200) <GET https://no6bhubaneswar.kvs.ac.in/school-academics-overview/compensation-academic-loss-programme-calp> (referer: https://no6bhubaneswar.kvs.ac.in/)
2021-01-30 20:54:47 [scrapy.core.engine] DEBUG: Crawled (200) <GET https://no6bhubaneswar.kvs.ac.in/school-academics-overview/academic-planner> (referer: https://no6bhubaneswar.kvs.ac.in/)
2021-01-30 20:54:48 [scrapy.core.engine] DEBUG: Crawled (200) <GET https://no6bhubaneswar.kvs.ac.in/school-kvs-news> (referer: https://no6bhubaneswar.kvs.ac.in/)
2021-01-30 20:54:48 [scrapy.core.engine] DEBUG: Crawled (200) <GET https://no6bhubaneswar.kvs.ac.in/school-academics-overview/academic-result> (referer: https://no6bhubaneswar.kvs.ac.in/)
2021-01-30 20:54:49 [scrapy.core.engine] DEBUG: Crawled (200) <GET https://no6bhubaneswar.kvs.ac.in/sri-s-k-chopdar-0> (referer: https://no6bhubaneswar.kvs.ac.in/)
2021-01-30 20:54:49 [scrapy.extensions.logstats] INFO: Crawled 286 pages (at 63 pages/min), scraped 0 items (at 0 items/min)
2021-01-30 20:54:52 [scrapy.core.engine] DEBUG: Crawled (200) <GET https://no6bhubaneswar.kvs.ac.in/school-academics-overview/ek-bharat-shrestha-bharat> (referer: https://no6bhubaneswar.kvs.ac.in/)
2021-01-30 20:54:53 [scrapy.core.engine] DEBUG: Crawled (200) <GET https://no6bhubaneswar.kvs.ac.in/gallery/school-video-gallery> (referer: https://no6bhubaneswar.kvs.ac.in/)
2021-01-30 20:54:56 [scrapy.core.engine] DEBUG: Crawled (200) <GET https://no6bhubaneswar.kvs.ac.in/school-gyan-kosh> (referer: https://no6bhubaneswar.kvs.ac.in/)
2021-01-30 20:54:56 [scrapy.core.engine] DEBUG: Crawled (200) <GET https://no6bhubaneswar.kvs.ac.in/school-announcement> (referer: https://no6bhubaneswar.kvs.ac.in/)
2021-01-30 20:54:57 [scrapy.core.engine] DEBUG: Crawled (200) <GET https://no6bhubaneswar.kvs.ac.in/vision-mission> (referer: https://no6bhubaneswar.kvs.ac.in/)
2021-01-30 20:54:58 [scrapy.core.engine] DEBUG: Crawled (200) <GET https://no6bhubaneswar.kvs.ac.in/work> (referer: https://no6bhubaneswar.kvs.ac.in/)
2021-01-30 20:54:58 [scrapy.core.engine] DEBUG: Crawled (200) <GET https://no6bhubaneswar.kvs.ac.in/creative-corner> (referer: https://no6bhubaneswar.kvs.ac.in/)
2021-01-30 20:54:58 [scrapy.core.engine] DEBUG: Crawled (200) <GET https://no6bhubaneswar.kvs.ac.in/school-contact-us> (referer: https://no6bhubaneswar.kvs.ac.in/)
2021-01-30 20:54:59 [scrapy.core.engine] DEBUG: Crawled (200) <GET https://no6bhubaneswar.kvs.ac.in/gallery/school-photo-gallery> (referer: https://no6bhubaneswar.kvs.ac.in/)
2021-01-30 20:55:02 [scrapy.core.engine] DEBUG: Crawled (200) <GET https://no6bhubaneswar.kvs.ac.in/enrolment-statistics/student-vacancy> (referer: https://no6bhubaneswar.kvs.ac.in/)
2021-01-30 20:55:03 [scrapy.core.engine] DEBUG: Crawled (200) <GET https://no6bhubaneswar.kvs.ac.in/activities/co-curricular-activity> (referer: https://no6bhubaneswar.kvs.ac.in/)
2021-01-30 20:55:04 [scrapy.core.engine] DEBUG: Crawled (200) <GET https://no6bhubaneswar.kvs.ac.in/enrolment-statistics/class-wise-enrolment-position> (referer: https://no6bhubaneswar.kvs.ac.in/)
2021-01-30 20:55:05 [scrapy.core.engine] DEBUG: Crawled (200) <GET https://no6bhubaneswar.kvs.ac.in/administration/teacher-vacancy> (referer: https://no6bhubaneswar.kvs.ac.in/)
2021-01-30 20:55:05 [scrapy.core.engine] DEBUG: Crawled (200) <GET https://no6bhubaneswar.kvs.ac.in/activities/innovations> (referer: https://no6bhubaneswar.kvs.ac.in/)
2021-01-30 20:55:07 [scrapy.core.engine] DEBUG: Crawled (200) <GET https://no6bhubaneswar.kvs.ac.in/administration/monthly-salary> (referer: https://no6bhubaneswar.kvs.ac.in/)
2021-01-30 20:55:07 [scrapy.core.engine] DEBUG: Crawled (200) <GET https://no6bhubaneswar.kvs.ac.in/enrolment-statistics/tc-issued> (referer: https://no6bhubaneswar.kvs.ac.in/)
2021-01-30 20:55:07 [scrapy.core.engine] DEBUG: Crawled (200) <GET https://no6bhubaneswar.kvs.ac.in/activities/calendar-activity> (referer: https://no6bhubaneswar.kvs.ac.in/)
2021-01-30 20:55:10 [scrapy.core.engine] DEBUG: Crawled (200) <GET https://no6bhubaneswar.kvs.ac.in/administration/staff-member> (referer: https://no6bhubaneswar.kvs.ac.in/)
2021-01-30 20:55:10 [scrapy.core.engine] DEBUG: Crawled (200) <GET https://no6bhubaneswar.kvs.ac.in/enrolment-statistics/category-wise-enrolment-position> (referer: https://no6bhubaneswar.kvs.ac.in/)
2021-01-30 20:55:12 [scrapy.core.engine] DEBUG: Crawled (200) <GET https://no6bhubaneswar.kvs.ac.in/administration/committees> (referer: https://no6bhubaneswar.kvs.ac.in/)
2021-01-30 20:55:14 [scrapy.core.engine] DEBUG: Crawled (200) <GET https://no6bhubaneswar.kvs.ac.in/academics/teacher-achievement> (referer: https://no6bhubaneswar.kvs.ac.in/)
2021-01-30 20:55:14 [scrapy.core.engine] DEBUG: Crawled (200) <GET https://no6bhubaneswar.kvs.ac.in/administration/rti-apio> (referer: https://no6bhubaneswar.kvs.ac.in/)
2021-01-30 20:55:15 [scrapy.core.engine] DEBUG: Crawled (200) <GET https://no6bhubaneswar.kvs.ac.in/academics/admission-detail> (referer: https://no6bhubaneswar.kvs.ac.in/)
2021-01-30 20:55:17 [scrapy.core.engine] DEBUG: Crawled (200) <GET https://no6bhubaneswar.kvs.ac.in/academics/student-achiever> (referer: https://no6bhubaneswar.kvs.ac.in/)
2021-01-30 20:55:18 [scrapy.core.engine] DEBUG: Crawled (200) <GET https://no6bhubaneswar.kvs.ac.in/academics/results-analysis> (referer: https://no6bhubaneswar.kvs.ac.in/)
2021-01-30 20:55:18 [scrapy.core.engine] DEBUG: Crawled (200) <GET https://no6bhubaneswar.kvs.ac.in/administration/vmc-member> (referer: https://no6bhubaneswar.kvs.ac.in/)
2021-01-30 20:55:20 [scrapy.core.engine] DEBUG: Crawled (200) <GET https://no3bhubaneswar.kvs.ac.in/privacy-policy-3> (referer: https://no3bhubaneswar.kvs.ac.in/)
2021-01-30 20:55:20 [scrapy.core.engine] DEBUG: Crawled (200) <GET https://no6bhubaneswar.kvs.ac.in/about-us/principal-message> (referer: https://no6bhubaneswar.kvs.ac.in/)
2021-01-30 20:55:20 [scrapy.core.engine] DEBUG: Crawled (200) <GET https://no6bhubaneswar.kvs.ac.in/academics/fees-structure> (referer: https://no6bhubaneswar.kvs.ac.in/)
2021-01-30 20:55:21 [scrapy.core.engine] DEBUG: Crawled (200) <GET https://no3bhubaneswar.kvs.ac.in/school-tender> (referer: https://no3bhubaneswar.kvs.ac.in/)
2021-01-30 20:55:21 [scrapy.core.engine] DEBUG: Crawled (200) <GET https://no6bhubaneswar.kvs.ac.in/about-us/deputy-commissioners-message> (referer: https://no6bhubaneswar.kvs.ac.in/)
2021-01-30 20:55:21 [scrapy.core.engine] DEBUG: Crawled (200) <GET https://no3bhubaneswar.kvs.ac.in/terms-conditions-1086> (referer: https://no3bhubaneswar.kvs.ac.in/)
2021-01-30 20:55:22 [scrapy.core.engine] DEBUG: Crawled (200) <GET https://no6bhubaneswar.kvs.ac.in/about-us/facilities> (referer: https://no6bhubaneswar.kvs.ac.in/)
2021-01-30 20:55:23 [scrapy.core.engine] DEBUG: Crawled (200) <GET https://no3bhubaneswar.kvs.ac.in/school-initiatives-students/miscellaneous> (referer: https://no3bhubaneswar.kvs.ac.in/)
2021-01-30 20:55:23 [scrapy.core.engine] DEBUG: Crawled (200) <GET https://no3bhubaneswar.kvs.ac.in/hyperlink-policy-0> (referer: https://no3bhubaneswar.kvs.ac.in/)
2021-01-30 20:55:25 [scrapy.core.engine] DEBUG: Crawled (200) <GET https://no3bhubaneswar.kvs.ac.in/school-initiatives-students/helpdesk> (referer: https://no3bhubaneswar.kvs.ac.in/)
2021-01-30 20:55:25 [scrapy.core.engine] DEBUG: Crawled (200) <GET https://no3bhubaneswar.kvs.ac.in/school-initiatives-students/pustakophaar> (referer: https://no3bhubaneswar.kvs.ac.in/)
2021-01-30 20:55:28 [scrapy.core.engine] DEBUG: Crawled (200) <GET https://no3bhubaneswar.kvs.ac.in/school-initiatives-students/student-empowerment-programme> (referer: https://no3bhubaneswar.kvs.ac.in/)
2021-01-30 20:55:28 [scrapy.core.engine] DEBUG: Crawled (200) <GET https://no6bhubaneswar.kvs.ac.in/about-us/about-kvs> (referer: https://no6bhubaneswar.kvs.ac.in/)
2021-01-30 20:55:29 [scrapy.core.engine] DEBUG: Crawled (200) <GET https://no6bhubaneswar.kvs.ac.in/about-us/cbse-affiliation-report> (referer: https://no6bhubaneswar.kvs.ac.in/)
2021-01-30 20:55:29 [scrapy.core.engine] DEBUG: Crawled (200) <GET https://no3bhubaneswar.kvs.ac.in/school-initiatives-students/learning-fun> (referer: https://no3bhubaneswar.kvs.ac.in/)
2021-01-30 20:55:29 [scrapy.core.engine] DEBUG: Crawled (200) <GET https://no3bhubaneswar.kvs.ac.in/school-initiatives-students/scientist-making> (referer: https://no3bhubaneswar.kvs.ac.in/)
2021-01-30 20:55:30 [scrapy.core.engine] DEBUG: Crawled (200) <GET https://no3bhubaneswar.kvs.ac.in/disclaimer-4> (referer: https://no3bhubaneswar.kvs.ac.in/)
2021-01-30 20:55:31 [scrapy.core.engine] DEBUG: Crawled (200) <GET https://no3bhubaneswar.kvs.ac.in/grievance> (referer: https://no3bhubaneswar.kvs.ac.in/)
2021-01-30 20:55:32 [scrapy.core.engine] DEBUG: Crawled (200) <GET https://no3bhubaneswar.kvs.ac.in/school-initiatives-students/gender-sensitization> (referer: https://no3bhubaneswar.kvs.ac.in/)
2021-01-30 20:55:32 [scrapy.core.engine] DEBUG: Crawled (200) <GET https://no6bhubaneswar.kvs.ac.in/user/login> (referer: https://no6bhubaneswar.kvs.ac.in/)
2021-01-30 20:55:32 [scrapy.core.engine] DEBUG: Crawled (200) <GET https://no3bhubaneswar.kvs.ac.in/school-academic-activities/youth-parliament> (referer: https://no3bhubaneswar.kvs.ac.in/)
2021-01-30 20:55:33 [scrapy.core.engine] DEBUG: Crawled (200) <GET https://no3bhubaneswar.kvs.ac.in/school-initiatives-students/celebrationsall> (referer: https://no3bhubaneswar.kvs.ac.in/)
2021-01-30 20:55:36 [scrapy.core.engine] DEBUG: Crawled (200) <GET https://no3bhubaneswar.kvs.ac.in/school-initiatives-students/promotion-language> (referer: https://no3bhubaneswar.kvs.ac.in/)
2021-01-30 20:55:37 [scrapy.core.engine] DEBUG: Crawled (200) <GET https://no3bhubaneswar.kvs.ac.in/school-academic-activities/scout-guide-ncc> (referer: https://no3bhubaneswar.kvs.ac.in/)
2021-01-30 20:55:38 [scrapy.core.engine] DEBUG: Crawled (200) <GET https://no3bhubaneswar.kvs.ac.in/school-academic-activities/sports> (referer: https://no3bhubaneswar.kvs.ac.in/)
2021-01-30 20:55:40 [scrapy.core.engine] DEBUG: Crawled (200) <GET https://no3bhubaneswar.kvs.ac.in/school-academic-activities/students-council> (referer: https://no3bhubaneswar.kvs.ac.in/)
2021-01-30 20:55:40 [scrapy.core.engine] DEBUG: Crawled (200) <GET https://no6bhubaneswar.kvs.ac.in/about-us/ict-infrastructure> (referer: https://no6bhubaneswar.kvs.ac.in/)
2021-01-30 20:55:41 [scrapy.core.engine] DEBUG: Crawled (200) <GET https://no3bhubaneswar.kvs.ac.in/school-strengthening-vidyalayas/bala-initiatives> (referer: https://no3bhubaneswar.kvs.ac.in/)
2021-01-30 20:55:41 [scrapy.core.engine] DEBUG: Crawled (200) <GET https://no3bhubaneswar.kvs.ac.in/school-academic-activities/art-culture> (referer: https://no3bhubaneswar.kvs.ac.in/)
2021-01-30 20:55:44 [scrapy.core.engine] DEBUG: Crawled (200) <GET https://no3bhubaneswar.kvs.ac.in/school-strengthening-vidyalayas/sop-ndma> (referer: https://no3bhubaneswar.kvs.ac.in/)
2021-01-30 20:55:44 [scrapy.core.engine] DEBUG: Crawled (200) <GET https://no3bhubaneswar.kvs.ac.in/school-academic-activities/vidyalaya-patrikanewsletter> (referer: https://no3bhubaneswar.kvs.ac.in/)
2021-01-30 20:55:44 [scrapy.core.engine] DEBUG: Crawled (200) <GET https://no3bhubaneswar.kvs.ac.in/school-strengthening-vidyalayas/modernisation-labs> (referer: https://no3bhubaneswar.kvs.ac.in/)
2021-01-30 20:55:44 [scrapy.core.engine] DEBUG: Crawled (200) <GET https://no3bhubaneswar.kvs.ac.in/school-academic-activities/education-incursion> (referer: https://no3bhubaneswar.kvs.ac.in/)
2021-01-30 20:55:45 [scrapy.core.engine] DEBUG: Crawled (200) <GET https://no3bhubaneswar.kvs.ac.in/school-strengthening-vidyalayas/harit-vidyalayaswachh-vidyalaya> (referer: https://no3bhubaneswar.kvs.ac.in/)
2021-01-30 20:55:45 [scrapy.core.engine] DEBUG: Crawled (200) <GET https://no3bhubaneswar.kvs.ac.in/school-academic-activities/co-curricular-activities> (referer: https://no3bhubaneswar.kvs.ac.in/)
2021-01-30 20:55:45 [scrapy.core.engine] DEBUG: Crawled (200) <GET https://no3bhubaneswar.kvs.ac.in/school-strengthening-vidyalayas/library-e-granthalaya> (referer: https://no3bhubaneswar.kvs.ac.in/)
2021-01-30 20:55:48 [scrapy.core.engine] DEBUG: Crawled (200) <GET https://no3bhubaneswar.kvs.ac.in/school-strengthening-vidyalayas/atal-tinkering-lab> (referer: https://no3bhubaneswar.kvs.ac.in/)
2021-01-30 20:55:48 [scrapy.core.engine] DEBUG: Crawled (200) <GET https://no3bhubaneswar.kvs.ac.in/school-academics-overview/maths-science-education> (referer: https://no3bhubaneswar.kvs.ac.in/)
2021-01-30 20:55:48 [scrapy.core.engine] DEBUG: Crawled (200) <GET https://no3bhubaneswar.kvs.ac.in/school-academics-overview/student-e-diary> (referer: https://no3bhubaneswar.kvs.ac.in/)
2021-01-30 20:55:49 [scrapy.extensions.logstats] INFO: Crawled 351 pages (at 65 pages/min), scraped 0 items (at 0 items/min)
2021-01-30 20:55:49 [scrapy.core.engine] DEBUG: Crawled (200) <GET https://no3bhubaneswar.kvs.ac.in/school-academics-overview/ek-bharat-shrestha-bharat> (referer: https://no3bhubaneswar.kvs.ac.in/)
2021-01-30 20:55:51 [scrapy.core.engine] DEBUG: Crawled (200) <GET https://no3bhubaneswar.kvs.ac.in/school-strengthening-vidyalayas/ict-initiatives> (referer: https://no3bhubaneswar.kvs.ac.in/)
2021-01-30 20:55:54 [scrapy.core.engine] DEBUG: Crawled (200) <GET https://no3bhubaneswar.kvs.ac.in/school-academics-overview/guidance-counselling> (referer: https://no3bhubaneswar.kvs.ac.in/)
2021-01-30 20:55:54 [scrapy.core.engine] DEBUG: Crawled (200) <GET https://no3bhubaneswar.kvs.ac.in/school-academics-overview/academic-planner> (referer: https://no3bhubaneswar.kvs.ac.in/)
2021-01-30 20:55:54 [scrapy.core.engine] DEBUG: Crawled (200) <GET https://no3bhubaneswar.kvs.ac.in/school-academics-overview/elementary-education> (referer: https://no3bhubaneswar.kvs.ac.in/)
2021-01-30 20:55:56 [scrapy.core.engine] DEBUG: Crawled (200) <GET https://no3bhubaneswar.kvs.ac.in/school-academics-overview/academic-result> (referer: https://no3bhubaneswar.kvs.ac.in/)
2021-01-30 20:55:57 [scrapy.core.engine] DEBUG: Crawled (200) <GET https://no3bhubaneswar.kvs.ac.in/school-academics-overview/mentors> (referer: https://no3bhubaneswar.kvs.ac.in/)
2021-01-30 20:55:58 [scrapy.core.engine] DEBUG: Crawled (200) <GET https://no3bhubaneswar.kvs.ac.in/school-academics-overview/compensation-academic-loss-programme-calp> (referer: https://no3bhubaneswar.kvs.ac.in/)
2021-01-30 20:56:03 [scrapy.core.engine] DEBUG: Crawled (200) <GET https://no3bhubaneswar.kvs.ac.in/sri-s-k-chopdar-0> (referer: https://no3bhubaneswar.kvs.ac.in/)
2021-01-30 20:56:05 [scrapy.core.engine] DEBUG: Crawled (200) <GET https://no3bhubaneswar.kvs.ac.in/school-announcement> (referer: https://no3bhubaneswar.kvs.ac.in/)
2021-01-30 20:56:06 [scrapy.downloadermiddlewares.retry] DEBUG: Retrying <GET https://no3bhubaneswar.kvs.ac.in/school-strengthening-vidyalayas/infrastructure> (failed 1 times): 408 Request Time-out
2021-01-30 20:56:06 [scrapy.downloadermiddlewares.retry] DEBUG: Retrying <GET https://no3bhubaneswar.kvs.ac.in/school-kvs-news> (failed 1 times): 408 Request Time-out
2021-01-30 20:56:10 [scrapy.core.engine] DEBUG: Crawled (200) <GET https://no3bhubaneswar.kvs.ac.in/work> (referer: https://no3bhubaneswar.kvs.ac.in/)
2021-01-30 20:56:11 [scrapy.core.engine] DEBUG: Crawled (200) <GET https://no3bhubaneswar.kvs.ac.in/creative-corner> (referer: https://no3bhubaneswar.kvs.ac.in/)
2021-01-30 20:56:12 [scrapy.core.engine] DEBUG: Crawled (200) <GET https://no3bhubaneswar.kvs.ac.in/school-gyan-kosh> (referer: https://no3bhubaneswar.kvs.ac.in/)
2021-01-30 20:56:12 [scrapy.core.engine] DEBUG: Crawled (200) <GET https://no3bhubaneswar.kvs.ac.in/gallery/school-video-gallery> (referer: https://no3bhubaneswar.kvs.ac.in/)
2021-01-30 20:56:14 [scrapy.core.engine] DEBUG: Crawled (200) <GET https://no3bhubaneswar.kvs.ac.in/gallery/school-photo-gallery> (referer: https://no3bhubaneswar.kvs.ac.in/)
2021-01-30 20:56:15 [scrapy.core.engine] DEBUG: Crawled (200) <GET https://no3bhubaneswar.kvs.ac.in/vision-mission> (referer: https://no3bhubaneswar.kvs.ac.in/)
2021-01-30 20:56:15 [scrapy.core.engine] DEBUG: Crawled (200) <GET https://no3bhubaneswar.kvs.ac.in/school-strengthening-vidyalayas/digital-language-labs> (referer: https://no3bhubaneswar.kvs.ac.in/)
2021-01-30 20:56:22 [scrapy.core.engine] DEBUG: Crawled (200) <GET https://no1bhubaneswar.kvs.ac.in/terms-conditions-1086> (referer: https://no1bhubaneswar.kvs.ac.in/)
2021-01-30 20:56:22 [scrapy.core.engine] DEBUG: Crawled (200) <GET https://no3bhubaneswar.kvs.ac.in/enrolment-statistics/tc-issued> (referer: https://no3bhubaneswar.kvs.ac.in/)
2021-01-30 20:56:28 [scrapy.core.engine] DEBUG: Crawled (200) <GET https://no3bhubaneswar.kvs.ac.in/enrolment-statistics/class-wise-enrolment-position> (referer: https://no3bhubaneswar.kvs.ac.in/)
2021-01-30 20:56:28 [scrapy.core.engine] DEBUG: Crawled (200) <GET https://no1bhubaneswar.kvs.ac.in/privacy-policy-3> (referer: https://no1bhubaneswar.kvs.ac.in/)
2021-01-30 20:56:28 [scrapy.downloadermiddlewares.retry] DEBUG: Retrying <GET https://no3bhubaneswar.kvs.ac.in/activities/calendar-activity> (failed 1 times): 408 Request Time-out
2021-01-30 20:56:29 [scrapy.core.engine] DEBUG: Crawled (200) <GET https://no3bhubaneswar.kvs.ac.in/activities/innovations> (referer: https://no3bhubaneswar.kvs.ac.in/)
2021-01-30 20:56:31 [scrapy.core.engine] DEBUG: Crawled (200) <GET https://no1bhubaneswar.kvs.ac.in/grievance> (referer: https://no1bhubaneswar.kvs.ac.in/)
2021-01-30 20:56:31 [scrapy.core.engine] DEBUG: Crawled (200) <GET https://no1bhubaneswar.kvs.ac.in/disclaimer-4> (referer: https://no1bhubaneswar.kvs.ac.in/)
2021-01-30 20:56:31 [scrapy.core.engine] DEBUG: Crawled (200) <GET https://no3bhubaneswar.kvs.ac.in/enrolment-statistics/category-wise-enrolment-position> (referer: https://no3bhubaneswar.kvs.ac.in/)
2021-01-30 20:56:32 [scrapy.core.engine] DEBUG: Crawled (200) <GET https://no1bhubaneswar.kvs.ac.in/school-initiatives-students/miscellaneous> (referer: https://no1bhubaneswar.kvs.ac.in/)
2021-01-30 20:56:32 [scrapy.core.engine] DEBUG: Crawled (200) <GET https://no1bhubaneswar.kvs.ac.in/school-tender> (referer: https://no1bhubaneswar.kvs.ac.in/)
2021-01-30 20:56:35 [scrapy.core.engine] DEBUG: Crawled (200) <GET https://no3bhubaneswar.kvs.ac.in/activities/co-curricular-activity> (referer: https://no3bhubaneswar.kvs.ac.in/)
2021-01-30 20:56:37 [scrapy.core.engine] DEBUG: Crawled (200) <GET https://no1bhubaneswar.kvs.ac.in/hyperlink-policy-0> (referer: https://no1bhubaneswar.kvs.ac.in/)
2021-01-30 20:56:37 [scrapy.core.engine] DEBUG: Crawled (200) <GET https://no1bhubaneswar.kvs.ac.in/school-initiatives-students/helpdesk> (referer: https://no1bhubaneswar.kvs.ac.in/)
2021-01-30 20:56:38 [scrapy.core.engine] DEBUG: Crawled (200) <GET https://no3bhubaneswar.kvs.ac.in/administration/teacher-vacancy> (referer: https://no3bhubaneswar.kvs.ac.in/)
2021-01-30 20:56:39 [scrapy.core.engine] DEBUG: Crawled (200) <GET https://no1bhubaneswar.kvs.ac.in/school-initiatives-students/student-empowerment-programme> (referer: https://no1bhubaneswar.kvs.ac.in/)
2021-01-30 20:56:42 [scrapy.core.engine] DEBUG: Crawled (200) <GET https://no3bhubaneswar.kvs.ac.in/administration/committees> (referer: https://no3bhubaneswar.kvs.ac.in/)
2021-01-30 20:56:42 [scrapy.core.engine] DEBUG: Crawled (200) <GET https://no1bhubaneswar.kvs.ac.in/feedback-form> (referer: https://no1bhubaneswar.kvs.ac.in/)
2021-01-30 20:56:46 [scrapy.core.engine] DEBUG: Crawled (200) <GET https://no1bhubaneswar.kvs.ac.in/school-initiatives-students/promotion-language> (referer: https://no1bhubaneswar.kvs.ac.in/)
2021-01-30 20:56:47 [scrapy.core.engine] DEBUG: Crawled (200) <GET https://no1bhubaneswar.kvs.ac.in/school-initiatives-students/learning-fun> (referer: https://no1bhubaneswar.kvs.ac.in/)
2021-01-30 20:56:48 [scrapy.core.engine] DEBUG: Crawled (200) <GET https://no1bhubaneswar.kvs.ac.in/school-initiatives-students/scientist-making> (referer: https://no1bhubaneswar.kvs.ac.in/)
2021-01-30 20:56:49 [scrapy.downloadermiddlewares.retry] DEBUG: Retrying <GET https://no3bhubaneswar.kvs.ac.in/administration/monthly-salary> (failed 1 times): 408 Request Time-out
2021-01-30 20:56:49 [scrapy.extensions.logstats] INFO: Crawled 388 pages (at 37 pages/min), scraped 0 items (at 0 items/min)
2021-01-30 20:56:50 [scrapy.core.engine] DEBUG: Crawled (200) <GET https://no1bhubaneswar.kvs.ac.in/school-initiatives-students/celebrationsall> (referer: https://no1bhubaneswar.kvs.ac.in/)
2021-01-30 20:56:51 [scrapy.core.engine] DEBUG: Crawled (200) <GET https://no3bhubaneswar.kvs.ac.in/school-contact-us> (referer: https://no3bhubaneswar.kvs.ac.in/)
2021-01-30 20:56:51 [scrapy.core.engine] DEBUG: Crawled (200) <GET https://no1bhubaneswar.kvs.ac.in/school-initiatives-students/gender-sensitization> (referer: https://no1bhubaneswar.kvs.ac.in/)
2021-01-30 20:56:51 [scrapy.core.engine] DEBUG: Crawled (200) <GET https://no3bhubaneswar.kvs.ac.in/administration/staff-member> (referer: https://no3bhubaneswar.kvs.ac.in/)
2021-01-30 20:56:52 [scrapy.core.engine] DEBUG: Crawled (200) <GET https://no3bhubaneswar.kvs.ac.in/academics/results-analysis> (referer: https://no3bhubaneswar.kvs.ac.in/)
2021-01-30 20:56:52 [scrapy.core.engine] DEBUG: Crawled (200) <GET https://no3bhubaneswar.kvs.ac.in/academics/student-achiever> (referer: https://no3bhubaneswar.kvs.ac.in/)
2021-01-30 20:56:55 [scrapy.core.engine] DEBUG: Crawled (200) <GET https://no3bhubaneswar.kvs.ac.in/academics/fees-structure> (referer: https://no3bhubaneswar.kvs.ac.in/)
2021-01-30 20:56:56 [scrapy.downloadermiddlewares.retry] DEBUG: Retrying <GET https://no2bhubaneswar.kvs.ac.in/academics/admission-detail> (failed 1 times): User timeout caused connection failure: Getting https://no2bhubaneswar.kvs.ac.in/academics/admission-detail took longer than 180.0 seconds..
2021-01-30 20:56:58 [scrapy.core.engine] DEBUG: Crawled (200) <GET https://no3bhubaneswar.kvs.ac.in/academics/admission-detail> (referer: https://no3bhubaneswar.kvs.ac.in/)
2021-01-30 20:56:58 [scrapy.core.engine] DEBUG: Crawled (200) <GET https://no3bhubaneswar.kvs.ac.in/academics/teacher-achievement> (referer: https://no3bhubaneswar.kvs.ac.in/)
2021-01-30 20:56:59 [scrapy.core.engine] DEBUG: Crawled (200) <GET https://no3bhubaneswar.kvs.ac.in/administration/rti-apio> (referer: https://no3bhubaneswar.kvs.ac.in/)
2021-01-30 20:57:01 [scrapy.core.engine] DEBUG: Crawled (200) <GET https://no3bhubaneswar.kvs.ac.in/about-us/ict-infrastructure> (referer: https://no3bhubaneswar.kvs.ac.in/)
2021-01-30 20:57:01 [scrapy.core.engine] DEBUG: Crawled (200) <GET https://no1bhubaneswar.kvs.ac.in/school-academic-activities/vidyalaya-patrikanewsletter> (referer: https://no1bhubaneswar.kvs.ac.in/)
2021-01-30 20:57:02 [scrapy.downloadermiddlewares.retry] DEBUG: Retrying <GET https://no1bhubaneswar.kvs.ac.in/school-initiatives-students/pustakophaar> (failed 1 times): 408 Request Time-out
2021-01-30 20:57:02 [scrapy.core.engine] DEBUG: Crawled (200) <GET https://no3bhubaneswar.kvs.ac.in/about-us/principal-message> (referer: https://no3bhubaneswar.kvs.ac.in/)
2021-01-30 20:57:02 [scrapy.downloadermiddlewares.retry] DEBUG: Retrying <GET https://no3bhubaneswar.kvs.ac.in/administration/vmc-member> (failed 1 times): [<twisted.python.failure.Failure twisted.internet.error.ConnectionLost: Connection to the other side was lost in a non-clean fashion: Connection lost.>]
2021-01-30 20:57:02 [scrapy.core.engine] DEBUG: Crawled (200) <GET https://no3bhubaneswar.kvs.ac.in/about-us/facilities> (referer: https://no3bhubaneswar.kvs.ac.in/)
2021-01-30 20:57:02 [scrapy.core.engine] DEBUG: Crawled (200) <GET https://no3bhubaneswar.kvs.ac.in/enrolment-statistics/student-vacancy> (referer: https://no3bhubaneswar.kvs.ac.in/)
2021-01-30 20:57:03 [scrapy.downloadermiddlewares.retry] DEBUG: Retrying <GET https://no6bhubaneswar.kvs.ac.in/school-initiatives-students/pustakophaar> (failed 1 times): User timeout caused connection failure: Getting https://no6bhubaneswar.kvs.ac.in/school-initiatives-students/pustakophaar took longer than 180.0 seconds..
2021-01-30 20:57:04 [scrapy.core.engine] DEBUG: Crawled (200) <GET https://no3bhubaneswar.kvs.ac.in/about-us/about-kvs> (referer: https://no3bhubaneswar.kvs.ac.in/)
2021-01-30 20:57:04 [scrapy.core.engine] DEBUG: Crawled (200) <GET https://no1bhubaneswar.kvs.ac.in/school-academic-activities/co-curricular-activities> (referer: https://no1bhubaneswar.kvs.ac.in/)
2021-01-30 20:57:05 [scrapy.core.engine] DEBUG: Crawled (200) <GET https://no1bhubaneswar.kvs.ac.in/school-strengthening-vidyalayas/modernisation-labs> (referer: https://no1bhubaneswar.kvs.ac.in/)
2021-01-30 20:57:06 [scrapy.core.engine] DEBUG: Crawled (200) <GET https://no3bhubaneswar.kvs.ac.in/about-us/cbse-affiliation-report> (referer: https://no3bhubaneswar.kvs.ac.in/)
2021-01-30 20:57:06 [scrapy.core.engine] DEBUG: Crawled (200) <GET https://no1bhubaneswar.kvs.ac.in/school-academic-activities/scout-guide-ncc> (referer: https://no1bhubaneswar.kvs.ac.in/)
2021-01-30 20:57:10 [scrapy.core.engine] DEBUG: Crawled (200) <GET https://no1bhubaneswar.kvs.ac.in/school-strengthening-vidyalayas/library-e-granthalaya> (referer: https://no1bhubaneswar.kvs.ac.in/)
2021-01-30 20:57:13 [scrapy.core.engine] DEBUG: Crawled (200) <GET https://no1bhubaneswar.kvs.ac.in/school-academic-activities/sports> (referer: https://no1bhubaneswar.kvs.ac.in/)
2021-01-30 20:57:13 [scrapy.core.engine] DEBUG: Crawled (200) <GET https://no1bhubaneswar.kvs.ac.in/school-strengthening-vidyalayas/sop-ndma> (referer: https://no1bhubaneswar.kvs.ac.in/)
2021-01-30 20:57:13 [scrapy.core.engine] DEBUG: Crawled (200) <GET https://no1bhubaneswar.kvs.ac.in/school-strengthening-vidyalayas/bala-initiatives> (referer: https://no1bhubaneswar.kvs.ac.in/)
2021-01-30 20:57:14 [scrapy.core.engine] DEBUG: Crawled (200) <GET https://no3bhubaneswar.kvs.ac.in/about-us/deputy-commissioners-message> (referer: https://no3bhubaneswar.kvs.ac.in/)
2021-01-30 20:57:15 [scrapy.core.engine] DEBUG: Crawled (200) <GET https://no1bhubaneswar.kvs.ac.in/school-academic-activities/art-culture> (referer: https://no1bhubaneswar.kvs.ac.in/)
2021-01-30 20:57:17 [scrapy.core.engine] DEBUG: Crawled (200) <GET https://no1bhubaneswar.kvs.ac.in/school-strengthening-vidyalayas/digital-language-labs> (referer: https://no1bhubaneswar.kvs.ac.in/)
2021-01-30 20:57:18 [scrapy.core.engine] DEBUG: Crawled (200) <GET https://no1bhubaneswar.kvs.ac.in/school-strengthening-vidyalayas/ict-initiatives> (referer: https://no1bhubaneswar.kvs.ac.in/)
2021-01-30 20:57:18 [scrapy.core.engine] DEBUG: Crawled (200) <GET https://no1bhubaneswar.kvs.ac.in/school-strengthening-vidyalayas/harit-vidyalayaswachh-vidyalaya> (referer: https://no1bhubaneswar.kvs.ac.in/)
2021-01-30 20:57:19 [scrapy.core.engine] DEBUG: Crawled (200) <GET https://no1bhubaneswar.kvs.ac.in/school-strengthening-vidyalayas/atal-tinkering-lab> (referer: https://no1bhubaneswar.kvs.ac.in/)
2021-01-30 20:57:19 [scrapy.core.engine] DEBUG: Crawled (200) <GET https://no1bhubaneswar.kvs.ac.in/school-academic-activities/students-council> (referer: https://no1bhubaneswar.kvs.ac.in/)
2021-01-30 20:57:21 [scrapy.core.engine] DEBUG: Crawled (200) <GET https://no1bhubaneswar.kvs.ac.in/school-academics-overview/student-e-diary> (referer: https://no1bhubaneswar.kvs.ac.in/)
2021-01-30 20:57:23 [scrapy.core.engine] DEBUG: Crawled (200) <GET https://no1bhubaneswar.kvs.ac.in/school-academics-overview/guidance-counselling> (referer: https://no1bhubaneswar.kvs.ac.in/)
2021-01-30 20:57:27 [scrapy.core.engine] DEBUG: Crawled (200) <GET https://no1bhubaneswar.kvs.ac.in/school-academics-overview/elementary-education> (referer: https://no1bhubaneswar.kvs.ac.in/)
2021-01-30 20:57:28 [scrapy.core.engine] DEBUG: Crawled (200) <GET https://no1bhubaneswar.kvs.ac.in/school-academic-activities/education-incursion> (referer: https://no1bhubaneswar.kvs.ac.in/)
2021-01-30 20:57:30 [scrapy.core.engine] DEBUG: Crawled (200) <GET https://no1bhubaneswar.kvs.ac.in/school-academics-overview/compensation-academic-loss-programme-calp> (referer: https://no1bhubaneswar.kvs.ac.in/)
2021-01-30 20:57:35 [scrapy.core.engine] DEBUG: Crawled (200) <GET https://no1bhubaneswar.kvs.ac.in/school-academics-overview/maths-science-education> (referer: https://no1bhubaneswar.kvs.ac.in/)
2021-01-30 20:57:38 [scrapy.core.engine] DEBUG: Crawled (200) <GET https://no1bhubaneswar.kvs.ac.in/school-academics-overview/academic-result> (referer: https://no1bhubaneswar.kvs.ac.in/)
2021-01-30 20:57:38 [scrapy.core.engine] DEBUG: Crawled (200) <GET https://no1bhubaneswar.kvs.ac.in/school-academics-overview/mentors> (referer: https://no1bhubaneswar.kvs.ac.in/)
2021-01-30 20:57:38 [scrapy.core.engine] DEBUG: Crawled (200) <GET https://no1bhubaneswar.kvs.ac.in/creative-corner> (referer: https://no1bhubaneswar.kvs.ac.in/)
2021-01-30 20:57:39 [scrapy.core.engine] DEBUG: Crawled (200) <GET https://no1bhubaneswar.kvs.ac.in/school-academics-overview/academic-planner> (referer: https://no1bhubaneswar.kvs.ac.in/)
2021-01-30 20:57:39 [scrapy.core.engine] DEBUG: Crawled (200) <GET https://no3bhubaneswar.kvs.ac.in/user/login> (referer: https://no3bhubaneswar.kvs.ac.in/)
2021-01-30 20:57:42 [scrapy.core.engine] DEBUG: Crawled (200) <GET https://no1bhubaneswar.kvs.ac.in/school-contact-us> (referer: https://no1bhubaneswar.kvs.ac.in/)
2021-01-30 20:57:42 [scrapy.downloadermiddlewares.retry] DEBUG: Retrying <GET https://no1bhubaneswar.kvs.ac.in/school-academics-overview/ek-bharat-shrestha-bharat> (failed 1 times): 408 Request Time-out
2021-01-30 20:57:45 [scrapy.core.engine] DEBUG: Crawled (200) <GET https://no1bhubaneswar.kvs.ac.in/school-strengthening-vidyalayas/infrastructure> (referer: https://no1bhubaneswar.kvs.ac.in/)
2021-01-30 20:57:46 [scrapy.core.engine] DEBUG: Crawled (200) <GET https://no1bhubaneswar.kvs.ac.in/gallery/school-video-gallery> (referer: https://no1bhubaneswar.kvs.ac.in/)
2021-01-30 20:57:49 [scrapy.core.engine] DEBUG: Crawled (200) <GET https://no1bhubaneswar.kvs.ac.in/school-announcement> (referer: https://no1bhubaneswar.kvs.ac.in/)
2021-01-30 20:57:49 [scrapy.extensions.logstats] INFO: Crawled 434 pages (at 46 pages/min), scraped 0 items (at 0 items/min)
2021-01-30 20:57:49 [scrapy.core.engine] DEBUG: Crawled (200) <GET https://no1bhubaneswar.kvs.ac.in/vision-mission> (referer: https://no1bhubaneswar.kvs.ac.in/)
2021-01-30 20:57:49 [scrapy.core.engine] DEBUG: Crawled (200) <GET https://no1bhubaneswar.kvs.ac.in/school-gyan-kosh> (referer: https://no1bhubaneswar.kvs.ac.in/)
2021-01-30 20:57:52 [scrapy.core.engine] DEBUG: Crawled (200) <GET https://no1bhubaneswar.kvs.ac.in/sri-s-k-chopdar-0> (referer: https://no1bhubaneswar.kvs.ac.in/)
2021-01-30 20:57:52 [scrapy.core.engine] DEBUG: Crawled (200) <GET https://no1bhubaneswar.kvs.ac.in/activities/co-curricular-activity> (referer: https://no1bhubaneswar.kvs.ac.in/)
2021-01-30 20:57:53 [scrapy.core.engine] DEBUG: Crawled (200) <GET https://no1bhubaneswar.kvs.ac.in/work> (referer: https://no1bhubaneswar.kvs.ac.in/)
2021-01-30 20:57:53 [scrapy.core.engine] DEBUG: Crawled (200) <GET https://no1bhubaneswar.kvs.ac.in/school-kvs-news> (referer: https://no1bhubaneswar.kvs.ac.in/)
2021-01-30 20:57:54 [scrapy.core.engine] DEBUG: Crawled (200) <GET https://no1bhubaneswar.kvs.ac.in/activities/innovations> (referer: https://no1bhubaneswar.kvs.ac.in/)
2021-01-30 20:57:54 [scrapy.core.engine] DEBUG: Crawled (200) <GET https://no1bhubaneswar.kvs.ac.in/gallery/school-photo-gallery> (referer: https://no1bhubaneswar.kvs.ac.in/)
2021-01-30 20:57:55 [scrapy.core.engine] DEBUG: Crawled (200) <GET https://no1bhubaneswar.kvs.ac.in/enrolment-statistics/student-vacancy> (referer: https://no1bhubaneswar.kvs.ac.in/)
2021-01-30 20:57:57 [scrapy.core.engine] DEBUG: Crawled (200) <GET https://no6bhubaneswar.kvs.ac.in/school-initiatives-students/pustakophaar> (referer: https://no6bhubaneswar.kvs.ac.in/)
2021-01-30 20:57:57 [scrapy.core.engine] DEBUG: Crawled (200) <GET https://no1bhubaneswar.kvs.ac.in/about-us/facilities> (referer: https://no1bhubaneswar.kvs.ac.in/)
2021-01-30 20:57:58 [scrapy.core.engine] DEBUG: Crawled (200) <GET https://no1bhubaneswar.kvs.ac.in/about-us/ict-infrastructure> (referer: https://no1bhubaneswar.kvs.ac.in/)
2021-01-30 20:58:00 [scrapy.core.engine] DEBUG: Crawled (200) <GET https://no3bhubaneswar.kvs.ac.in/administration/vmc-member> (referer: https://no3bhubaneswar.kvs.ac.in/)
2021-01-30 20:58:01 [scrapy.core.engine] DEBUG: Crawled (200) <GET https://no1bhubaneswar.kvs.ac.in/about-us/cbse-affiliation-report> (referer: https://no1bhubaneswar.kvs.ac.in/)
2021-01-30 20:58:02 [scrapy.core.engine] DEBUG: Crawled (200) <GET https://no1bhubaneswar.kvs.ac.in/about-us/deputy-commissioners-message> (referer: https://no1bhubaneswar.kvs.ac.in/)
2021-01-30 20:58:02 [scrapy.core.engine] DEBUG: Crawled (200) <GET https://no2bhubaneswar.kvs.ac.in/academics/admission-detail> (referer: https://no2bhubaneswar.kvs.ac.in/)
2021-01-30 20:58:03 [scrapy.core.engine] DEBUG: Crawled (200) <GET https://no3bhubaneswar.kvs.ac.in/school-strengthening-vidyalayas/infrastructure> (referer: https://no3bhubaneswar.kvs.ac.in/)
2021-01-30 20:58:04 [scrapy.core.engine] DEBUG: Crawled (200) <GET https://no1bhubaneswar.kvs.ac.in/enrolment-statistics/category-wise-enrolment-position> (referer: https://no1bhubaneswar.kvs.ac.in/)
2021-01-30 20:58:04 [scrapy.core.engine] DEBUG: Crawled (200) <GET https://no3bhubaneswar.kvs.ac.in/school-kvs-news> (referer: https://no3bhubaneswar.kvs.ac.in/)
2021-01-30 20:58:05 [scrapy.core.engine] DEBUG: Crawled (200) <GET https://no2bhubaneswar.kvs.ac.in/about-us/about-kvs> (referer: https://no2bhubaneswar.kvs.ac.in/)
2021-01-30 20:58:06 [scrapy.core.engine] DEBUG: Crawled (200) <GET https://no4bhubaneswar.kvs.ac.in/school-initiatives-students/celebrationsall> (referer: https://no4bhubaneswar.kvs.ac.in/)
2021-01-30 20:58:07 [scrapy.core.engine] DEBUG: Crawled (200) <GET https://no5bhubaneswar.kvs.ac.in/school-initiatives-students/gender-sensitization> (referer: https://no5bhubaneswar.kvs.ac.in/)
2021-01-30 20:58:07 [scrapy.core.engine] DEBUG: Crawled (200) <GET https://no1bhubaneswar.kvs.ac.in/about-us/principal-message> (referer: https://no1bhubaneswar.kvs.ac.in/)
2021-01-30 20:58:07 [scrapy.downloadermiddlewares.retry] DEBUG: Retrying <GET https://no1bhubaneswar.kvs.ac.in/enrolment-statistics/tc-issued> (failed 1 times): 408 Request Time-out
2021-01-30 20:58:08 [scrapy.core.engine] DEBUG: Crawled (200) <GET https://no1bhubaneswar.kvs.ac.in/school-academics-overview/ek-bharat-shrestha-bharat> (referer: https://no1bhubaneswar.kvs.ac.in/)
2021-01-30 20:58:08 [scrapy.core.engine] DEBUG: Crawled (200) <GET https://no1bhubaneswar.kvs.ac.in/about-us/about-kvs> (referer: https://no1bhubaneswar.kvs.ac.in/)
2021-01-30 20:58:09 [scrapy.core.engine] DEBUG: Crawled (200) <GET https://no3bhubaneswar.kvs.ac.in/activities/calendar-activity> (referer: https://no3bhubaneswar.kvs.ac.in/)
2021-01-30 20:58:10 [scrapy.core.engine] DEBUG: Crawled (200) <GET https://no1bhubaneswar.kvs.ac.in/enrolment-statistics/class-wise-enrolment-position> (referer: https://no1bhubaneswar.kvs.ac.in/)
2021-01-30 20:58:11 [scrapy.core.engine] DEBUG: Crawled (200) <GET https://no1bhubaneswar.kvs.ac.in/activities/calendar-activity> (referer: https://no1bhubaneswar.kvs.ac.in/)
2021-01-30 20:58:11 [scrapy.core.engine] DEBUG: Crawled (200) <GET https://no3bhubaneswar.kvs.ac.in/administration/monthly-salary> (referer: https://no3bhubaneswar.kvs.ac.in/)
2021-01-30 20:58:13 [scrapy.core.engine] DEBUG: Crawled (200) <GET https://no1bhubaneswar.kvs.ac.in/enrolment-statistics/tc-issued> (referer: https://no1bhubaneswar.kvs.ac.in/)
2021-01-30 20:58:17 [scrapy.core.engine] DEBUG: Crawled (200) <GET https://no5bhubaneswar.kvs.ac.in/school-initiatives-students/miscellaneous> (referer: https://no5bhubaneswar.kvs.ac.in/)
2021-01-30 20:58:35 [scrapy.downloadermiddlewares.retry] DEBUG: Retrying <GET https://no4bhubaneswar.kvs.ac.in/activities/co-curricular-activity> (failed 2 times): TCP connection timed out: 110: Connection timed out.
2021-01-30 20:58:39 [scrapy.core.engine] DEBUG: Crawled (200) <GET https://no1bhubaneswar.kvs.ac.in/school-initiatives-students/pustakophaar> (referer: https://no1bhubaneswar.kvs.ac.in/)
2021-01-30 20:58:41 [scrapy.core.engine] DEBUG: Crawled (200) <GET https://no4bhubaneswar.kvs.ac.in/activities/co-curricular-activity> (referer: https://no4bhubaneswar.kvs.ac.in/)
2021-01-30 20:58:49 [scrapy.extensions.logstats] INFO: Crawled 467 pages (at 33 pages/min), scraped 0 items (at 0 items/min)
2021-01-30 20:59:49 [scrapy.extensions.logstats] INFO: Crawled 467 pages (at 0 pages/min), scraped 0 items (at 0 items/min)
2021-01-30 20:59:52 [scrapy.downloadermiddlewares.retry] DEBUG: Retrying <GET https://no1bhubaneswar.kvs.ac.in/school-academic-activities/youth-parliament> (failed 1 times): User timeout caused connection failure: Getting https://no1bhubaneswar.kvs.ac.in/school-academic-activities/youth-parliament took longer than 180.0 seconds..
2021-01-30 20:59:55 [scrapy.core.engine] DEBUG: Crawled (200) <GET https://no1bhubaneswar.kvs.ac.in/school-academic-activities/youth-parliament> (referer: https://no1bhubaneswar.kvs.ac.in/)
2021-01-30 20:59:55 [scrapy.core.engine] INFO: Closing spider (finished)
2021-01-30 20:59:55 [scrapy.statscollectors] INFO: Dumping Scrapy stats:
{'downloader/exception_count': 7,
 'downloader/exception_type_count/twisted.internet.error.TCPTimedOutError': 2,
 'downloader/exception_type_count/twisted.internet.error.TimeoutError': 4,
 'downloader/exception_type_count/twisted.web._newclient.ResponseNeverReceived': 1,
 'downloader/request_bytes': 145887,
 'downloader/request_count': 485,
 'downloader/request_method_count/GET': 485,
 'downloader/response_bytes': 4566622,
 'downloader/response_count': 478,
 'downloader/response_status_count/200': 468,
 'downloader/response_status_count/408': 10,
 'dupefilter/filtered': 1320,
 'elapsed_time_seconds': 546.632512,
 'finish_reason': 'finished',
 'finish_time': datetime.datetime(2021, 1, 30, 15, 29, 55, 888529),
 'log_count/DEBUG': 486,
 'log_count/INFO': 19,
 'memusage/max': 75354112,
 'memusage/startup': 57630720,
 'request_depth_max': 1,
 'response_received_count': 468,
 'retry/count': 17,
 'retry/reason_count/408 Request Time-out': 10,
 'retry/reason_count/twisted.internet.error.TCPTimedOutError': 2,
 'retry/reason_count/twisted.internet.error.TimeoutError': 4,
 'retry/reason_count/twisted.web._newclient.ResponseNeverReceived': 1,
 'scheduler/dequeued': 485,
 'scheduler/dequeued/memory': 485,
 'scheduler/enqueued': 485,
 'scheduler/enqueued/memory': 485,
 'start_time': datetime.datetime(2021, 1, 30, 15, 20, 49, 256017)}
2021-01-30 20:59:55 [scrapy.core.engine] INFO: Spider closed (finished)
