2021-02-07 18:04:05 [scrapy.utils.log] INFO: Scrapy 2.4.1 started (bot: school_scraper)
2021-02-07 18:04:05 [scrapy.utils.log] INFO: Versions: lxml 4.6.2.0, libxml2 2.9.10, cssselect 1.1.0, parsel 1.6.0, w3lib 1.22.0, Twisted 20.3.0, Python 3.9.1 (default, Dec  8 2020, 07:51:42) - [GCC 10.2.0], pyOpenSSL 20.0.1 (OpenSSL 1.1.1i  8 Dec 2020), cryptography 3.3.1, Platform Linux-4.19.128-microsoft-standard-x86_64-with-glibc2.31
2021-02-07 18:04:05 [scrapy.utils.log] DEBUG: Using reactor: twisted.internet.epollreactor.EPollReactor
2021-02-07 18:04:05 [scrapy.crawler] INFO: Overridden settings:
{'BOT_NAME': 'school_scraper',
 'LOG_FILE': 'logs/school_scraper/get_kv/c1ca0262694011eb849700155d04a4e8.log',
 'NEWSPIDER_MODULE': 'school_scraper.spiders',
 'SPIDER_MODULES': ['school_scraper.spiders']}
2021-02-07 18:04:05 [scrapy.extensions.telnet] INFO: Telnet Password: be7af47f28e919e6
2021-02-07 18:04:05 [scrapy.middleware] INFO: Enabled extensions:
['scrapy.extensions.corestats.CoreStats',
 'scrapy.extensions.telnet.TelnetConsole',
 'scrapy.extensions.memusage.MemoryUsage',
 'scrapy.extensions.logstats.LogStats']
2021-02-07 18:04:05 [scrapy.middleware] INFO: Enabled downloader middlewares:
['scrapy.downloadermiddlewares.httpauth.HttpAuthMiddleware',
 'scrapy.downloadermiddlewares.downloadtimeout.DownloadTimeoutMiddleware',
 'scrapy.downloadermiddlewares.defaultheaders.DefaultHeadersMiddleware',
 'scrapy.downloadermiddlewares.useragent.UserAgentMiddleware',
 'scrapy.downloadermiddlewares.retry.RetryMiddleware',
 'scrapy.downloadermiddlewares.redirect.MetaRefreshMiddleware',
 'scrapy.downloadermiddlewares.httpcompression.HttpCompressionMiddleware',
 'scrapy.downloadermiddlewares.redirect.RedirectMiddleware',
 'scrapy.downloadermiddlewares.cookies.CookiesMiddleware',
 'scrapy.downloadermiddlewares.httpproxy.HttpProxyMiddleware',
 'scrapy.downloadermiddlewares.stats.DownloaderStats']
2021-02-07 18:04:05 [scrapy.middleware] INFO: Enabled spider middlewares:
['scrapy.spidermiddlewares.httperror.HttpErrorMiddleware',
 'scrapy.spidermiddlewares.offsite.OffsiteMiddleware',
 'scrapy.spidermiddlewares.referer.RefererMiddleware',
 'scrapy.spidermiddlewares.urllength.UrlLengthMiddleware',
 'scrapy.spidermiddlewares.depth.DepthMiddleware']
2021-02-07 18:04:05 [scrapy.middleware] INFO: Enabled item pipelines:
[]
2021-02-07 18:04:05 [scrapy.core.engine] INFO: Spider opened
2021-02-07 18:04:05 [scrapy.extensions.logstats] INFO: Crawled 0 pages (at 0 pages/min), scraped 0 items (at 0 items/min)
2021-02-07 18:04:05 [scrapy.extensions.telnet] INFO: Telnet console listening on 127.0.0.1:6023
2021-02-07 18:04:05 [scrapy.core.engine] ERROR: Error while obtaining start requests
Traceback (most recent call last):
  File "/home/sahilcoder1/School Scraper/School_Scraper/env/lib/python3.9/site-packages/scrapy/core/engine.py", line 129, in _next_request
    request = next(slot.start_requests)
  File "/home/sahilcoder1/School Scraper/School_Scraper/env/lib/python3.9/site-packages/scrapy/spiders/__init__.py", line 77, in start_requests
    yield Request(url, dont_filter=True)
  File "/home/sahilcoder1/School Scraper/School_Scraper/env/lib/python3.9/site-packages/scrapy/http/request/__init__.py", line 25, in __init__
    self._set_url(url)
  File "/home/sahilcoder1/School Scraper/School_Scraper/env/lib/python3.9/site-packages/scrapy/http/request/__init__.py", line 73, in _set_url
    raise ValueError(f'Missing scheme in request url: {self._url}')
ValueError: Missing scheme in request url: h
2021-02-07 18:04:05 [scrapy.core.engine] INFO: Closing spider (finished)
2021-02-07 18:04:05 [scrapy.statscollectors] INFO: Dumping Scrapy stats:
{'elapsed_time_seconds': 0.030084,
 'finish_reason': 'finished',
 'finish_time': datetime.datetime(2021, 2, 7, 12, 34, 5, 747496),
 'log_count/ERROR': 1,
 'log_count/INFO': 10,
 'memusage/max': 57667584,
 'memusage/startup': 57667584,
 'start_time': datetime.datetime(2021, 2, 7, 12, 34, 5, 717412)}
2021-02-07 18:04:05 [scrapy.core.engine] INFO: Spider closed (finished)
